2025-05-13 16:27:12,631 P43780 INFO Params: {
    "batch_norm": "True",
    "batch_size": "4096",
    "data_format": "csv",
    "data_root": "../../../data/",
    "dataset_id": "ML_1M_7_x1",
    "debug_mode": "False",
    "early_stop_patience": "2",
    "embedding_dim": "16",
    "embedding_regularizer": "0.01",
    "epochs": "100",
    "eval_steps": "None",
    "feature_cols": "[{'active': True, 'dtype': 'str', 'name': ['UserID', 'Gender', 'Age', 'Occupation', 'MovieID', 'Release'], 'type': 'categorical'}, {'active': True, 'dtype': 'str', 'encoder': 'MaskedSumPooling', 'max_len': 5, 'name': 'Genres', 'splitter': '^', 'type': 'sequence'}]",
    "feature_config": "None",
    "feature_specs": "None",
    "gpu": "0",
    "group_id": "None",
    "label_col": "{'dtype': 'float', 'name': 'Label'}",
    "learning_rate": "0.001",
    "loss": "binary_crossentropy",
    "metrics": "['logloss', 'AUC']",
    "min_categr_count": "1",
    "model": "ECN",
    "model_id": "ECN_ML_1M_7_x1_004_04f2a867",
    "model_root": "./checkpoints/",
    "monitor": "{'AUC': 1, 'logloss': 0}",
    "monitor_mode": "max",
    "net_dropout": "0.1",
    "net_regularizer": "0",
    "num_cross_layers": "4",
    "num_heads": "1",
    "num_workers": "8",
    "optimizer": "adam",
    "pickle_feature_encoder": "True",
    "save_best_only": "True",
    "seed": "2025",
    "shuffle": "True",
    "task": "binary_classification",
    "test_data": "../../../data/ML_1M/test.csv",
    "train_data": "../../../data/ML_1M/train.csv",
    "use_features": "None",
    "valid_data": "../../../data/ML_1M/valid.csv",
    "verbose": "1"
}
2025-05-13 16:27:12,631 P43780 INFO Set up feature processor...
2025-05-13 16:27:12,632 P43780 WARNING Skip rebuilding ../../../data/ML_1M_7_x1/feature_map.json. Please delete it manually if rebuilding is required.
2025-05-13 16:27:12,632 P43780 INFO Load feature_map from json: ../../../data/ML_1M_7_x1/feature_map.json
2025-05-13 16:27:12,632 P43780 INFO Set column index...
2025-05-13 16:27:12,632 P43780 INFO Feature specs: {
    "Age": "{'source': '', 'type': 'categorical', 'padding_idx': 0, 'oov_idx': 8, 'vocab_size': 9}",
    "Gender": "{'source': '', 'type': 'categorical', 'padding_idx': 0, 'oov_idx': 3, 'vocab_size': 4}",
    "Genres": "{'source': '', 'type': 'sequence', 'feature_encoder': 'layers.MaskedAveragePooling()', 'padding_idx': 0, 'oov_idx': 19, 'vocab_size': 20, 'max_len': 5}",
    "MovieID": "{'source': '', 'type': 'categorical', 'padding_idx': 0, 'oov_idx': 3642, 'vocab_size': 3643}",
    "Occupation": "{'source': '', 'type': 'categorical', 'padding_idx': 0, 'oov_idx': 22, 'vocab_size': 23}",
    "Release": "{'source': '', 'type': 'categorical', 'padding_idx': 0, 'oov_idx': 9, 'vocab_size': 10}",
    "UserID": "{'source': '', 'type': 'categorical', 'padding_idx': 0, 'oov_idx': 6041, 'vocab_size': 6042}"
}
2025-05-13 16:27:16,414 P43780 INFO Total number of parameters: 182121.
2025-05-13 16:27:16,414 P43780 INFO Loading data...
2025-05-13 16:27:16,414 P43780 INFO Loading data from h5: ../../../data/ML_1M_7_x1/train.h5
2025-05-13 16:27:16,467 P43780 INFO Train samples: total/591209, blocks/1
2025-05-13 16:27:16,467 P43780 INFO Loading data from h5: ../../../data/ML_1M_7_x1/valid.h5
2025-05-13 16:27:16,474 P43780 INFO Validation samples: total/73901, blocks/1
2025-05-13 16:27:16,474 P43780 INFO Loading train and validation data done.
2025-05-13 16:27:16,474 P43780 INFO Start training: 145 batches/epoch
2025-05-13 16:27:16,475 P43780 INFO ************ Epoch=1 start ************
2025-05-13 16:27:21,335 P43780 INFO Train loss: 0.410257
2025-05-13 16:27:21,336 P43780 INFO Evaluation @epoch 1 - batch 145: 
2025-05-13 16:27:23,037 P43780 INFO ===
2025-05-13 16:27:23,037 P43780 INFO [Metrics] AUC: 0.870814 - logloss: 0.345449
2025-05-13 16:27:23,037 P43780 INFO Save best model: monitor(max)=0.870814
2025-05-13 16:27:23,234 P43780 INFO ************ Epoch=1 end ************
2025-05-13 16:27:27,842 P43780 INFO Train loss: 0.375620
2025-05-13 16:27:27,842 P43780 INFO Evaluation @epoch 2 - batch 145: 
2025-05-13 16:27:29,527 P43780 INFO ===
2025-05-13 16:27:29,527 P43780 INFO [Metrics] AUC: 0.877612 - logloss: 0.337740
2025-05-13 16:27:29,527 P43780 INFO Save best model: monitor(max)=0.877612
2025-05-13 16:27:29,718 P43780 INFO ************ Epoch=2 end ************
2025-05-13 16:27:34,393 P43780 INFO Train loss: 0.369778
2025-05-13 16:27:34,393 P43780 INFO Evaluation @epoch 3 - batch 145: 
2025-05-13 16:27:36,297 P43780 INFO ===
2025-05-13 16:27:36,297 P43780 INFO [Metrics] AUC: 0.885176 - logloss: 0.328141
2025-05-13 16:27:36,297 P43780 INFO Save best model: monitor(max)=0.885176
2025-05-13 16:27:36,544 P43780 INFO ************ Epoch=3 end ************
2025-05-13 16:27:41,108 P43780 INFO Train loss: 0.365671
2025-05-13 16:27:41,108 P43780 INFO Evaluation @epoch 4 - batch 145: 
2025-05-13 16:27:42,820 P43780 INFO ===
2025-05-13 16:27:42,820 P43780 INFO [Metrics] AUC: 0.890260 - logloss: 0.321914
2025-05-13 16:27:42,820 P43780 INFO Save best model: monitor(max)=0.890260
2025-05-13 16:27:43,030 P43780 INFO ************ Epoch=4 end ************
2025-05-13 16:27:47,465 P43780 INFO Train loss: 0.361705
2025-05-13 16:27:47,465 P43780 INFO Evaluation @epoch 5 - batch 145: 
2025-05-13 16:27:49,242 P43780 INFO ===
2025-05-13 16:27:49,242 P43780 INFO [Metrics] AUC: 0.890944 - logloss: 0.320807
2025-05-13 16:27:49,242 P43780 INFO Save best model: monitor(max)=0.890944
2025-05-13 16:27:49,431 P43780 INFO ************ Epoch=5 end ************
2025-05-13 16:27:53,262 P43780 INFO Train loss: 0.358685
2025-05-13 16:27:53,262 P43780 INFO Evaluation @epoch 6 - batch 145: 
2025-05-13 16:27:54,827 P43780 INFO ===
2025-05-13 16:27:54,827 P43780 INFO [Metrics] AUC: 0.893208 - logloss: 0.318295
2025-05-13 16:27:54,827 P43780 INFO Save best model: monitor(max)=0.893208
2025-05-13 16:27:55,051 P43780 INFO ************ Epoch=6 end ************
2025-05-13 16:27:58,396 P43780 INFO Train loss: 0.356648
2025-05-13 16:27:58,397 P43780 INFO Evaluation @epoch 7 - batch 145: 
2025-05-13 16:28:00,000 P43780 INFO ===
2025-05-13 16:28:00,000 P43780 INFO [Metrics] AUC: 0.894533 - logloss: 0.316118
2025-05-13 16:28:00,001 P43780 INFO Save best model: monitor(max)=0.894533
2025-05-13 16:28:00,196 P43780 INFO ************ Epoch=7 end ************
2025-05-13 16:28:04,096 P43780 INFO Train loss: 0.354299
2025-05-13 16:28:04,096 P43780 INFO Evaluation @epoch 8 - batch 145: 
2025-05-13 16:28:05,836 P43780 INFO ===
2025-05-13 16:28:05,836 P43780 INFO [Metrics] AUC: 0.895093 - logloss: 0.315626
2025-05-13 16:28:05,836 P43780 INFO Save best model: monitor(max)=0.895093
2025-05-13 16:28:06,064 P43780 INFO ************ Epoch=8 end ************
2025-05-13 16:28:10,124 P43780 INFO Train loss: 0.352916
2025-05-13 16:28:10,124 P43780 INFO Evaluation @epoch 9 - batch 145: 
2025-05-13 16:28:11,888 P43780 INFO ===
2025-05-13 16:28:11,888 P43780 INFO [Metrics] AUC: 0.894771 - logloss: 0.315542
2025-05-13 16:28:11,888 P43780 INFO Monitor(max)=0.894771 STOP!
2025-05-13 16:28:11,888 P43780 INFO Reduce learning rate on plateau: 0.000100
2025-05-13 16:28:12,071 P43780 INFO ************ Epoch=9 end ************
2025-05-13 16:28:15,929 P43780 INFO Train loss: 0.316430
2025-05-13 16:28:15,929 P43780 INFO Evaluation @epoch 10 - batch 145: 
2025-05-13 16:28:17,671 P43780 INFO ===
2025-05-13 16:28:17,671 P43780 INFO [Metrics] AUC: 0.902443 - logloss: 0.306197
2025-05-13 16:28:17,671 P43780 INFO Save best model: monitor(max)=0.902443
2025-05-13 16:28:17,877 P43780 INFO ************ Epoch=10 end ************
2025-05-13 16:28:22,025 P43780 INFO Train loss: 0.298200
2025-05-13 16:28:22,025 P43780 INFO Evaluation @epoch 11 - batch 145: 
2025-05-13 16:28:23,763 P43780 INFO ===
2025-05-13 16:28:23,763 P43780 INFO [Metrics] AUC: 0.904509 - logloss: 0.303753
2025-05-13 16:28:23,763 P43780 INFO Save best model: monitor(max)=0.904509
2025-05-13 16:28:23,950 P43780 INFO ************ Epoch=11 end ************
2025-05-13 16:28:28,014 P43780 INFO Train loss: 0.288492
2025-05-13 16:28:28,014 P43780 INFO Evaluation @epoch 12 - batch 145: 
2025-05-13 16:28:29,706 P43780 INFO ===
2025-05-13 16:28:29,706 P43780 INFO [Metrics] AUC: 0.905040 - logloss: 0.304141
2025-05-13 16:28:29,706 P43780 INFO Save best model: monitor(max)=0.905040
2025-05-13 16:28:29,910 P43780 INFO ************ Epoch=12 end ************
2025-05-13 16:28:33,829 P43780 INFO Train loss: 0.281579
2025-05-13 16:28:33,829 P43780 INFO Evaluation @epoch 13 - batch 145: 
2025-05-13 16:28:35,578 P43780 INFO ===
2025-05-13 16:28:35,578 P43780 INFO [Metrics] AUC: 0.904691 - logloss: 0.305246
2025-05-13 16:28:35,578 P43780 INFO Monitor(max)=0.904691 STOP!
2025-05-13 16:28:35,578 P43780 INFO Reduce learning rate on plateau: 0.000010
2025-05-13 16:28:35,813 P43780 INFO ************ Epoch=13 end ************
2025-05-13 16:28:39,647 P43780 INFO Train loss: 0.266229
2025-05-13 16:28:39,647 P43780 INFO Evaluation @epoch 14 - batch 145: 
2025-05-13 16:28:41,337 P43780 INFO ===
2025-05-13 16:28:41,337 P43780 INFO [Metrics] AUC: 0.904412 - logloss: 0.309488
2025-05-13 16:28:41,338 P43780 INFO Monitor(max)=0.904412 STOP!
2025-05-13 16:28:41,338 P43780 INFO Reduce learning rate on plateau: 0.000001
2025-05-13 16:28:41,338 P43780 INFO ********* Epoch==14 early stop *********
2025-05-13 16:28:41,574 P43780 INFO Training finished.
2025-05-13 16:28:41,575 P43780 INFO Load best model: /root/autodl-tmp/model_zoo/DCNv3/DCNv3_torch/checkpoints/ML_1M_7_x1/ECN_ML_1M_7_x1_004_04f2a867.model
2025-05-13 16:28:41,580 P43780 INFO ****** Validation evaluation ******
2025-05-13 16:28:43,439 P43780 INFO ===
2025-05-13 16:28:43,439 P43780 INFO [Metrics] logloss: 0.304141 - AUC: 0.905040
2025-05-13 16:28:43,492 P43780 INFO ******** Test evaluation ********
2025-05-13 16:28:43,492 P43780 INFO Loading data...
2025-05-13 16:28:43,492 P43780 INFO Loading data from h5: ../../../data/ML_1M_7_x1/test.h5
2025-05-13 16:28:43,498 P43780 INFO Test samples: total/73902, blocks/1
2025-05-13 16:28:43,498 P43780 INFO Loading test data done.
2025-05-13 16:28:45,283 P43780 INFO ===
2025-05-13 16:28:45,284 P43780 INFO [Metrics] logloss: 0.302774 - AUC: 0.905741
