2025-05-13 16:27:57,735 P85971 INFO Params: {
    "batch_norm": "True",
    "batch_size": "4096",
    "data_format": "csv",
    "data_root": "../../../data/",
    "dataset_id": "ML_1M_7_x1",
    "debug_mode": "False",
    "early_stop_patience": "2",
    "embedding_dim": "16",
    "embedding_regularizer": "0.01",
    "epochs": "100",
    "eval_steps": "None",
    "feature_cols": "[{'active': True, 'dtype': 'str', 'name': ['UserID', 'Gender', 'Age', 'Occupation', 'MovieID', 'Release'], 'type': 'categorical'}, {'active': True, 'dtype': 'str', 'encoder': 'MaskedSumPooling', 'max_len': 5, 'name': 'Genres', 'splitter': '^', 'type': 'sequence'}]",
    "feature_config": "None",
    "feature_specs": "None",
    "gpu": "1",
    "group_id": "None",
    "label_col": "{'dtype': 'float', 'name': 'Label'}",
    "learning_rate": "0.001",
    "loss": "binary_crossentropy",
    "metrics": "['logloss', 'AUC']",
    "min_categr_count": "1",
    "model": "ECN",
    "model_id": "ECN_ML_1M_7_x1_005_b8f392c3",
    "model_root": "./checkpoints/",
    "monitor": "{'AUC': 1, 'logloss': 0}",
    "monitor_mode": "max",
    "net_dropout": "0.1",
    "net_regularizer": "0",
    "num_cross_layers": "5",
    "num_heads": "1",
    "num_workers": "8",
    "optimizer": "adam",
    "pickle_feature_encoder": "True",
    "save_best_only": "True",
    "seed": "2025",
    "shuffle": "True",
    "task": "binary_classification",
    "test_data": "../../../data/ML_1M/test.csv",
    "train_data": "../../../data/ML_1M/train.csv",
    "use_features": "None",
    "valid_data": "../../../data/ML_1M/valid.csv",
    "verbose": "1"
}
2025-05-13 16:27:57,735 P85971 INFO Set up feature processor...
2025-05-13 16:27:57,736 P85971 WARNING Skip rebuilding ../../../data/ML_1M_7_x1/feature_map.json. Please delete it manually if rebuilding is required.
2025-05-13 16:27:57,736 P85971 INFO Load feature_map from json: ../../../data/ML_1M_7_x1/feature_map.json
2025-05-13 16:27:57,736 P85971 INFO Set column index...
2025-05-13 16:27:57,736 P85971 INFO Feature specs: {
    "Age": "{'source': '', 'type': 'categorical', 'padding_idx': 0, 'oov_idx': 8, 'vocab_size': 9}",
    "Gender": "{'source': '', 'type': 'categorical', 'padding_idx': 0, 'oov_idx': 3, 'vocab_size': 4}",
    "Genres": "{'source': '', 'type': 'sequence', 'feature_encoder': 'layers.MaskedAveragePooling()', 'padding_idx': 0, 'oov_idx': 19, 'vocab_size': 20, 'max_len': 5}",
    "MovieID": "{'source': '', 'type': 'categorical', 'padding_idx': 0, 'oov_idx': 3642, 'vocab_size': 3643}",
    "Occupation": "{'source': '', 'type': 'categorical', 'padding_idx': 0, 'oov_idx': 22, 'vocab_size': 23}",
    "Release": "{'source': '', 'type': 'categorical', 'padding_idx': 0, 'oov_idx': 9, 'vocab_size': 10}",
    "UserID": "{'source': '', 'type': 'categorical', 'padding_idx': 0, 'oov_idx': 6041, 'vocab_size': 6042}"
}
2025-05-13 16:28:01,533 P85971 INFO Total number of parameters: 188619.
2025-05-13 16:28:01,533 P85971 INFO Loading data...
2025-05-13 16:28:01,533 P85971 INFO Loading data from h5: ../../../data/ML_1M_7_x1/train.h5
2025-05-13 16:28:01,587 P85971 INFO Train samples: total/591209, blocks/1
2025-05-13 16:28:01,588 P85971 INFO Loading data from h5: ../../../data/ML_1M_7_x1/valid.h5
2025-05-13 16:28:01,594 P85971 INFO Validation samples: total/73901, blocks/1
2025-05-13 16:28:01,595 P85971 INFO Loading train and validation data done.
2025-05-13 16:28:01,595 P85971 INFO Start training: 145 batches/epoch
2025-05-13 16:28:01,595 P85971 INFO ************ Epoch=1 start ************
2025-05-13 16:28:05,907 P85971 INFO Train loss: 0.414655
2025-05-13 16:28:05,908 P85971 INFO Evaluation @epoch 1 - batch 145: 
2025-05-13 16:28:07,707 P85971 INFO ===
2025-05-13 16:28:07,707 P85971 INFO [Metrics] AUC: 0.869664 - logloss: 0.346098
2025-05-13 16:28:07,708 P85971 INFO Save best model: monitor(max)=0.869664
2025-05-13 16:28:07,904 P85971 INFO ************ Epoch=1 end ************
2025-05-13 16:28:12,073 P85971 INFO Train loss: 0.377624
2025-05-13 16:28:12,073 P85971 INFO Evaluation @epoch 2 - batch 145: 
2025-05-13 16:28:13,803 P85971 INFO ===
2025-05-13 16:28:13,803 P85971 INFO [Metrics] AUC: 0.876870 - logloss: 0.337699
2025-05-13 16:28:13,803 P85971 INFO Save best model: monitor(max)=0.876870
2025-05-13 16:28:14,013 P85971 INFO ************ Epoch=2 end ************
2025-05-13 16:28:18,214 P85971 INFO Train loss: 0.371364
2025-05-13 16:28:18,214 P85971 INFO Evaluation @epoch 3 - batch 145: 
2025-05-13 16:28:20,069 P85971 INFO ===
2025-05-13 16:28:20,069 P85971 INFO [Metrics] AUC: 0.884616 - logloss: 0.329588
2025-05-13 16:28:20,069 P85971 INFO Save best model: monitor(max)=0.884616
2025-05-13 16:28:20,307 P85971 INFO ************ Epoch=3 end ************
2025-05-13 16:28:24,369 P85971 INFO Train loss: 0.367493
2025-05-13 16:28:24,370 P85971 INFO Evaluation @epoch 4 - batch 145: 
2025-05-13 16:28:26,292 P85971 INFO ===
2025-05-13 16:28:26,292 P85971 INFO [Metrics] AUC: 0.888175 - logloss: 0.324514
2025-05-13 16:28:26,292 P85971 INFO Save best model: monitor(max)=0.888175
2025-05-13 16:28:26,520 P85971 INFO ************ Epoch=4 end ************
2025-05-13 16:28:30,516 P85971 INFO Train loss: 0.363441
2025-05-13 16:28:30,517 P85971 INFO Evaluation @epoch 5 - batch 145: 
2025-05-13 16:28:32,305 P85971 INFO ===
2025-05-13 16:28:32,305 P85971 INFO [Metrics] AUC: 0.890849 - logloss: 0.321204
2025-05-13 16:28:32,305 P85971 INFO Save best model: monitor(max)=0.890849
2025-05-13 16:28:32,565 P85971 INFO ************ Epoch=5 end ************
2025-05-13 16:28:36,738 P85971 INFO Train loss: 0.360696
2025-05-13 16:28:36,738 P85971 INFO Evaluation @epoch 6 - batch 145: 
2025-05-13 16:28:38,583 P85971 INFO ===
2025-05-13 16:28:38,584 P85971 INFO [Metrics] AUC: 0.892125 - logloss: 0.319170
2025-05-13 16:28:38,584 P85971 INFO Save best model: monitor(max)=0.892125
2025-05-13 16:28:38,772 P85971 INFO ************ Epoch=6 end ************
2025-05-13 16:28:42,824 P85971 INFO Train loss: 0.358589
2025-05-13 16:28:42,824 P85971 INFO Evaluation @epoch 7 - batch 145: 
2025-05-13 16:28:44,573 P85971 INFO ===
2025-05-13 16:28:44,574 P85971 INFO [Metrics] AUC: 0.894076 - logloss: 0.316155
2025-05-13 16:28:44,574 P85971 INFO Save best model: monitor(max)=0.894076
2025-05-13 16:28:44,760 P85971 INFO ************ Epoch=7 end ************
2025-05-13 16:28:48,606 P85971 INFO Train loss: 0.357098
2025-05-13 16:28:48,606 P85971 INFO Evaluation @epoch 8 - batch 145: 
2025-05-13 16:28:50,238 P85971 INFO ===
2025-05-13 16:28:50,238 P85971 INFO [Metrics] AUC: 0.894670 - logloss: 0.316687
2025-05-13 16:28:50,238 P85971 INFO Save best model: monitor(max)=0.894670
2025-05-13 16:28:50,466 P85971 INFO ************ Epoch=8 end ************
2025-05-13 16:28:54,331 P85971 INFO Train loss: 0.355867
2025-05-13 16:28:54,332 P85971 INFO Evaluation @epoch 9 - batch 145: 
2025-05-13 16:28:56,043 P85971 INFO ===
2025-05-13 16:28:56,043 P85971 INFO [Metrics] AUC: 0.895570 - logloss: 0.314805
2025-05-13 16:28:56,043 P85971 INFO Save best model: monitor(max)=0.895570
2025-05-13 16:28:56,217 P85971 INFO ************ Epoch=9 end ************
2025-05-13 16:29:00,463 P85971 INFO Train loss: 0.353921
2025-05-13 16:29:00,463 P85971 INFO Evaluation @epoch 10 - batch 145: 
2025-05-13 16:29:02,155 P85971 INFO ===
2025-05-13 16:29:02,155 P85971 INFO [Metrics] AUC: 0.896098 - logloss: 0.313478
2025-05-13 16:29:02,155 P85971 INFO Save best model: monitor(max)=0.896098
2025-05-13 16:29:02,370 P85971 INFO ************ Epoch=10 end ************
2025-05-13 16:29:06,540 P85971 INFO Train loss: 0.353317
2025-05-13 16:29:06,541 P85971 INFO Evaluation @epoch 11 - batch 145: 
2025-05-13 16:29:08,339 P85971 INFO ===
2025-05-13 16:29:08,340 P85971 INFO [Metrics] AUC: 0.896432 - logloss: 0.313014
2025-05-13 16:29:08,340 P85971 INFO Save best model: monitor(max)=0.896432
2025-05-13 16:29:08,556 P85971 INFO ************ Epoch=11 end ************
2025-05-13 16:29:12,948 P85971 INFO Train loss: 0.351759
2025-05-13 16:29:12,949 P85971 INFO Evaluation @epoch 12 - batch 145: 
2025-05-13 16:29:14,752 P85971 INFO ===
2025-05-13 16:29:14,752 P85971 INFO [Metrics] AUC: 0.897722 - logloss: 0.311410
2025-05-13 16:29:14,752 P85971 INFO Save best model: monitor(max)=0.897722
2025-05-13 16:29:15,031 P85971 INFO ************ Epoch=12 end ************
2025-05-13 16:29:19,517 P85971 INFO Train loss: 0.351014
2025-05-13 16:29:19,518 P85971 INFO Evaluation @epoch 13 - batch 145: 
2025-05-13 16:29:21,182 P85971 INFO ===
2025-05-13 16:29:21,182 P85971 INFO [Metrics] AUC: 0.897613 - logloss: 0.312725
2025-05-13 16:29:21,182 P85971 INFO Monitor(max)=0.897613 STOP!
2025-05-13 16:29:21,182 P85971 INFO Reduce learning rate on plateau: 0.000100
2025-05-13 16:29:21,377 P85971 INFO ************ Epoch=13 end ************
2025-05-13 16:29:25,432 P85971 INFO Train loss: 0.310532
2025-05-13 16:29:25,432 P85971 INFO Evaluation @epoch 14 - batch 145: 
2025-05-13 16:29:27,193 P85971 INFO ===
2025-05-13 16:29:27,193 P85971 INFO [Metrics] AUC: 0.903708 - logloss: 0.305179
2025-05-13 16:29:27,194 P85971 INFO Save best model: monitor(max)=0.903708
2025-05-13 16:29:27,413 P85971 INFO ************ Epoch=14 end ************
2025-05-13 16:29:31,612 P85971 INFO Train loss: 0.290737
2025-05-13 16:29:31,612 P85971 INFO Evaluation @epoch 15 - batch 145: 
2025-05-13 16:29:33,345 P85971 INFO ===
2025-05-13 16:29:33,345 P85971 INFO [Metrics] AUC: 0.905562 - logloss: 0.303646
2025-05-13 16:29:33,345 P85971 INFO Save best model: monitor(max)=0.905562
2025-05-13 16:29:33,561 P85971 INFO ************ Epoch=15 end ************
2025-05-13 16:29:37,820 P85971 INFO Train loss: 0.279927
2025-05-13 16:29:37,820 P85971 INFO Evaluation @epoch 16 - batch 145: 
2025-05-13 16:29:39,560 P85971 INFO ===
2025-05-13 16:29:39,560 P85971 INFO [Metrics] AUC: 0.905543 - logloss: 0.305005
2025-05-13 16:29:39,560 P85971 INFO Monitor(max)=0.905543 STOP!
2025-05-13 16:29:39,560 P85971 INFO Reduce learning rate on plateau: 0.000010
2025-05-13 16:29:39,763 P85971 INFO ************ Epoch=16 end ************
2025-05-13 16:29:44,156 P85971 INFO Train loss: 0.263154
2025-05-13 16:29:44,157 P85971 INFO Evaluation @epoch 17 - batch 145: 
2025-05-13 16:29:45,981 P85971 INFO ===
2025-05-13 16:29:45,981 P85971 INFO [Metrics] AUC: 0.905071 - logloss: 0.310106
2025-05-13 16:29:45,981 P85971 INFO Monitor(max)=0.905071 STOP!
2025-05-13 16:29:45,981 P85971 INFO Reduce learning rate on plateau: 0.000001
2025-05-13 16:29:45,981 P85971 INFO ********* Epoch==17 early stop *********
2025-05-13 16:29:46,174 P85971 INFO Training finished.
2025-05-13 16:29:46,175 P85971 INFO Load best model: /root/autodl-tmp/model_zoo/DCNv3/DCNv3_torch/checkpoints/ML_1M_7_x1/ECN_ML_1M_7_x1_005_b8f392c3.model
2025-05-13 16:29:46,180 P85971 INFO ****** Validation evaluation ******
2025-05-13 16:29:47,924 P85971 INFO ===
2025-05-13 16:29:47,924 P85971 INFO [Metrics] logloss: 0.303646 - AUC: 0.905562
2025-05-13 16:29:47,972 P85971 INFO ******** Test evaluation ********
2025-05-13 16:29:47,972 P85971 INFO Loading data...
2025-05-13 16:29:47,973 P85971 INFO Loading data from h5: ../../../data/ML_1M_7_x1/test.h5
2025-05-13 16:29:47,977 P85971 INFO Test samples: total/73902, blocks/1
2025-05-13 16:29:47,978 P85971 INFO Loading test data done.
2025-05-13 16:29:49,957 P85971 INFO ===
2025-05-13 16:29:49,958 P85971 INFO [Metrics] logloss: 0.303194 - AUC: 0.905897
