2025-05-13 16:28:48,706 P136547 INFO Params: {
    "batch_norm": "True",
    "batch_size": "4096",
    "data_format": "csv",
    "data_root": "../../../data/",
    "dataset_id": "ML_1M_7_x1",
    "debug_mode": "False",
    "early_stop_patience": "2",
    "embedding_dim": "16",
    "embedding_regularizer": "0.01",
    "epochs": "100",
    "eval_steps": "None",
    "feature_cols": "[{'active': True, 'dtype': 'str', 'name': ['UserID', 'Gender', 'Age', 'Occupation', 'MovieID', 'Release'], 'type': 'categorical'}, {'active': True, 'dtype': 'str', 'encoder': 'MaskedSumPooling', 'max_len': 5, 'name': 'Genres', 'splitter': '^', 'type': 'sequence'}]",
    "feature_config": "None",
    "feature_specs": "None",
    "gpu": "0",
    "group_id": "None",
    "label_col": "{'dtype': 'float', 'name': 'Label'}",
    "learning_rate": "0.001",
    "loss": "binary_crossentropy",
    "metrics": "['logloss', 'AUC']",
    "min_categr_count": "1",
    "model": "ECN",
    "model_id": "ECN_ML_1M_7_x1_006_adc00e0b",
    "model_root": "./checkpoints/",
    "monitor": "{'AUC': 1, 'logloss': 0}",
    "monitor_mode": "max",
    "net_dropout": "0.1",
    "net_regularizer": "0",
    "num_cross_layers": "6",
    "num_heads": "1",
    "num_workers": "8",
    "optimizer": "adam",
    "pickle_feature_encoder": "True",
    "save_best_only": "True",
    "seed": "2025",
    "shuffle": "True",
    "task": "binary_classification",
    "test_data": "../../../data/ML_1M/test.csv",
    "train_data": "../../../data/ML_1M/train.csv",
    "use_features": "None",
    "valid_data": "../../../data/ML_1M/valid.csv",
    "verbose": "1"
}
2025-05-13 16:28:48,706 P136547 INFO Set up feature processor...
2025-05-13 16:28:48,706 P136547 WARNING Skip rebuilding ../../../data/ML_1M_7_x1/feature_map.json. Please delete it manually if rebuilding is required.
2025-05-13 16:28:48,706 P136547 INFO Load feature_map from json: ../../../data/ML_1M_7_x1/feature_map.json
2025-05-13 16:28:48,707 P136547 INFO Set column index...
2025-05-13 16:28:48,707 P136547 INFO Feature specs: {
    "Age": "{'source': '', 'type': 'categorical', 'padding_idx': 0, 'oov_idx': 8, 'vocab_size': 9}",
    "Gender": "{'source': '', 'type': 'categorical', 'padding_idx': 0, 'oov_idx': 3, 'vocab_size': 4}",
    "Genres": "{'source': '', 'type': 'sequence', 'feature_encoder': 'layers.MaskedAveragePooling()', 'padding_idx': 0, 'oov_idx': 19, 'vocab_size': 20, 'max_len': 5}",
    "MovieID": "{'source': '', 'type': 'categorical', 'padding_idx': 0, 'oov_idx': 3642, 'vocab_size': 3643}",
    "Occupation": "{'source': '', 'type': 'categorical', 'padding_idx': 0, 'oov_idx': 22, 'vocab_size': 23}",
    "Release": "{'source': '', 'type': 'categorical', 'padding_idx': 0, 'oov_idx': 9, 'vocab_size': 10}",
    "UserID": "{'source': '', 'type': 'categorical', 'padding_idx': 0, 'oov_idx': 6041, 'vocab_size': 6042}"
}
2025-05-13 16:28:52,532 P136547 INFO Total number of parameters: 195117.
2025-05-13 16:28:52,532 P136547 INFO Loading data...
2025-05-13 16:28:52,532 P136547 INFO Loading data from h5: ../../../data/ML_1M_7_x1/train.h5
2025-05-13 16:28:52,585 P136547 INFO Train samples: total/591209, blocks/1
2025-05-13 16:28:52,585 P136547 INFO Loading data from h5: ../../../data/ML_1M_7_x1/valid.h5
2025-05-13 16:28:52,592 P136547 INFO Validation samples: total/73901, blocks/1
2025-05-13 16:28:52,592 P136547 INFO Loading train and validation data done.
2025-05-13 16:28:52,593 P136547 INFO Start training: 145 batches/epoch
2025-05-13 16:28:52,593 P136547 INFO ************ Epoch=1 start ************
2025-05-13 16:28:56,784 P136547 INFO Train loss: 0.416595
2025-05-13 16:28:56,784 P136547 INFO Evaluation @epoch 1 - batch 145: 
2025-05-13 16:28:58,479 P136547 INFO ===
2025-05-13 16:28:58,479 P136547 INFO [Metrics] AUC: 0.870067 - logloss: 0.347168
2025-05-13 16:28:58,480 P136547 INFO Save best model: monitor(max)=0.870067
2025-05-13 16:28:58,694 P136547 INFO ************ Epoch=1 end ************
2025-05-13 16:29:02,948 P136547 INFO Train loss: 0.380914
2025-05-13 16:29:02,948 P136547 INFO Evaluation @epoch 2 - batch 145: 
2025-05-13 16:29:04,702 P136547 INFO ===
2025-05-13 16:29:04,702 P136547 INFO [Metrics] AUC: 0.877172 - logloss: 0.337406
2025-05-13 16:29:04,702 P136547 INFO Save best model: monitor(max)=0.877172
2025-05-13 16:29:04,922 P136547 INFO ************ Epoch=2 end ************
2025-05-13 16:29:09,304 P136547 INFO Train loss: 0.374640
2025-05-13 16:29:09,304 P136547 INFO Evaluation @epoch 3 - batch 145: 
2025-05-13 16:29:11,072 P136547 INFO ===
2025-05-13 16:29:11,072 P136547 INFO [Metrics] AUC: 0.882560 - logloss: 0.331439
2025-05-13 16:29:11,073 P136547 INFO Save best model: monitor(max)=0.882560
2025-05-13 16:29:11,308 P136547 INFO ************ Epoch=3 end ************
2025-05-13 16:29:15,624 P136547 INFO Train loss: 0.371436
2025-05-13 16:29:15,624 P136547 INFO Evaluation @epoch 4 - batch 145: 
2025-05-13 16:29:17,318 P136547 INFO ===
2025-05-13 16:29:17,319 P136547 INFO [Metrics] AUC: 0.887885 - logloss: 0.325134
2025-05-13 16:29:17,319 P136547 INFO Save best model: monitor(max)=0.887885
2025-05-13 16:29:17,527 P136547 INFO ************ Epoch=4 end ************
2025-05-13 16:29:21,991 P136547 INFO Train loss: 0.367775
2025-05-13 16:29:21,991 P136547 INFO Evaluation @epoch 5 - batch 145: 
2025-05-13 16:29:23,747 P136547 INFO ===
2025-05-13 16:29:23,747 P136547 INFO [Metrics] AUC: 0.890808 - logloss: 0.321532
2025-05-13 16:29:23,747 P136547 INFO Save best model: monitor(max)=0.890808
2025-05-13 16:29:23,947 P136547 INFO ************ Epoch=5 end ************
2025-05-13 16:29:28,163 P136547 INFO Train loss: 0.363670
2025-05-13 16:29:28,163 P136547 INFO Evaluation @epoch 6 - batch 145: 
2025-05-13 16:29:29,861 P136547 INFO ===
2025-05-13 16:29:29,861 P136547 INFO [Metrics] AUC: 0.891560 - logloss: 0.321064
2025-05-13 16:29:29,861 P136547 INFO Save best model: monitor(max)=0.891560
2025-05-13 16:29:30,103 P136547 INFO ************ Epoch=6 end ************
2025-05-13 16:29:34,301 P136547 INFO Train loss: 0.361049
2025-05-13 16:29:34,301 P136547 INFO Evaluation @epoch 7 - batch 145: 
2025-05-13 16:29:36,047 P136547 INFO ===
2025-05-13 16:29:36,047 P136547 INFO [Metrics] AUC: 0.893523 - logloss: 0.318576
2025-05-13 16:29:36,047 P136547 INFO Save best model: monitor(max)=0.893523
2025-05-13 16:29:36,269 P136547 INFO ************ Epoch=7 end ************
2025-05-13 16:29:40,524 P136547 INFO Train loss: 0.358640
2025-05-13 16:29:40,524 P136547 INFO Evaluation @epoch 8 - batch 145: 
2025-05-13 16:29:42,268 P136547 INFO ===
2025-05-13 16:29:42,268 P136547 INFO [Metrics] AUC: 0.893914 - logloss: 0.316850
2025-05-13 16:29:42,268 P136547 INFO Save best model: monitor(max)=0.893914
2025-05-13 16:29:42,503 P136547 INFO ************ Epoch=8 end ************
2025-05-13 16:29:46,912 P136547 INFO Train loss: 0.356984
2025-05-13 16:29:46,912 P136547 INFO Evaluation @epoch 9 - batch 145: 
2025-05-13 16:29:48,596 P136547 INFO ===
2025-05-13 16:29:48,596 P136547 INFO [Metrics] AUC: 0.894187 - logloss: 0.317439
2025-05-13 16:29:48,596 P136547 INFO Save best model: monitor(max)=0.894187
2025-05-13 16:29:48,816 P136547 INFO ************ Epoch=9 end ************
2025-05-13 16:29:53,137 P136547 INFO Train loss: 0.356299
2025-05-13 16:29:53,137 P136547 INFO Evaluation @epoch 10 - batch 145: 
2025-05-13 16:29:54,808 P136547 INFO ===
2025-05-13 16:29:54,808 P136547 INFO [Metrics] AUC: 0.895661 - logloss: 0.316951
2025-05-13 16:29:54,808 P136547 INFO Save best model: monitor(max)=0.895661
2025-05-13 16:29:55,007 P136547 INFO ************ Epoch=10 end ************
2025-05-13 16:29:59,192 P136547 INFO Train loss: 0.355058
2025-05-13 16:29:59,192 P136547 INFO Evaluation @epoch 11 - batch 145: 
2025-05-13 16:30:00,917 P136547 INFO ===
2025-05-13 16:30:00,917 P136547 INFO [Metrics] AUC: 0.896234 - logloss: 0.313297
2025-05-13 16:30:00,917 P136547 INFO Save best model: monitor(max)=0.896234
2025-05-13 16:30:01,125 P136547 INFO ************ Epoch=11 end ************
2025-05-13 16:30:05,737 P136547 INFO Train loss: 0.353448
2025-05-13 16:30:05,737 P136547 INFO Evaluation @epoch 12 - batch 145: 
2025-05-13 16:30:07,458 P136547 INFO ===
2025-05-13 16:30:07,458 P136547 INFO [Metrics] AUC: 0.896641 - logloss: 0.312461
2025-05-13 16:30:07,458 P136547 INFO Save best model: monitor(max)=0.896641
2025-05-13 16:30:07,737 P136547 INFO ************ Epoch=12 end ************
2025-05-13 16:30:12,804 P136547 INFO Train loss: 0.352685
2025-05-13 16:30:12,804 P136547 INFO Evaluation @epoch 13 - batch 145: 
2025-05-13 16:30:14,733 P136547 INFO ===
2025-05-13 16:30:14,733 P136547 INFO [Metrics] AUC: 0.897233 - logloss: 0.312818
2025-05-13 16:30:14,733 P136547 INFO Save best model: monitor(max)=0.897233
2025-05-13 16:30:14,924 P136547 INFO ************ Epoch=13 end ************
2025-05-13 16:30:19,952 P136547 INFO Train loss: 0.351359
2025-05-13 16:30:19,952 P136547 INFO Evaluation @epoch 14 - batch 145: 
2025-05-13 16:30:21,842 P136547 INFO ===
2025-05-13 16:30:21,842 P136547 INFO [Metrics] AUC: 0.897241 - logloss: 0.312075
2025-05-13 16:30:21,842 P136547 INFO Save best model: monitor(max)=0.897241
2025-05-13 16:30:22,032 P136547 INFO ************ Epoch=14 end ************
2025-05-13 16:30:27,624 P136547 INFO Train loss: 0.351657
2025-05-13 16:30:27,624 P136547 INFO Evaluation @epoch 15 - batch 145: 
2025-05-13 16:30:29,275 P136547 INFO ===
2025-05-13 16:30:29,275 P136547 INFO [Metrics] AUC: 0.897584 - logloss: 0.311879
2025-05-13 16:30:29,275 P136547 INFO Save best model: monitor(max)=0.897584
2025-05-13 16:30:29,511 P136547 INFO ************ Epoch=15 end ************
2025-05-13 16:30:34,719 P136547 INFO Train loss: 0.350461
2025-05-13 16:30:34,720 P136547 INFO Evaluation @epoch 16 - batch 145: 
2025-05-13 16:30:36,474 P136547 INFO ===
2025-05-13 16:30:36,475 P136547 INFO [Metrics] AUC: 0.897207 - logloss: 0.312291
2025-05-13 16:30:36,475 P136547 INFO Monitor(max)=0.897207 STOP!
2025-05-13 16:30:36,475 P136547 INFO Reduce learning rate on plateau: 0.000100
2025-05-13 16:30:36,706 P136547 INFO ************ Epoch=16 end ************
2025-05-13 16:30:41,823 P136547 INFO Train loss: 0.307386
2025-05-13 16:30:41,824 P136547 INFO Evaluation @epoch 17 - batch 145: 
2025-05-13 16:30:43,630 P136547 INFO ===
2025-05-13 16:30:43,630 P136547 INFO [Metrics] AUC: 0.903049 - logloss: 0.307240
2025-05-13 16:30:43,630 P136547 INFO Save best model: monitor(max)=0.903049
2025-05-13 16:30:43,842 P136547 INFO ************ Epoch=17 end ************
2025-05-13 16:30:48,892 P136547 INFO Train loss: 0.287505
2025-05-13 16:30:48,893 P136547 INFO Evaluation @epoch 18 - batch 145: 
2025-05-13 16:30:50,586 P136547 INFO ===
2025-05-13 16:30:50,587 P136547 INFO [Metrics] AUC: 0.904565 - logloss: 0.306841
2025-05-13 16:30:50,587 P136547 INFO Save best model: monitor(max)=0.904565
2025-05-13 16:30:50,849 P136547 INFO ************ Epoch=18 end ************
2025-05-13 16:30:55,851 P136547 INFO Train loss: 0.276541
2025-05-13 16:30:55,851 P136547 INFO Evaluation @epoch 19 - batch 145: 
2025-05-13 16:30:57,619 P136547 INFO ===
2025-05-13 16:30:57,620 P136547 INFO [Metrics] AUC: 0.904388 - logloss: 0.309039
2025-05-13 16:30:57,620 P136547 INFO Monitor(max)=0.904388 STOP!
2025-05-13 16:30:57,620 P136547 INFO Reduce learning rate on plateau: 0.000010
2025-05-13 16:30:57,821 P136547 INFO ************ Epoch=19 end ************
2025-05-13 16:31:02,551 P136547 INFO Train loss: 0.259161
2025-05-13 16:31:02,551 P136547 INFO Evaluation @epoch 20 - batch 145: 
2025-05-13 16:31:04,398 P136547 INFO ===
2025-05-13 16:31:04,398 P136547 INFO [Metrics] AUC: 0.903917 - logloss: 0.315032
2025-05-13 16:31:04,398 P136547 INFO Monitor(max)=0.903917 STOP!
2025-05-13 16:31:04,398 P136547 INFO Reduce learning rate on plateau: 0.000001
2025-05-13 16:31:04,398 P136547 INFO ********* Epoch==20 early stop *********
2025-05-13 16:31:04,621 P136547 INFO Training finished.
2025-05-13 16:31:04,621 P136547 INFO Load best model: /root/autodl-tmp/model_zoo/DCNv3/DCNv3_torch/checkpoints/ML_1M_7_x1/ECN_ML_1M_7_x1_006_adc00e0b.model
2025-05-13 16:31:04,624 P136547 INFO ****** Validation evaluation ******
2025-05-13 16:31:06,670 P136547 INFO ===
2025-05-13 16:31:06,670 P136547 INFO [Metrics] logloss: 0.306841 - AUC: 0.904565
2025-05-13 16:31:06,718 P136547 INFO ******** Test evaluation ********
2025-05-13 16:31:06,718 P136547 INFO Loading data...
2025-05-13 16:31:06,718 P136547 INFO Loading data from h5: ../../../data/ML_1M_7_x1/test.h5
2025-05-13 16:31:06,724 P136547 INFO Test samples: total/73902, blocks/1
2025-05-13 16:31:06,724 P136547 INFO Loading test data done.
2025-05-13 16:31:08,502 P136547 INFO ===
2025-05-13 16:31:08,502 P136547 INFO [Metrics] logloss: 0.306602 - AUC: 0.904405
