2025-05-13 17:05:06,401 P414693 INFO Params: {
    "batch_norm": "True",
    "batch_size": "4096",
    "data_format": "csv",
    "data_root": "../../../data/",
    "dataset_id": "ML_1M_7_x1",
    "debug_mode": "False",
    "early_stop_patience": "2",
    "embedding_dim": "16",
    "embedding_regularizer": "0.01",
    "epochs": "100",
    "eval_steps": "None",
    "exp_num_layers": "5",
    "feature_cols": "[{'active': True, 'dtype': 'str', 'name': ['UserID', 'Gender', 'Age', 'Occupation', 'MovieID', 'Release'], 'type': 'categorical'}, {'active': True, 'dtype': 'str', 'encoder': 'MaskedSumPooling', 'max_len': 5, 'name': 'Genres', 'splitter': '^', 'type': 'sequence'}]",
    "feature_config": "None",
    "feature_specs": "None",
    "gpu": "0",
    "group_id": "None",
    "label_col": "{'dtype': 'float', 'name': 'Label'}",
    "learning_rate": "0.001",
    "lin_num_layers": "2",
    "loss": "binary_crossentropy",
    "metrics": "['logloss', 'AUC']",
    "min_categr_count": "1",
    "model": "FCNv2",
    "model_id": "FCNv2_ML_1M_022_152ea566",
    "model_root": "./checkpoints/",
    "monitor": "{'AUC': 1, 'logloss': 0}",
    "monitor_mode": "max",
    "net_dropout": "0.1",
    "net_regularizer": "0",
    "num_heads": "1",
    "num_workers": "8",
    "optimizer": "adam",
    "pickle_feature_encoder": "True",
    "save_best_only": "True",
    "seed": "2024",
    "shuffle": "True",
    "task": "binary_classification",
    "test_data": "../../../data/ML_1M/test.csv",
    "train_data": "../../../data/ML_1M/train.csv",
    "use_features": "None",
    "valid_data": "../../../data/ML_1M/valid.csv",
    "verbose": "1"
}
2025-05-13 17:05:06,401 P414693 INFO Set up feature processor...
2025-05-13 17:05:06,402 P414693 WARNING Skip rebuilding ../../../data/ML_1M_7_x1/feature_map.json. Please delete it manually if rebuilding is required.
2025-05-13 17:05:06,402 P414693 INFO Load feature_map from json: ../../../data/ML_1M_7_x1/feature_map.json
2025-05-13 17:05:06,402 P414693 INFO Set column index...
2025-05-13 17:05:06,402 P414693 INFO Feature specs: {
    "Age": "{'source': '', 'type': 'categorical', 'padding_idx': 0, 'oov_idx': 8, 'vocab_size': 9}",
    "Gender": "{'source': '', 'type': 'categorical', 'padding_idx': 0, 'oov_idx': 3, 'vocab_size': 4}",
    "Genres": "{'source': '', 'type': 'sequence', 'feature_encoder': 'layers.MaskedAveragePooling()', 'padding_idx': 0, 'oov_idx': 19, 'vocab_size': 20, 'max_len': 5}",
    "MovieID": "{'source': '', 'type': 'categorical', 'padding_idx': 0, 'oov_idx': 3642, 'vocab_size': 3643}",
    "Occupation": "{'source': '', 'type': 'categorical', 'padding_idx': 0, 'oov_idx': 22, 'vocab_size': 23}",
    "Release": "{'source': '', 'type': 'categorical', 'padding_idx': 0, 'oov_idx': 9, 'vocab_size': 10}",
    "UserID": "{'source': '', 'type': 'categorical', 'padding_idx': 0, 'oov_idx': 6041, 'vocab_size': 6042}"
}
2025-05-13 17:05:10,246 P414693 INFO Total number of parameters: 247214.
2025-05-13 17:05:10,246 P414693 INFO Loading data...
2025-05-13 17:05:10,246 P414693 INFO Loading data from h5: ../../../data/ML_1M_7_x1/train.h5
2025-05-13 17:05:10,295 P414693 INFO Train samples: total/591209, blocks/1
2025-05-13 17:05:10,295 P414693 INFO Loading data from h5: ../../../data/ML_1M_7_x1/valid.h5
2025-05-13 17:05:10,302 P414693 INFO Validation samples: total/73901, blocks/1
2025-05-13 17:05:10,302 P414693 INFO Loading train and validation data done.
2025-05-13 17:05:10,302 P414693 INFO Start training: 145 batches/epoch
2025-05-13 17:05:10,302 P414693 INFO ************ Epoch=1 start ************
2025-05-13 17:05:16,974 P414693 INFO Train loss: 0.422698
2025-05-13 17:05:16,974 P414693 INFO Evaluation @epoch 1 - batch 145: 
2025-05-13 17:05:18,603 P414693 INFO ===
2025-05-13 17:05:18,603 P414693 INFO [Metrics] AUC: 0.869419 - logloss: 0.346871
2025-05-13 17:05:18,603 P414693 INFO Save best model: monitor(max)=0.869419
2025-05-13 17:05:18,824 P414693 INFO ************ Epoch=1 end ************
2025-05-13 17:05:25,394 P414693 INFO Train loss: 0.381106
2025-05-13 17:05:25,394 P414693 INFO Evaluation @epoch 2 - batch 145: 
2025-05-13 17:05:27,059 P414693 INFO ===
2025-05-13 17:05:27,059 P414693 INFO [Metrics] AUC: 0.874866 - logloss: 0.340307
2025-05-13 17:05:27,059 P414693 INFO Save best model: monitor(max)=0.874866
2025-05-13 17:05:27,291 P414693 INFO ************ Epoch=2 end ************
2025-05-13 17:05:33,887 P414693 INFO Train loss: 0.374440
2025-05-13 17:05:33,887 P414693 INFO Evaluation @epoch 3 - batch 145: 
2025-05-13 17:05:35,623 P414693 INFO ===
2025-05-13 17:05:35,624 P414693 INFO [Metrics] AUC: 0.879294 - logloss: 0.335588
2025-05-13 17:05:35,624 P414693 INFO Save best model: monitor(max)=0.879294
2025-05-13 17:05:35,857 P414693 INFO ************ Epoch=3 end ************
2025-05-13 17:05:42,343 P414693 INFO Train loss: 0.369375
2025-05-13 17:05:42,344 P414693 INFO Evaluation @epoch 4 - batch 145: 
2025-05-13 17:05:44,076 P414693 INFO ===
2025-05-13 17:05:44,077 P414693 INFO [Metrics] AUC: 0.887579 - logloss: 0.325382
2025-05-13 17:05:44,077 P414693 INFO Save best model: monitor(max)=0.887579
2025-05-13 17:05:44,288 P414693 INFO ************ Epoch=4 end ************
2025-05-13 17:05:50,880 P414693 INFO Train loss: 0.365249
2025-05-13 17:05:50,880 P414693 INFO Evaluation @epoch 5 - batch 145: 
2025-05-13 17:05:52,650 P414693 INFO ===
2025-05-13 17:05:52,650 P414693 INFO [Metrics] AUC: 0.889648 - logloss: 0.322665
2025-05-13 17:05:52,651 P414693 INFO Save best model: monitor(max)=0.889648
2025-05-13 17:05:52,864 P414693 INFO ************ Epoch=5 end ************
2025-05-13 17:05:59,742 P414693 INFO Train loss: 0.362463
2025-05-13 17:05:59,742 P414693 INFO Evaluation @epoch 6 - batch 145: 
2025-05-13 17:06:01,673 P414693 INFO ===
2025-05-13 17:06:01,673 P414693 INFO [Metrics] AUC: 0.891699 - logloss: 0.320385
2025-05-13 17:06:01,674 P414693 INFO Save best model: monitor(max)=0.891699
2025-05-13 17:06:01,914 P414693 INFO ************ Epoch=6 end ************
2025-05-13 17:06:08,467 P414693 INFO Train loss: 0.359453
2025-05-13 17:06:08,467 P414693 INFO Evaluation @epoch 7 - batch 145: 
2025-05-13 17:06:10,216 P414693 INFO ===
2025-05-13 17:06:10,216 P414693 INFO [Metrics] AUC: 0.893495 - logloss: 0.317823
2025-05-13 17:06:10,217 P414693 INFO Save best model: monitor(max)=0.893495
2025-05-13 17:06:10,438 P414693 INFO ************ Epoch=7 end ************
2025-05-13 17:06:17,043 P414693 INFO Train loss: 0.357773
2025-05-13 17:06:17,043 P414693 INFO Evaluation @epoch 8 - batch 145: 
2025-05-13 17:06:18,844 P414693 INFO ===
2025-05-13 17:06:18,844 P414693 INFO [Metrics] AUC: 0.893921 - logloss: 0.316547
2025-05-13 17:06:18,844 P414693 INFO Save best model: monitor(max)=0.893921
2025-05-13 17:06:19,084 P414693 INFO ************ Epoch=8 end ************
2025-05-13 17:06:25,644 P414693 INFO Train loss: 0.355782
2025-05-13 17:06:25,644 P414693 INFO Evaluation @epoch 9 - batch 145: 
2025-05-13 17:06:27,308 P414693 INFO ===
2025-05-13 17:06:27,308 P414693 INFO [Metrics] AUC: 0.895851 - logloss: 0.314450
2025-05-13 17:06:27,309 P414693 INFO Save best model: monitor(max)=0.895851
2025-05-13 17:06:27,541 P414693 INFO ************ Epoch=9 end ************
2025-05-13 17:06:33,637 P414693 INFO Train loss: 0.354298
2025-05-13 17:06:33,637 P414693 INFO Evaluation @epoch 10 - batch 145: 
2025-05-13 17:06:35,275 P414693 INFO ===
2025-05-13 17:06:35,275 P414693 INFO [Metrics] AUC: 0.896269 - logloss: 0.313516
2025-05-13 17:06:35,276 P414693 INFO Save best model: monitor(max)=0.896269
2025-05-13 17:06:35,516 P414693 INFO ************ Epoch=10 end ************
2025-05-13 17:06:41,876 P414693 INFO Train loss: 0.353227
2025-05-13 17:06:41,876 P414693 INFO Evaluation @epoch 11 - batch 145: 
2025-05-13 17:06:43,574 P414693 INFO ===
2025-05-13 17:06:43,574 P414693 INFO [Metrics] AUC: 0.897309 - logloss: 0.312642
2025-05-13 17:06:43,574 P414693 INFO Save best model: monitor(max)=0.897309
2025-05-13 17:06:43,761 P414693 INFO ************ Epoch=11 end ************
2025-05-13 17:06:50,542 P414693 INFO Train loss: 0.351882
2025-05-13 17:06:50,542 P414693 INFO Evaluation @epoch 12 - batch 145: 
2025-05-13 17:06:52,179 P414693 INFO ===
2025-05-13 17:06:52,180 P414693 INFO [Metrics] AUC: 0.897031 - logloss: 0.313740
2025-05-13 17:06:52,180 P414693 INFO Monitor(max)=0.897031 STOP!
2025-05-13 17:06:52,180 P414693 INFO Reduce learning rate on plateau: 0.000100
2025-05-13 17:06:52,358 P414693 INFO ************ Epoch=12 end ************
2025-05-13 17:06:59,026 P414693 INFO Train loss: 0.311574
2025-05-13 17:06:59,026 P414693 INFO Evaluation @epoch 13 - batch 145: 
2025-05-13 17:07:00,771 P414693 INFO ===
2025-05-13 17:07:00,771 P414693 INFO [Metrics] AUC: 0.903932 - logloss: 0.304871
2025-05-13 17:07:00,771 P414693 INFO Save best model: monitor(max)=0.903932
2025-05-13 17:07:01,015 P414693 INFO ************ Epoch=13 end ************
2025-05-13 17:07:07,297 P414693 INFO Train loss: 0.292217
2025-05-13 17:07:07,297 P414693 INFO Evaluation @epoch 14 - batch 145: 
2025-05-13 17:07:08,975 P414693 INFO ===
2025-05-13 17:07:08,975 P414693 INFO [Metrics] AUC: 0.905808 - logloss: 0.303382
2025-05-13 17:07:08,975 P414693 INFO Save best model: monitor(max)=0.905808
2025-05-13 17:07:09,210 P414693 INFO ************ Epoch=14 end ************
2025-05-13 17:07:15,951 P414693 INFO Train loss: 0.282018
2025-05-13 17:07:15,951 P414693 INFO Evaluation @epoch 15 - batch 145: 
2025-05-13 17:07:17,648 P414693 INFO ===
2025-05-13 17:07:17,648 P414693 INFO [Metrics] AUC: 0.905535 - logloss: 0.305451
2025-05-13 17:07:17,648 P414693 INFO Monitor(max)=0.905535 STOP!
2025-05-13 17:07:17,649 P414693 INFO Reduce learning rate on plateau: 0.000010
2025-05-13 17:07:17,855 P414693 INFO ************ Epoch=15 end ************
2025-05-13 17:07:24,322 P414693 INFO Train loss: 0.265161
2025-05-13 17:07:24,322 P414693 INFO Evaluation @epoch 16 - batch 145: 
2025-05-13 17:07:26,057 P414693 INFO ===
2025-05-13 17:07:26,057 P414693 INFO [Metrics] AUC: 0.905227 - logloss: 0.309849
2025-05-13 17:07:26,057 P414693 INFO Monitor(max)=0.905227 STOP!
2025-05-13 17:07:26,057 P414693 INFO Reduce learning rate on plateau: 0.000001
2025-05-13 17:07:26,057 P414693 INFO ********* Epoch==16 early stop *********
2025-05-13 17:07:26,249 P414693 INFO Training finished.
2025-05-13 17:07:26,250 P414693 INFO Load best model: /root/autodl-tmp/model_zoo/DCNv3/DCNv3_torch/checkpoints/ML_1M_7_x1/FCNv2_ML_1M_022_152ea566.model
2025-05-13 17:07:26,257 P414693 INFO ****** Validation evaluation ******
2025-05-13 17:07:27,943 P414693 INFO ===
2025-05-13 17:07:27,943 P414693 INFO [Metrics] logloss: 0.303382 - AUC: 0.905808
2025-05-13 17:07:27,999 P414693 INFO ******** Test evaluation ********
2025-05-13 17:07:27,999 P414693 INFO Loading data...
2025-05-13 17:07:27,999 P414693 INFO Loading data from h5: ../../../data/ML_1M_7_x1/test.h5
2025-05-13 17:07:28,004 P414693 INFO Test samples: total/73902, blocks/1
2025-05-13 17:07:28,005 P414693 INFO Loading test data done.
2025-05-13 17:07:29,859 P414693 INFO ===
2025-05-13 17:07:29,859 P414693 INFO [Metrics] logloss: 0.303294 - AUC: 0.905815
