2025-05-13 14:56:26,108 P411474 INFO Params: {
    "batch_norm": "True",
    "batch_size": "4096",
    "data_format": "csv",
    "data_root": "../../../data/",
    "dataset_id": "ML_1M_7_x1",
    "debug_mode": "False",
    "early_stop_patience": "2",
    "embedding_dim": "16",
    "embedding_regularizer": "0.01",
    "epochs": "100",
    "eval_steps": "None",
    "exp_num_layers": "5",
    "feature_cols": "[{'active': True, 'dtype': 'str', 'name': ['UserID', 'Gender', 'Age', 'Occupation', 'MovieID', 'Release'], 'type': 'categorical'}, {'active': True, 'dtype': 'str', 'encoder': 'MaskedSumPooling', 'max_len': 5, 'name': 'Genres', 'splitter': '^', 'type': 'sequence'}]",
    "feature_config": "None",
    "feature_specs": "None",
    "gpu": "2",
    "group_id": "None",
    "label_col": "{'dtype': 'float', 'name': 'Label'}",
    "learning_rate": "0.001",
    "lin_num_layers": "3",
    "loss": "binary_crossentropy",
    "metrics": "['logloss', 'AUC']",
    "min_categr_count": "1",
    "model": "FCNv1",
    "model_id": "FCNv1_ML_1M_023_73a9cffb",
    "model_root": "./checkpoints/",
    "monitor": "{'AUC': 1, 'logloss': 0}",
    "monitor_mode": "max",
    "net_dropout": "0.1",
    "net_regularizer": "0",
    "num_heads": "1",
    "num_workers": "8",
    "optimizer": "adam",
    "pickle_feature_encoder": "True",
    "save_best_only": "True",
    "seed": "2025",
    "shuffle": "True",
    "task": "binary_classification",
    "test_data": "../../../data/ML_1M/test.csv",
    "train_data": "../../../data/ML_1M/train.csv",
    "use_features": "None",
    "valid_data": "../../../data/ML_1M/valid.csv",
    "verbose": "1"
}
2025-05-13 14:56:26,108 P411474 INFO Set up feature processor...
2025-05-13 14:56:26,108 P411474 WARNING Skip rebuilding ../../../data/ML_1M_7_x1/feature_map.json. Please delete it manually if rebuilding is required.
2025-05-13 14:56:26,108 P411474 INFO Load feature_map from json: ../../../data/ML_1M_7_x1/feature_map.json
2025-05-13 14:56:26,109 P411474 INFO Set column index...
2025-05-13 14:56:26,109 P411474 INFO Feature specs: {
    "Age": "{'source': '', 'type': 'categorical', 'padding_idx': 0, 'oov_idx': 8, 'vocab_size': 9}",
    "Gender": "{'source': '', 'type': 'categorical', 'padding_idx': 0, 'oov_idx': 3, 'vocab_size': 4}",
    "Genres": "{'source': '', 'type': 'sequence', 'feature_encoder': 'layers.MaskedAveragePooling()', 'padding_idx': 0, 'oov_idx': 19, 'vocab_size': 20, 'max_len': 5}",
    "MovieID": "{'source': '', 'type': 'categorical', 'padding_idx': 0, 'oov_idx': 3642, 'vocab_size': 3643}",
    "Occupation": "{'source': '', 'type': 'categorical', 'padding_idx': 0, 'oov_idx': 22, 'vocab_size': 23}",
    "Release": "{'source': '', 'type': 'categorical', 'padding_idx': 0, 'oov_idx': 9, 'vocab_size': 10}",
    "UserID": "{'source': '', 'type': 'categorical', 'padding_idx': 0, 'oov_idx': 6041, 'vocab_size': 6042}"
}
2025-05-13 14:56:29,922 P411474 INFO Total number of parameters: 208226.
2025-05-13 14:56:29,922 P411474 INFO Loading data...
2025-05-13 14:56:29,923 P411474 INFO Loading data from h5: ../../../data/ML_1M_7_x1/train.h5
2025-05-13 14:56:29,973 P411474 INFO Train samples: total/591209, blocks/1
2025-05-13 14:56:29,973 P411474 INFO Loading data from h5: ../../../data/ML_1M_7_x1/valid.h5
2025-05-13 14:56:29,980 P411474 INFO Validation samples: total/73901, blocks/1
2025-05-13 14:56:29,981 P411474 INFO Loading train and validation data done.
2025-05-13 14:56:29,981 P411474 INFO Start training: 145 batches/epoch
2025-05-13 14:56:29,981 P411474 INFO ************ Epoch=1 start ************
2025-05-13 14:56:35,147 P411474 INFO Train loss: 0.440294
2025-05-13 14:56:35,147 P411474 INFO Evaluation @epoch 1 - batch 145: 
2025-05-13 14:56:36,883 P411474 INFO ===
2025-05-13 14:56:36,883 P411474 INFO [Metrics] AUC: 0.864005 - logloss: 0.353000
2025-05-13 14:56:36,883 P411474 INFO Save best model: monitor(max)=0.864005
2025-05-13 14:56:37,093 P411474 INFO ************ Epoch=1 end ************
2025-05-13 14:56:42,309 P411474 INFO Train loss: 0.380993
2025-05-13 14:56:42,309 P411474 INFO Evaluation @epoch 2 - batch 145: 
2025-05-13 14:56:43,977 P411474 INFO ===
2025-05-13 14:56:43,978 P411474 INFO [Metrics] AUC: 0.872234 - logloss: 0.344293
2025-05-13 14:56:43,978 P411474 INFO Save best model: monitor(max)=0.872234
2025-05-13 14:56:44,185 P411474 INFO ************ Epoch=2 end ************
2025-05-13 14:56:49,356 P411474 INFO Train loss: 0.374009
2025-05-13 14:56:49,356 P411474 INFO Evaluation @epoch 3 - batch 145: 
2025-05-13 14:56:51,089 P411474 INFO ===
2025-05-13 14:56:51,089 P411474 INFO [Metrics] AUC: 0.880771 - logloss: 0.334091
2025-05-13 14:56:51,090 P411474 INFO Save best model: monitor(max)=0.880771
2025-05-13 14:56:51,330 P411474 INFO ************ Epoch=3 end ************
2025-05-13 14:56:56,488 P411474 INFO Train loss: 0.368402
2025-05-13 14:56:56,488 P411474 INFO Evaluation @epoch 4 - batch 145: 
2025-05-13 14:56:58,066 P411474 INFO ===
2025-05-13 14:56:58,066 P411474 INFO [Metrics] AUC: 0.888803 - logloss: 0.324655
2025-05-13 14:56:58,066 P411474 INFO Save best model: monitor(max)=0.888803
2025-05-13 14:56:58,243 P411474 INFO ************ Epoch=4 end ************
2025-05-13 14:57:03,191 P411474 INFO Train loss: 0.363560
2025-05-13 14:57:03,192 P411474 INFO Evaluation @epoch 5 - batch 145: 
2025-05-13 14:57:04,881 P411474 INFO ===
2025-05-13 14:57:04,881 P411474 INFO [Metrics] AUC: 0.890609 - logloss: 0.321802
2025-05-13 14:57:04,881 P411474 INFO Save best model: monitor(max)=0.890609
2025-05-13 14:57:05,090 P411474 INFO ************ Epoch=5 end ************
2025-05-13 14:57:09,555 P411474 INFO Train loss: 0.358951
2025-05-13 14:57:09,555 P411474 INFO Evaluation @epoch 6 - batch 145: 
2025-05-13 14:57:11,159 P411474 INFO ===
2025-05-13 14:57:11,159 P411474 INFO [Metrics] AUC: 0.892110 - logloss: 0.319910
2025-05-13 14:57:11,159 P411474 INFO Save best model: monitor(max)=0.892110
2025-05-13 14:57:11,350 P411474 INFO ************ Epoch=6 end ************
2025-05-13 14:57:17,063 P411474 INFO Train loss: 0.355839
2025-05-13 14:57:17,064 P411474 INFO Evaluation @epoch 7 - batch 145: 
2025-05-13 14:57:18,791 P411474 INFO ===
2025-05-13 14:57:18,791 P411474 INFO [Metrics] AUC: 0.894347 - logloss: 0.316765
2025-05-13 14:57:18,792 P411474 INFO Save best model: monitor(max)=0.894347
2025-05-13 14:57:19,032 P411474 INFO ************ Epoch=7 end ************
2025-05-13 14:57:24,724 P411474 INFO Train loss: 0.354098
2025-05-13 14:57:24,724 P411474 INFO Evaluation @epoch 8 - batch 145: 
2025-05-13 14:57:26,419 P411474 INFO ===
2025-05-13 14:57:26,419 P411474 INFO [Metrics] AUC: 0.894378 - logloss: 0.318532
2025-05-13 14:57:26,419 P411474 INFO Save best model: monitor(max)=0.894378
2025-05-13 14:57:26,606 P411474 INFO ************ Epoch=8 end ************
2025-05-13 14:57:32,504 P411474 INFO Train loss: 0.352277
2025-05-13 14:57:32,505 P411474 INFO Evaluation @epoch 9 - batch 145: 
2025-05-13 14:57:34,257 P411474 INFO ===
2025-05-13 14:57:34,258 P411474 INFO [Metrics] AUC: 0.895184 - logloss: 0.315564
2025-05-13 14:57:34,258 P411474 INFO Save best model: monitor(max)=0.895184
2025-05-13 14:57:34,481 P411474 INFO ************ Epoch=9 end ************
2025-05-13 14:57:40,450 P411474 INFO Train loss: 0.350518
2025-05-13 14:57:40,451 P411474 INFO Evaluation @epoch 10 - batch 145: 
2025-05-13 14:57:42,247 P411474 INFO ===
2025-05-13 14:57:42,248 P411474 INFO [Metrics] AUC: 0.896140 - logloss: 0.313901
2025-05-13 14:57:42,248 P411474 INFO Save best model: monitor(max)=0.896140
2025-05-13 14:57:42,467 P411474 INFO ************ Epoch=10 end ************
2025-05-13 14:57:48,058 P411474 INFO Train loss: 0.349143
2025-05-13 14:57:48,058 P411474 INFO Evaluation @epoch 11 - batch 145: 
2025-05-13 14:57:49,924 P411474 INFO ===
2025-05-13 14:57:49,925 P411474 INFO [Metrics] AUC: 0.897169 - logloss: 0.312961
2025-05-13 14:57:49,925 P411474 INFO Save best model: monitor(max)=0.897169
2025-05-13 14:57:50,145 P411474 INFO ************ Epoch=11 end ************
2025-05-13 14:57:55,895 P411474 INFO Train loss: 0.348302
2025-05-13 14:57:55,895 P411474 INFO Evaluation @epoch 12 - batch 145: 
2025-05-13 14:57:57,668 P411474 INFO ===
2025-05-13 14:57:57,668 P411474 INFO [Metrics] AUC: 0.897853 - logloss: 0.311168
2025-05-13 14:57:57,668 P411474 INFO Save best model: monitor(max)=0.897853
2025-05-13 14:57:57,892 P411474 INFO ************ Epoch=12 end ************
2025-05-13 14:58:03,838 P411474 INFO Train loss: 0.347398
2025-05-13 14:58:03,838 P411474 INFO Evaluation @epoch 13 - batch 145: 
2025-05-13 14:58:05,541 P411474 INFO ===
2025-05-13 14:58:05,541 P411474 INFO [Metrics] AUC: 0.898613 - logloss: 0.310703
2025-05-13 14:58:05,541 P411474 INFO Save best model: monitor(max)=0.898613
2025-05-13 14:58:05,753 P411474 INFO ************ Epoch=13 end ************
2025-05-13 14:58:11,414 P411474 INFO Train loss: 0.346604
2025-05-13 14:58:11,414 P411474 INFO Evaluation @epoch 14 - batch 145: 
2025-05-13 14:58:13,125 P411474 INFO ===
2025-05-13 14:58:13,125 P411474 INFO [Metrics] AUC: 0.898806 - logloss: 0.309883
2025-05-13 14:58:13,125 P411474 INFO Save best model: monitor(max)=0.898806
2025-05-13 14:58:13,365 P411474 INFO ************ Epoch=14 end ************
2025-05-13 14:58:19,162 P411474 INFO Train loss: 0.345490
2025-05-13 14:58:19,162 P411474 INFO Evaluation @epoch 15 - batch 145: 
2025-05-13 14:58:20,907 P411474 INFO ===
2025-05-13 14:58:20,907 P411474 INFO [Metrics] AUC: 0.899720 - logloss: 0.309311
2025-05-13 14:58:20,907 P411474 INFO Save best model: monitor(max)=0.899720
2025-05-13 14:58:21,142 P411474 INFO ************ Epoch=15 end ************
2025-05-13 14:58:26,646 P411474 INFO Train loss: 0.345075
2025-05-13 14:58:26,647 P411474 INFO Evaluation @epoch 16 - batch 145: 
2025-05-13 14:58:28,408 P411474 INFO ===
2025-05-13 14:58:28,408 P411474 INFO [Metrics] AUC: 0.899188 - logloss: 0.309497
2025-05-13 14:58:28,408 P411474 INFO Monitor(max)=0.899188 STOP!
2025-05-13 14:58:28,408 P411474 INFO Reduce learning rate on plateau: 0.000100
2025-05-13 14:58:28,668 P411474 INFO ************ Epoch=16 end ************
2025-05-13 14:58:34,351 P411474 INFO Train loss: 0.306032
2025-05-13 14:58:34,352 P411474 INFO Evaluation @epoch 17 - batch 145: 
2025-05-13 14:58:36,158 P411474 INFO ===
2025-05-13 14:58:36,158 P411474 INFO [Metrics] AUC: 0.904484 - logloss: 0.303161
2025-05-13 14:58:36,158 P411474 INFO Save best model: monitor(max)=0.904484
2025-05-13 14:58:36,384 P411474 INFO ************ Epoch=17 end ************
2025-05-13 14:58:41,699 P411474 INFO Train loss: 0.289056
2025-05-13 14:58:41,699 P411474 INFO Evaluation @epoch 18 - batch 145: 
2025-05-13 14:58:43,426 P411474 INFO ===
2025-05-13 14:58:43,426 P411474 INFO [Metrics] AUC: 0.906250 - logloss: 0.301323
2025-05-13 14:58:43,426 P411474 INFO Save best model: monitor(max)=0.906250
2025-05-13 14:58:43,670 P411474 INFO ************ Epoch=18 end ************
2025-05-13 14:58:49,039 P411474 INFO Train loss: 0.279889
2025-05-13 14:58:49,039 P411474 INFO Evaluation @epoch 19 - batch 145: 
2025-05-13 14:58:50,775 P411474 INFO ===
2025-05-13 14:58:50,775 P411474 INFO [Metrics] AUC: 0.906049 - logloss: 0.302913
2025-05-13 14:58:50,775 P411474 INFO Monitor(max)=0.906049 STOP!
2025-05-13 14:58:50,775 P411474 INFO Reduce learning rate on plateau: 0.000010
2025-05-13 14:58:50,977 P411474 INFO ************ Epoch=19 end ************
2025-05-13 14:58:56,199 P411474 INFO Train loss: 0.264733
2025-05-13 14:58:56,199 P411474 INFO Evaluation @epoch 20 - batch 145: 
2025-05-13 14:58:57,955 P411474 INFO ===
2025-05-13 14:58:57,956 P411474 INFO [Metrics] AUC: 0.905865 - logloss: 0.304681
2025-05-13 14:58:57,956 P411474 INFO Monitor(max)=0.905865 STOP!
2025-05-13 14:58:57,956 P411474 INFO Reduce learning rate on plateau: 0.000001
2025-05-13 14:58:57,956 P411474 INFO ********* Epoch==20 early stop *********
2025-05-13 14:58:58,156 P411474 INFO Training finished.
2025-05-13 14:58:58,156 P411474 INFO Load best model: /root/autodl-tmp/model_zoo/DCNv3/DCNv3_torch/checkpoints/ML_1M_7_x1/FCNv1_ML_1M_023_73a9cffb.model
2025-05-13 14:58:58,161 P411474 INFO ****** Validation evaluation ******
2025-05-13 14:58:59,810 P411474 INFO ===
2025-05-13 14:58:59,810 P411474 INFO [Metrics] logloss: 0.301323 - AUC: 0.906250
2025-05-13 14:58:59,863 P411474 INFO ******** Test evaluation ********
2025-05-13 14:58:59,863 P411474 INFO Loading data...
2025-05-13 14:58:59,863 P411474 INFO Loading data from h5: ../../../data/ML_1M_7_x1/test.h5
2025-05-13 14:58:59,868 P411474 INFO Test samples: total/73902, blocks/1
2025-05-13 14:58:59,868 P411474 INFO Loading test data done.
2025-05-13 14:59:01,892 P411474 INFO ===
2025-05-13 14:59:01,892 P411474 INFO [Metrics] logloss: 0.299626 - AUC: 0.907561
