2025-05-13 14:34:09,879 P185517 INFO Params: {
    "batch_norm": "True",
    "batch_size": "4096",
    "data_format": "csv",
    "data_root": "../../../data/",
    "dataset_id": "ML_1M_7_x1",
    "debug_mode": "False",
    "early_stop_patience": "2",
    "embedding_dim": "16",
    "embedding_regularizer": "0.01",
    "epochs": "100",
    "eval_steps": "None",
    "exp_num_layers": "1",
    "feature_cols": "[{'active': True, 'dtype': 'str', 'name': ['UserID', 'Gender', 'Age', 'Occupation', 'MovieID', 'Release'], 'type': 'categorical'}, {'active': True, 'dtype': 'str', 'encoder': 'MaskedSumPooling', 'max_len': 5, 'name': 'Genres', 'splitter': '^', 'type': 'sequence'}]",
    "feature_config": "None",
    "feature_specs": "None",
    "gpu": "3",
    "group_id": "None",
    "label_col": "{'dtype': 'float', 'name': 'Label'}",
    "learning_rate": "0.001",
    "lin_num_layers": "5",
    "loss": "binary_crossentropy",
    "metrics": "['logloss', 'AUC']",
    "min_categr_count": "1",
    "model": "FCNv1",
    "model_id": "FCNv1_ML_1M_005_f91da501",
    "model_root": "./checkpoints/",
    "monitor": "{'AUC': 1, 'logloss': 0}",
    "monitor_mode": "max",
    "net_dropout": "0.1",
    "net_regularizer": "0",
    "num_heads": "1",
    "num_workers": "8",
    "optimizer": "adam",
    "pickle_feature_encoder": "True",
    "save_best_only": "True",
    "seed": "2025",
    "shuffle": "True",
    "task": "binary_classification",
    "test_data": "../../../data/ML_1M/test.csv",
    "train_data": "../../../data/ML_1M/train.csv",
    "use_features": "None",
    "valid_data": "../../../data/ML_1M/valid.csv",
    "verbose": "1"
}
2025-05-13 14:34:09,879 P185517 INFO Set up feature processor...
2025-05-13 14:34:09,879 P185517 WARNING Skip rebuilding ../../../data/ML_1M_7_x1/feature_map.json. Please delete it manually if rebuilding is required.
2025-05-13 14:34:09,879 P185517 INFO Load feature_map from json: ../../../data/ML_1M_7_x1/feature_map.json
2025-05-13 14:34:09,879 P185517 INFO Set column index...
2025-05-13 14:34:09,879 P185517 INFO Feature specs: {
    "Age": "{'source': '', 'type': 'categorical', 'padding_idx': 0, 'oov_idx': 8, 'vocab_size': 9}",
    "Gender": "{'source': '', 'type': 'categorical', 'padding_idx': 0, 'oov_idx': 3, 'vocab_size': 4}",
    "Genres": "{'source': '', 'type': 'sequence', 'feature_encoder': 'layers.MaskedAveragePooling()', 'padding_idx': 0, 'oov_idx': 19, 'vocab_size': 20, 'max_len': 5}",
    "MovieID": "{'source': '', 'type': 'categorical', 'padding_idx': 0, 'oov_idx': 3642, 'vocab_size': 3643}",
    "Occupation": "{'source': '', 'type': 'categorical', 'padding_idx': 0, 'oov_idx': 22, 'vocab_size': 23}",
    "Release": "{'source': '', 'type': 'categorical', 'padding_idx': 0, 'oov_idx': 9, 'vocab_size': 10}",
    "UserID": "{'source': '', 'type': 'categorical', 'padding_idx': 0, 'oov_idx': 6041, 'vocab_size': 6042}"
}
2025-05-13 14:34:13,798 P185517 INFO Total number of parameters: 195230.
2025-05-13 14:34:13,798 P185517 INFO Loading data...
2025-05-13 14:34:13,798 P185517 INFO Loading data from h5: ../../../data/ML_1M_7_x1/train.h5
2025-05-13 14:34:13,847 P185517 INFO Train samples: total/591209, blocks/1
2025-05-13 14:34:13,847 P185517 INFO Loading data from h5: ../../../data/ML_1M_7_x1/valid.h5
2025-05-13 14:34:13,854 P185517 INFO Validation samples: total/73901, blocks/1
2025-05-13 14:34:13,854 P185517 INFO Loading train and validation data done.
2025-05-13 14:34:13,854 P185517 INFO Start training: 145 batches/epoch
2025-05-13 14:34:13,854 P185517 INFO ************ Epoch=1 start ************
2025-05-13 14:34:18,969 P185517 INFO Train loss: 0.463292
2025-05-13 14:34:18,969 P185517 INFO Evaluation @epoch 1 - batch 145: 
2025-05-13 14:34:20,793 P185517 INFO ===
2025-05-13 14:34:20,793 P185517 INFO [Metrics] AUC: 0.856377 - logloss: 0.362600
2025-05-13 14:34:20,793 P185517 INFO Save best model: monitor(max)=0.856377
2025-05-13 14:34:21,005 P185517 INFO ************ Epoch=1 end ************
2025-05-13 14:34:25,697 P185517 INFO Train loss: 0.393101
2025-05-13 14:34:25,698 P185517 INFO Evaluation @epoch 2 - batch 145: 
2025-05-13 14:34:27,525 P185517 INFO ===
2025-05-13 14:34:27,525 P185517 INFO [Metrics] AUC: 0.862176 - logloss: 0.355648
2025-05-13 14:34:27,526 P185517 INFO Save best model: monitor(max)=0.862176
2025-05-13 14:34:27,798 P185517 INFO ************ Epoch=2 end ************
2025-05-13 14:34:33,239 P185517 INFO Train loss: 0.382343
2025-05-13 14:34:33,239 P185517 INFO Evaluation @epoch 3 - batch 145: 
2025-05-13 14:34:35,094 P185517 INFO ===
2025-05-13 14:34:35,094 P185517 INFO [Metrics] AUC: 0.868179 - logloss: 0.347457
2025-05-13 14:34:35,094 P185517 INFO Save best model: monitor(max)=0.868179
2025-05-13 14:34:35,298 P185517 INFO ************ Epoch=3 end ************
2025-05-13 14:34:40,387 P185517 INFO Train loss: 0.375750
2025-05-13 14:34:40,387 P185517 INFO Evaluation @epoch 4 - batch 145: 
2025-05-13 14:34:42,103 P185517 INFO ===
2025-05-13 14:34:42,103 P185517 INFO [Metrics] AUC: 0.873868 - logloss: 0.341018
2025-05-13 14:34:42,103 P185517 INFO Save best model: monitor(max)=0.873868
2025-05-13 14:34:42,364 P185517 INFO ************ Epoch=4 end ************
2025-05-13 14:34:47,676 P185517 INFO Train loss: 0.372055
2025-05-13 14:34:47,676 P185517 INFO Evaluation @epoch 5 - batch 145: 
2025-05-13 14:34:49,459 P185517 INFO ===
2025-05-13 14:34:49,459 P185517 INFO [Metrics] AUC: 0.878279 - logloss: 0.337432
2025-05-13 14:34:49,459 P185517 INFO Save best model: monitor(max)=0.878279
2025-05-13 14:34:49,734 P185517 INFO ************ Epoch=5 end ************
2025-05-13 14:34:54,458 P185517 INFO Train loss: 0.368354
2025-05-13 14:34:54,458 P185517 INFO Evaluation @epoch 6 - batch 145: 
2025-05-13 14:34:56,067 P185517 INFO ===
2025-05-13 14:34:56,067 P185517 INFO [Metrics] AUC: 0.883397 - logloss: 0.330875
2025-05-13 14:34:56,068 P185517 INFO Save best model: monitor(max)=0.883397
2025-05-13 14:34:56,246 P185517 INFO ************ Epoch=6 end ************
2025-05-13 14:35:01,110 P185517 INFO Train loss: 0.364764
2025-05-13 14:35:01,110 P185517 INFO Evaluation @epoch 7 - batch 145: 
2025-05-13 14:35:02,840 P185517 INFO ===
2025-05-13 14:35:02,840 P185517 INFO [Metrics] AUC: 0.886019 - logloss: 0.326775
2025-05-13 14:35:02,841 P185517 INFO Save best model: monitor(max)=0.886019
2025-05-13 14:35:03,055 P185517 INFO ************ Epoch=7 end ************
2025-05-13 14:35:08,671 P185517 INFO Train loss: 0.361671
2025-05-13 14:35:08,671 P185517 INFO Evaluation @epoch 8 - batch 145: 
2025-05-13 14:35:10,437 P185517 INFO ===
2025-05-13 14:35:10,438 P185517 INFO [Metrics] AUC: 0.887699 - logloss: 0.325433
2025-05-13 14:35:10,438 P185517 INFO Save best model: monitor(max)=0.887699
2025-05-13 14:35:10,652 P185517 INFO ************ Epoch=8 end ************
2025-05-13 14:35:15,663 P185517 INFO Train loss: 0.358483
2025-05-13 14:35:15,663 P185517 INFO Evaluation @epoch 9 - batch 145: 
2025-05-13 14:35:17,477 P185517 INFO ===
2025-05-13 14:35:17,477 P185517 INFO [Metrics] AUC: 0.890040 - logloss: 0.322339
2025-05-13 14:35:17,477 P185517 INFO Save best model: monitor(max)=0.890040
2025-05-13 14:35:17,739 P185517 INFO ************ Epoch=9 end ************
2025-05-13 14:35:23,195 P185517 INFO Train loss: 0.355751
2025-05-13 14:35:23,195 P185517 INFO Evaluation @epoch 10 - batch 145: 
2025-05-13 14:35:25,034 P185517 INFO ===
2025-05-13 14:35:25,034 P185517 INFO [Metrics] AUC: 0.890976 - logloss: 0.320374
2025-05-13 14:35:25,034 P185517 INFO Save best model: monitor(max)=0.890976
2025-05-13 14:35:25,251 P185517 INFO ************ Epoch=10 end ************
2025-05-13 14:35:30,782 P185517 INFO Train loss: 0.353868
2025-05-13 14:35:30,783 P185517 INFO Evaluation @epoch 11 - batch 145: 
2025-05-13 14:35:32,631 P185517 INFO ===
2025-05-13 14:35:32,631 P185517 INFO [Metrics] AUC: 0.893166 - logloss: 0.318000
2025-05-13 14:35:32,631 P185517 INFO Save best model: monitor(max)=0.893166
2025-05-13 14:35:32,856 P185517 INFO ************ Epoch=11 end ************
2025-05-13 14:35:37,813 P185517 INFO Train loss: 0.352289
2025-05-13 14:35:37,813 P185517 INFO Evaluation @epoch 12 - batch 145: 
2025-05-13 14:35:39,766 P185517 INFO ===
2025-05-13 14:35:39,766 P185517 INFO [Metrics] AUC: 0.894380 - logloss: 0.316405
2025-05-13 14:35:39,766 P185517 INFO Save best model: monitor(max)=0.894380
2025-05-13 14:35:39,963 P185517 INFO ************ Epoch=12 end ************
2025-05-13 14:35:45,691 P185517 INFO Train loss: 0.350740
2025-05-13 14:35:45,691 P185517 INFO Evaluation @epoch 13 - batch 145: 
2025-05-13 14:35:47,468 P185517 INFO ===
2025-05-13 14:35:47,469 P185517 INFO [Metrics] AUC: 0.895343 - logloss: 0.315076
2025-05-13 14:35:47,469 P185517 INFO Save best model: monitor(max)=0.895343
2025-05-13 14:35:47,687 P185517 INFO ************ Epoch=13 end ************
2025-05-13 14:35:53,038 P185517 INFO Train loss: 0.349318
2025-05-13 14:35:53,038 P185517 INFO Evaluation @epoch 14 - batch 145: 
2025-05-13 14:35:54,871 P185517 INFO ===
2025-05-13 14:35:54,871 P185517 INFO [Metrics] AUC: 0.895585 - logloss: 0.314490
2025-05-13 14:35:54,871 P185517 INFO Save best model: monitor(max)=0.895585
2025-05-13 14:35:55,108 P185517 INFO ************ Epoch=14 end ************
2025-05-13 14:36:00,039 P185517 INFO Train loss: 0.348319
2025-05-13 14:36:00,039 P185517 INFO Evaluation @epoch 15 - batch 145: 
2025-05-13 14:36:02,009 P185517 INFO ===
2025-05-13 14:36:02,009 P185517 INFO [Metrics] AUC: 0.896037 - logloss: 0.313871
2025-05-13 14:36:02,010 P185517 INFO Save best model: monitor(max)=0.896037
2025-05-13 14:36:02,203 P185517 INFO ************ Epoch=15 end ************
2025-05-13 14:36:07,897 P185517 INFO Train loss: 0.347181
2025-05-13 14:36:07,897 P185517 INFO Evaluation @epoch 16 - batch 145: 
2025-05-13 14:36:09,666 P185517 INFO ===
2025-05-13 14:36:09,666 P185517 INFO [Metrics] AUC: 0.897260 - logloss: 0.312543
2025-05-13 14:36:09,666 P185517 INFO Save best model: monitor(max)=0.897260
2025-05-13 14:36:09,869 P185517 INFO ************ Epoch=16 end ************
2025-05-13 14:36:15,204 P185517 INFO Train loss: 0.346032
2025-05-13 14:36:15,205 P185517 INFO Evaluation @epoch 17 - batch 145: 
2025-05-13 14:36:17,083 P185517 INFO ===
2025-05-13 14:36:17,083 P185517 INFO [Metrics] AUC: 0.896949 - logloss: 0.312649
2025-05-13 14:36:17,083 P185517 INFO Monitor(max)=0.896949 STOP!
2025-05-13 14:36:17,083 P185517 INFO Reduce learning rate on plateau: 0.000100
2025-05-13 14:36:17,296 P185517 INFO ************ Epoch=17 end ************
2025-05-13 14:36:22,149 P185517 INFO Train loss: 0.315760
2025-05-13 14:36:22,149 P185517 INFO Evaluation @epoch 18 - batch 145: 
2025-05-13 14:36:24,021 P185517 INFO ===
2025-05-13 14:36:24,021 P185517 INFO [Metrics] AUC: 0.902667 - logloss: 0.304604
2025-05-13 14:36:24,021 P185517 INFO Save best model: monitor(max)=0.902667
2025-05-13 14:36:24,225 P185517 INFO ************ Epoch=18 end ************
2025-05-13 14:36:29,847 P185517 INFO Train loss: 0.303773
2025-05-13 14:36:29,847 P185517 INFO Evaluation @epoch 19 - batch 145: 
2025-05-13 14:36:31,627 P185517 INFO ===
2025-05-13 14:36:31,627 P185517 INFO [Metrics] AUC: 0.905112 - logloss: 0.301452
2025-05-13 14:36:31,627 P185517 INFO Save best model: monitor(max)=0.905112
2025-05-13 14:36:31,826 P185517 INFO ************ Epoch=19 end ************
2025-05-13 14:36:37,209 P185517 INFO Train loss: 0.297753
2025-05-13 14:36:37,209 P185517 INFO Evaluation @epoch 20 - batch 145: 
2025-05-13 14:36:39,055 P185517 INFO ===
2025-05-13 14:36:39,055 P185517 INFO [Metrics] AUC: 0.906058 - logloss: 0.300467
2025-05-13 14:36:39,055 P185517 INFO Save best model: monitor(max)=0.906058
2025-05-13 14:36:39,261 P185517 INFO ************ Epoch=20 end ************
2025-05-13 14:36:44,044 P185517 INFO Train loss: 0.293624
2025-05-13 14:36:44,044 P185517 INFO Evaluation @epoch 21 - batch 145: 
2025-05-13 14:36:45,907 P185517 INFO ===
2025-05-13 14:36:45,907 P185517 INFO [Metrics] AUC: 0.906383 - logloss: 0.300209
2025-05-13 14:36:45,907 P185517 INFO Save best model: monitor(max)=0.906383
2025-05-13 14:36:46,189 P185517 INFO ************ Epoch=21 end ************
2025-05-13 14:36:51,720 P185517 INFO Train loss: 0.290697
2025-05-13 14:36:51,720 P185517 INFO Evaluation @epoch 22 - batch 145: 
2025-05-13 14:36:53,484 P185517 INFO ===
2025-05-13 14:36:53,484 P185517 INFO [Metrics] AUC: 0.906393 - logloss: 0.300248
2025-05-13 14:36:53,484 P185517 INFO Save best model: monitor(max)=0.906393
2025-05-13 14:36:53,721 P185517 INFO ************ Epoch=22 end ************
2025-05-13 14:36:58,991 P185517 INFO Train loss: 0.288375
2025-05-13 14:36:58,991 P185517 INFO Evaluation @epoch 23 - batch 145: 
2025-05-13 14:37:00,893 P185517 INFO ===
2025-05-13 14:37:00,893 P185517 INFO [Metrics] AUC: 0.906303 - logloss: 0.300401
2025-05-13 14:37:00,893 P185517 INFO Monitor(max)=0.906303 STOP!
2025-05-13 14:37:00,893 P185517 INFO Reduce learning rate on plateau: 0.000010
2025-05-13 14:37:01,141 P185517 INFO ************ Epoch=23 end ************
2025-05-13 14:37:06,004 P185517 INFO Train loss: 0.278283
2025-05-13 14:37:06,005 P185517 INFO Evaluation @epoch 24 - batch 145: 
2025-05-13 14:37:07,747 P185517 INFO ===
2025-05-13 14:37:07,747 P185517 INFO [Metrics] AUC: 0.906136 - logloss: 0.301065
2025-05-13 14:37:07,748 P185517 INFO Monitor(max)=0.906136 STOP!
2025-05-13 14:37:07,748 P185517 INFO Reduce learning rate on plateau: 0.000001
2025-05-13 14:37:07,748 P185517 INFO ********* Epoch==24 early stop *********
2025-05-13 14:37:07,989 P185517 INFO Training finished.
2025-05-13 14:37:07,990 P185517 INFO Load best model: /root/autodl-tmp/model_zoo/DCNv3/DCNv3_torch/checkpoints/ML_1M_7_x1/FCNv1_ML_1M_005_f91da501.model
2025-05-13 14:37:07,993 P185517 INFO ****** Validation evaluation ******
2025-05-13 14:37:09,681 P185517 INFO ===
2025-05-13 14:37:09,681 P185517 INFO [Metrics] logloss: 0.300248 - AUC: 0.906393
2025-05-13 14:37:09,729 P185517 INFO ******** Test evaluation ********
2025-05-13 14:37:09,729 P185517 INFO Loading data...
2025-05-13 14:37:09,729 P185517 INFO Loading data from h5: ../../../data/ML_1M_7_x1/test.h5
2025-05-13 14:37:09,734 P185517 INFO Test samples: total/73902, blocks/1
2025-05-13 14:37:09,734 P185517 INFO Loading test data done.
2025-05-13 14:37:11,358 P185517 INFO ===
2025-05-13 14:37:11,359 P185517 INFO [Metrics] logloss: 0.299695 - AUC: 0.906591
