2025-05-13 16:54:32,713 P957534 INFO Params: {
    "batch_norm": "True",
    "batch_size": "4096",
    "data_format": "csv",
    "data_root": "../../../data/",
    "dataset_id": "ML_1M_7_x1",
    "debug_mode": "False",
    "early_stop_patience": "2",
    "embedding_dim": "16",
    "embedding_regularizer": "0.01",
    "epochs": "100",
    "eval_steps": "None",
    "exp_num_layers": "3",
    "feature_cols": "[{'active': True, 'dtype': 'str', 'name': ['UserID', 'Gender', 'Age', 'Occupation', 'MovieID', 'Release'], 'type': 'categorical'}, {'active': True, 'dtype': 'str', 'encoder': 'MaskedSumPooling', 'max_len': 5, 'name': 'Genres', 'splitter': '^', 'type': 'sequence'}]",
    "feature_config": "None",
    "feature_specs": "None",
    "gpu": "0",
    "group_id": "None",
    "label_col": "{'dtype': 'float', 'name': 'Label'}",
    "learning_rate": "0.001",
    "lin_num_layers": "3",
    "loss": "binary_crossentropy",
    "metrics": "['logloss', 'AUC']",
    "min_categr_count": "1",
    "model": "FCNv2",
    "model_id": "FCNv2_ML_1M_013_a858a759",
    "model_root": "./checkpoints/",
    "monitor": "{'AUC': 1, 'logloss': 0}",
    "monitor_mode": "max",
    "net_dropout": "0.1",
    "net_regularizer": "0",
    "num_heads": "1",
    "num_workers": "8",
    "optimizer": "adam",
    "pickle_feature_encoder": "True",
    "save_best_only": "True",
    "seed": "2024",
    "shuffle": "True",
    "task": "binary_classification",
    "test_data": "../../../data/ML_1M/test.csv",
    "train_data": "../../../data/ML_1M/train.csv",
    "use_features": "None",
    "valid_data": "../../../data/ML_1M/valid.csv",
    "verbose": "1"
}
2025-05-13 16:54:32,714 P957534 INFO Set up feature processor...
2025-05-13 16:54:32,714 P957534 WARNING Skip rebuilding ../../../data/ML_1M_7_x1/feature_map.json. Please delete it manually if rebuilding is required.
2025-05-13 16:54:32,714 P957534 INFO Load feature_map from json: ../../../data/ML_1M_7_x1/feature_map.json
2025-05-13 16:54:32,714 P957534 INFO Set column index...
2025-05-13 16:54:32,714 P957534 INFO Feature specs: {
    "Age": "{'source': '', 'type': 'categorical', 'padding_idx': 0, 'oov_idx': 8, 'vocab_size': 9}",
    "Gender": "{'source': '', 'type': 'categorical', 'padding_idx': 0, 'oov_idx': 3, 'vocab_size': 4}",
    "Genres": "{'source': '', 'type': 'sequence', 'feature_encoder': 'layers.MaskedAveragePooling()', 'padding_idx': 0, 'oov_idx': 19, 'vocab_size': 20, 'max_len': 5}",
    "MovieID": "{'source': '', 'type': 'categorical', 'padding_idx': 0, 'oov_idx': 3642, 'vocab_size': 3643}",
    "Occupation": "{'source': '', 'type': 'categorical', 'padding_idx': 0, 'oov_idx': 22, 'vocab_size': 23}",
    "Release": "{'source': '', 'type': 'categorical', 'padding_idx': 0, 'oov_idx': 9, 'vocab_size': 10}",
    "UserID": "{'source': '', 'type': 'categorical', 'padding_idx': 0, 'oov_idx': 6041, 'vocab_size': 6042}"
}
2025-05-13 16:54:36,615 P957534 INFO Total number of parameters: 234218.
2025-05-13 16:54:36,615 P957534 INFO Loading data...
2025-05-13 16:54:36,615 P957534 INFO Loading data from h5: ../../../data/ML_1M_7_x1/train.h5
2025-05-13 16:54:36,668 P957534 INFO Train samples: total/591209, blocks/1
2025-05-13 16:54:36,668 P957534 INFO Loading data from h5: ../../../data/ML_1M_7_x1/valid.h5
2025-05-13 16:54:36,676 P957534 INFO Validation samples: total/73901, blocks/1
2025-05-13 16:54:36,676 P957534 INFO Loading train and validation data done.
2025-05-13 16:54:36,676 P957534 INFO Start training: 145 batches/epoch
2025-05-13 16:54:36,676 P957534 INFO ************ Epoch=1 start ************
2025-05-13 16:54:43,098 P957534 INFO Train loss: 0.418791
2025-05-13 16:54:43,098 P957534 INFO Evaluation @epoch 1 - batch 145: 
2025-05-13 16:54:44,846 P957534 INFO ===
2025-05-13 16:54:44,847 P957534 INFO [Metrics] AUC: 0.868802 - logloss: 0.348076
2025-05-13 16:54:44,847 P957534 INFO Save best model: monitor(max)=0.868802
2025-05-13 16:54:45,108 P957534 INFO ************ Epoch=1 end ************
2025-05-13 16:54:51,721 P957534 INFO Train loss: 0.377880
2025-05-13 16:54:51,721 P957534 INFO Evaluation @epoch 2 - batch 145: 
2025-05-13 16:54:53,694 P957534 INFO ===
2025-05-13 16:54:53,694 P957534 INFO [Metrics] AUC: 0.876360 - logloss: 0.338619
2025-05-13 16:54:53,694 P957534 INFO Save best model: monitor(max)=0.876360
2025-05-13 16:54:53,889 P957534 INFO ************ Epoch=2 end ************
2025-05-13 16:55:00,538 P957534 INFO Train loss: 0.371023
2025-05-13 16:55:00,538 P957534 INFO Evaluation @epoch 3 - batch 145: 
2025-05-13 16:55:02,303 P957534 INFO ===
2025-05-13 16:55:02,303 P957534 INFO [Metrics] AUC: 0.885211 - logloss: 0.328141
2025-05-13 16:55:02,304 P957534 INFO Save best model: monitor(max)=0.885211
2025-05-13 16:55:02,520 P957534 INFO ************ Epoch=3 end ************
2025-05-13 16:55:09,133 P957534 INFO Train loss: 0.365243
2025-05-13 16:55:09,133 P957534 INFO Evaluation @epoch 4 - batch 145: 
2025-05-13 16:55:10,853 P957534 INFO ===
2025-05-13 16:55:10,853 P957534 INFO [Metrics] AUC: 0.889054 - logloss: 0.323236
2025-05-13 16:55:10,854 P957534 INFO Save best model: monitor(max)=0.889054
2025-05-13 16:55:11,082 P957534 INFO ************ Epoch=4 end ************
2025-05-13 16:55:17,287 P957534 INFO Train loss: 0.359843
2025-05-13 16:55:17,287 P957534 INFO Evaluation @epoch 5 - batch 145: 
2025-05-13 16:55:19,271 P957534 INFO ===
2025-05-13 16:55:19,271 P957534 INFO [Metrics] AUC: 0.890481 - logloss: 0.320802
2025-05-13 16:55:19,271 P957534 INFO Save best model: monitor(max)=0.890481
2025-05-13 16:55:19,476 P957534 INFO ************ Epoch=5 end ************
2025-05-13 16:55:25,063 P957534 INFO Train loss: 0.357582
2025-05-13 16:55:25,064 P957534 INFO Evaluation @epoch 6 - batch 145: 
2025-05-13 16:55:26,783 P957534 INFO ===
2025-05-13 16:55:26,783 P957534 INFO [Metrics] AUC: 0.894359 - logloss: 0.316419
2025-05-13 16:55:26,783 P957534 INFO Save best model: monitor(max)=0.894359
2025-05-13 16:55:26,993 P957534 INFO ************ Epoch=6 end ************
2025-05-13 16:55:33,755 P957534 INFO Train loss: 0.353870
2025-05-13 16:55:33,755 P957534 INFO Evaluation @epoch 7 - batch 145: 
2025-05-13 16:55:35,453 P957534 INFO ===
2025-05-13 16:55:35,453 P957534 INFO [Metrics] AUC: 0.895043 - logloss: 0.315193
2025-05-13 16:55:35,453 P957534 INFO Save best model: monitor(max)=0.895043
2025-05-13 16:55:35,645 P957534 INFO ************ Epoch=7 end ************
2025-05-13 16:55:42,361 P957534 INFO Train loss: 0.352316
2025-05-13 16:55:42,361 P957534 INFO Evaluation @epoch 8 - batch 145: 
2025-05-13 16:55:44,089 P957534 INFO ===
2025-05-13 16:55:44,090 P957534 INFO [Metrics] AUC: 0.896232 - logloss: 0.314215
2025-05-13 16:55:44,090 P957534 INFO Save best model: monitor(max)=0.896232
2025-05-13 16:55:44,278 P957534 INFO ************ Epoch=8 end ************
2025-05-13 16:55:50,836 P957534 INFO Train loss: 0.350473
2025-05-13 16:55:50,836 P957534 INFO Evaluation @epoch 9 - batch 145: 
2025-05-13 16:55:52,572 P957534 INFO ===
2025-05-13 16:55:52,572 P957534 INFO [Metrics] AUC: 0.897708 - logloss: 0.311905
2025-05-13 16:55:52,572 P957534 INFO Save best model: monitor(max)=0.897708
2025-05-13 16:55:52,757 P957534 INFO ************ Epoch=9 end ************
2025-05-13 16:55:59,306 P957534 INFO Train loss: 0.349117
2025-05-13 16:55:59,306 P957534 INFO Evaluation @epoch 10 - batch 145: 
2025-05-13 16:56:01,192 P957534 INFO ===
2025-05-13 16:56:01,192 P957534 INFO [Metrics] AUC: 0.897777 - logloss: 0.310323
2025-05-13 16:56:01,192 P957534 INFO Save best model: monitor(max)=0.897777
2025-05-13 16:56:01,410 P957534 INFO ************ Epoch=10 end ************
2025-05-13 16:56:08,201 P957534 INFO Train loss: 0.348219
2025-05-13 16:56:08,201 P957534 INFO Evaluation @epoch 11 - batch 145: 
2025-05-13 16:56:10,063 P957534 INFO ===
2025-05-13 16:56:10,063 P957534 INFO [Metrics] AUC: 0.899766 - logloss: 0.309323
2025-05-13 16:56:10,064 P957534 INFO Save best model: monitor(max)=0.899766
2025-05-13 16:56:10,343 P957534 INFO ************ Epoch=11 end ************
2025-05-13 16:56:17,033 P957534 INFO Train loss: 0.346730
2025-05-13 16:56:17,033 P957534 INFO Evaluation @epoch 12 - batch 145: 
2025-05-13 16:56:18,868 P957534 INFO ===
2025-05-13 16:56:18,868 P957534 INFO [Metrics] AUC: 0.899381 - logloss: 0.309208
2025-05-13 16:56:18,868 P957534 INFO Monitor(max)=0.899381 STOP!
2025-05-13 16:56:18,868 P957534 INFO Reduce learning rate on plateau: 0.000100
2025-05-13 16:56:19,118 P957534 INFO ************ Epoch=12 end ************
2025-05-13 16:56:25,604 P957534 INFO Train loss: 0.307772
2025-05-13 16:56:25,604 P957534 INFO Evaluation @epoch 13 - batch 145: 
2025-05-13 16:56:27,419 P957534 INFO ===
2025-05-13 16:56:27,419 P957534 INFO [Metrics] AUC: 0.904757 - logloss: 0.302924
2025-05-13 16:56:27,419 P957534 INFO Save best model: monitor(max)=0.904757
2025-05-13 16:56:27,653 P957534 INFO ************ Epoch=13 end ************
2025-05-13 16:56:34,406 P957534 INFO Train loss: 0.291088
2025-05-13 16:56:34,406 P957534 INFO Evaluation @epoch 14 - batch 145: 
2025-05-13 16:56:36,240 P957534 INFO ===
2025-05-13 16:56:36,240 P957534 INFO [Metrics] AUC: 0.906372 - logloss: 0.301830
2025-05-13 16:56:36,240 P957534 INFO Save best model: monitor(max)=0.906372
2025-05-13 16:56:36,472 P957534 INFO ************ Epoch=14 end ************
2025-05-13 16:56:42,806 P957534 INFO Train loss: 0.282274
2025-05-13 16:56:42,806 P957534 INFO Evaluation @epoch 15 - batch 145: 
2025-05-13 16:56:44,622 P957534 INFO ===
2025-05-13 16:56:44,622 P957534 INFO [Metrics] AUC: 0.906459 - logloss: 0.302647
2025-05-13 16:56:44,622 P957534 INFO Save best model: monitor(max)=0.906459
2025-05-13 16:56:44,855 P957534 INFO ************ Epoch=15 end ************
2025-05-13 16:56:51,151 P957534 INFO Train loss: 0.276306
2025-05-13 16:56:51,151 P957534 INFO Evaluation @epoch 16 - batch 145: 
2025-05-13 16:56:52,918 P957534 INFO ===
2025-05-13 16:56:52,918 P957534 INFO [Metrics] AUC: 0.905883 - logloss: 0.303825
2025-05-13 16:56:52,918 P957534 INFO Monitor(max)=0.905883 STOP!
2025-05-13 16:56:52,918 P957534 INFO Reduce learning rate on plateau: 0.000010
2025-05-13 16:56:53,117 P957534 INFO ************ Epoch=16 end ************
2025-05-13 16:56:59,608 P957534 INFO Train loss: 0.261165
2025-05-13 16:56:59,608 P957534 INFO Evaluation @epoch 17 - batch 145: 
2025-05-13 16:57:01,406 P957534 INFO ===
2025-05-13 16:57:01,406 P957534 INFO [Metrics] AUC: 0.905670 - logloss: 0.306696
2025-05-13 16:57:01,407 P957534 INFO Monitor(max)=0.905670 STOP!
2025-05-13 16:57:01,407 P957534 INFO Reduce learning rate on plateau: 0.000001
2025-05-13 16:57:01,407 P957534 INFO ********* Epoch==17 early stop *********
2025-05-13 16:57:01,645 P957534 INFO Training finished.
2025-05-13 16:57:01,645 P957534 INFO Load best model: /root/autodl-tmp/model_zoo/DCNv3/DCNv3_torch/checkpoints/ML_1M_7_x1/FCNv2_ML_1M_013_a858a759.model
2025-05-13 16:57:01,651 P957534 INFO ****** Validation evaluation ******
2025-05-13 16:57:03,771 P957534 INFO ===
2025-05-13 16:57:03,772 P957534 INFO [Metrics] logloss: 0.302647 - AUC: 0.906459
2025-05-13 16:57:03,822 P957534 INFO ******** Test evaluation ********
2025-05-13 16:57:03,822 P957534 INFO Loading data...
2025-05-13 16:57:03,822 P957534 INFO Loading data from h5: ../../../data/ML_1M_7_x1/test.h5
2025-05-13 16:57:03,827 P957534 INFO Test samples: total/73902, blocks/1
2025-05-13 16:57:03,827 P957534 INFO Loading test data done.
2025-05-13 16:57:05,749 P957534 INFO ===
2025-05-13 16:57:05,749 P957534 INFO [Metrics] logloss: 0.303063 - AUC: 0.906329
