2025-05-13 16:52:50,597 P871869 INFO Params: {
    "batch_norm": "True",
    "batch_size": "4096",
    "data_format": "csv",
    "data_root": "../../../data/",
    "dataset_id": "ML_1M_7_x1",
    "debug_mode": "False",
    "early_stop_patience": "2",
    "embedding_dim": "16",
    "embedding_regularizer": "0.01",
    "epochs": "100",
    "eval_steps": "None",
    "exp_num_layers": "3",
    "feature_cols": "[{'active': True, 'dtype': 'str', 'name': ['UserID', 'Gender', 'Age', 'Occupation', 'MovieID', 'Release'], 'type': 'categorical'}, {'active': True, 'dtype': 'str', 'encoder': 'MaskedSumPooling', 'max_len': 5, 'name': 'Genres', 'splitter': '^', 'type': 'sequence'}]",
    "feature_config": "None",
    "feature_specs": "None",
    "gpu": "1",
    "group_id": "None",
    "label_col": "{'dtype': 'float', 'name': 'Label'}",
    "learning_rate": "0.001",
    "lin_num_layers": "2",
    "loss": "binary_crossentropy",
    "metrics": "['logloss', 'AUC']",
    "min_categr_count": "1",
    "model": "FCNv2",
    "model_id": "FCNv2_ML_1M_012_8b2ccd5b",
    "model_root": "./checkpoints/",
    "monitor": "{'AUC': 1, 'logloss': 0}",
    "monitor_mode": "max",
    "net_dropout": "0.1",
    "net_regularizer": "0",
    "num_heads": "1",
    "num_workers": "8",
    "optimizer": "adam",
    "pickle_feature_encoder": "True",
    "save_best_only": "True",
    "seed": "2024",
    "shuffle": "True",
    "task": "binary_classification",
    "test_data": "../../../data/ML_1M/test.csv",
    "train_data": "../../../data/ML_1M/train.csv",
    "use_features": "None",
    "valid_data": "../../../data/ML_1M/valid.csv",
    "verbose": "1"
}
2025-05-13 16:52:50,598 P871869 INFO Set up feature processor...
2025-05-13 16:52:50,598 P871869 WARNING Skip rebuilding ../../../data/ML_1M_7_x1/feature_map.json. Please delete it manually if rebuilding is required.
2025-05-13 16:52:50,598 P871869 INFO Load feature_map from json: ../../../data/ML_1M_7_x1/feature_map.json
2025-05-13 16:52:50,598 P871869 INFO Set column index...
2025-05-13 16:52:50,598 P871869 INFO Feature specs: {
    "Age": "{'source': '', 'type': 'categorical', 'padding_idx': 0, 'oov_idx': 8, 'vocab_size': 9}",
    "Gender": "{'source': '', 'type': 'categorical', 'padding_idx': 0, 'oov_idx': 3, 'vocab_size': 4}",
    "Genres": "{'source': '', 'type': 'sequence', 'feature_encoder': 'layers.MaskedAveragePooling()', 'padding_idx': 0, 'oov_idx': 19, 'vocab_size': 20, 'max_len': 5}",
    "MovieID": "{'source': '', 'type': 'categorical', 'padding_idx': 0, 'oov_idx': 3642, 'vocab_size': 3643}",
    "Occupation": "{'source': '', 'type': 'categorical', 'padding_idx': 0, 'oov_idx': 22, 'vocab_size': 23}",
    "Release": "{'source': '', 'type': 'categorical', 'padding_idx': 0, 'oov_idx': 9, 'vocab_size': 10}",
    "UserID": "{'source': '', 'type': 'categorical', 'padding_idx': 0, 'oov_idx': 6041, 'vocab_size': 6042}"
}
2025-05-13 16:52:54,305 P871869 INFO Total number of parameters: 221222.
2025-05-13 16:52:54,305 P871869 INFO Loading data...
2025-05-13 16:52:54,305 P871869 INFO Loading data from h5: ../../../data/ML_1M_7_x1/train.h5
2025-05-13 16:52:54,354 P871869 INFO Train samples: total/591209, blocks/1
2025-05-13 16:52:54,355 P871869 INFO Loading data from h5: ../../../data/ML_1M_7_x1/valid.h5
2025-05-13 16:52:54,362 P871869 INFO Validation samples: total/73901, blocks/1
2025-05-13 16:52:54,362 P871869 INFO Loading train and validation data done.
2025-05-13 16:52:54,362 P871869 INFO Start training: 145 batches/epoch
2025-05-13 16:52:54,362 P871869 INFO ************ Epoch=1 start ************
2025-05-13 16:53:00,293 P871869 INFO Train loss: 0.418943
2025-05-13 16:53:00,293 P871869 INFO Evaluation @epoch 1 - batch 145: 
2025-05-13 16:53:01,771 P871869 INFO ===
2025-05-13 16:53:01,772 P871869 INFO [Metrics] AUC: 0.868589 - logloss: 0.349630
2025-05-13 16:53:01,772 P871869 INFO Save best model: monitor(max)=0.868589
2025-05-13 16:53:01,965 P871869 INFO ************ Epoch=1 end ************
2025-05-13 16:53:07,418 P871869 INFO Train loss: 0.378170
2025-05-13 16:53:07,418 P871869 INFO Evaluation @epoch 2 - batch 145: 
2025-05-13 16:53:09,001 P871869 INFO ===
2025-05-13 16:53:09,002 P871869 INFO [Metrics] AUC: 0.876430 - logloss: 0.338159
2025-05-13 16:53:09,002 P871869 INFO Save best model: monitor(max)=0.876430
2025-05-13 16:53:09,243 P871869 INFO ************ Epoch=2 end ************
2025-05-13 16:53:14,942 P871869 INFO Train loss: 0.371390
2025-05-13 16:53:14,942 P871869 INFO Evaluation @epoch 3 - batch 145: 
2025-05-13 16:53:16,523 P871869 INFO ===
2025-05-13 16:53:16,523 P871869 INFO [Metrics] AUC: 0.881570 - logloss: 0.332132
2025-05-13 16:53:16,523 P871869 INFO Save best model: monitor(max)=0.881570
2025-05-13 16:53:16,753 P871869 INFO ************ Epoch=3 end ************
2025-05-13 16:53:22,222 P871869 INFO Train loss: 0.366816
2025-05-13 16:53:22,222 P871869 INFO Evaluation @epoch 4 - batch 145: 
2025-05-13 16:53:23,721 P871869 INFO ===
2025-05-13 16:53:23,721 P871869 INFO [Metrics] AUC: 0.886002 - logloss: 0.326712
2025-05-13 16:53:23,721 P871869 INFO Save best model: monitor(max)=0.886002
2025-05-13 16:53:23,896 P871869 INFO ************ Epoch=4 end ************
2025-05-13 16:53:29,617 P871869 INFO Train loss: 0.362233
2025-05-13 16:53:29,618 P871869 INFO Evaluation @epoch 5 - batch 145: 
2025-05-13 16:53:31,097 P871869 INFO ===
2025-05-13 16:53:31,097 P871869 INFO [Metrics] AUC: 0.889687 - logloss: 0.322574
2025-05-13 16:53:31,097 P871869 INFO Save best model: monitor(max)=0.889687
2025-05-13 16:53:31,298 P871869 INFO ************ Epoch=5 end ************
2025-05-13 16:53:36,945 P871869 INFO Train loss: 0.358470
2025-05-13 16:53:36,946 P871869 INFO Evaluation @epoch 6 - batch 145: 
2025-05-13 16:53:38,523 P871869 INFO ===
2025-05-13 16:53:38,523 P871869 INFO [Metrics] AUC: 0.892769 - logloss: 0.318411
2025-05-13 16:53:38,524 P871869 INFO Save best model: monitor(max)=0.892769
2025-05-13 16:53:38,724 P871869 INFO ************ Epoch=6 end ************
2025-05-13 16:53:44,361 P871869 INFO Train loss: 0.355270
2025-05-13 16:53:44,362 P871869 INFO Evaluation @epoch 7 - batch 145: 
2025-05-13 16:53:45,944 P871869 INFO ===
2025-05-13 16:53:45,945 P871869 INFO [Metrics] AUC: 0.894278 - logloss: 0.317321
2025-05-13 16:53:45,945 P871869 INFO Save best model: monitor(max)=0.894278
2025-05-13 16:53:46,128 P871869 INFO ************ Epoch=7 end ************
2025-05-13 16:53:52,043 P871869 INFO Train loss: 0.353205
2025-05-13 16:53:52,043 P871869 INFO Evaluation @epoch 8 - batch 145: 
2025-05-13 16:53:53,552 P871869 INFO ===
2025-05-13 16:53:53,553 P871869 INFO [Metrics] AUC: 0.895731 - logloss: 0.314718
2025-05-13 16:53:53,553 P871869 INFO Save best model: monitor(max)=0.895731
2025-05-13 16:53:53,777 P871869 INFO ************ Epoch=8 end ************
2025-05-13 16:53:59,591 P871869 INFO Train loss: 0.350953
2025-05-13 16:53:59,591 P871869 INFO Evaluation @epoch 9 - batch 145: 
2025-05-13 16:54:01,070 P871869 INFO ===
2025-05-13 16:54:01,071 P871869 INFO [Metrics] AUC: 0.896762 - logloss: 0.313364
2025-05-13 16:54:01,071 P871869 INFO Save best model: monitor(max)=0.896762
2025-05-13 16:54:01,308 P871869 INFO ************ Epoch=9 end ************
2025-05-13 16:54:07,049 P871869 INFO Train loss: 0.349723
2025-05-13 16:54:07,049 P871869 INFO Evaluation @epoch 10 - batch 145: 
2025-05-13 16:54:08,680 P871869 INFO ===
2025-05-13 16:54:08,680 P871869 INFO [Metrics] AUC: 0.897255 - logloss: 0.312197
2025-05-13 16:54:08,680 P871869 INFO Save best model: monitor(max)=0.897255
2025-05-13 16:54:08,905 P871869 INFO ************ Epoch=10 end ************
2025-05-13 16:54:14,655 P871869 INFO Train loss: 0.348813
2025-05-13 16:54:14,656 P871869 INFO Evaluation @epoch 11 - batch 145: 
2025-05-13 16:54:16,251 P871869 INFO ===
2025-05-13 16:54:16,252 P871869 INFO [Metrics] AUC: 0.897739 - logloss: 0.311318
2025-05-13 16:54:16,252 P871869 INFO Save best model: monitor(max)=0.897739
2025-05-13 16:54:16,501 P871869 INFO ************ Epoch=11 end ************
2025-05-13 16:54:22,505 P871869 INFO Train loss: 0.347700
2025-05-13 16:54:22,505 P871869 INFO Evaluation @epoch 12 - batch 145: 
2025-05-13 16:54:24,078 P871869 INFO ===
2025-05-13 16:54:24,078 P871869 INFO [Metrics] AUC: 0.898809 - logloss: 0.310456
2025-05-13 16:54:24,078 P871869 INFO Save best model: monitor(max)=0.898809
2025-05-13 16:54:24,297 P871869 INFO ************ Epoch=12 end ************
2025-05-13 16:54:29,967 P871869 INFO Train loss: 0.346621
2025-05-13 16:54:29,968 P871869 INFO Evaluation @epoch 13 - batch 145: 
2025-05-13 16:54:31,488 P871869 INFO ===
2025-05-13 16:54:31,488 P871869 INFO [Metrics] AUC: 0.899028 - logloss: 0.309790
2025-05-13 16:54:31,488 P871869 INFO Save best model: monitor(max)=0.899028
2025-05-13 16:54:31,713 P871869 INFO ************ Epoch=13 end ************
2025-05-13 16:54:36,702 P871869 INFO Train loss: 0.346251
2025-05-13 16:54:36,702 P871869 INFO Evaluation @epoch 14 - batch 145: 
2025-05-13 16:54:38,320 P871869 INFO ===
2025-05-13 16:54:38,321 P871869 INFO [Metrics] AUC: 0.898858 - logloss: 0.310296
2025-05-13 16:54:38,321 P871869 INFO Monitor(max)=0.898858 STOP!
2025-05-13 16:54:38,321 P871869 INFO Reduce learning rate on plateau: 0.000100
2025-05-13 16:54:38,584 P871869 INFO ************ Epoch=14 end ************
2025-05-13 16:54:44,225 P871869 INFO Train loss: 0.307246
2025-05-13 16:54:44,225 P871869 INFO Evaluation @epoch 15 - batch 145: 
2025-05-13 16:54:45,795 P871869 INFO ===
2025-05-13 16:54:45,795 P871869 INFO [Metrics] AUC: 0.904459 - logloss: 0.303923
2025-05-13 16:54:45,795 P871869 INFO Save best model: monitor(max)=0.904459
2025-05-13 16:54:46,031 P871869 INFO ************ Epoch=15 end ************
2025-05-13 16:54:51,902 P871869 INFO Train loss: 0.289507
2025-05-13 16:54:51,902 P871869 INFO Evaluation @epoch 16 - batch 145: 
2025-05-13 16:54:53,578 P871869 INFO ===
2025-05-13 16:54:53,578 P871869 INFO [Metrics] AUC: 0.906028 - logloss: 0.302446
2025-05-13 16:54:53,578 P871869 INFO Save best model: monitor(max)=0.906028
2025-05-13 16:54:53,778 P871869 INFO ************ Epoch=16 end ************
2025-05-13 16:55:00,152 P871869 INFO Train loss: 0.279831
2025-05-13 16:55:00,152 P871869 INFO Evaluation @epoch 17 - batch 145: 
2025-05-13 16:55:01,708 P871869 INFO ===
2025-05-13 16:55:01,708 P871869 INFO [Metrics] AUC: 0.906254 - logloss: 0.303265
2025-05-13 16:55:01,708 P871869 INFO Save best model: monitor(max)=0.906254
2025-05-13 16:55:01,910 P871869 INFO ************ Epoch=17 end ************
2025-05-13 16:55:08,105 P871869 INFO Train loss: 0.273397
2025-05-13 16:55:08,105 P871869 INFO Evaluation @epoch 18 - batch 145: 
2025-05-13 16:55:09,529 P871869 INFO ===
2025-05-13 16:55:09,529 P871869 INFO [Metrics] AUC: 0.905804 - logloss: 0.305897
2025-05-13 16:55:09,529 P871869 INFO Monitor(max)=0.905804 STOP!
2025-05-13 16:55:09,529 P871869 INFO Reduce learning rate on plateau: 0.000010
2025-05-13 16:55:09,795 P871869 INFO ************ Epoch=18 end ************
2025-05-13 16:55:15,727 P871869 INFO Train loss: 0.257567
2025-05-13 16:55:15,727 P871869 INFO Evaluation @epoch 19 - batch 145: 
2025-05-13 16:55:17,275 P871869 INFO ===
2025-05-13 16:55:17,275 P871869 INFO [Metrics] AUC: 0.905441 - logloss: 0.308917
2025-05-13 16:55:17,275 P871869 INFO Monitor(max)=0.905441 STOP!
2025-05-13 16:55:17,275 P871869 INFO Reduce learning rate on plateau: 0.000001
2025-05-13 16:55:17,275 P871869 INFO ********* Epoch==19 early stop *********
2025-05-13 16:55:17,452 P871869 INFO Training finished.
2025-05-13 16:55:17,452 P871869 INFO Load best model: /root/autodl-tmp/model_zoo/DCNv3/DCNv3_torch/checkpoints/ML_1M_7_x1/FCNv2_ML_1M_012_8b2ccd5b.model
2025-05-13 16:55:17,458 P871869 INFO ****** Validation evaluation ******
2025-05-13 16:55:19,318 P871869 INFO ===
2025-05-13 16:55:19,318 P871869 INFO [Metrics] logloss: 0.303265 - AUC: 0.906254
2025-05-13 16:55:19,369 P871869 INFO ******** Test evaluation ********
2025-05-13 16:55:19,369 P871869 INFO Loading data...
2025-05-13 16:55:19,369 P871869 INFO Loading data from h5: ../../../data/ML_1M_7_x1/test.h5
2025-05-13 16:55:19,375 P871869 INFO Test samples: total/73902, blocks/1
2025-05-13 16:55:19,375 P871869 INFO Loading test data done.
2025-05-13 16:55:21,032 P871869 INFO ===
2025-05-13 16:55:21,032 P871869 INFO [Metrics] logloss: 0.302580 - AUC: 0.906626
