2025-05-13 16:59:33,164 P182532 INFO Params: {
    "batch_norm": "True",
    "batch_size": "4096",
    "data_format": "csv",
    "data_root": "../../../data/",
    "dataset_id": "ML_1M_7_x1",
    "debug_mode": "False",
    "early_stop_patience": "2",
    "embedding_dim": "16",
    "embedding_regularizer": "0.01",
    "epochs": "100",
    "eval_steps": "None",
    "exp_num_layers": "4",
    "feature_cols": "[{'active': True, 'dtype': 'str', 'name': ['UserID', 'Gender', 'Age', 'Occupation', 'MovieID', 'Release'], 'type': 'categorical'}, {'active': True, 'dtype': 'str', 'encoder': 'MaskedSumPooling', 'max_len': 5, 'name': 'Genres', 'splitter': '^', 'type': 'sequence'}]",
    "feature_config": "None",
    "feature_specs": "None",
    "gpu": "1",
    "group_id": "None",
    "label_col": "{'dtype': 'float', 'name': 'Label'}",
    "learning_rate": "0.001",
    "lin_num_layers": "2",
    "loss": "binary_crossentropy",
    "metrics": "['logloss', 'AUC']",
    "min_categr_count": "1",
    "model": "FCNv2",
    "model_id": "FCNv2_ML_1M_017_b3e3f02e",
    "model_root": "./checkpoints/",
    "monitor": "{'AUC': 1, 'logloss': 0}",
    "monitor_mode": "max",
    "net_dropout": "0.1",
    "net_regularizer": "0",
    "num_heads": "1",
    "num_workers": "8",
    "optimizer": "adam",
    "pickle_feature_encoder": "True",
    "save_best_only": "True",
    "seed": "2024",
    "shuffle": "True",
    "task": "binary_classification",
    "test_data": "../../../data/ML_1M/test.csv",
    "train_data": "../../../data/ML_1M/train.csv",
    "use_features": "None",
    "valid_data": "../../../data/ML_1M/valid.csv",
    "verbose": "1"
}
2025-05-13 16:59:33,165 P182532 INFO Set up feature processor...
2025-05-13 16:59:33,165 P182532 WARNING Skip rebuilding ../../../data/ML_1M_7_x1/feature_map.json. Please delete it manually if rebuilding is required.
2025-05-13 16:59:33,165 P182532 INFO Load feature_map from json: ../../../data/ML_1M_7_x1/feature_map.json
2025-05-13 16:59:33,165 P182532 INFO Set column index...
2025-05-13 16:59:33,165 P182532 INFO Feature specs: {
    "Age": "{'source': '', 'type': 'categorical', 'padding_idx': 0, 'oov_idx': 8, 'vocab_size': 9}",
    "Gender": "{'source': '', 'type': 'categorical', 'padding_idx': 0, 'oov_idx': 3, 'vocab_size': 4}",
    "Genres": "{'source': '', 'type': 'sequence', 'feature_encoder': 'layers.MaskedAveragePooling()', 'padding_idx': 0, 'oov_idx': 19, 'vocab_size': 20, 'max_len': 5}",
    "MovieID": "{'source': '', 'type': 'categorical', 'padding_idx': 0, 'oov_idx': 3642, 'vocab_size': 3643}",
    "Occupation": "{'source': '', 'type': 'categorical', 'padding_idx': 0, 'oov_idx': 22, 'vocab_size': 23}",
    "Release": "{'source': '', 'type': 'categorical', 'padding_idx': 0, 'oov_idx': 9, 'vocab_size': 10}",
    "UserID": "{'source': '', 'type': 'categorical', 'padding_idx': 0, 'oov_idx': 6041, 'vocab_size': 6042}"
}
2025-05-13 16:59:36,986 P182532 INFO Total number of parameters: 234218.
2025-05-13 16:59:36,986 P182532 INFO Loading data...
2025-05-13 16:59:36,986 P182532 INFO Loading data from h5: ../../../data/ML_1M_7_x1/train.h5
2025-05-13 16:59:37,036 P182532 INFO Train samples: total/591209, blocks/1
2025-05-13 16:59:37,036 P182532 INFO Loading data from h5: ../../../data/ML_1M_7_x1/valid.h5
2025-05-13 16:59:37,043 P182532 INFO Validation samples: total/73901, blocks/1
2025-05-13 16:59:37,043 P182532 INFO Loading train and validation data done.
2025-05-13 16:59:37,043 P182532 INFO Start training: 145 batches/epoch
2025-05-13 16:59:37,043 P182532 INFO ************ Epoch=1 start ************
2025-05-13 16:59:43,299 P182532 INFO Train loss: 0.415988
2025-05-13 16:59:43,299 P182532 INFO Evaluation @epoch 1 - batch 145: 
2025-05-13 16:59:44,886 P182532 INFO ===
2025-05-13 16:59:44,887 P182532 INFO [Metrics] AUC: 0.869492 - logloss: 0.347044
2025-05-13 16:59:44,887 P182532 INFO Save best model: monitor(max)=0.869492
2025-05-13 16:59:45,114 P182532 INFO ************ Epoch=1 end ************
2025-05-13 16:59:51,924 P182532 INFO Train loss: 0.377938
2025-05-13 16:59:51,924 P182532 INFO Evaluation @epoch 2 - batch 145: 
2025-05-13 16:59:53,507 P182532 INFO ===
2025-05-13 16:59:53,507 P182532 INFO [Metrics] AUC: 0.876033 - logloss: 0.338561
2025-05-13 16:59:53,507 P182532 INFO Save best model: monitor(max)=0.876033
2025-05-13 16:59:53,744 P182532 INFO ************ Epoch=2 end ************
2025-05-13 16:59:59,747 P182532 INFO Train loss: 0.372661
2025-05-13 16:59:59,747 P182532 INFO Evaluation @epoch 3 - batch 145: 
2025-05-13 17:00:01,281 P182532 INFO ===
2025-05-13 17:00:01,282 P182532 INFO [Metrics] AUC: 0.883655 - logloss: 0.330521
2025-05-13 17:00:01,282 P182532 INFO Save best model: monitor(max)=0.883655
2025-05-13 17:00:01,527 P182532 INFO ************ Epoch=3 end ************
2025-05-13 17:00:06,957 P182532 INFO Train loss: 0.367848
2025-05-13 17:00:06,957 P182532 INFO Evaluation @epoch 4 - batch 145: 
2025-05-13 17:00:08,609 P182532 INFO ===
2025-05-13 17:00:08,609 P182532 INFO [Metrics] AUC: 0.888145 - logloss: 0.324641
2025-05-13 17:00:08,609 P182532 INFO Save best model: monitor(max)=0.888145
2025-05-13 17:00:08,836 P182532 INFO ************ Epoch=4 end ************
2025-05-13 17:00:15,075 P182532 INFO Train loss: 0.362379
2025-05-13 17:00:15,075 P182532 INFO Evaluation @epoch 5 - batch 145: 
2025-05-13 17:00:16,806 P182532 INFO ===
2025-05-13 17:00:16,806 P182532 INFO [Metrics] AUC: 0.889720 - logloss: 0.321854
2025-05-13 17:00:16,806 P182532 INFO Save best model: monitor(max)=0.889720
2025-05-13 17:00:17,007 P182532 INFO ************ Epoch=5 end ************
2025-05-13 17:00:23,613 P182532 INFO Train loss: 0.359312
2025-05-13 17:00:23,613 P182532 INFO Evaluation @epoch 6 - batch 145: 
2025-05-13 17:00:25,424 P182532 INFO ===
2025-05-13 17:00:25,424 P182532 INFO [Metrics] AUC: 0.893200 - logloss: 0.318081
2025-05-13 17:00:25,425 P182532 INFO Save best model: monitor(max)=0.893200
2025-05-13 17:00:25,634 P182532 INFO ************ Epoch=6 end ************
2025-05-13 17:00:32,657 P182532 INFO Train loss: 0.356295
2025-05-13 17:00:32,658 P182532 INFO Evaluation @epoch 7 - batch 145: 
2025-05-13 17:00:34,356 P182532 INFO ===
2025-05-13 17:00:34,356 P182532 INFO [Metrics] AUC: 0.894235 - logloss: 0.316692
2025-05-13 17:00:34,357 P182532 INFO Save best model: monitor(max)=0.894235
2025-05-13 17:00:34,600 P182532 INFO ************ Epoch=7 end ************
2025-05-13 17:00:41,312 P182532 INFO Train loss: 0.354232
2025-05-13 17:00:41,312 P182532 INFO Evaluation @epoch 8 - batch 145: 
2025-05-13 17:00:42,928 P182532 INFO ===
2025-05-13 17:00:42,928 P182532 INFO [Metrics] AUC: 0.896160 - logloss: 0.314187
2025-05-13 17:00:42,928 P182532 INFO Save best model: monitor(max)=0.896160
2025-05-13 17:00:43,177 P182532 INFO ************ Epoch=8 end ************
2025-05-13 17:00:49,726 P182532 INFO Train loss: 0.352696
2025-05-13 17:00:49,726 P182532 INFO Evaluation @epoch 9 - batch 145: 
2025-05-13 17:00:51,476 P182532 INFO ===
2025-05-13 17:00:51,476 P182532 INFO [Metrics] AUC: 0.897011 - logloss: 0.313270
2025-05-13 17:00:51,477 P182532 INFO Save best model: monitor(max)=0.897011
2025-05-13 17:00:51,696 P182532 INFO ************ Epoch=9 end ************
2025-05-13 17:00:58,607 P182532 INFO Train loss: 0.351233
2025-05-13 17:00:58,607 P182532 INFO Evaluation @epoch 10 - batch 145: 
2025-05-13 17:01:00,253 P182532 INFO ===
2025-05-13 17:01:00,253 P182532 INFO [Metrics] AUC: 0.897402 - logloss: 0.311075
2025-05-13 17:01:00,253 P182532 INFO Save best model: monitor(max)=0.897402
2025-05-13 17:01:00,497 P182532 INFO ************ Epoch=10 end ************
2025-05-13 17:01:07,245 P182532 INFO Train loss: 0.350702
2025-05-13 17:01:07,245 P182532 INFO Evaluation @epoch 11 - batch 145: 
2025-05-13 17:01:08,878 P182532 INFO ===
2025-05-13 17:01:08,878 P182532 INFO [Metrics] AUC: 0.899307 - logloss: 0.309957
2025-05-13 17:01:08,878 P182532 INFO Save best model: monitor(max)=0.899307
2025-05-13 17:01:09,076 P182532 INFO ************ Epoch=11 end ************
2025-05-13 17:01:15,335 P182532 INFO Train loss: 0.349216
2025-05-13 17:01:15,335 P182532 INFO Evaluation @epoch 12 - batch 145: 
2025-05-13 17:01:17,053 P182532 INFO ===
2025-05-13 17:01:17,053 P182532 INFO [Metrics] AUC: 0.899377 - logloss: 0.309341
2025-05-13 17:01:17,053 P182532 INFO Save best model: monitor(max)=0.899377
2025-05-13 17:01:17,293 P182532 INFO ************ Epoch=12 end ************
2025-05-13 17:01:23,501 P182532 INFO Train loss: 0.348062
2025-05-13 17:01:23,501 P182532 INFO Evaluation @epoch 13 - batch 145: 
2025-05-13 17:01:25,164 P182532 INFO ===
2025-05-13 17:01:25,165 P182532 INFO [Metrics] AUC: 0.898494 - logloss: 0.310778
2025-05-13 17:01:25,165 P182532 INFO Monitor(max)=0.898494 STOP!
2025-05-13 17:01:25,165 P182532 INFO Reduce learning rate on plateau: 0.000100
2025-05-13 17:01:25,345 P182532 INFO ************ Epoch=13 end ************
2025-05-13 17:01:31,807 P182532 INFO Train loss: 0.305905
2025-05-13 17:01:31,807 P182532 INFO Evaluation @epoch 14 - batch 145: 
2025-05-13 17:01:33,479 P182532 INFO ===
2025-05-13 17:01:33,479 P182532 INFO [Metrics] AUC: 0.904552 - logloss: 0.304653
2025-05-13 17:01:33,479 P182532 INFO Save best model: monitor(max)=0.904552
2025-05-13 17:01:33,710 P182532 INFO ************ Epoch=14 end ************
2025-05-13 17:01:39,869 P182532 INFO Train loss: 0.286787
2025-05-13 17:01:39,870 P182532 INFO Evaluation @epoch 15 - batch 145: 
2025-05-13 17:01:41,557 P182532 INFO ===
2025-05-13 17:01:41,557 P182532 INFO [Metrics] AUC: 0.906075 - logloss: 0.303454
2025-05-13 17:01:41,557 P182532 INFO Save best model: monitor(max)=0.906075
2025-05-13 17:01:41,774 P182532 INFO ************ Epoch=15 end ************
2025-05-13 17:01:47,697 P182532 INFO Train loss: 0.276292
2025-05-13 17:01:47,697 P182532 INFO Evaluation @epoch 16 - batch 145: 
2025-05-13 17:01:49,394 P182532 INFO ===
2025-05-13 17:01:49,394 P182532 INFO [Metrics] AUC: 0.905753 - logloss: 0.304924
2025-05-13 17:01:49,394 P182532 INFO Monitor(max)=0.905753 STOP!
2025-05-13 17:01:49,394 P182532 INFO Reduce learning rate on plateau: 0.000010
2025-05-13 17:01:49,612 P182532 INFO ************ Epoch=16 end ************
2025-05-13 17:01:55,623 P182532 INFO Train loss: 0.259099
2025-05-13 17:01:55,623 P182532 INFO Evaluation @epoch 17 - batch 145: 
2025-05-13 17:01:57,260 P182532 INFO ===
2025-05-13 17:01:57,260 P182532 INFO [Metrics] AUC: 0.905582 - logloss: 0.309871
2025-05-13 17:01:57,261 P182532 INFO Monitor(max)=0.905582 STOP!
2025-05-13 17:01:57,261 P182532 INFO Reduce learning rate on plateau: 0.000001
2025-05-13 17:01:57,261 P182532 INFO ********* Epoch==17 early stop *********
2025-05-13 17:01:57,473 P182532 INFO Training finished.
2025-05-13 17:01:57,473 P182532 INFO Load best model: /root/autodl-tmp/model_zoo/DCNv3/DCNv3_torch/checkpoints/ML_1M_7_x1/FCNv2_ML_1M_017_b3e3f02e.model
2025-05-13 17:01:57,480 P182532 INFO ****** Validation evaluation ******
2025-05-13 17:01:59,073 P182532 INFO ===
2025-05-13 17:01:59,074 P182532 INFO [Metrics] logloss: 0.303454 - AUC: 0.906075
2025-05-13 17:01:59,127 P182532 INFO ******** Test evaluation ********
2025-05-13 17:01:59,127 P182532 INFO Loading data...
2025-05-13 17:01:59,127 P182532 INFO Loading data from h5: ../../../data/ML_1M_7_x1/test.h5
2025-05-13 17:01:59,132 P182532 INFO Test samples: total/73902, blocks/1
2025-05-13 17:01:59,132 P182532 INFO Loading test data done.
2025-05-13 17:02:00,707 P182532 INFO ===
2025-05-13 17:02:00,707 P182532 INFO [Metrics] logloss: 0.302463 - AUC: 0.906691
