2025-05-13 16:41:49,904 P305104 INFO Params: {
    "batch_norm": "True",
    "batch_size": "4096",
    "data_format": "csv",
    "data_root": "../../../data/",
    "dataset_id": "ML_1M_7_x1",
    "debug_mode": "False",
    "early_stop_patience": "2",
    "embedding_dim": "16",
    "embedding_regularizer": "0.01",
    "epochs": "100",
    "eval_steps": "None",
    "exp_num_layers": "1",
    "feature_cols": "[{'active': True, 'dtype': 'str', 'name': ['UserID', 'Gender', 'Age', 'Occupation', 'MovieID', 'Release'], 'type': 'categorical'}, {'active': True, 'dtype': 'str', 'encoder': 'MaskedSumPooling', 'max_len': 5, 'name': 'Genres', 'splitter': '^', 'type': 'sequence'}]",
    "feature_config": "None",
    "feature_specs": "None",
    "gpu": "1",
    "group_id": "None",
    "label_col": "{'dtype': 'float', 'name': 'Label'}",
    "learning_rate": "0.001",
    "lin_num_layers": "2",
    "loss": "binary_crossentropy",
    "metrics": "['logloss', 'AUC']",
    "min_categr_count": "1",
    "model": "FCNv2",
    "model_id": "FCNv2_ML_1M_002_ec664cc9",
    "model_root": "./checkpoints/",
    "monitor": "{'AUC': 1, 'logloss': 0}",
    "monitor_mode": "max",
    "net_dropout": "0.1",
    "net_regularizer": "0",
    "num_heads": "1",
    "num_workers": "8",
    "optimizer": "adam",
    "pickle_feature_encoder": "True",
    "save_best_only": "True",
    "seed": "2024",
    "shuffle": "True",
    "task": "binary_classification",
    "test_data": "../../../data/ML_1M/test.csv",
    "train_data": "../../../data/ML_1M/train.csv",
    "use_features": "None",
    "valid_data": "../../../data/ML_1M/valid.csv",
    "verbose": "1"
}
2025-05-13 16:41:49,904 P305104 INFO Set up feature processor...
2025-05-13 16:41:49,904 P305104 WARNING Skip rebuilding ../../../data/ML_1M_7_x1/feature_map.json. Please delete it manually if rebuilding is required.
2025-05-13 16:41:49,904 P305104 INFO Load feature_map from json: ../../../data/ML_1M_7_x1/feature_map.json
2025-05-13 16:41:49,905 P305104 INFO Set column index...
2025-05-13 16:41:49,905 P305104 INFO Feature specs: {
    "Age": "{'source': '', 'type': 'categorical', 'padding_idx': 0, 'oov_idx': 8, 'vocab_size': 9}",
    "Gender": "{'source': '', 'type': 'categorical', 'padding_idx': 0, 'oov_idx': 3, 'vocab_size': 4}",
    "Genres": "{'source': '', 'type': 'sequence', 'feature_encoder': 'layers.MaskedAveragePooling()', 'padding_idx': 0, 'oov_idx': 19, 'vocab_size': 20, 'max_len': 5}",
    "MovieID": "{'source': '', 'type': 'categorical', 'padding_idx': 0, 'oov_idx': 3642, 'vocab_size': 3643}",
    "Occupation": "{'source': '', 'type': 'categorical', 'padding_idx': 0, 'oov_idx': 22, 'vocab_size': 23}",
    "Release": "{'source': '', 'type': 'categorical', 'padding_idx': 0, 'oov_idx': 9, 'vocab_size': 10}",
    "UserID": "{'source': '', 'type': 'categorical', 'padding_idx': 0, 'oov_idx': 6041, 'vocab_size': 6042}"
}
2025-05-13 16:41:53,640 P305104 INFO Total number of parameters: 195230.
2025-05-13 16:41:53,640 P305104 INFO Loading data...
2025-05-13 16:41:53,640 P305104 INFO Loading data from h5: ../../../data/ML_1M_7_x1/train.h5
2025-05-13 16:41:53,690 P305104 INFO Train samples: total/591209, blocks/1
2025-05-13 16:41:53,690 P305104 INFO Loading data from h5: ../../../data/ML_1M_7_x1/valid.h5
2025-05-13 16:41:53,697 P305104 INFO Validation samples: total/73901, blocks/1
2025-05-13 16:41:53,697 P305104 INFO Loading train and validation data done.
2025-05-13 16:41:53,697 P305104 INFO Start training: 145 batches/epoch
2025-05-13 16:41:53,697 P305104 INFO ************ Epoch=1 start ************
2025-05-13 16:41:58,585 P305104 INFO Train loss: 0.442261
2025-05-13 16:41:58,585 P305104 INFO Evaluation @epoch 1 - batch 145: 
2025-05-13 16:41:59,946 P305104 INFO ===
2025-05-13 16:41:59,946 P305104 INFO [Metrics] AUC: 0.863689 - logloss: 0.354433
2025-05-13 16:41:59,947 P305104 INFO Save best model: monitor(max)=0.863689
2025-05-13 16:42:00,197 P305104 INFO ************ Epoch=1 end ************
2025-05-13 16:42:05,024 P305104 INFO Train loss: 0.381685
2025-05-13 16:42:05,024 P305104 INFO Evaluation @epoch 2 - batch 145: 
2025-05-13 16:42:06,353 P305104 INFO ===
2025-05-13 16:42:06,353 P305104 INFO [Metrics] AUC: 0.872446 - logloss: 0.344422
2025-05-13 16:42:06,353 P305104 INFO Save best model: monitor(max)=0.872446
2025-05-13 16:42:06,560 P305104 INFO ************ Epoch=2 end ************
2025-05-13 16:42:11,397 P305104 INFO Train loss: 0.372323
2025-05-13 16:42:11,397 P305104 INFO Evaluation @epoch 3 - batch 145: 
2025-05-13 16:42:12,734 P305104 INFO ===
2025-05-13 16:42:12,734 P305104 INFO [Metrics] AUC: 0.879523 - logloss: 0.335943
2025-05-13 16:42:12,734 P305104 INFO Save best model: monitor(max)=0.879523
2025-05-13 16:42:12,954 P305104 INFO ************ Epoch=3 end ************
2025-05-13 16:42:17,678 P305104 INFO Train loss: 0.367001
2025-05-13 16:42:17,678 P305104 INFO Evaluation @epoch 4 - batch 145: 
2025-05-13 16:42:18,992 P305104 INFO ===
2025-05-13 16:42:18,992 P305104 INFO [Metrics] AUC: 0.885803 - logloss: 0.327446
2025-05-13 16:42:18,992 P305104 INFO Save best model: monitor(max)=0.885803
2025-05-13 16:42:19,176 P305104 INFO ************ Epoch=4 end ************
2025-05-13 16:42:23,684 P305104 INFO Train loss: 0.362251
2025-05-13 16:42:23,684 P305104 INFO Evaluation @epoch 5 - batch 145: 
2025-05-13 16:42:25,067 P305104 INFO ===
2025-05-13 16:42:25,068 P305104 INFO [Metrics] AUC: 0.889968 - logloss: 0.322230
2025-05-13 16:42:25,068 P305104 INFO Save best model: monitor(max)=0.889968
2025-05-13 16:42:25,246 P305104 INFO ************ Epoch=5 end ************
2025-05-13 16:42:29,714 P305104 INFO Train loss: 0.358506
2025-05-13 16:42:29,714 P305104 INFO Evaluation @epoch 6 - batch 145: 
2025-05-13 16:42:31,082 P305104 INFO ===
2025-05-13 16:42:31,083 P305104 INFO [Metrics] AUC: 0.891122 - logloss: 0.322163
2025-05-13 16:42:31,083 P305104 INFO Save best model: monitor(max)=0.891122
2025-05-13 16:42:31,269 P305104 INFO ************ Epoch=6 end ************
2025-05-13 16:42:35,777 P305104 INFO Train loss: 0.355773
2025-05-13 16:42:35,777 P305104 INFO Evaluation @epoch 7 - batch 145: 
2025-05-13 16:42:37,211 P305104 INFO ===
2025-05-13 16:42:37,211 P305104 INFO [Metrics] AUC: 0.891686 - logloss: 0.320002
2025-05-13 16:42:37,211 P305104 INFO Save best model: monitor(max)=0.891686
2025-05-13 16:42:37,414 P305104 INFO ************ Epoch=7 end ************
2025-05-13 16:42:41,643 P305104 INFO Train loss: 0.353331
2025-05-13 16:42:41,643 P305104 INFO Evaluation @epoch 8 - batch 145: 
2025-05-13 16:42:43,064 P305104 INFO ===
2025-05-13 16:42:43,064 P305104 INFO [Metrics] AUC: 0.893803 - logloss: 0.316844
2025-05-13 16:42:43,064 P305104 INFO Save best model: monitor(max)=0.893803
2025-05-13 16:42:43,251 P305104 INFO ************ Epoch=8 end ************
2025-05-13 16:42:47,825 P305104 INFO Train loss: 0.351757
2025-05-13 16:42:47,825 P305104 INFO Evaluation @epoch 9 - batch 145: 
2025-05-13 16:42:49,256 P305104 INFO ===
2025-05-13 16:42:49,256 P305104 INFO [Metrics] AUC: 0.894494 - logloss: 0.316204
2025-05-13 16:42:49,256 P305104 INFO Save best model: monitor(max)=0.894494
2025-05-13 16:42:49,440 P305104 INFO ************ Epoch=9 end ************
2025-05-13 16:42:54,039 P305104 INFO Train loss: 0.350693
2025-05-13 16:42:54,039 P305104 INFO Evaluation @epoch 10 - batch 145: 
2025-05-13 16:42:55,469 P305104 INFO ===
2025-05-13 16:42:55,469 P305104 INFO [Metrics] AUC: 0.895308 - logloss: 0.315602
2025-05-13 16:42:55,469 P305104 INFO Save best model: monitor(max)=0.895308
2025-05-13 16:42:55,698 P305104 INFO ************ Epoch=10 end ************
2025-05-13 16:43:00,547 P305104 INFO Train loss: 0.349312
2025-05-13 16:43:00,547 P305104 INFO Evaluation @epoch 11 - batch 145: 
2025-05-13 16:43:01,834 P305104 INFO ===
2025-05-13 16:43:01,834 P305104 INFO [Metrics] AUC: 0.896809 - logloss: 0.313492
2025-05-13 16:43:01,834 P305104 INFO Save best model: monitor(max)=0.896809
2025-05-13 16:43:02,028 P305104 INFO ************ Epoch=11 end ************
2025-05-13 16:43:07,091 P305104 INFO Train loss: 0.348294
2025-05-13 16:43:07,092 P305104 INFO Evaluation @epoch 12 - batch 145: 
2025-05-13 16:43:08,463 P305104 INFO ===
2025-05-13 16:43:08,463 P305104 INFO [Metrics] AUC: 0.898442 - logloss: 0.311204
2025-05-13 16:43:08,463 P305104 INFO Save best model: monitor(max)=0.898442
2025-05-13 16:43:08,656 P305104 INFO ************ Epoch=12 end ************
2025-05-13 16:43:13,797 P305104 INFO Train loss: 0.347056
2025-05-13 16:43:13,797 P305104 INFO Evaluation @epoch 13 - batch 145: 
2025-05-13 16:43:15,210 P305104 INFO ===
2025-05-13 16:43:15,211 P305104 INFO [Metrics] AUC: 0.897797 - logloss: 0.311633
2025-05-13 16:43:15,211 P305104 INFO Monitor(max)=0.897797 STOP!
2025-05-13 16:43:15,211 P305104 INFO Reduce learning rate on plateau: 0.000100
2025-05-13 16:43:15,402 P305104 INFO ************ Epoch=13 end ************
2025-05-13 16:43:20,396 P305104 INFO Train loss: 0.311354
2025-05-13 16:43:20,396 P305104 INFO Evaluation @epoch 14 - batch 145: 
2025-05-13 16:43:21,744 P305104 INFO ===
2025-05-13 16:43:21,744 P305104 INFO [Metrics] AUC: 0.903822 - logloss: 0.303948
2025-05-13 16:43:21,744 P305104 INFO Save best model: monitor(max)=0.903822
2025-05-13 16:43:21,933 P305104 INFO ************ Epoch=14 end ************
2025-05-13 16:43:26,792 P305104 INFO Train loss: 0.295420
2025-05-13 16:43:26,793 P305104 INFO Evaluation @epoch 15 - batch 145: 
2025-05-13 16:43:28,194 P305104 INFO ===
2025-05-13 16:43:28,195 P305104 INFO [Metrics] AUC: 0.905549 - logloss: 0.302012
2025-05-13 16:43:28,195 P305104 INFO Save best model: monitor(max)=0.905549
2025-05-13 16:43:28,401 P305104 INFO ************ Epoch=15 end ************
2025-05-13 16:43:33,314 P305104 INFO Train loss: 0.286769
2025-05-13 16:43:33,314 P305104 INFO Evaluation @epoch 16 - batch 145: 
2025-05-13 16:43:34,667 P305104 INFO ===
2025-05-13 16:43:34,667 P305104 INFO [Metrics] AUC: 0.906041 - logloss: 0.302259
2025-05-13 16:43:34,667 P305104 INFO Save best model: monitor(max)=0.906041
2025-05-13 16:43:34,855 P305104 INFO ************ Epoch=16 end ************
2025-05-13 16:43:39,639 P305104 INFO Train loss: 0.281339
2025-05-13 16:43:39,639 P305104 INFO Evaluation @epoch 17 - batch 145: 
2025-05-13 16:43:41,043 P305104 INFO ===
2025-05-13 16:43:41,043 P305104 INFO [Metrics] AUC: 0.905578 - logloss: 0.303095
2025-05-13 16:43:41,043 P305104 INFO Monitor(max)=0.905578 STOP!
2025-05-13 16:43:41,043 P305104 INFO Reduce learning rate on plateau: 0.000010
2025-05-13 16:43:41,255 P305104 INFO ************ Epoch=17 end ************
2025-05-13 16:43:45,874 P305104 INFO Train loss: 0.266753
2025-05-13 16:43:45,875 P305104 INFO Evaluation @epoch 18 - batch 145: 
2025-05-13 16:43:47,237 P305104 INFO ===
2025-05-13 16:43:47,237 P305104 INFO [Metrics] AUC: 0.905659 - logloss: 0.304290
2025-05-13 16:43:47,237 P305104 INFO Monitor(max)=0.905659 STOP!
2025-05-13 16:43:47,237 P305104 INFO Reduce learning rate on plateau: 0.000001
2025-05-13 16:43:47,237 P305104 INFO ********* Epoch==18 early stop *********
2025-05-13 16:43:47,477 P305104 INFO Training finished.
2025-05-13 16:43:47,477 P305104 INFO Load best model: /root/autodl-tmp/model_zoo/DCNv3/DCNv3_torch/checkpoints/ML_1M_7_x1/FCNv2_ML_1M_002_ec664cc9.model
2025-05-13 16:43:47,481 P305104 INFO ****** Validation evaluation ******
2025-05-13 16:43:48,895 P305104 INFO ===
2025-05-13 16:43:48,896 P305104 INFO [Metrics] logloss: 0.302259 - AUC: 0.906041
2025-05-13 16:43:48,944 P305104 INFO ******** Test evaluation ********
2025-05-13 16:43:48,944 P305104 INFO Loading data...
2025-05-13 16:43:48,944 P305104 INFO Loading data from h5: ../../../data/ML_1M_7_x1/test.h5
2025-05-13 16:43:48,949 P305104 INFO Test samples: total/73902, blocks/1
2025-05-13 16:43:48,949 P305104 INFO Loading test data done.
2025-05-13 16:43:50,151 P305104 INFO ===
2025-05-13 16:43:50,151 P305104 INFO [Metrics] logloss: 0.300958 - AUC: 0.906636
