2025-05-13 17:02:06,168 P292237 INFO Params: {
    "batch_norm": "True",
    "batch_size": "4096",
    "data_format": "csv",
    "data_root": "../../../data/",
    "dataset_id": "ML_1M_7_x1",
    "debug_mode": "False",
    "early_stop_patience": "2",
    "embedding_dim": "16",
    "embedding_regularizer": "0.01",
    "epochs": "100",
    "eval_steps": "None",
    "exp_num_layers": "4",
    "feature_cols": "[{'active': True, 'dtype': 'str', 'name': ['UserID', 'Gender', 'Age', 'Occupation', 'MovieID', 'Release'], 'type': 'categorical'}, {'active': True, 'dtype': 'str', 'encoder': 'MaskedSumPooling', 'max_len': 5, 'name': 'Genres', 'splitter': '^', 'type': 'sequence'}]",
    "feature_config": "None",
    "feature_specs": "None",
    "gpu": "1",
    "group_id": "None",
    "label_col": "{'dtype': 'float', 'name': 'Label'}",
    "learning_rate": "0.001",
    "lin_num_layers": "4",
    "loss": "binary_crossentropy",
    "metrics": "['logloss', 'AUC']",
    "min_categr_count": "1",
    "model": "FCNv2",
    "model_id": "FCNv2_ML_1M_019_46ecf0ae",
    "model_root": "./checkpoints/",
    "monitor": "{'AUC': 1, 'logloss': 0}",
    "monitor_mode": "max",
    "net_dropout": "0.1",
    "net_regularizer": "0",
    "num_heads": "1",
    "num_workers": "8",
    "optimizer": "adam",
    "pickle_feature_encoder": "True",
    "save_best_only": "True",
    "seed": "2024",
    "shuffle": "True",
    "task": "binary_classification",
    "test_data": "../../../data/ML_1M/test.csv",
    "train_data": "../../../data/ML_1M/train.csv",
    "use_features": "None",
    "valid_data": "../../../data/ML_1M/valid.csv",
    "verbose": "1"
}
2025-05-13 17:02:06,168 P292237 INFO Set up feature processor...
2025-05-13 17:02:06,169 P292237 WARNING Skip rebuilding ../../../data/ML_1M_7_x1/feature_map.json. Please delete it manually if rebuilding is required.
2025-05-13 17:02:06,169 P292237 INFO Load feature_map from json: ../../../data/ML_1M_7_x1/feature_map.json
2025-05-13 17:02:06,169 P292237 INFO Set column index...
2025-05-13 17:02:06,169 P292237 INFO Feature specs: {
    "Age": "{'source': '', 'type': 'categorical', 'padding_idx': 0, 'oov_idx': 8, 'vocab_size': 9}",
    "Gender": "{'source': '', 'type': 'categorical', 'padding_idx': 0, 'oov_idx': 3, 'vocab_size': 4}",
    "Genres": "{'source': '', 'type': 'sequence', 'feature_encoder': 'layers.MaskedAveragePooling()', 'padding_idx': 0, 'oov_idx': 19, 'vocab_size': 20, 'max_len': 5}",
    "MovieID": "{'source': '', 'type': 'categorical', 'padding_idx': 0, 'oov_idx': 3642, 'vocab_size': 3643}",
    "Occupation": "{'source': '', 'type': 'categorical', 'padding_idx': 0, 'oov_idx': 22, 'vocab_size': 23}",
    "Release": "{'source': '', 'type': 'categorical', 'padding_idx': 0, 'oov_idx': 9, 'vocab_size': 10}",
    "UserID": "{'source': '', 'type': 'categorical', 'padding_idx': 0, 'oov_idx': 6041, 'vocab_size': 6042}"
}
2025-05-13 17:02:10,172 P292237 INFO Total number of parameters: 260210.
2025-05-13 17:02:10,173 P292237 INFO Loading data...
2025-05-13 17:02:10,173 P292237 INFO Loading data from h5: ../../../data/ML_1M_7_x1/train.h5
2025-05-13 17:02:10,226 P292237 INFO Train samples: total/591209, blocks/1
2025-05-13 17:02:10,226 P292237 INFO Loading data from h5: ../../../data/ML_1M_7_x1/valid.h5
2025-05-13 17:02:10,233 P292237 INFO Validation samples: total/73901, blocks/1
2025-05-13 17:02:10,233 P292237 INFO Loading train and validation data done.
2025-05-13 17:02:10,233 P292237 INFO Start training: 145 batches/epoch
2025-05-13 17:02:10,233 P292237 INFO ************ Epoch=1 start ************
2025-05-13 17:02:17,112 P292237 INFO Train loss: 0.417168
2025-05-13 17:02:17,113 P292237 INFO Evaluation @epoch 1 - batch 145: 
2025-05-13 17:02:18,835 P292237 INFO ===
2025-05-13 17:02:18,835 P292237 INFO [Metrics] AUC: 0.869280 - logloss: 0.346965
2025-05-13 17:02:18,835 P292237 INFO Save best model: monitor(max)=0.869280
2025-05-13 17:02:19,022 P292237 INFO ************ Epoch=1 end ************
2025-05-13 17:02:26,191 P292237 INFO Train loss: 0.378007
2025-05-13 17:02:26,191 P292237 INFO Evaluation @epoch 2 - batch 145: 
2025-05-13 17:02:27,894 P292237 INFO ===
2025-05-13 17:02:27,894 P292237 INFO [Metrics] AUC: 0.876319 - logloss: 0.338110
2025-05-13 17:02:27,894 P292237 INFO Save best model: monitor(max)=0.876319
2025-05-13 17:02:28,128 P292237 INFO ************ Epoch=2 end ************
2025-05-13 17:02:35,311 P292237 INFO Train loss: 0.370616
2025-05-13 17:02:35,312 P292237 INFO Evaluation @epoch 3 - batch 145: 
2025-05-13 17:02:37,090 P292237 INFO ===
2025-05-13 17:02:37,090 P292237 INFO [Metrics] AUC: 0.885572 - logloss: 0.327517
2025-05-13 17:02:37,091 P292237 INFO Save best model: monitor(max)=0.885572
2025-05-13 17:02:37,330 P292237 INFO ************ Epoch=3 end ************
2025-05-13 17:02:44,507 P292237 INFO Train loss: 0.365337
2025-05-13 17:02:44,508 P292237 INFO Evaluation @epoch 4 - batch 145: 
2025-05-13 17:02:46,346 P292237 INFO ===
2025-05-13 17:02:46,346 P292237 INFO [Metrics] AUC: 0.889409 - logloss: 0.323010
2025-05-13 17:02:46,347 P292237 INFO Save best model: monitor(max)=0.889409
2025-05-13 17:02:46,601 P292237 INFO ************ Epoch=4 end ************
2025-05-13 17:02:53,762 P292237 INFO Train loss: 0.360608
2025-05-13 17:02:53,762 P292237 INFO Evaluation @epoch 5 - batch 145: 
2025-05-13 17:02:55,536 P292237 INFO ===
2025-05-13 17:02:55,536 P292237 INFO [Metrics] AUC: 0.892909 - logloss: 0.318926
2025-05-13 17:02:55,536 P292237 INFO Save best model: monitor(max)=0.892909
2025-05-13 17:02:55,751 P292237 INFO ************ Epoch=5 end ************
2025-05-13 17:03:03,148 P292237 INFO Train loss: 0.357831
2025-05-13 17:03:03,149 P292237 INFO Evaluation @epoch 6 - batch 145: 
2025-05-13 17:03:04,964 P292237 INFO ===
2025-05-13 17:03:04,964 P292237 INFO [Metrics] AUC: 0.895151 - logloss: 0.315261
2025-05-13 17:03:04,964 P292237 INFO Save best model: monitor(max)=0.895151
2025-05-13 17:03:05,162 P292237 INFO ************ Epoch=6 end ************
2025-05-13 17:03:12,240 P292237 INFO Train loss: 0.354831
2025-05-13 17:03:12,241 P292237 INFO Evaluation @epoch 7 - batch 145: 
2025-05-13 17:03:14,013 P292237 INFO ===
2025-05-13 17:03:14,013 P292237 INFO [Metrics] AUC: 0.894873 - logloss: 0.315974
2025-05-13 17:03:14,013 P292237 INFO Monitor(max)=0.894873 STOP!
2025-05-13 17:03:14,013 P292237 INFO Reduce learning rate on plateau: 0.000100
2025-05-13 17:03:14,233 P292237 INFO ************ Epoch=7 end ************
2025-05-13 17:03:21,335 P292237 INFO Train loss: 0.317659
2025-05-13 17:03:21,336 P292237 INFO Evaluation @epoch 8 - batch 145: 
2025-05-13 17:03:23,194 P292237 INFO ===
2025-05-13 17:03:23,194 P292237 INFO [Metrics] AUC: 0.902725 - logloss: 0.306189
2025-05-13 17:03:23,194 P292237 INFO Save best model: monitor(max)=0.902725
2025-05-13 17:03:23,382 P292237 INFO ************ Epoch=8 end ************
2025-05-13 17:03:30,384 P292237 INFO Train loss: 0.299754
2025-05-13 17:03:30,384 P292237 INFO Evaluation @epoch 9 - batch 145: 
2025-05-13 17:03:32,250 P292237 INFO ===
2025-05-13 17:03:32,250 P292237 INFO [Metrics] AUC: 0.904893 - logloss: 0.303543
2025-05-13 17:03:32,250 P292237 INFO Save best model: monitor(max)=0.904893
2025-05-13 17:03:32,449 P292237 INFO ************ Epoch=9 end ************
2025-05-13 17:03:39,471 P292237 INFO Train loss: 0.290208
2025-05-13 17:03:39,471 P292237 INFO Evaluation @epoch 10 - batch 145: 
2025-05-13 17:03:41,236 P292237 INFO ===
2025-05-13 17:03:41,236 P292237 INFO [Metrics] AUC: 0.905620 - logloss: 0.303192
2025-05-13 17:03:41,236 P292237 INFO Save best model: monitor(max)=0.905620
2025-05-13 17:03:41,499 P292237 INFO ************ Epoch=10 end ************
2025-05-13 17:03:48,496 P292237 INFO Train loss: 0.284198
2025-05-13 17:03:48,497 P292237 INFO Evaluation @epoch 11 - batch 145: 
2025-05-13 17:03:50,300 P292237 INFO ===
2025-05-13 17:03:50,300 P292237 INFO [Metrics] AUC: 0.905437 - logloss: 0.303294
2025-05-13 17:03:50,300 P292237 INFO Monitor(max)=0.905437 STOP!
2025-05-13 17:03:50,300 P292237 INFO Reduce learning rate on plateau: 0.000010
2025-05-13 17:03:50,536 P292237 INFO ************ Epoch=11 end ************
2025-05-13 17:03:57,679 P292237 INFO Train loss: 0.269005
2025-05-13 17:03:57,680 P292237 INFO Evaluation @epoch 12 - batch 145: 
2025-05-13 17:03:59,511 P292237 INFO ===
2025-05-13 17:03:59,511 P292237 INFO [Metrics] AUC: 0.905206 - logloss: 0.306605
2025-05-13 17:03:59,511 P292237 INFO Monitor(max)=0.905206 STOP!
2025-05-13 17:03:59,511 P292237 INFO Reduce learning rate on plateau: 0.000001
2025-05-13 17:03:59,511 P292237 INFO ********* Epoch==12 early stop *********
2025-05-13 17:03:59,738 P292237 INFO Training finished.
2025-05-13 17:03:59,738 P292237 INFO Load best model: /root/autodl-tmp/model_zoo/DCNv3/DCNv3_torch/checkpoints/ML_1M_7_x1/FCNv2_ML_1M_019_46ecf0ae.model
2025-05-13 17:03:59,746 P292237 INFO ****** Validation evaluation ******
2025-05-13 17:04:01,540 P292237 INFO ===
2025-05-13 17:04:01,541 P292237 INFO [Metrics] logloss: 0.303192 - AUC: 0.905620
2025-05-13 17:04:01,591 P292237 INFO ******** Test evaluation ********
2025-05-13 17:04:01,591 P292237 INFO Loading data...
2025-05-13 17:04:01,591 P292237 INFO Loading data from h5: ../../../data/ML_1M_7_x1/test.h5
2025-05-13 17:04:01,596 P292237 INFO Test samples: total/73902, blocks/1
2025-05-13 17:04:01,596 P292237 INFO Loading test data done.
2025-05-13 17:04:03,527 P292237 INFO ===
2025-05-13 17:04:03,527 P292237 INFO [Metrics] logloss: 0.302506 - AUC: 0.905941
