2025-05-13 16:43:53,007 P427331 INFO Params: {
    "batch_norm": "True",
    "batch_size": "4096",
    "data_format": "csv",
    "data_root": "../../../data/",
    "dataset_id": "ML_1M_7_x1",
    "debug_mode": "False",
    "early_stop_patience": "2",
    "embedding_dim": "16",
    "embedding_regularizer": "0.01",
    "epochs": "100",
    "eval_steps": "None",
    "exp_num_layers": "1",
    "feature_cols": "[{'active': True, 'dtype': 'str', 'name': ['UserID', 'Gender', 'Age', 'Occupation', 'MovieID', 'Release'], 'type': 'categorical'}, {'active': True, 'dtype': 'str', 'encoder': 'MaskedSumPooling', 'max_len': 5, 'name': 'Genres', 'splitter': '^', 'type': 'sequence'}]",
    "feature_config": "None",
    "feature_specs": "None",
    "gpu": "1",
    "group_id": "None",
    "label_col": "{'dtype': 'float', 'name': 'Label'}",
    "learning_rate": "0.001",
    "lin_num_layers": "4",
    "loss": "binary_crossentropy",
    "metrics": "['logloss', 'AUC']",
    "min_categr_count": "1",
    "model": "FCNv2",
    "model_id": "FCNv2_ML_1M_004_b159b433",
    "model_root": "./checkpoints/",
    "monitor": "{'AUC': 1, 'logloss': 0}",
    "monitor_mode": "max",
    "net_dropout": "0.1",
    "net_regularizer": "0",
    "num_heads": "1",
    "num_workers": "8",
    "optimizer": "adam",
    "pickle_feature_encoder": "True",
    "save_best_only": "True",
    "seed": "2024",
    "shuffle": "True",
    "task": "binary_classification",
    "test_data": "../../../data/ML_1M/test.csv",
    "train_data": "../../../data/ML_1M/train.csv",
    "use_features": "None",
    "valid_data": "../../../data/ML_1M/valid.csv",
    "verbose": "1"
}
2025-05-13 16:43:53,008 P427331 INFO Set up feature processor...
2025-05-13 16:43:53,008 P427331 WARNING Skip rebuilding ../../../data/ML_1M_7_x1/feature_map.json. Please delete it manually if rebuilding is required.
2025-05-13 16:43:53,008 P427331 INFO Load feature_map from json: ../../../data/ML_1M_7_x1/feature_map.json
2025-05-13 16:43:53,008 P427331 INFO Set column index...
2025-05-13 16:43:53,008 P427331 INFO Feature specs: {
    "Age": "{'source': '', 'type': 'categorical', 'padding_idx': 0, 'oov_idx': 8, 'vocab_size': 9}",
    "Gender": "{'source': '', 'type': 'categorical', 'padding_idx': 0, 'oov_idx': 3, 'vocab_size': 4}",
    "Genres": "{'source': '', 'type': 'sequence', 'feature_encoder': 'layers.MaskedAveragePooling()', 'padding_idx': 0, 'oov_idx': 19, 'vocab_size': 20, 'max_len': 5}",
    "MovieID": "{'source': '', 'type': 'categorical', 'padding_idx': 0, 'oov_idx': 3642, 'vocab_size': 3643}",
    "Occupation": "{'source': '', 'type': 'categorical', 'padding_idx': 0, 'oov_idx': 22, 'vocab_size': 23}",
    "Release": "{'source': '', 'type': 'categorical', 'padding_idx': 0, 'oov_idx': 9, 'vocab_size': 10}",
    "UserID": "{'source': '', 'type': 'categorical', 'padding_idx': 0, 'oov_idx': 6041, 'vocab_size': 6042}"
}
2025-05-13 16:43:56,766 P427331 INFO Total number of parameters: 221222.
2025-05-13 16:43:56,766 P427331 INFO Loading data...
2025-05-13 16:43:56,766 P427331 INFO Loading data from h5: ../../../data/ML_1M_7_x1/train.h5
2025-05-13 16:43:56,818 P427331 INFO Train samples: total/591209, blocks/1
2025-05-13 16:43:56,818 P427331 INFO Loading data from h5: ../../../data/ML_1M_7_x1/valid.h5
2025-05-13 16:43:56,824 P427331 INFO Validation samples: total/73901, blocks/1
2025-05-13 16:43:56,824 P427331 INFO Loading train and validation data done.
2025-05-13 16:43:56,825 P427331 INFO Start training: 145 batches/epoch
2025-05-13 16:43:56,825 P427331 INFO ************ Epoch=1 start ************
2025-05-13 16:44:02,562 P427331 INFO Train loss: 0.432485
2025-05-13 16:44:02,562 P427331 INFO Evaluation @epoch 1 - batch 145: 
2025-05-13 16:44:03,962 P427331 INFO ===
2025-05-13 16:44:03,962 P427331 INFO [Metrics] AUC: 0.862143 - logloss: 0.357365
2025-05-13 16:44:03,962 P427331 INFO Save best model: monitor(max)=0.862143
2025-05-13 16:44:04,195 P427331 INFO ************ Epoch=1 end ************
2025-05-13 16:44:09,952 P427331 INFO Train loss: 0.379585
2025-05-13 16:44:09,953 P427331 INFO Evaluation @epoch 2 - batch 145: 
2025-05-13 16:44:11,336 P427331 INFO ===
2025-05-13 16:44:11,336 P427331 INFO [Metrics] AUC: 0.875376 - logloss: 0.339721
2025-05-13 16:44:11,336 P427331 INFO Save best model: monitor(max)=0.875376
2025-05-13 16:44:11,519 P427331 INFO ************ Epoch=2 end ************
2025-05-13 16:44:17,177 P427331 INFO Train loss: 0.370940
2025-05-13 16:44:17,177 P427331 INFO Evaluation @epoch 3 - batch 145: 
2025-05-13 16:44:18,580 P427331 INFO ===
2025-05-13 16:44:18,581 P427331 INFO [Metrics] AUC: 0.882750 - logloss: 0.331014
2025-05-13 16:44:18,581 P427331 INFO Save best model: monitor(max)=0.882750
2025-05-13 16:44:18,801 P427331 INFO ************ Epoch=3 end ************
2025-05-13 16:44:24,828 P427331 INFO Train loss: 0.364117
2025-05-13 16:44:24,828 P427331 INFO Evaluation @epoch 4 - batch 145: 
2025-05-13 16:44:26,258 P427331 INFO ===
2025-05-13 16:44:26,259 P427331 INFO [Metrics] AUC: 0.886990 - logloss: 0.325567
2025-05-13 16:44:26,259 P427331 INFO Save best model: monitor(max)=0.886990
2025-05-13 16:44:26,505 P427331 INFO ************ Epoch=4 end ************
2025-05-13 16:44:32,099 P427331 INFO Train loss: 0.358727
2025-05-13 16:44:32,099 P427331 INFO Evaluation @epoch 5 - batch 145: 
2025-05-13 16:44:33,421 P427331 INFO ===
2025-05-13 16:44:33,421 P427331 INFO [Metrics] AUC: 0.890549 - logloss: 0.321228
2025-05-13 16:44:33,421 P427331 INFO Save best model: monitor(max)=0.890549
2025-05-13 16:44:33,658 P427331 INFO ************ Epoch=5 end ************
2025-05-13 16:44:39,235 P427331 INFO Train loss: 0.355072
2025-05-13 16:44:39,235 P427331 INFO Evaluation @epoch 6 - batch 145: 
2025-05-13 16:44:40,756 P427331 INFO ===
2025-05-13 16:44:40,756 P427331 INFO [Metrics] AUC: 0.893447 - logloss: 0.317389
2025-05-13 16:44:40,756 P427331 INFO Save best model: monitor(max)=0.893447
2025-05-13 16:44:40,977 P427331 INFO ************ Epoch=6 end ************
2025-05-13 16:44:46,364 P427331 INFO Train loss: 0.351555
2025-05-13 16:44:46,364 P427331 INFO Evaluation @epoch 7 - batch 145: 
2025-05-13 16:44:47,810 P427331 INFO ===
2025-05-13 16:44:47,810 P427331 INFO [Metrics] AUC: 0.894300 - logloss: 0.318078
2025-05-13 16:44:47,811 P427331 INFO Save best model: monitor(max)=0.894300
2025-05-13 16:44:48,011 P427331 INFO ************ Epoch=7 end ************
2025-05-13 16:44:53,470 P427331 INFO Train loss: 0.349639
2025-05-13 16:44:53,470 P427331 INFO Evaluation @epoch 8 - batch 145: 
2025-05-13 16:44:54,968 P427331 INFO ===
2025-05-13 16:44:54,968 P427331 INFO [Metrics] AUC: 0.895873 - logloss: 0.314270
2025-05-13 16:44:54,968 P427331 INFO Save best model: monitor(max)=0.895873
2025-05-13 16:44:55,235 P427331 INFO ************ Epoch=8 end ************
2025-05-13 16:45:00,548 P427331 INFO Train loss: 0.347999
2025-05-13 16:45:00,548 P427331 INFO Evaluation @epoch 9 - batch 145: 
2025-05-13 16:45:01,978 P427331 INFO ===
2025-05-13 16:45:01,978 P427331 INFO [Metrics] AUC: 0.896943 - logloss: 0.313644
2025-05-13 16:45:01,978 P427331 INFO Save best model: monitor(max)=0.896943
2025-05-13 16:45:02,163 P427331 INFO ************ Epoch=9 end ************
2025-05-13 16:45:07,470 P427331 INFO Train loss: 0.346429
2025-05-13 16:45:07,470 P427331 INFO Evaluation @epoch 10 - batch 145: 
2025-05-13 16:45:08,940 P427331 INFO ===
2025-05-13 16:45:08,940 P427331 INFO [Metrics] AUC: 0.897322 - logloss: 0.312254
2025-05-13 16:45:08,940 P427331 INFO Save best model: monitor(max)=0.897322
2025-05-13 16:45:09,173 P427331 INFO ************ Epoch=10 end ************
2025-05-13 16:45:14,552 P427331 INFO Train loss: 0.345927
2025-05-13 16:45:14,553 P427331 INFO Evaluation @epoch 11 - batch 145: 
2025-05-13 16:45:15,937 P427331 INFO ===
2025-05-13 16:45:15,937 P427331 INFO [Metrics] AUC: 0.897922 - logloss: 0.310971
2025-05-13 16:45:15,937 P427331 INFO Save best model: monitor(max)=0.897922
2025-05-13 16:45:16,155 P427331 INFO ************ Epoch=11 end ************
2025-05-13 16:45:21,903 P427331 INFO Train loss: 0.344968
2025-05-13 16:45:21,903 P427331 INFO Evaluation @epoch 12 - batch 145: 
2025-05-13 16:45:23,416 P427331 INFO ===
2025-05-13 16:45:23,417 P427331 INFO [Metrics] AUC: 0.898460 - logloss: 0.310590
2025-05-13 16:45:23,417 P427331 INFO Save best model: monitor(max)=0.898460
2025-05-13 16:45:23,611 P427331 INFO ************ Epoch=12 end ************
2025-05-13 16:45:29,450 P427331 INFO Train loss: 0.344324
2025-05-13 16:45:29,450 P427331 INFO Evaluation @epoch 13 - batch 145: 
2025-05-13 16:45:30,910 P427331 INFO ===
2025-05-13 16:45:30,910 P427331 INFO [Metrics] AUC: 0.898969 - logloss: 0.309926
2025-05-13 16:45:30,910 P427331 INFO Save best model: monitor(max)=0.898969
2025-05-13 16:45:31,140 P427331 INFO ************ Epoch=13 end ************
2025-05-13 16:45:36,453 P427331 INFO Train loss: 0.343571
2025-05-13 16:45:36,453 P427331 INFO Evaluation @epoch 14 - batch 145: 
2025-05-13 16:45:37,831 P427331 INFO ===
2025-05-13 16:45:37,831 P427331 INFO [Metrics] AUC: 0.899202 - logloss: 0.310260
2025-05-13 16:45:37,831 P427331 INFO Save best model: monitor(max)=0.899202
2025-05-13 16:45:38,008 P427331 INFO ************ Epoch=14 end ************
2025-05-13 16:45:43,062 P427331 INFO Train loss: 0.343127
2025-05-13 16:45:43,063 P427331 INFO Evaluation @epoch 15 - batch 145: 
2025-05-13 16:45:44,480 P427331 INFO ===
2025-05-13 16:45:44,480 P427331 INFO [Metrics] AUC: 0.899619 - logloss: 0.309199
2025-05-13 16:45:44,480 P427331 INFO Save best model: monitor(max)=0.899619
2025-05-13 16:45:44,677 P427331 INFO ************ Epoch=15 end ************
2025-05-13 16:45:50,104 P427331 INFO Train loss: 0.341851
2025-05-13 16:45:50,104 P427331 INFO Evaluation @epoch 16 - batch 145: 
2025-05-13 16:45:51,550 P427331 INFO ===
2025-05-13 16:45:51,550 P427331 INFO [Metrics] AUC: 0.899332 - logloss: 0.309012
2025-05-13 16:45:51,550 P427331 INFO Monitor(max)=0.899332 STOP!
2025-05-13 16:45:51,550 P427331 INFO Reduce learning rate on plateau: 0.000100
2025-05-13 16:45:51,793 P427331 INFO ************ Epoch=16 end ************
2025-05-13 16:45:57,588 P427331 INFO Train loss: 0.304232
2025-05-13 16:45:57,588 P427331 INFO Evaluation @epoch 17 - batch 145: 
2025-05-13 16:45:59,086 P427331 INFO ===
2025-05-13 16:45:59,086 P427331 INFO [Metrics] AUC: 0.904179 - logloss: 0.303775
2025-05-13 16:45:59,086 P427331 INFO Save best model: monitor(max)=0.904179
2025-05-13 16:45:59,276 P427331 INFO ************ Epoch=17 end ************
2025-05-13 16:46:04,876 P427331 INFO Train loss: 0.288301
2025-05-13 16:46:04,876 P427331 INFO Evaluation @epoch 18 - batch 145: 
2025-05-13 16:46:06,316 P427331 INFO ===
2025-05-13 16:46:06,316 P427331 INFO [Metrics] AUC: 0.905687 - logloss: 0.303021
2025-05-13 16:46:06,316 P427331 INFO Save best model: monitor(max)=0.905687
2025-05-13 16:46:06,502 P427331 INFO ************ Epoch=18 end ************
2025-05-13 16:46:11,991 P427331 INFO Train loss: 0.279586
2025-05-13 16:46:11,991 P427331 INFO Evaluation @epoch 19 - batch 145: 
2025-05-13 16:46:13,447 P427331 INFO ===
2025-05-13 16:46:13,447 P427331 INFO [Metrics] AUC: 0.905646 - logloss: 0.303359
2025-05-13 16:46:13,447 P427331 INFO Monitor(max)=0.905646 STOP!
2025-05-13 16:46:13,447 P427331 INFO Reduce learning rate on plateau: 0.000010
2025-05-13 16:46:13,633 P427331 INFO ************ Epoch=19 end ************
2025-05-13 16:46:19,296 P427331 INFO Train loss: 0.264654
2025-05-13 16:46:19,296 P427331 INFO Evaluation @epoch 20 - batch 145: 
2025-05-13 16:46:20,905 P427331 INFO ===
2025-05-13 16:46:20,905 P427331 INFO [Metrics] AUC: 0.905366 - logloss: 0.305774
2025-05-13 16:46:20,905 P427331 INFO Monitor(max)=0.905366 STOP!
2025-05-13 16:46:20,905 P427331 INFO Reduce learning rate on plateau: 0.000001
2025-05-13 16:46:20,906 P427331 INFO ********* Epoch==20 early stop *********
2025-05-13 16:46:21,094 P427331 INFO Training finished.
2025-05-13 16:46:21,094 P427331 INFO Load best model: /root/autodl-tmp/model_zoo/DCNv3/DCNv3_torch/checkpoints/ML_1M_7_x1/FCNv2_ML_1M_004_b159b433.model
2025-05-13 16:46:21,102 P427331 INFO ****** Validation evaluation ******
2025-05-13 16:46:22,544 P427331 INFO ===
2025-05-13 16:46:22,544 P427331 INFO [Metrics] logloss: 0.303021 - AUC: 0.905687
2025-05-13 16:46:22,591 P427331 INFO ******** Test evaluation ********
2025-05-13 16:46:22,592 P427331 INFO Loading data...
2025-05-13 16:46:22,592 P427331 INFO Loading data from h5: ../../../data/ML_1M_7_x1/test.h5
2025-05-13 16:46:22,597 P427331 INFO Test samples: total/73902, blocks/1
2025-05-13 16:46:22,597 P427331 INFO Loading test data done.
2025-05-13 16:46:23,973 P427331 INFO ===
2025-05-13 16:46:23,974 P427331 INFO [Metrics] logloss: 0.302798 - AUC: 0.905808
