2025-05-13 16:46:29,243 P563790 INFO Params: {
    "batch_norm": "True",
    "batch_size": "4096",
    "data_format": "csv",
    "data_root": "../../../data/",
    "dataset_id": "ML_1M_7_x1",
    "debug_mode": "False",
    "early_stop_patience": "2",
    "embedding_dim": "16",
    "embedding_regularizer": "0.01",
    "epochs": "100",
    "eval_steps": "None",
    "exp_num_layers": "2",
    "feature_cols": "[{'active': True, 'dtype': 'str', 'name': ['UserID', 'Gender', 'Age', 'Occupation', 'MovieID', 'Release'], 'type': 'categorical'}, {'active': True, 'dtype': 'str', 'encoder': 'MaskedSumPooling', 'max_len': 5, 'name': 'Genres', 'splitter': '^', 'type': 'sequence'}]",
    "feature_config": "None",
    "feature_specs": "None",
    "gpu": "1",
    "group_id": "None",
    "label_col": "{'dtype': 'float', 'name': 'Label'}",
    "learning_rate": "0.001",
    "lin_num_layers": "1",
    "loss": "binary_crossentropy",
    "metrics": "['logloss', 'AUC']",
    "min_categr_count": "1",
    "model": "FCNv2",
    "model_id": "FCNv2_ML_1M_006_ec664cc9",
    "model_root": "./checkpoints/",
    "monitor": "{'AUC': 1, 'logloss': 0}",
    "monitor_mode": "max",
    "net_dropout": "0.1",
    "net_regularizer": "0",
    "num_heads": "1",
    "num_workers": "8",
    "optimizer": "adam",
    "pickle_feature_encoder": "True",
    "save_best_only": "True",
    "seed": "2024",
    "shuffle": "True",
    "task": "binary_classification",
    "test_data": "../../../data/ML_1M/test.csv",
    "train_data": "../../../data/ML_1M/train.csv",
    "use_features": "None",
    "valid_data": "../../../data/ML_1M/valid.csv",
    "verbose": "1"
}
2025-05-13 16:46:29,244 P563790 INFO Set up feature processor...
2025-05-13 16:46:29,244 P563790 WARNING Skip rebuilding ../../../data/ML_1M_7_x1/feature_map.json. Please delete it manually if rebuilding is required.
2025-05-13 16:46:29,244 P563790 INFO Load feature_map from json: ../../../data/ML_1M_7_x1/feature_map.json
2025-05-13 16:46:29,244 P563790 INFO Set column index...
2025-05-13 16:46:29,244 P563790 INFO Feature specs: {
    "Age": "{'source': '', 'type': 'categorical', 'padding_idx': 0, 'oov_idx': 8, 'vocab_size': 9}",
    "Gender": "{'source': '', 'type': 'categorical', 'padding_idx': 0, 'oov_idx': 3, 'vocab_size': 4}",
    "Genres": "{'source': '', 'type': 'sequence', 'feature_encoder': 'layers.MaskedAveragePooling()', 'padding_idx': 0, 'oov_idx': 19, 'vocab_size': 20, 'max_len': 5}",
    "MovieID": "{'source': '', 'type': 'categorical', 'padding_idx': 0, 'oov_idx': 3642, 'vocab_size': 3643}",
    "Occupation": "{'source': '', 'type': 'categorical', 'padding_idx': 0, 'oov_idx': 22, 'vocab_size': 23}",
    "Release": "{'source': '', 'type': 'categorical', 'padding_idx': 0, 'oov_idx': 9, 'vocab_size': 10}",
    "UserID": "{'source': '', 'type': 'categorical', 'padding_idx': 0, 'oov_idx': 6041, 'vocab_size': 6042}"
}
2025-05-13 16:46:33,025 P563790 INFO Total number of parameters: 195230.
2025-05-13 16:46:33,025 P563790 INFO Loading data...
2025-05-13 16:46:33,025 P563790 INFO Loading data from h5: ../../../data/ML_1M_7_x1/train.h5
2025-05-13 16:46:33,096 P563790 INFO Train samples: total/591209, blocks/1
2025-05-13 16:46:33,097 P563790 INFO Loading data from h5: ../../../data/ML_1M_7_x1/valid.h5
2025-05-13 16:46:33,103 P563790 INFO Validation samples: total/73901, blocks/1
2025-05-13 16:46:33,103 P563790 INFO Loading train and validation data done.
2025-05-13 16:46:33,103 P563790 INFO Start training: 145 batches/epoch
2025-05-13 16:46:33,103 P563790 INFO ************ Epoch=1 start ************
2025-05-13 16:46:38,053 P563790 INFO Train loss: 0.428891
2025-05-13 16:46:38,053 P563790 INFO Evaluation @epoch 1 - batch 145: 
2025-05-13 16:46:39,482 P563790 INFO ===
2025-05-13 16:46:39,482 P563790 INFO [Metrics] AUC: 0.867949 - logloss: 0.349493
2025-05-13 16:46:39,482 P563790 INFO Save best model: monitor(max)=0.867949
2025-05-13 16:46:39,714 P563790 INFO ************ Epoch=1 end ************
2025-05-13 16:46:44,533 P563790 INFO Train loss: 0.377291
2025-05-13 16:46:44,533 P563790 INFO Evaluation @epoch 2 - batch 145: 
2025-05-13 16:46:45,968 P563790 INFO ===
2025-05-13 16:46:45,968 P563790 INFO [Metrics] AUC: 0.875826 - logloss: 0.339965
2025-05-13 16:46:45,968 P563790 INFO Save best model: monitor(max)=0.875826
2025-05-13 16:46:46,179 P563790 INFO ************ Epoch=2 end ************
2025-05-13 16:46:50,697 P563790 INFO Train loss: 0.369983
2025-05-13 16:46:50,697 P563790 INFO Evaluation @epoch 3 - batch 145: 
2025-05-13 16:46:52,138 P563790 INFO ===
2025-05-13 16:46:52,138 P563790 INFO [Metrics] AUC: 0.882959 - logloss: 0.330971
2025-05-13 16:46:52,138 P563790 INFO Save best model: monitor(max)=0.882959
2025-05-13 16:46:52,339 P563790 INFO ************ Epoch=3 end ************
2025-05-13 16:46:57,005 P563790 INFO Train loss: 0.365061
2025-05-13 16:46:57,006 P563790 INFO Evaluation @epoch 4 - batch 145: 
2025-05-13 16:46:58,495 P563790 INFO ===
2025-05-13 16:46:58,495 P563790 INFO [Metrics] AUC: 0.888839 - logloss: 0.323695
2025-05-13 16:46:58,495 P563790 INFO Save best model: monitor(max)=0.888839
2025-05-13 16:46:58,724 P563790 INFO ************ Epoch=4 end ************
2025-05-13 16:47:03,639 P563790 INFO Train loss: 0.360747
2025-05-13 16:47:03,639 P563790 INFO Evaluation @epoch 5 - batch 145: 
2025-05-13 16:47:05,071 P563790 INFO ===
2025-05-13 16:47:05,072 P563790 INFO [Metrics] AUC: 0.891651 - logloss: 0.320337
2025-05-13 16:47:05,072 P563790 INFO Save best model: monitor(max)=0.891651
2025-05-13 16:47:05,319 P563790 INFO ************ Epoch=5 end ************
2025-05-13 16:47:10,454 P563790 INFO Train loss: 0.356696
2025-05-13 16:47:10,454 P563790 INFO Evaluation @epoch 6 - batch 145: 
2025-05-13 16:47:11,949 P563790 INFO ===
2025-05-13 16:47:11,949 P563790 INFO [Metrics] AUC: 0.893343 - logloss: 0.320032
2025-05-13 16:47:11,949 P563790 INFO Save best model: monitor(max)=0.893343
2025-05-13 16:47:12,165 P563790 INFO ************ Epoch=6 end ************
2025-05-13 16:47:16,621 P563790 INFO Train loss: 0.354145
2025-05-13 16:47:16,621 P563790 INFO Evaluation @epoch 7 - batch 145: 
2025-05-13 16:47:18,057 P563790 INFO ===
2025-05-13 16:47:18,058 P563790 INFO [Metrics] AUC: 0.893277 - logloss: 0.318265
2025-05-13 16:47:18,058 P563790 INFO Monitor(max)=0.893277 STOP!
2025-05-13 16:47:18,058 P563790 INFO Reduce learning rate on plateau: 0.000100
2025-05-13 16:47:18,271 P563790 INFO ************ Epoch=7 end ************
2025-05-13 16:47:22,614 P563790 INFO Train loss: 0.320404
2025-05-13 16:47:22,614 P563790 INFO Evaluation @epoch 8 - batch 145: 
2025-05-13 16:47:24,068 P563790 INFO ===
2025-05-13 16:47:24,068 P563790 INFO [Metrics] AUC: 0.901501 - logloss: 0.306219
2025-05-13 16:47:24,068 P563790 INFO Save best model: monitor(max)=0.901501
2025-05-13 16:47:24,249 P563790 INFO ************ Epoch=8 end ************
2025-05-13 16:47:29,141 P563790 INFO Train loss: 0.304487
2025-05-13 16:47:29,141 P563790 INFO Evaluation @epoch 9 - batch 145: 
2025-05-13 16:47:30,644 P563790 INFO ===
2025-05-13 16:47:30,645 P563790 INFO [Metrics] AUC: 0.904008 - logloss: 0.302900
2025-05-13 16:47:30,645 P563790 INFO Save best model: monitor(max)=0.904008
2025-05-13 16:47:30,825 P563790 INFO ************ Epoch=9 end ************
2025-05-13 16:47:36,072 P563790 INFO Train loss: 0.296138
2025-05-13 16:47:36,073 P563790 INFO Evaluation @epoch 10 - batch 145: 
2025-05-13 16:47:37,593 P563790 INFO ===
2025-05-13 16:47:37,593 P563790 INFO [Metrics] AUC: 0.904826 - logloss: 0.302498
2025-05-13 16:47:37,593 P563790 INFO Save best model: monitor(max)=0.904826
2025-05-13 16:47:37,816 P563790 INFO ************ Epoch=10 end ************
2025-05-13 16:47:42,897 P563790 INFO Train loss: 0.290656
2025-05-13 16:47:42,897 P563790 INFO Evaluation @epoch 11 - batch 145: 
2025-05-13 16:47:44,418 P563790 INFO ===
2025-05-13 16:47:44,418 P563790 INFO [Metrics] AUC: 0.905162 - logloss: 0.302629
2025-05-13 16:47:44,418 P563790 INFO Save best model: monitor(max)=0.905162
2025-05-13 16:47:44,626 P563790 INFO ************ Epoch=11 end ************
2025-05-13 16:47:49,222 P563790 INFO Train loss: 0.286131
2025-05-13 16:47:49,222 P563790 INFO Evaluation @epoch 12 - batch 145: 
2025-05-13 16:47:50,660 P563790 INFO ===
2025-05-13 16:47:50,660 P563790 INFO [Metrics] AUC: 0.905161 - logloss: 0.303155
2025-05-13 16:47:50,660 P563790 INFO Monitor(max)=0.905161 STOP!
2025-05-13 16:47:50,661 P563790 INFO Reduce learning rate on plateau: 0.000010
2025-05-13 16:47:50,898 P563790 INFO ************ Epoch=12 end ************
2025-05-13 16:47:55,196 P563790 INFO Train loss: 0.272832
2025-05-13 16:47:55,197 P563790 INFO Evaluation @epoch 13 - batch 145: 
2025-05-13 16:47:56,691 P563790 INFO ===
2025-05-13 16:47:56,691 P563790 INFO [Metrics] AUC: 0.904956 - logloss: 0.304602
2025-05-13 16:47:56,691 P563790 INFO Monitor(max)=0.904956 STOP!
2025-05-13 16:47:56,692 P563790 INFO Reduce learning rate on plateau: 0.000001
2025-05-13 16:47:56,692 P563790 INFO ********* Epoch==13 early stop *********
2025-05-13 16:47:56,915 P563790 INFO Training finished.
2025-05-13 16:47:56,915 P563790 INFO Load best model: /root/autodl-tmp/model_zoo/DCNv3/DCNv3_torch/checkpoints/ML_1M_7_x1/FCNv2_ML_1M_006_ec664cc9.model
2025-05-13 16:47:56,919 P563790 INFO ****** Validation evaluation ******
2025-05-13 16:47:58,670 P563790 INFO ===
2025-05-13 16:47:58,670 P563790 INFO [Metrics] logloss: 0.302629 - AUC: 0.905162
2025-05-13 16:47:58,719 P563790 INFO ******** Test evaluation ********
2025-05-13 16:47:58,719 P563790 INFO Loading data...
2025-05-13 16:47:58,719 P563790 INFO Loading data from h5: ../../../data/ML_1M_7_x1/test.h5
2025-05-13 16:47:58,724 P563790 INFO Test samples: total/73902, blocks/1
2025-05-13 16:47:58,724 P563790 INFO Loading test data done.
2025-05-13 16:48:00,252 P563790 INFO ===
2025-05-13 16:48:00,253 P563790 INFO [Metrics] logloss: 0.302112 - AUC: 0.905400
