2025-05-13 16:43:53,032 P427330 INFO Params: {
    "batch_norm": "True",
    "batch_size": "4096",
    "data_format": "csv",
    "data_root": "../../../data/",
    "dataset_id": "ML_1M_7_x1",
    "debug_mode": "False",
    "early_stop_patience": "2",
    "embedding_dim": "16",
    "embedding_regularizer": "0.01",
    "epochs": "100",
    "eval_steps": "None",
    "exp_num_layers": "1",
    "feature_cols": "[{'active': True, 'dtype': 'str', 'name': ['UserID', 'Gender', 'Age', 'Occupation', 'MovieID', 'Release'], 'type': 'categorical'}, {'active': True, 'dtype': 'str', 'encoder': 'MaskedSumPooling', 'max_len': 5, 'name': 'Genres', 'splitter': '^', 'type': 'sequence'}]",
    "feature_config": "None",
    "feature_specs": "None",
    "gpu": "0",
    "group_id": "None",
    "label_col": "{'dtype': 'float', 'name': 'Label'}",
    "learning_rate": "0.001",
    "lin_num_layers": "3",
    "loss": "binary_crossentropy",
    "metrics": "['logloss', 'AUC']",
    "min_categr_count": "1",
    "model": "FCNv2",
    "model_id": "FCNv2_ML_1M_003_dfb907b4",
    "model_root": "./checkpoints/",
    "monitor": "{'AUC': 1, 'logloss': 0}",
    "monitor_mode": "max",
    "net_dropout": "0.1",
    "net_regularizer": "0",
    "num_heads": "1",
    "num_workers": "8",
    "optimizer": "adam",
    "pickle_feature_encoder": "True",
    "save_best_only": "True",
    "seed": "2024",
    "shuffle": "True",
    "task": "binary_classification",
    "test_data": "../../../data/ML_1M/test.csv",
    "train_data": "../../../data/ML_1M/train.csv",
    "use_features": "None",
    "valid_data": "../../../data/ML_1M/valid.csv",
    "verbose": "1"
}
2025-05-13 16:43:53,033 P427330 INFO Set up feature processor...
2025-05-13 16:43:53,033 P427330 WARNING Skip rebuilding ../../../data/ML_1M_7_x1/feature_map.json. Please delete it manually if rebuilding is required.
2025-05-13 16:43:53,033 P427330 INFO Load feature_map from json: ../../../data/ML_1M_7_x1/feature_map.json
2025-05-13 16:43:53,033 P427330 INFO Set column index...
2025-05-13 16:43:53,033 P427330 INFO Feature specs: {
    "Age": "{'source': '', 'type': 'categorical', 'padding_idx': 0, 'oov_idx': 8, 'vocab_size': 9}",
    "Gender": "{'source': '', 'type': 'categorical', 'padding_idx': 0, 'oov_idx': 3, 'vocab_size': 4}",
    "Genres": "{'source': '', 'type': 'sequence', 'feature_encoder': 'layers.MaskedAveragePooling()', 'padding_idx': 0, 'oov_idx': 19, 'vocab_size': 20, 'max_len': 5}",
    "MovieID": "{'source': '', 'type': 'categorical', 'padding_idx': 0, 'oov_idx': 3642, 'vocab_size': 3643}",
    "Occupation": "{'source': '', 'type': 'categorical', 'padding_idx': 0, 'oov_idx': 22, 'vocab_size': 23}",
    "Release": "{'source': '', 'type': 'categorical', 'padding_idx': 0, 'oov_idx': 9, 'vocab_size': 10}",
    "UserID": "{'source': '', 'type': 'categorical', 'padding_idx': 0, 'oov_idx': 6041, 'vocab_size': 6042}"
}
2025-05-13 16:43:56,752 P427330 INFO Total number of parameters: 208226.
2025-05-13 16:43:56,752 P427330 INFO Loading data...
2025-05-13 16:43:56,752 P427330 INFO Loading data from h5: ../../../data/ML_1M_7_x1/train.h5
2025-05-13 16:43:56,806 P427330 INFO Train samples: total/591209, blocks/1
2025-05-13 16:43:56,806 P427330 INFO Loading data from h5: ../../../data/ML_1M_7_x1/valid.h5
2025-05-13 16:43:56,812 P427330 INFO Validation samples: total/73901, blocks/1
2025-05-13 16:43:56,813 P427330 INFO Loading train and validation data done.
2025-05-13 16:43:56,813 P427330 INFO Start training: 145 batches/epoch
2025-05-13 16:43:56,813 P427330 INFO ************ Epoch=1 start ************
2025-05-13 16:44:02,250 P427330 INFO Train loss: 0.433436
2025-05-13 16:44:02,250 P427330 INFO Evaluation @epoch 1 - batch 145: 
2025-05-13 16:44:03,637 P427330 INFO ===
2025-05-13 16:44:03,637 P427330 INFO [Metrics] AUC: 0.864659 - logloss: 0.353315
2025-05-13 16:44:03,637 P427330 INFO Save best model: monitor(max)=0.864659
2025-05-13 16:44:03,863 P427330 INFO ************ Epoch=1 end ************
2025-05-13 16:44:09,494 P427330 INFO Train loss: 0.380421
2025-05-13 16:44:09,494 P427330 INFO Evaluation @epoch 2 - batch 145: 
2025-05-13 16:44:10,852 P427330 INFO ===
2025-05-13 16:44:10,852 P427330 INFO [Metrics] AUC: 0.873368 - logloss: 0.342055
2025-05-13 16:44:10,852 P427330 INFO Save best model: monitor(max)=0.873368
2025-05-13 16:44:11,094 P427330 INFO ************ Epoch=2 end ************
2025-05-13 16:44:16,637 P427330 INFO Train loss: 0.372317
2025-05-13 16:44:16,637 P427330 INFO Evaluation @epoch 3 - batch 145: 
2025-05-13 16:44:18,089 P427330 INFO ===
2025-05-13 16:44:18,089 P427330 INFO [Metrics] AUC: 0.880632 - logloss: 0.335428
2025-05-13 16:44:18,090 P427330 INFO Save best model: monitor(max)=0.880632
2025-05-13 16:44:18,348 P427330 INFO ************ Epoch=3 end ************
2025-05-13 16:44:24,147 P427330 INFO Train loss: 0.366436
2025-05-13 16:44:24,147 P427330 INFO Evaluation @epoch 4 - batch 145: 
2025-05-13 16:44:25,482 P427330 INFO ===
2025-05-13 16:44:25,482 P427330 INFO [Metrics] AUC: 0.887285 - logloss: 0.325581
2025-05-13 16:44:25,482 P427330 INFO Save best model: monitor(max)=0.887285
2025-05-13 16:44:25,696 P427330 INFO ************ Epoch=4 end ************
2025-05-13 16:44:30,843 P427330 INFO Train loss: 0.362395
2025-05-13 16:44:30,843 P427330 INFO Evaluation @epoch 5 - batch 145: 
2025-05-13 16:44:32,197 P427330 INFO ===
2025-05-13 16:44:32,197 P427330 INFO [Metrics] AUC: 0.889562 - logloss: 0.322514
2025-05-13 16:44:32,197 P427330 INFO Save best model: monitor(max)=0.889562
2025-05-13 16:44:32,419 P427330 INFO ************ Epoch=5 end ************
2025-05-13 16:44:37,707 P427330 INFO Train loss: 0.358354
2025-05-13 16:44:37,707 P427330 INFO Evaluation @epoch 6 - batch 145: 
2025-05-13 16:44:39,029 P427330 INFO ===
2025-05-13 16:44:39,029 P427330 INFO [Metrics] AUC: 0.892132 - logloss: 0.319480
2025-05-13 16:44:39,030 P427330 INFO Save best model: monitor(max)=0.892132
2025-05-13 16:44:39,228 P427330 INFO ************ Epoch=6 end ************
2025-05-13 16:44:44,136 P427330 INFO Train loss: 0.355559
2025-05-13 16:44:44,137 P427330 INFO Evaluation @epoch 7 - batch 145: 
2025-05-13 16:44:45,559 P427330 INFO ===
2025-05-13 16:44:45,559 P427330 INFO [Metrics] AUC: 0.893597 - logloss: 0.317823
2025-05-13 16:44:45,560 P427330 INFO Save best model: monitor(max)=0.893597
2025-05-13 16:44:45,798 P427330 INFO ************ Epoch=7 end ************
2025-05-13 16:44:51,041 P427330 INFO Train loss: 0.353689
2025-05-13 16:44:51,041 P427330 INFO Evaluation @epoch 8 - batch 145: 
2025-05-13 16:44:52,465 P427330 INFO ===
2025-05-13 16:44:52,466 P427330 INFO [Metrics] AUC: 0.895518 - logloss: 0.315028
2025-05-13 16:44:52,466 P427330 INFO Save best model: monitor(max)=0.895518
2025-05-13 16:44:52,647 P427330 INFO ************ Epoch=8 end ************
2025-05-13 16:44:57,604 P427330 INFO Train loss: 0.351721
2025-05-13 16:44:57,605 P427330 INFO Evaluation @epoch 9 - batch 145: 
2025-05-13 16:44:59,034 P427330 INFO ===
2025-05-13 16:44:59,034 P427330 INFO [Metrics] AUC: 0.893755 - logloss: 0.316852
2025-05-13 16:44:59,034 P427330 INFO Monitor(max)=0.893755 STOP!
2025-05-13 16:44:59,034 P427330 INFO Reduce learning rate on plateau: 0.000100
2025-05-13 16:44:59,246 P427330 INFO ************ Epoch=9 end ************
2025-05-13 16:45:03,943 P427330 INFO Train loss: 0.317328
2025-05-13 16:45:03,943 P427330 INFO Evaluation @epoch 10 - batch 145: 
2025-05-13 16:45:05,294 P427330 INFO ===
2025-05-13 16:45:05,294 P427330 INFO [Metrics] AUC: 0.901603 - logloss: 0.306975
2025-05-13 16:45:05,294 P427330 INFO Save best model: monitor(max)=0.901603
2025-05-13 16:45:05,502 P427330 INFO ************ Epoch=10 end ************
2025-05-13 16:45:10,296 P427330 INFO Train loss: 0.300447
2025-05-13 16:45:10,296 P427330 INFO Evaluation @epoch 11 - batch 145: 
2025-05-13 16:45:11,657 P427330 INFO ===
2025-05-13 16:45:11,657 P427330 INFO [Metrics] AUC: 0.904009 - logloss: 0.304059
2025-05-13 16:45:11,658 P427330 INFO Save best model: monitor(max)=0.904009
2025-05-13 16:45:11,895 P427330 INFO ************ Epoch=11 end ************
2025-05-13 16:45:16,698 P427330 INFO Train loss: 0.291486
2025-05-13 16:45:16,699 P427330 INFO Evaluation @epoch 12 - batch 145: 
2025-05-13 16:45:18,128 P427330 INFO ===
2025-05-13 16:45:18,128 P427330 INFO [Metrics] AUC: 0.904689 - logloss: 0.303960
2025-05-13 16:45:18,128 P427330 INFO Save best model: monitor(max)=0.904689
2025-05-13 16:45:18,320 P427330 INFO ************ Epoch=12 end ************
2025-05-13 16:45:23,508 P427330 INFO Train loss: 0.285698
2025-05-13 16:45:23,508 P427330 INFO Evaluation @epoch 13 - batch 145: 
2025-05-13 16:45:24,940 P427330 INFO ===
2025-05-13 16:45:24,940 P427330 INFO [Metrics] AUC: 0.904631 - logloss: 0.304798
2025-05-13 16:45:24,940 P427330 INFO Monitor(max)=0.904631 STOP!
2025-05-13 16:45:24,941 P427330 INFO Reduce learning rate on plateau: 0.000010
2025-05-13 16:45:25,114 P427330 INFO ************ Epoch=13 end ************
2025-05-13 16:45:30,498 P427330 INFO Train loss: 0.270958
2025-05-13 16:45:30,499 P427330 INFO Evaluation @epoch 14 - batch 145: 
2025-05-13 16:45:31,972 P427330 INFO ===
2025-05-13 16:45:31,972 P427330 INFO [Metrics] AUC: 0.904253 - logloss: 0.306281
2025-05-13 16:45:31,972 P427330 INFO Monitor(max)=0.904253 STOP!
2025-05-13 16:45:31,972 P427330 INFO Reduce learning rate on plateau: 0.000001
2025-05-13 16:45:31,972 P427330 INFO ********* Epoch==14 early stop *********
2025-05-13 16:45:32,200 P427330 INFO Training finished.
2025-05-13 16:45:32,200 P427330 INFO Load best model: /root/autodl-tmp/model_zoo/DCNv3/DCNv3_torch/checkpoints/ML_1M_7_x1/FCNv2_ML_1M_003_dfb907b4.model
2025-05-13 16:45:32,205 P427330 INFO ****** Validation evaluation ******
2025-05-13 16:45:33,628 P427330 INFO ===
2025-05-13 16:45:33,628 P427330 INFO [Metrics] logloss: 0.303960 - AUC: 0.904689
2025-05-13 16:45:33,676 P427330 INFO ******** Test evaluation ********
2025-05-13 16:45:33,676 P427330 INFO Loading data...
2025-05-13 16:45:33,676 P427330 INFO Loading data from h5: ../../../data/ML_1M_7_x1/test.h5
2025-05-13 16:45:33,681 P427330 INFO Test samples: total/73902, blocks/1
2025-05-13 16:45:33,681 P427330 INFO Loading test data done.
2025-05-13 16:45:35,032 P427330 INFO ===
2025-05-13 16:45:35,032 P427330 INFO [Metrics] logloss: 0.302520 - AUC: 0.905490
