2025-05-13 14:57:08,256 P449158 INFO Params: {
    "batch_norm": "True",
    "batch_size": "4096",
    "data_format": "csv",
    "data_root": "../../../data/",
    "dataset_id": "ML_1M_7_x1",
    "debug_mode": "False",
    "early_stop_patience": "2",
    "embedding_dim": "16",
    "embedding_regularizer": "0.01",
    "epochs": "100",
    "eval_steps": "None",
    "exp_num_layers": "5",
    "feature_cols": "[{'active': True, 'dtype': 'str', 'name': ['UserID', 'Gender', 'Age', 'Occupation', 'MovieID', 'Release'], 'type': 'categorical'}, {'active': True, 'dtype': 'str', 'encoder': 'MaskedSumPooling', 'max_len': 5, 'name': 'Genres', 'splitter': '^', 'type': 'sequence'}]",
    "feature_config": "None",
    "feature_specs": "None",
    "gpu": "3",
    "group_id": "None",
    "label_col": "{'dtype': 'float', 'name': 'Label'}",
    "learning_rate": "0.001",
    "lin_num_layers": "4",
    "loss": "binary_crossentropy",
    "metrics": "['logloss', 'AUC']",
    "min_categr_count": "1",
    "model": "FCNv1",
    "model_id": "FCNv1_ML_1M_024_951f1bcd",
    "model_root": "./checkpoints/",
    "monitor": "{'AUC': 1, 'logloss': 0}",
    "monitor_mode": "max",
    "net_dropout": "0.1",
    "net_regularizer": "0",
    "num_heads": "1",
    "num_workers": "8",
    "optimizer": "adam",
    "pickle_feature_encoder": "True",
    "save_best_only": "True",
    "seed": "2025",
    "shuffle": "True",
    "task": "binary_classification",
    "test_data": "../../../data/ML_1M/test.csv",
    "train_data": "../../../data/ML_1M/train.csv",
    "use_features": "None",
    "valid_data": "../../../data/ML_1M/valid.csv",
    "verbose": "1"
}
2025-05-13 14:57:08,257 P449158 INFO Set up feature processor...
2025-05-13 14:57:08,257 P449158 WARNING Skip rebuilding ../../../data/ML_1M_7_x1/feature_map.json. Please delete it manually if rebuilding is required.
2025-05-13 14:57:08,257 P449158 INFO Load feature_map from json: ../../../data/ML_1M_7_x1/feature_map.json
2025-05-13 14:57:08,257 P449158 INFO Set column index...
2025-05-13 14:57:08,257 P449158 INFO Feature specs: {
    "Age": "{'source': '', 'type': 'categorical', 'padding_idx': 0, 'oov_idx': 8, 'vocab_size': 9}",
    "Gender": "{'source': '', 'type': 'categorical', 'padding_idx': 0, 'oov_idx': 3, 'vocab_size': 4}",
    "Genres": "{'source': '', 'type': 'sequence', 'feature_encoder': 'layers.MaskedAveragePooling()', 'padding_idx': 0, 'oov_idx': 19, 'vocab_size': 20, 'max_len': 5}",
    "MovieID": "{'source': '', 'type': 'categorical', 'padding_idx': 0, 'oov_idx': 3642, 'vocab_size': 3643}",
    "Occupation": "{'source': '', 'type': 'categorical', 'padding_idx': 0, 'oov_idx': 22, 'vocab_size': 23}",
    "Release": "{'source': '', 'type': 'categorical', 'padding_idx': 0, 'oov_idx': 9, 'vocab_size': 10}",
    "UserID": "{'source': '', 'type': 'categorical', 'padding_idx': 0, 'oov_idx': 6041, 'vocab_size': 6042}"
}
2025-05-13 14:57:12,170 P449158 INFO Total number of parameters: 214724.
2025-05-13 14:57:12,171 P449158 INFO Loading data...
2025-05-13 14:57:12,171 P449158 INFO Loading data from h5: ../../../data/ML_1M_7_x1/train.h5
2025-05-13 14:57:12,226 P449158 INFO Train samples: total/591209, blocks/1
2025-05-13 14:57:12,226 P449158 INFO Loading data from h5: ../../../data/ML_1M_7_x1/valid.h5
2025-05-13 14:57:12,234 P449158 INFO Validation samples: total/73901, blocks/1
2025-05-13 14:57:12,234 P449158 INFO Loading train and validation data done.
2025-05-13 14:57:12,234 P449158 INFO Start training: 145 batches/epoch
2025-05-13 14:57:12,234 P449158 INFO ************ Epoch=1 start ************
2025-05-13 14:57:17,980 P449158 INFO Train loss: 0.435687
2025-05-13 14:57:17,981 P449158 INFO Evaluation @epoch 1 - batch 145: 
2025-05-13 14:57:19,778 P449158 INFO ===
2025-05-13 14:57:19,778 P449158 INFO [Metrics] AUC: 0.866681 - logloss: 0.350389
2025-05-13 14:57:19,778 P449158 INFO Save best model: monitor(max)=0.866681
2025-05-13 14:57:20,010 P449158 INFO ************ Epoch=1 end ************
2025-05-13 14:57:25,602 P449158 INFO Train loss: 0.379895
2025-05-13 14:57:25,602 P449158 INFO Evaluation @epoch 2 - batch 145: 
2025-05-13 14:57:27,330 P449158 INFO ===
2025-05-13 14:57:27,330 P449158 INFO [Metrics] AUC: 0.875577 - logloss: 0.339310
2025-05-13 14:57:27,331 P449158 INFO Save best model: monitor(max)=0.875577
2025-05-13 14:57:27,592 P449158 INFO ************ Epoch=2 end ************
2025-05-13 14:57:33,382 P449158 INFO Train loss: 0.371990
2025-05-13 14:57:33,382 P449158 INFO Evaluation @epoch 3 - batch 145: 
2025-05-13 14:57:35,209 P449158 INFO ===
2025-05-13 14:57:35,209 P449158 INFO [Metrics] AUC: 0.882689 - logloss: 0.331183
2025-05-13 14:57:35,209 P449158 INFO Save best model: monitor(max)=0.882689
2025-05-13 14:57:35,409 P449158 INFO ************ Epoch=3 end ************
2025-05-13 14:57:41,341 P449158 INFO Train loss: 0.367372
2025-05-13 14:57:41,341 P449158 INFO Evaluation @epoch 4 - batch 145: 
2025-05-13 14:57:43,123 P449158 INFO ===
2025-05-13 14:57:43,123 P449158 INFO [Metrics] AUC: 0.888559 - logloss: 0.325181
2025-05-13 14:57:43,123 P449158 INFO Save best model: monitor(max)=0.888559
2025-05-13 14:57:43,381 P449158 INFO ************ Epoch=4 end ************
2025-05-13 14:57:49,008 P449158 INFO Train loss: 0.362518
2025-05-13 14:57:49,008 P449158 INFO Evaluation @epoch 5 - batch 145: 
2025-05-13 14:57:50,856 P449158 INFO ===
2025-05-13 14:57:50,856 P449158 INFO [Metrics] AUC: 0.891060 - logloss: 0.321611
2025-05-13 14:57:50,856 P449158 INFO Save best model: monitor(max)=0.891060
2025-05-13 14:57:51,100 P449158 INFO ************ Epoch=5 end ************
2025-05-13 14:57:56,773 P449158 INFO Train loss: 0.358810
2025-05-13 14:57:56,773 P449158 INFO Evaluation @epoch 6 - batch 145: 
2025-05-13 14:57:58,558 P449158 INFO ===
2025-05-13 14:57:58,558 P449158 INFO [Metrics] AUC: 0.891589 - logloss: 0.319696
2025-05-13 14:57:58,558 P449158 INFO Save best model: monitor(max)=0.891589
2025-05-13 14:57:58,778 P449158 INFO ************ Epoch=6 end ************
2025-05-13 14:58:04,816 P449158 INFO Train loss: 0.356248
2025-05-13 14:58:04,816 P449158 INFO Evaluation @epoch 7 - batch 145: 
2025-05-13 14:58:06,585 P449158 INFO ===
2025-05-13 14:58:06,585 P449158 INFO [Metrics] AUC: 0.893084 - logloss: 0.318183
2025-05-13 14:58:06,585 P449158 INFO Save best model: monitor(max)=0.893084
2025-05-13 14:58:06,806 P449158 INFO ************ Epoch=7 end ************
2025-05-13 14:58:12,584 P449158 INFO Train loss: 0.353949
2025-05-13 14:58:12,584 P449158 INFO Evaluation @epoch 8 - batch 145: 
2025-05-13 14:58:14,344 P449158 INFO ===
2025-05-13 14:58:14,344 P449158 INFO [Metrics] AUC: 0.895589 - logloss: 0.314803
2025-05-13 14:58:14,344 P449158 INFO Save best model: monitor(max)=0.895589
2025-05-13 14:58:14,546 P449158 INFO ************ Epoch=8 end ************
2025-05-13 14:58:20,387 P449158 INFO Train loss: 0.352160
2025-05-13 14:58:20,388 P449158 INFO Evaluation @epoch 9 - batch 145: 
2025-05-13 14:58:22,218 P449158 INFO ===
2025-05-13 14:58:22,218 P449158 INFO [Metrics] AUC: 0.896354 - logloss: 0.314992
2025-05-13 14:58:22,218 P449158 INFO Save best model: monitor(max)=0.896354
2025-05-13 14:58:22,467 P449158 INFO ************ Epoch=9 end ************
2025-05-13 14:58:28,293 P449158 INFO Train loss: 0.350583
2025-05-13 14:58:28,293 P449158 INFO Evaluation @epoch 10 - batch 145: 
2025-05-13 14:58:30,135 P449158 INFO ===
2025-05-13 14:58:30,135 P449158 INFO [Metrics] AUC: 0.896768 - logloss: 0.312890
2025-05-13 14:58:30,135 P449158 INFO Save best model: monitor(max)=0.896768
2025-05-13 14:58:30,375 P449158 INFO ************ Epoch=10 end ************
2025-05-13 14:58:36,288 P449158 INFO Train loss: 0.349215
2025-05-13 14:58:36,288 P449158 INFO Evaluation @epoch 11 - batch 145: 
2025-05-13 14:58:38,108 P449158 INFO ===
2025-05-13 14:58:38,108 P449158 INFO [Metrics] AUC: 0.897395 - logloss: 0.312256
2025-05-13 14:58:38,108 P449158 INFO Save best model: monitor(max)=0.897395
2025-05-13 14:58:38,308 P449158 INFO ************ Epoch=11 end ************
2025-05-13 14:58:44,031 P449158 INFO Train loss: 0.347711
2025-05-13 14:58:44,031 P449158 INFO Evaluation @epoch 12 - batch 145: 
2025-05-13 14:58:45,894 P449158 INFO ===
2025-05-13 14:58:45,894 P449158 INFO [Metrics] AUC: 0.897579 - logloss: 0.311962
2025-05-13 14:58:45,894 P449158 INFO Save best model: monitor(max)=0.897579
2025-05-13 14:58:46,116 P449158 INFO ************ Epoch=12 end ************
2025-05-13 14:58:51,575 P449158 INFO Train loss: 0.346810
2025-05-13 14:58:51,576 P449158 INFO Evaluation @epoch 13 - batch 145: 
2025-05-13 14:58:53,553 P449158 INFO ===
2025-05-13 14:58:53,554 P449158 INFO [Metrics] AUC: 0.897396 - logloss: 0.312602
2025-05-13 14:58:53,554 P449158 INFO Monitor(max)=0.897396 STOP!
2025-05-13 14:58:53,554 P449158 INFO Reduce learning rate on plateau: 0.000100
2025-05-13 14:58:53,768 P449158 INFO ************ Epoch=13 end ************
2025-05-13 14:58:59,094 P449158 INFO Train loss: 0.309377
2025-05-13 14:58:59,094 P449158 INFO Evaluation @epoch 14 - batch 145: 
2025-05-13 14:59:01,158 P449158 INFO ===
2025-05-13 14:59:01,158 P449158 INFO [Metrics] AUC: 0.903354 - logloss: 0.304951
2025-05-13 14:59:01,158 P449158 INFO Save best model: monitor(max)=0.903354
2025-05-13 14:59:01,371 P449158 INFO ************ Epoch=14 end ************
2025-05-13 14:59:06,203 P449158 INFO Train loss: 0.293066
2025-05-13 14:59:06,204 P449158 INFO Evaluation @epoch 15 - batch 145: 
2025-05-13 14:59:07,949 P449158 INFO ===
2025-05-13 14:59:07,949 P449158 INFO [Metrics] AUC: 0.904943 - logloss: 0.303905
2025-05-13 14:59:07,949 P449158 INFO Save best model: monitor(max)=0.904943
2025-05-13 14:59:08,141 P449158 INFO ************ Epoch=15 end ************
2025-05-13 14:59:14,298 P449158 INFO Train loss: 0.284884
2025-05-13 14:59:14,298 P449158 INFO Evaluation @epoch 16 - batch 145: 
2025-05-13 14:59:16,088 P449158 INFO ===
2025-05-13 14:59:16,088 P449158 INFO [Metrics] AUC: 0.904992 - logloss: 0.304756
2025-05-13 14:59:16,088 P449158 INFO Save best model: monitor(max)=0.904992
2025-05-13 14:59:16,294 P449158 INFO ************ Epoch=16 end ************
2025-05-13 14:59:22,105 P449158 INFO Train loss: 0.278982
2025-05-13 14:59:22,105 P449158 INFO Evaluation @epoch 17 - batch 145: 
2025-05-13 14:59:23,954 P449158 INFO ===
2025-05-13 14:59:23,954 P449158 INFO [Metrics] AUC: 0.904887 - logloss: 0.305620
2025-05-13 14:59:23,954 P449158 INFO Monitor(max)=0.904887 STOP!
2025-05-13 14:59:23,954 P449158 INFO Reduce learning rate on plateau: 0.000010
2025-05-13 14:59:24,190 P449158 INFO ************ Epoch=17 end ************
2025-05-13 14:59:30,320 P449158 INFO Train loss: 0.264446
2025-05-13 14:59:30,320 P449158 INFO Evaluation @epoch 18 - batch 145: 
2025-05-13 14:59:32,079 P449158 INFO ===
2025-05-13 14:59:32,079 P449158 INFO [Metrics] AUC: 0.904444 - logloss: 0.308139
2025-05-13 14:59:32,079 P449158 INFO Monitor(max)=0.904444 STOP!
2025-05-13 14:59:32,079 P449158 INFO Reduce learning rate on plateau: 0.000001
2025-05-13 14:59:32,079 P449158 INFO ********* Epoch==18 early stop *********
2025-05-13 14:59:32,305 P449158 INFO Training finished.
2025-05-13 14:59:32,306 P449158 INFO Load best model: /root/autodl-tmp/model_zoo/DCNv3/DCNv3_torch/checkpoints/ML_1M_7_x1/FCNv1_ML_1M_024_951f1bcd.model
2025-05-13 14:59:32,310 P449158 INFO ****** Validation evaluation ******
2025-05-13 14:59:34,448 P449158 INFO ===
2025-05-13 14:59:34,448 P449158 INFO [Metrics] logloss: 0.304756 - AUC: 0.904992
2025-05-13 14:59:34,499 P449158 INFO ******** Test evaluation ********
2025-05-13 14:59:34,499 P449158 INFO Loading data...
2025-05-13 14:59:34,499 P449158 INFO Loading data from h5: ../../../data/ML_1M_7_x1/test.h5
2025-05-13 14:59:34,504 P449158 INFO Test samples: total/73902, blocks/1
2025-05-13 14:59:34,504 P449158 INFO Loading test data done.
2025-05-13 14:59:36,285 P449158 INFO ===
2025-05-13 14:59:36,285 P449158 INFO [Metrics] logloss: 0.302815 - AUC: 0.905927
