2025-05-15 21:33:55,789 P172227 INFO Params: {
    "batch_norm": "True",
    "batch_size": "10000",
    "data_format": "csv",
    "data_root": "../../../data/",
    "dataset_id": "KDD12_x10",
    "debug_mode": "False",
    "early_stop_patience": "2",
    "embedding_dim": "16",
    "embedding_regularizer": "1e-05",
    "epochs": "100",
    "eval_steps": "None",
    "feature_cols": "[{'active': True, 'dtype': 'float', 'name': ['Depth', 'Position', 'Impression'], 'preprocess': 'convert_to_bucket', 'type': 'categorical'}, {'active': True, 'dtype': 'float', 'name': ['DisplayURL', 'AdID', 'AdvertiserID', 'QueryID', 'KeywordID', 'TitleID', 'DescriptionID', 'UserID', 'Gender', 'Age'], 'type': 'categorical'}]",
    "feature_config": "None",
    "feature_specs": "None",
    "gpu": "1",
    "group_id": "None",
    "label_col": "{'dtype': 'float', 'name': 'Click'}",
    "layer_norm": "True",
    "learning_rate": "0.001",
    "loss": "binary_crossentropy",
    "metrics": "['logloss', 'AUC']",
    "min_categr_count": "10",
    "model": "ECN",
    "model_id": "ECN_KDD12_x10_002_fc1c7b74",
    "model_root": "./checkpoints/",
    "monitor": "{'AUC': 1, 'logloss': 0}",
    "monitor_mode": "max",
    "net_dropout": "0",
    "net_regularizer": "0",
    "num_cross_layers": "10",
    "num_heads": "1",
    "num_workers": "8",
    "optimizer": "adam",
    "pickle_feature_encoder": "True",
    "save_best_only": "True",
    "seed": "2024",
    "shuffle": "True",
    "task": "binary_classification",
    "test_data": "../../../data/KDD12/test.csv",
    "train_data": "../../../data/KDD12/train.csv",
    "use_features": "None",
    "valid_data": "../../../data/KDD12/valid.csv",
    "verbose": "1"
}
2025-05-15 21:33:55,789 P172227 INFO Set up feature processor...
2025-05-15 21:33:55,790 P172227 WARNING Skip rebuilding ../../../data/KDD12_x10/feature_map.json. Please delete it manually if rebuilding is required.
2025-05-15 21:33:55,790 P172227 INFO Load feature_map from json: ../../../data/KDD12_x10/feature_map.json
2025-05-15 21:33:55,790 P172227 INFO Set column index...
2025-05-15 21:33:55,790 P172227 INFO Feature specs: {
    "AdID": "{'source': '', 'type': 'categorical', 'padding_idx': 0, 'oov_idx': 280097, 'vocab_size': 280098}",
    "AdvertiserID": "{'source': '', 'type': 'categorical', 'padding_idx': 0, 'oov_idx': 14416, 'vocab_size': 14417}",
    "Age": "{'source': '', 'type': 'categorical', 'padding_idx': 0, 'oov_idx': 8, 'vocab_size': 9}",
    "Depth": "{'source': '', 'type': 'categorical', 'padding_idx': 0, 'oov_idx': 3, 'vocab_size': 4}",
    "DescriptionID": "{'source': '', 'type': 'categorical', 'padding_idx': 0, 'oov_idx': 614455, 'vocab_size': 614456}",
    "DisplayURL": "{'source': '', 'type': 'categorical', 'padding_idx': 0, 'oov_idx': 22591, 'vocab_size': 22592}",
    "Gender": "{'source': '', 'type': 'categorical', 'padding_idx': 0, 'oov_idx': 4, 'vocab_size': 5}",
    "Impression": "{'source': '', 'type': 'categorical', 'padding_idx': 0, 'oov_idx': 90, 'vocab_size': 91}",
    "KeywordID": "{'source': '', 'type': 'categorical', 'padding_idx': 0, 'oov_idx': 358326, 'vocab_size': 358327}",
    "Position": "{'source': '', 'type': 'categorical', 'padding_idx': 0, 'oov_idx': 3, 'vocab_size': 4}",
    "QueryID": "{'source': '', 'type': 'categorical', 'padding_idx': 0, 'oov_idx': 997505, 'vocab_size': 997506}",
    "TitleID": "{'source': '', 'type': 'categorical', 'padding_idx': 0, 'oov_idx': 762415, 'vocab_size': 762416}",
    "UserID": "{'source': '', 'type': 'categorical', 'padding_idx': 0, 'oov_idx': 1618170, 'vocab_size': 1618171}"
}
2025-05-15 21:34:02,175 P172227 INFO Total number of parameters: 74910245.
2025-05-15 21:34:02,175 P172227 INFO Loading data...
2025-05-15 21:34:02,175 P172227 INFO Loading data from h5: ../../../data/KDD12_x10/train.h5
2025-05-15 21:34:19,042 P172227 INFO Train samples: total/113096830, blocks/1
2025-05-15 21:34:19,042 P172227 INFO Loading data from h5: ../../../data/KDD12_x10/valid.h5
2025-05-15 21:34:21,049 P172227 INFO Validation samples: total/14137104, blocks/1
2025-05-15 21:34:21,049 P172227 INFO Loading train and validation data done.
2025-05-15 21:34:21,050 P172227 INFO Start training: 11310 batches/epoch
2025-05-15 21:34:21,050 P172227 INFO ************ Epoch=1 start ************
2025-05-15 21:45:29,116 P172227 INFO Train loss: 0.170361
2025-05-15 21:45:29,116 P172227 INFO Evaluation @epoch 1 - batch 11310: 
2025-05-15 21:45:56,220 P172227 INFO ===
2025-05-15 21:45:56,220 P172227 INFO [Metrics] AUC: 0.787083 - logloss: 0.154287
2025-05-15 21:45:56,240 P172227 INFO Save best model: monitor(max)=0.787083
2025-05-15 21:45:57,249 P172227 INFO ************ Epoch=1 end ************
2025-05-15 21:56:03,458 P172227 INFO Train loss: 0.171770
2025-05-15 21:56:03,458 P172227 INFO Evaluation @epoch 2 - batch 11310: 
2025-05-15 21:56:30,089 P172227 INFO ===
2025-05-15 21:56:30,089 P172227 INFO [Metrics] AUC: 0.786194 - logloss: 0.154407
2025-05-15 21:56:30,108 P172227 INFO Monitor(max)=0.786194 STOP!
2025-05-15 21:56:30,108 P172227 INFO Reduce learning rate on plateau: 0.000100
2025-05-15 21:56:30,609 P172227 INFO ************ Epoch=2 end ************
2025-05-15 22:06:36,604 P172227 INFO Train loss: 0.156125
2025-05-15 22:06:36,605 P172227 INFO Evaluation @epoch 3 - batch 11310: 
2025-05-15 22:07:03,418 P172227 INFO ===
2025-05-15 22:07:03,419 P172227 INFO [Metrics] AUC: 0.806138 - logloss: 0.150389
2025-05-15 22:07:03,437 P172227 INFO Save best model: monitor(max)=0.806138
2025-05-15 22:07:04,365 P172227 INFO ************ Epoch=3 end ************
2025-05-15 22:17:08,573 P172227 INFO Train loss: 0.151169
2025-05-15 22:17:08,573 P172227 INFO Evaluation @epoch 4 - batch 11310: 
2025-05-15 22:17:35,659 P172227 INFO ===
2025-05-15 22:17:35,660 P172227 INFO [Metrics] AUC: 0.808351 - logloss: 0.149912
2025-05-15 22:17:35,679 P172227 INFO Save best model: monitor(max)=0.808351
2025-05-15 22:17:36,637 P172227 INFO ************ Epoch=4 end ************
2025-05-15 22:27:42,271 P172227 INFO Train loss: 0.150413
2025-05-15 22:27:42,272 P172227 INFO Evaluation @epoch 5 - batch 11310: 
2025-05-15 22:28:09,314 P172227 INFO ===
2025-05-15 22:28:09,314 P172227 INFO [Metrics] AUC: 0.808253 - logloss: 0.150062
2025-05-15 22:28:09,332 P172227 INFO Monitor(max)=0.808253 STOP!
2025-05-15 22:28:09,333 P172227 INFO Reduce learning rate on plateau: 0.000010
2025-05-15 22:28:09,800 P172227 INFO ************ Epoch=5 end ************
2025-05-15 22:38:17,404 P172227 INFO Train loss: 0.138955
2025-05-15 22:38:17,404 P172227 INFO Evaluation @epoch 6 - batch 11310: 
2025-05-15 22:38:44,572 P172227 INFO ===
2025-05-15 22:38:44,572 P172227 INFO [Metrics] AUC: 0.800949 - logloss: 0.154683
2025-05-15 22:38:44,591 P172227 INFO Monitor(max)=0.800949 STOP!
2025-05-15 22:38:44,591 P172227 INFO Reduce learning rate on plateau: 0.000001
2025-05-15 22:38:44,591 P172227 INFO ********* Epoch==6 early stop *********
2025-05-15 22:38:45,101 P172227 INFO Training finished.
2025-05-15 22:38:45,101 P172227 INFO Load best model: /root/autodl-tmp/model_zoo/DCNv3/DCNv3_torch/checkpoints/KDD12_x10/ECN_KDD12_x10_002_fc1c7b74.model
2025-05-15 22:38:45,274 P172227 INFO ****** Validation evaluation ******
2025-05-15 22:39:12,396 P172227 INFO ===
2025-05-15 22:39:12,397 P172227 INFO [Metrics] logloss: 0.149912 - AUC: 0.808351
2025-05-15 22:39:13,097 P172227 INFO ******** Test evaluation ********
2025-05-15 22:39:13,097 P172227 INFO Loading data...
2025-05-15 22:39:13,097 P172227 INFO Loading data from h5: ../../../data/KDD12_x10/test.h5
2025-05-15 22:39:14,838 P172227 INFO Test samples: total/14137104, blocks/1
2025-05-15 22:39:14,839 P172227 INFO Loading test data done.
2025-05-15 22:39:40,363 P172227 INFO ===
2025-05-15 22:39:40,363 P172227 INFO [Metrics] logloss: 0.149657 - AUC: 0.808801
