2025-05-16 01:55:44,107 P349518 INFO Params: {
    "batch_norm": "True",
    "batch_size": "10000",
    "data_format": "csv",
    "data_root": "../../../data/",
    "dataset_id": "KDD12_x10",
    "debug_mode": "False",
    "early_stop_patience": "2",
    "embedding_dim": "16",
    "embedding_regularizer": "1e-07",
    "epochs": "100",
    "eval_steps": "None",
    "exp_num_layers": "3",
    "feature_cols": "[{'active': True, 'dtype': 'float', 'name': ['Depth', 'Position', 'Impression'], 'preprocess': 'convert_to_bucket', 'type': 'categorical'}, {'active': True, 'dtype': 'float', 'name': ['DisplayURL', 'AdID', 'AdvertiserID', 'QueryID', 'KeywordID', 'TitleID', 'DescriptionID', 'UserID', 'Gender', 'Age'], 'type': 'categorical'}]",
    "feature_config": "None",
    "feature_specs": "None",
    "gpu": "0",
    "group_id": "None",
    "label_col": "{'dtype': 'float', 'name': 'Click'}",
    "layer_norm": "True",
    "learning_rate": "0.001",
    "lin_num_layers": "4",
    "loss": "binary_crossentropy",
    "metrics": "['logloss', 'AUC']",
    "min_categr_count": "10",
    "model": "FCNv2",
    "model_id": "FCNv2_KDD12_005_b1a29930",
    "model_root": "./checkpoints/",
    "monitor": "{'AUC': 1, 'logloss': 0}",
    "monitor_mode": "max",
    "net_dropout": "0",
    "net_regularizer": "0",
    "num_heads": "1",
    "num_workers": "8",
    "optimizer": "adam",
    "pickle_feature_encoder": "True",
    "save_best_only": "True",
    "seed": "2025",
    "shuffle": "True",
    "task": "binary_classification",
    "test_data": "../../../data/KDD12/test.csv",
    "train_data": "../../../data/KDD12/train.csv",
    "use_features": "None",
    "valid_data": "../../../data/KDD12/valid.csv",
    "verbose": "1"
}
2025-05-16 01:55:44,108 P349518 INFO Set up feature processor...
2025-05-16 01:55:44,108 P349518 WARNING Skip rebuilding ../../../data/KDD12_x10/feature_map.json. Please delete it manually if rebuilding is required.
2025-05-16 01:55:44,108 P349518 INFO Load feature_map from json: ../../../data/KDD12_x10/feature_map.json
2025-05-16 01:55:44,108 P349518 INFO Set column index...
2025-05-16 01:55:44,108 P349518 INFO Feature specs: {
    "AdID": "{'source': '', 'type': 'categorical', 'padding_idx': 0, 'oov_idx': 280097, 'vocab_size': 280098}",
    "AdvertiserID": "{'source': '', 'type': 'categorical', 'padding_idx': 0, 'oov_idx': 14416, 'vocab_size': 14417}",
    "Age": "{'source': '', 'type': 'categorical', 'padding_idx': 0, 'oov_idx': 8, 'vocab_size': 9}",
    "Depth": "{'source': '', 'type': 'categorical', 'padding_idx': 0, 'oov_idx': 3, 'vocab_size': 4}",
    "DescriptionID": "{'source': '', 'type': 'categorical', 'padding_idx': 0, 'oov_idx': 614455, 'vocab_size': 614456}",
    "DisplayURL": "{'source': '', 'type': 'categorical', 'padding_idx': 0, 'oov_idx': 22591, 'vocab_size': 22592}",
    "Gender": "{'source': '', 'type': 'categorical', 'padding_idx': 0, 'oov_idx': 4, 'vocab_size': 5}",
    "Impression": "{'source': '', 'type': 'categorical', 'padding_idx': 0, 'oov_idx': 90, 'vocab_size': 91}",
    "KeywordID": "{'source': '', 'type': 'categorical', 'padding_idx': 0, 'oov_idx': 358326, 'vocab_size': 358327}",
    "Position": "{'source': '', 'type': 'categorical', 'padding_idx': 0, 'oov_idx': 3, 'vocab_size': 4}",
    "QueryID": "{'source': '', 'type': 'categorical', 'padding_idx': 0, 'oov_idx': 997505, 'vocab_size': 997506}",
    "TitleID": "{'source': '', 'type': 'categorical', 'padding_idx': 0, 'oov_idx': 762415, 'vocab_size': 762416}",
    "UserID": "{'source': '', 'type': 'categorical', 'padding_idx': 0, 'oov_idx': 1618170, 'vocab_size': 1618171}"
}
2025-05-16 01:55:48,490 P349518 INFO Total number of parameters: 74998654.
2025-05-16 01:55:48,490 P349518 INFO Loading data...
2025-05-16 01:55:48,491 P349518 INFO Loading data from h5: ../../../data/KDD12_x10/train.h5
2025-05-16 01:56:01,185 P349518 INFO Train samples: total/113096830, blocks/1
2025-05-16 01:56:01,185 P349518 INFO Loading data from h5: ../../../data/KDD12_x10/valid.h5
2025-05-16 01:56:02,804 P349518 INFO Validation samples: total/14137104, blocks/1
2025-05-16 01:56:02,804 P349518 INFO Loading train and validation data done.
2025-05-16 01:56:02,804 P349518 INFO Start training: 11310 batches/epoch
2025-05-16 01:56:02,804 P349518 INFO ************ Epoch=1 start ************
2025-05-16 02:08:50,882 P349518 INFO Train loss: 0.156887
2025-05-16 02:08:50,882 P349518 INFO Evaluation @epoch 1 - batch 11310: 
2025-05-16 02:09:19,569 P349518 INFO ===
2025-05-16 02:09:19,569 P349518 INFO [Metrics] AUC: 0.807372 - logloss: 0.150129
2025-05-16 02:09:19,584 P349518 INFO Save best model: monitor(max)=0.807372
2025-05-16 02:09:20,605 P349518 INFO ************ Epoch=1 end ************
2025-05-16 02:22:08,552 P349518 INFO Train loss: 0.152212
2025-05-16 02:22:08,552 P349518 INFO Evaluation @epoch 2 - batch 11310: 
2025-05-16 02:22:37,030 P349518 INFO ===
2025-05-16 02:22:37,030 P349518 INFO [Metrics] AUC: 0.808640 - logloss: 0.149759
2025-05-16 02:22:37,050 P349518 INFO Save best model: monitor(max)=0.808640
2025-05-16 02:22:38,021 P349518 INFO ************ Epoch=2 end ************
2025-05-16 02:35:27,660 P349518 INFO Train loss: 0.150750
2025-05-16 02:35:27,660 P349518 INFO Evaluation @epoch 3 - batch 11310: 
2025-05-16 02:35:56,398 P349518 INFO ===
2025-05-16 02:35:56,399 P349518 INFO [Metrics] AUC: 0.808418 - logloss: 0.149967
2025-05-16 02:35:56,418 P349518 INFO Monitor(max)=0.808418 STOP!
2025-05-16 02:35:56,418 P349518 INFO Reduce learning rate on plateau: 0.000100
2025-05-16 02:35:57,029 P349518 INFO ************ Epoch=3 end ************
2025-05-16 02:48:47,089 P349518 INFO Train loss: 0.132560
2025-05-16 02:48:47,089 P349518 INFO Evaluation @epoch 4 - batch 11310: 
2025-05-16 02:49:15,897 P349518 INFO ===
2025-05-16 02:49:15,897 P349518 INFO [Metrics] AUC: 0.790831 - logloss: 0.160241
2025-05-16 02:49:15,915 P349518 INFO Monitor(max)=0.790831 STOP!
2025-05-16 02:49:15,915 P349518 INFO Reduce learning rate on plateau: 0.000010
2025-05-16 02:49:15,915 P349518 INFO ********* Epoch==4 early stop *********
2025-05-16 02:49:16,539 P349518 INFO Training finished.
2025-05-16 02:49:16,539 P349518 INFO Load best model: /root/autodl-tmp/model_zoo/DCNv3/DCNv3_torch/checkpoints/KDD12_x10/FCNv2_KDD12_005_b1a29930.model
2025-05-16 02:49:16,724 P349518 INFO ****** Validation evaluation ******
2025-05-16 02:49:45,349 P349518 INFO ===
2025-05-16 02:49:45,350 P349518 INFO [Metrics] logloss: 0.149759 - AUC: 0.808640
2025-05-16 02:49:46,085 P349518 INFO ******** Test evaluation ********
2025-05-16 02:49:46,085 P349518 INFO Loading data...
2025-05-16 02:49:46,086 P349518 INFO Loading data from h5: ../../../data/KDD12_x10/test.h5
2025-05-16 02:49:47,873 P349518 INFO Test samples: total/14137104, blocks/1
2025-05-16 02:49:47,873 P349518 INFO Loading test data done.
2025-05-16 02:50:15,410 P349518 INFO ===
2025-05-16 02:50:15,410 P349518 INFO [Metrics] logloss: 0.149529 - AUC: 0.808886
