2025-05-16 05:05:15,991 P471958 INFO Params: {
    "batch_norm": "True",
    "batch_size": "10000",
    "data_format": "csv",
    "data_root": "../../../data/",
    "dataset_id": "KDD12_x10",
    "debug_mode": "False",
    "early_stop_patience": "2",
    "embedding_dim": "16",
    "embedding_regularizer": "1e-07",
    "epochs": "100",
    "eval_steps": "None",
    "exp_num_layers": "4",
    "feature_cols": "[{'active': True, 'dtype': 'float', 'name': ['Depth', 'Position', 'Impression'], 'preprocess': 'convert_to_bucket', 'type': 'categorical'}, {'active': True, 'dtype': 'float', 'name': ['DisplayURL', 'AdID', 'AdvertiserID', 'QueryID', 'KeywordID', 'TitleID', 'DescriptionID', 'UserID', 'Gender', 'Age'], 'type': 'categorical'}]",
    "feature_config": "None",
    "feature_specs": "None",
    "gpu": "0",
    "group_id": "None",
    "label_col": "{'dtype': 'float', 'name': 'Click'}",
    "layer_norm": "True",
    "learning_rate": "0.001",
    "lin_num_layers": "3",
    "loss": "binary_crossentropy",
    "metrics": "['logloss', 'AUC']",
    "min_categr_count": "10",
    "model": "FCNv2",
    "model_id": "FCNv2_KDD12_009_b1a29930",
    "model_root": "./checkpoints/",
    "monitor": "{'AUC': 1, 'logloss': 0}",
    "monitor_mode": "max",
    "net_dropout": "0",
    "net_regularizer": "0",
    "num_heads": "1",
    "num_workers": "8",
    "optimizer": "adam",
    "pickle_feature_encoder": "True",
    "save_best_only": "True",
    "seed": "2025",
    "shuffle": "True",
    "task": "binary_classification",
    "test_data": "../../../data/KDD12/test.csv",
    "train_data": "../../../data/KDD12/train.csv",
    "use_features": "None",
    "valid_data": "../../../data/KDD12/valid.csv",
    "verbose": "1"
}
2025-05-16 05:05:15,991 P471958 INFO Set up feature processor...
2025-05-16 05:05:15,992 P471958 WARNING Skip rebuilding ../../../data/KDD12_x10/feature_map.json. Please delete it manually if rebuilding is required.
2025-05-16 05:05:15,992 P471958 INFO Load feature_map from json: ../../../data/KDD12_x10/feature_map.json
2025-05-16 05:05:15,992 P471958 INFO Set column index...
2025-05-16 05:05:15,992 P471958 INFO Feature specs: {
    "AdID": "{'source': '', 'type': 'categorical', 'padding_idx': 0, 'oov_idx': 280097, 'vocab_size': 280098}",
    "AdvertiserID": "{'source': '', 'type': 'categorical', 'padding_idx': 0, 'oov_idx': 14416, 'vocab_size': 14417}",
    "Age": "{'source': '', 'type': 'categorical', 'padding_idx': 0, 'oov_idx': 8, 'vocab_size': 9}",
    "Depth": "{'source': '', 'type': 'categorical', 'padding_idx': 0, 'oov_idx': 3, 'vocab_size': 4}",
    "DescriptionID": "{'source': '', 'type': 'categorical', 'padding_idx': 0, 'oov_idx': 614455, 'vocab_size': 614456}",
    "DisplayURL": "{'source': '', 'type': 'categorical', 'padding_idx': 0, 'oov_idx': 22591, 'vocab_size': 22592}",
    "Gender": "{'source': '', 'type': 'categorical', 'padding_idx': 0, 'oov_idx': 4, 'vocab_size': 5}",
    "Impression": "{'source': '', 'type': 'categorical', 'padding_idx': 0, 'oov_idx': 90, 'vocab_size': 91}",
    "KeywordID": "{'source': '', 'type': 'categorical', 'padding_idx': 0, 'oov_idx': 358326, 'vocab_size': 358327}",
    "Position": "{'source': '', 'type': 'categorical', 'padding_idx': 0, 'oov_idx': 3, 'vocab_size': 4}",
    "QueryID": "{'source': '', 'type': 'categorical', 'padding_idx': 0, 'oov_idx': 997505, 'vocab_size': 997506}",
    "TitleID": "{'source': '', 'type': 'categorical', 'padding_idx': 0, 'oov_idx': 762415, 'vocab_size': 762416}",
    "UserID": "{'source': '', 'type': 'categorical', 'padding_idx': 0, 'oov_idx': 1618170, 'vocab_size': 1618171}"
}
2025-05-16 05:05:20,499 P471958 INFO Total number of parameters: 74998654.
2025-05-16 05:05:20,499 P471958 INFO Loading data...
2025-05-16 05:05:20,499 P471958 INFO Loading data from h5: ../../../data/KDD12_x10/train.h5
2025-05-16 05:05:33,488 P471958 INFO Train samples: total/113096830, blocks/1
2025-05-16 05:05:33,488 P471958 INFO Loading data from h5: ../../../data/KDD12_x10/valid.h5
2025-05-16 05:05:36,420 P471958 INFO Validation samples: total/14137104, blocks/1
2025-05-16 05:05:36,420 P471958 INFO Loading train and validation data done.
2025-05-16 05:05:36,421 P471958 INFO Start training: 11310 batches/epoch
2025-05-16 05:05:36,421 P471958 INFO ************ Epoch=1 start ************
2025-05-16 05:18:25,735 P471958 INFO Train loss: 0.156853
2025-05-16 05:18:25,735 P471958 INFO Evaluation @epoch 1 - batch 11310: 
2025-05-16 05:18:54,641 P471958 INFO ===
2025-05-16 05:18:54,642 P471958 INFO [Metrics] AUC: 0.807154 - logloss: 0.150167
2025-05-16 05:18:54,660 P471958 INFO Save best model: monitor(max)=0.807154
2025-05-16 05:18:55,711 P471958 INFO ************ Epoch=1 end ************
2025-05-16 05:31:44,816 P471958 INFO Train loss: 0.152022
2025-05-16 05:31:44,816 P471958 INFO Evaluation @epoch 2 - batch 11310: 
2025-05-16 05:32:13,776 P471958 INFO ===
2025-05-16 05:32:13,776 P471958 INFO [Metrics] AUC: 0.808114 - logloss: 0.149884
2025-05-16 05:32:13,795 P471958 INFO Save best model: monitor(max)=0.808114
2025-05-16 05:32:14,777 P471958 INFO ************ Epoch=2 end ************
2025-05-16 05:45:03,822 P471958 INFO Train loss: 0.150764
2025-05-16 05:45:03,823 P471958 INFO Evaluation @epoch 3 - batch 11310: 
2025-05-16 05:45:33,124 P471958 INFO ===
2025-05-16 05:45:33,124 P471958 INFO [Metrics] AUC: 0.807870 - logloss: 0.150051
2025-05-16 05:45:33,142 P471958 INFO Monitor(max)=0.807870 STOP!
2025-05-16 05:45:33,142 P471958 INFO Reduce learning rate on plateau: 0.000100
2025-05-16 05:45:33,793 P471958 INFO ************ Epoch=3 end ************
2025-05-16 05:58:23,892 P471958 INFO Train loss: 0.133169
2025-05-16 05:58:23,892 P471958 INFO Evaluation @epoch 4 - batch 11310: 
2025-05-16 05:58:52,797 P471958 INFO ===
2025-05-16 05:58:52,798 P471958 INFO [Metrics] AUC: 0.791386 - logloss: 0.159761
2025-05-16 05:58:52,815 P471958 INFO Monitor(max)=0.791386 STOP!
2025-05-16 05:58:52,815 P471958 INFO Reduce learning rate on plateau: 0.000010
2025-05-16 05:58:52,815 P471958 INFO ********* Epoch==4 early stop *********
2025-05-16 05:58:53,436 P471958 INFO Training finished.
2025-05-16 05:58:53,436 P471958 INFO Load best model: /root/autodl-tmp/model_zoo/DCNv3/DCNv3_torch/checkpoints/KDD12_x10/FCNv2_KDD12_009_b1a29930.model
2025-05-16 05:58:53,596 P471958 INFO ****** Validation evaluation ******
2025-05-16 05:59:22,846 P471958 INFO ===
2025-05-16 05:59:22,846 P471958 INFO [Metrics] logloss: 0.149884 - AUC: 0.808114
2025-05-16 05:59:23,595 P471958 INFO ******** Test evaluation ********
2025-05-16 05:59:23,595 P471958 INFO Loading data...
2025-05-16 05:59:23,595 P471958 INFO Loading data from h5: ../../../data/KDD12_x10/test.h5
2025-05-16 05:59:25,394 P471958 INFO Test samples: total/14137104, blocks/1
2025-05-16 05:59:25,394 P471958 INFO Loading test data done.
2025-05-16 05:59:53,038 P471958 INFO ===
2025-05-16 05:59:53,038 P471958 INFO [Metrics] logloss: 0.149630 - AUC: 0.808417
