2025-05-16 00:36:45,698 P297962 INFO Params: {
    "batch_norm": "True",
    "batch_size": "10000",
    "data_format": "csv",
    "data_root": "../../../data/",
    "dataset_id": "KDD12_x10",
    "debug_mode": "False",
    "early_stop_patience": "2",
    "embedding_dim": "16",
    "embedding_regularizer": "1e-07",
    "epochs": "100",
    "eval_steps": "None",
    "exp_num_layers": "6",
    "feature_cols": "[{'active': True, 'dtype': 'float', 'name': ['Depth', 'Position', 'Impression'], 'preprocess': 'convert_to_bucket', 'type': 'categorical'}, {'active': True, 'dtype': 'float', 'name': ['DisplayURL', 'AdID', 'AdvertiserID', 'QueryID', 'KeywordID', 'TitleID', 'DescriptionID', 'UserID', 'Gender', 'Age'], 'type': 'categorical'}]",
    "feature_config": "None",
    "feature_specs": "None",
    "gpu": "1",
    "group_id": "None",
    "label_col": "{'dtype': 'float', 'name': 'Click'}",
    "layer_norm": "True",
    "learning_rate": "0.001",
    "lin_num_layers": "6",
    "loss": "binary_crossentropy",
    "metrics": "['logloss', 'AUC']",
    "min_categr_count": "10",
    "model": "FCNv1",
    "model_id": "FCNv1_KDD12_003_9b76d21e",
    "model_root": "./checkpoints/",
    "monitor": "{'AUC': 1, 'logloss': 0}",
    "monitor_mode": "max",
    "net_dropout": "0",
    "net_regularizer": "0",
    "num_heads": "1",
    "num_workers": "8",
    "optimizer": "adam",
    "pickle_feature_encoder": "True",
    "save_best_only": "True",
    "seed": "2025",
    "shuffle": "True",
    "task": "binary_classification",
    "test_data": "../../../data/KDD12/test.csv",
    "train_data": "../../../data/KDD12/train.csv",
    "use_features": "None",
    "valid_data": "../../../data/KDD12/valid.csv",
    "verbose": "1"
}
2025-05-16 00:36:45,698 P297962 INFO Set up feature processor...
2025-05-16 00:36:45,698 P297962 WARNING Skip rebuilding ../../../data/KDD12_x10/feature_map.json. Please delete it manually if rebuilding is required.
2025-05-16 00:36:45,699 P297962 INFO Load feature_map from json: ../../../data/KDD12_x10/feature_map.json
2025-05-16 00:36:45,699 P297962 INFO Set column index...
2025-05-16 00:36:45,699 P297962 INFO Feature specs: {
    "AdID": "{'source': '', 'type': 'categorical', 'padding_idx': 0, 'oov_idx': 280097, 'vocab_size': 280098}",
    "AdvertiserID": "{'source': '', 'type': 'categorical', 'padding_idx': 0, 'oov_idx': 14416, 'vocab_size': 14417}",
    "Age": "{'source': '', 'type': 'categorical', 'padding_idx': 0, 'oov_idx': 8, 'vocab_size': 9}",
    "Depth": "{'source': '', 'type': 'categorical', 'padding_idx': 0, 'oov_idx': 3, 'vocab_size': 4}",
    "DescriptionID": "{'source': '', 'type': 'categorical', 'padding_idx': 0, 'oov_idx': 614455, 'vocab_size': 614456}",
    "DisplayURL": "{'source': '', 'type': 'categorical', 'padding_idx': 0, 'oov_idx': 22591, 'vocab_size': 22592}",
    "Gender": "{'source': '', 'type': 'categorical', 'padding_idx': 0, 'oov_idx': 4, 'vocab_size': 5}",
    "Impression": "{'source': '', 'type': 'categorical', 'padding_idx': 0, 'oov_idx': 90, 'vocab_size': 91}",
    "KeywordID": "{'source': '', 'type': 'categorical', 'padding_idx': 0, 'oov_idx': 358326, 'vocab_size': 358327}",
    "Position": "{'source': '', 'type': 'categorical', 'padding_idx': 0, 'oov_idx': 3, 'vocab_size': 4}",
    "QueryID": "{'source': '', 'type': 'categorical', 'padding_idx': 0, 'oov_idx': 997505, 'vocab_size': 997506}",
    "TitleID": "{'source': '', 'type': 'categorical', 'padding_idx': 0, 'oov_idx': 762415, 'vocab_size': 762416}",
    "UserID": "{'source': '', 'type': 'categorical', 'padding_idx': 0, 'oov_idx': 1618170, 'vocab_size': 1618171}"
}
2025-05-16 00:36:49,966 P297962 INFO Total number of parameters: 74954554.
2025-05-16 00:36:49,967 P297962 INFO Loading data...
2025-05-16 00:36:49,967 P297962 INFO Loading data from h5: ../../../data/KDD12_x10/train.h5
2025-05-16 00:37:02,094 P297962 INFO Train samples: total/113096830, blocks/1
2025-05-16 00:37:02,094 P297962 INFO Loading data from h5: ../../../data/KDD12_x10/valid.h5
2025-05-16 00:37:03,645 P297962 INFO Validation samples: total/14137104, blocks/1
2025-05-16 00:37:03,645 P297962 INFO Loading train and validation data done.
2025-05-16 00:37:03,645 P297962 INFO Start training: 11310 batches/epoch
2025-05-16 00:37:03,645 P297962 INFO ************ Epoch=1 start ************
2025-05-16 00:48:29,848 P297962 INFO Train loss: 0.157204
2025-05-16 00:48:29,848 P297962 INFO Evaluation @epoch 1 - batch 11310: 
2025-05-16 00:48:55,998 P297962 INFO ===
2025-05-16 00:48:55,998 P297962 INFO [Metrics] AUC: 0.806078 - logloss: 0.150365
2025-05-16 00:48:56,013 P297962 INFO Save best model: monitor(max)=0.806078
2025-05-16 00:48:56,923 P297962 INFO ************ Epoch=1 end ************
2025-05-16 01:00:22,315 P297962 INFO Train loss: 0.151558
2025-05-16 01:00:22,315 P297962 INFO Evaluation @epoch 2 - batch 11310: 
2025-05-16 01:00:47,850 P297962 INFO ===
2025-05-16 01:00:47,850 P297962 INFO [Metrics] AUC: 0.809604 - logloss: 0.149689
2025-05-16 01:00:47,863 P297962 INFO Save best model: monitor(max)=0.809604
2025-05-16 01:00:48,797 P297962 INFO ************ Epoch=2 end ************
2025-05-16 01:12:16,888 P297962 INFO Train loss: 0.147937
2025-05-16 01:12:16,888 P297962 INFO Evaluation @epoch 3 - batch 11310: 
2025-05-16 01:12:42,735 P297962 INFO ===
2025-05-16 01:12:42,735 P297962 INFO [Metrics] AUC: 0.807049 - logloss: 0.150449
2025-05-16 01:12:42,749 P297962 INFO Monitor(max)=0.807049 STOP!
2025-05-16 01:12:42,749 P297962 INFO Reduce learning rate on plateau: 0.000100
2025-05-16 01:12:43,259 P297962 INFO ************ Epoch=3 end ************
2025-05-16 01:24:09,974 P297962 INFO Train loss: 0.130425
2025-05-16 01:24:09,974 P297962 INFO Evaluation @epoch 4 - batch 11310: 
2025-05-16 01:24:36,382 P297962 INFO ===
2025-05-16 01:24:36,382 P297962 INFO [Metrics] AUC: 0.789585 - logloss: 0.162179
2025-05-16 01:24:36,396 P297962 INFO Monitor(max)=0.789585 STOP!
2025-05-16 01:24:36,396 P297962 INFO Reduce learning rate on plateau: 0.000010
2025-05-16 01:24:36,396 P297962 INFO ********* Epoch==4 early stop *********
2025-05-16 01:24:36,919 P297962 INFO Training finished.
2025-05-16 01:24:36,919 P297962 INFO Load best model: /root/autodl-tmp/model_zoo/DCNv3/DCNv3_torch/checkpoints/KDD12_x10/FCNv1_KDD12_003_9b76d21e.model
2025-05-16 01:24:37,102 P297962 INFO ****** Validation evaluation ******
2025-05-16 01:25:03,167 P297962 INFO ===
2025-05-16 01:25:03,168 P297962 INFO [Metrics] logloss: 0.149689 - AUC: 0.809604
2025-05-16 01:25:03,690 P297962 INFO ******** Test evaluation ********
2025-05-16 01:25:03,690 P297962 INFO Loading data...
2025-05-16 01:25:03,690 P297962 INFO Loading data from h5: ../../../data/KDD12_x10/test.h5
2025-05-16 01:25:05,278 P297962 INFO Test samples: total/14137104, blocks/1
2025-05-16 01:25:05,279 P297962 INFO Loading test data done.
2025-05-16 01:25:30,508 P297962 INFO ===
2025-05-16 01:25:30,508 P297962 INFO [Metrics] logloss: 0.149421 - AUC: 0.809954
