2025-05-16 04:15:22,011 P443050 INFO Params: {
    "batch_norm": "True",
    "batch_size": "10000",
    "data_format": "csv",
    "data_root": "../../../data/",
    "dataset_id": "KDD12_x10",
    "debug_mode": "False",
    "early_stop_patience": "2",
    "embedding_dim": "16",
    "embedding_regularizer": "1e-07",
    "epochs": "100",
    "eval_steps": "None",
    "exp_num_layers": "4",
    "feature_cols": "[{'active': True, 'dtype': 'float', 'name': ['Depth', 'Position', 'Impression'], 'preprocess': 'convert_to_bucket', 'type': 'categorical'}, {'active': True, 'dtype': 'float', 'name': ['DisplayURL', 'AdID', 'AdvertiserID', 'QueryID', 'KeywordID', 'TitleID', 'DescriptionID', 'UserID', 'Gender', 'Age'], 'type': 'categorical'}]",
    "feature_config": "None",
    "feature_specs": "None",
    "gpu": "0",
    "group_id": "None",
    "label_col": "{'dtype': 'float', 'name': 'Click'}",
    "layer_norm": "True",
    "learning_rate": "0.001",
    "lin_num_layers": "2",
    "loss": "binary_crossentropy",
    "metrics": "['logloss', 'AUC']",
    "min_categr_count": "10",
    "model": "FCNv2",
    "model_id": "FCNv2_KDD12_008_a15cb7db",
    "model_root": "./checkpoints/",
    "monitor": "{'AUC': 1, 'logloss': 0}",
    "monitor_mode": "max",
    "net_dropout": "0",
    "net_regularizer": "0",
    "num_heads": "1",
    "num_workers": "8",
    "optimizer": "adam",
    "pickle_feature_encoder": "True",
    "save_best_only": "True",
    "seed": "2025",
    "shuffle": "True",
    "task": "binary_classification",
    "test_data": "../../../data/KDD12/test.csv",
    "train_data": "../../../data/KDD12/train.csv",
    "use_features": "None",
    "valid_data": "../../../data/KDD12/valid.csv",
    "verbose": "1"
}
2025-05-16 04:15:22,011 P443050 INFO Set up feature processor...
2025-05-16 04:15:22,011 P443050 WARNING Skip rebuilding ../../../data/KDD12_x10/feature_map.json. Please delete it manually if rebuilding is required.
2025-05-16 04:15:22,011 P443050 INFO Load feature_map from json: ../../../data/KDD12_x10/feature_map.json
2025-05-16 04:15:22,011 P443050 INFO Set column index...
2025-05-16 04:15:22,011 P443050 INFO Feature specs: {
    "AdID": "{'source': '', 'type': 'categorical', 'padding_idx': 0, 'oov_idx': 280097, 'vocab_size': 280098}",
    "AdvertiserID": "{'source': '', 'type': 'categorical', 'padding_idx': 0, 'oov_idx': 14416, 'vocab_size': 14417}",
    "Age": "{'source': '', 'type': 'categorical', 'padding_idx': 0, 'oov_idx': 8, 'vocab_size': 9}",
    "Depth": "{'source': '', 'type': 'categorical', 'padding_idx': 0, 'oov_idx': 3, 'vocab_size': 4}",
    "DescriptionID": "{'source': '', 'type': 'categorical', 'padding_idx': 0, 'oov_idx': 614455, 'vocab_size': 614456}",
    "DisplayURL": "{'source': '', 'type': 'categorical', 'padding_idx': 0, 'oov_idx': 22591, 'vocab_size': 22592}",
    "Gender": "{'source': '', 'type': 'categorical', 'padding_idx': 0, 'oov_idx': 4, 'vocab_size': 5}",
    "Impression": "{'source': '', 'type': 'categorical', 'padding_idx': 0, 'oov_idx': 90, 'vocab_size': 91}",
    "KeywordID": "{'source': '', 'type': 'categorical', 'padding_idx': 0, 'oov_idx': 358326, 'vocab_size': 358327}",
    "Position": "{'source': '', 'type': 'categorical', 'padding_idx': 0, 'oov_idx': 3, 'vocab_size': 4}",
    "QueryID": "{'source': '', 'type': 'categorical', 'padding_idx': 0, 'oov_idx': 997505, 'vocab_size': 997506}",
    "TitleID": "{'source': '', 'type': 'categorical', 'padding_idx': 0, 'oov_idx': 762415, 'vocab_size': 762416}",
    "UserID": "{'source': '', 'type': 'categorical', 'padding_idx': 0, 'oov_idx': 1618170, 'vocab_size': 1618171}"
}
2025-05-16 04:15:26,548 P443050 INFO Total number of parameters: 74954554.
2025-05-16 04:15:26,548 P443050 INFO Loading data...
2025-05-16 04:15:26,548 P443050 INFO Loading data from h5: ../../../data/KDD12_x10/train.h5
2025-05-16 04:15:39,484 P443050 INFO Train samples: total/113096830, blocks/1
2025-05-16 04:15:39,484 P443050 INFO Loading data from h5: ../../../data/KDD12_x10/valid.h5
2025-05-16 04:15:42,419 P443050 INFO Validation samples: total/14137104, blocks/1
2025-05-16 04:15:42,420 P443050 INFO Loading train and validation data done.
2025-05-16 04:15:42,420 P443050 INFO Start training: 11310 batches/epoch
2025-05-16 04:15:42,420 P443050 INFO ************ Epoch=1 start ************
2025-05-16 04:27:21,876 P443050 INFO Train loss: 0.156928
2025-05-16 04:27:21,877 P443050 INFO Evaluation @epoch 1 - batch 11310: 
2025-05-16 04:27:50,033 P443050 INFO ===
2025-05-16 04:27:50,034 P443050 INFO [Metrics] AUC: 0.806164 - logloss: 0.150307
2025-05-16 04:27:50,052 P443050 INFO Save best model: monitor(max)=0.806164
2025-05-16 04:27:51,034 P443050 INFO ************ Epoch=1 end ************
2025-05-16 04:39:28,814 P443050 INFO Train loss: 0.151769
2025-05-16 04:39:28,814 P443050 INFO Evaluation @epoch 2 - batch 11310: 
2025-05-16 04:39:56,867 P443050 INFO ===
2025-05-16 04:39:56,868 P443050 INFO [Metrics] AUC: 0.808748 - logloss: 0.149873
2025-05-16 04:39:56,887 P443050 INFO Save best model: monitor(max)=0.808748
2025-05-16 04:39:57,965 P443050 INFO ************ Epoch=2 end ************
2025-05-16 04:51:36,194 P443050 INFO Train loss: 0.149146
2025-05-16 04:51:36,194 P443050 INFO Evaluation @epoch 3 - batch 11310: 
2025-05-16 04:52:04,162 P443050 INFO ===
2025-05-16 04:52:04,163 P443050 INFO [Metrics] AUC: 0.808129 - logloss: 0.150148
2025-05-16 04:52:04,181 P443050 INFO Monitor(max)=0.808129 STOP!
2025-05-16 04:52:04,181 P443050 INFO Reduce learning rate on plateau: 0.000100
2025-05-16 04:52:04,807 P443050 INFO ************ Epoch=3 end ************
2025-05-16 05:03:44,317 P443050 INFO Train loss: 0.131450
2025-05-16 05:03:44,317 P443050 INFO Evaluation @epoch 4 - batch 11310: 
2025-05-16 05:04:12,521 P443050 INFO ===
2025-05-16 05:04:12,521 P443050 INFO [Metrics] AUC: 0.791994 - logloss: 0.160459
2025-05-16 05:04:12,538 P443050 INFO Monitor(max)=0.791994 STOP!
2025-05-16 05:04:12,538 P443050 INFO Reduce learning rate on plateau: 0.000010
2025-05-16 05:04:12,538 P443050 INFO ********* Epoch==4 early stop *********
2025-05-16 05:04:13,098 P443050 INFO Training finished.
2025-05-16 05:04:13,098 P443050 INFO Load best model: /root/autodl-tmp/model_zoo/DCNv3/DCNv3_torch/checkpoints/KDD12_x10/FCNv2_KDD12_008_a15cb7db.model
2025-05-16 05:04:13,264 P443050 INFO ****** Validation evaluation ******
2025-05-16 05:04:41,268 P443050 INFO ===
2025-05-16 05:04:41,268 P443050 INFO [Metrics] logloss: 0.149873 - AUC: 0.808748
2025-05-16 05:04:41,873 P443050 INFO ******** Test evaluation ********
2025-05-16 05:04:41,873 P443050 INFO Loading data...
2025-05-16 05:04:41,873 P443050 INFO Loading data from h5: ../../../data/KDD12_x10/test.h5
2025-05-16 05:04:43,616 P443050 INFO Test samples: total/14137104, blocks/1
2025-05-16 05:04:43,616 P443050 INFO Loading test data done.
2025-05-16 05:05:10,631 P443050 INFO ===
2025-05-16 05:05:10,631 P443050 INFO [Metrics] logloss: 0.149585 - AUC: 0.809119
