2025-05-16 12:49:45,143 P743279 INFO Params: {
    "batch_norm": "True",
    "batch_size": "10000",
    "data_format": "csv",
    "data_root": "../../../data/",
    "dataset_id": "KDD12_x10",
    "debug_mode": "False",
    "early_stop_patience": "2",
    "embedding_dim": "16",
    "embedding_regularizer": "1e-07",
    "epochs": "100",
    "eval_steps": "None",
    "exp_num_layers": "6",
    "feature_cols": "[{'active': True, 'dtype': 'float', 'name': ['Depth', 'Position', 'Impression'], 'preprocess': 'convert_to_bucket', 'type': 'categorical'}, {'active': True, 'dtype': 'float', 'name': ['DisplayURL', 'AdID', 'AdvertiserID', 'QueryID', 'KeywordID', 'TitleID', 'DescriptionID', 'UserID', 'Gender', 'Age'], 'type': 'categorical'}]",
    "feature_config": "None",
    "feature_specs": "None",
    "gpu": "0",
    "group_id": "None",
    "label_col": "{'dtype': 'float', 'name': 'Click'}",
    "layer_norm": "True",
    "learning_rate": "0.001",
    "lin_num_layers": "1",
    "loss": "binary_crossentropy",
    "metrics": "['logloss', 'AUC']",
    "min_categr_count": "10",
    "model": "FCNv2",
    "model_id": "FCNv2_KDD12_017_fe19699e",
    "model_root": "./checkpoints/",
    "monitor": "{'AUC': 1, 'logloss': 0}",
    "monitor_mode": "max",
    "net_dropout": "0",
    "net_regularizer": "0",
    "num_heads": "1",
    "num_workers": "8",
    "optimizer": "adam",
    "pickle_feature_encoder": "True",
    "save_best_only": "True",
    "seed": "2025",
    "shuffle": "True",
    "task": "binary_classification",
    "test_data": "../../../data/KDD12/test.csv",
    "train_data": "../../../data/KDD12/train.csv",
    "use_features": "None",
    "valid_data": "../../../data/KDD12/valid.csv",
    "verbose": "1"
}
2025-05-16 12:49:45,144 P743279 INFO Set up feature processor...
2025-05-16 12:49:45,144 P743279 WARNING Skip rebuilding ../../../data/KDD12_x10/feature_map.json. Please delete it manually if rebuilding is required.
2025-05-16 12:49:45,144 P743279 INFO Load feature_map from json: ../../../data/KDD12_x10/feature_map.json
2025-05-16 12:49:45,144 P743279 INFO Set column index...
2025-05-16 12:49:45,144 P743279 INFO Feature specs: {
    "AdID": "{'source': '', 'type': 'categorical', 'padding_idx': 0, 'oov_idx': 280097, 'vocab_size': 280098}",
    "AdvertiserID": "{'source': '', 'type': 'categorical', 'padding_idx': 0, 'oov_idx': 14416, 'vocab_size': 14417}",
    "Age": "{'source': '', 'type': 'categorical', 'padding_idx': 0, 'oov_idx': 8, 'vocab_size': 9}",
    "Depth": "{'source': '', 'type': 'categorical', 'padding_idx': 0, 'oov_idx': 3, 'vocab_size': 4}",
    "DescriptionID": "{'source': '', 'type': 'categorical', 'padding_idx': 0, 'oov_idx': 614455, 'vocab_size': 614456}",
    "DisplayURL": "{'source': '', 'type': 'categorical', 'padding_idx': 0, 'oov_idx': 22591, 'vocab_size': 22592}",
    "Gender": "{'source': '', 'type': 'categorical', 'padding_idx': 0, 'oov_idx': 4, 'vocab_size': 5}",
    "Impression": "{'source': '', 'type': 'categorical', 'padding_idx': 0, 'oov_idx': 90, 'vocab_size': 91}",
    "KeywordID": "{'source': '', 'type': 'categorical', 'padding_idx': 0, 'oov_idx': 358326, 'vocab_size': 358327}",
    "Position": "{'source': '', 'type': 'categorical', 'padding_idx': 0, 'oov_idx': 3, 'vocab_size': 4}",
    "QueryID": "{'source': '', 'type': 'categorical', 'padding_idx': 0, 'oov_idx': 997505, 'vocab_size': 997506}",
    "TitleID": "{'source': '', 'type': 'categorical', 'padding_idx': 0, 'oov_idx': 762415, 'vocab_size': 762416}",
    "UserID": "{'source': '', 'type': 'categorical', 'padding_idx': 0, 'oov_idx': 1618170, 'vocab_size': 1618171}"
}
2025-05-16 12:49:49,699 P743279 INFO Total number of parameters: 74998654.
2025-05-16 12:49:49,699 P743279 INFO Loading data...
2025-05-16 12:49:49,699 P743279 INFO Loading data from h5: ../../../data/KDD12_x10/train.h5
2025-05-16 12:50:04,098 P743279 INFO Train samples: total/113096830, blocks/1
2025-05-16 12:50:04,098 P743279 INFO Loading data from h5: ../../../data/KDD12_x10/valid.h5
2025-05-16 12:50:06,039 P743279 INFO Validation samples: total/14137104, blocks/1
2025-05-16 12:50:06,040 P743279 INFO Loading train and validation data done.
2025-05-16 12:50:06,040 P743279 INFO Start training: 11310 batches/epoch
2025-05-16 12:50:06,040 P743279 INFO ************ Epoch=1 start ************
2025-05-16 13:02:57,840 P743279 INFO Train loss: 0.156860
2025-05-16 13:02:57,840 P743279 INFO Evaluation @epoch 1 - batch 11310: 
2025-05-16 13:03:26,582 P743279 INFO ===
2025-05-16 13:03:26,582 P743279 INFO [Metrics] AUC: 0.806607 - logloss: 0.150258
2025-05-16 13:03:26,602 P743279 INFO Save best model: monitor(max)=0.806607
2025-05-16 13:03:27,538 P743279 INFO ************ Epoch=1 end ************
2025-05-16 13:16:24,085 P743279 INFO Train loss: 0.151945
2025-05-16 13:16:24,085 P743279 INFO Evaluation @epoch 2 - batch 11310: 
2025-05-16 13:16:52,833 P743279 INFO ===
2025-05-16 13:16:52,833 P743279 INFO [Metrics] AUC: 0.808131 - logloss: 0.149917
2025-05-16 13:16:52,852 P743279 INFO Save best model: monitor(max)=0.808131
2025-05-16 13:16:53,833 P743279 INFO ************ Epoch=2 end ************
2025-05-16 13:29:51,324 P743279 INFO Train loss: 0.149750
2025-05-16 13:29:51,324 P743279 INFO Evaluation @epoch 3 - batch 11310: 
2025-05-16 13:30:20,393 P743279 INFO ===
2025-05-16 13:30:20,393 P743279 INFO [Metrics] AUC: 0.808883 - logloss: 0.149930
2025-05-16 13:30:20,412 P743279 INFO Save best model: monitor(max)=0.808883
2025-05-16 13:30:21,482 P743279 INFO ************ Epoch=3 end ************
2025-05-16 13:43:18,518 P743279 INFO Train loss: 0.147146
2025-05-16 13:43:18,518 P743279 INFO Evaluation @epoch 4 - batch 11310: 
2025-05-16 13:43:47,748 P743279 INFO ===
2025-05-16 13:43:47,748 P743279 INFO [Metrics] AUC: 0.806836 - logloss: 0.150778
2025-05-16 13:43:47,768 P743279 INFO Monitor(max)=0.806836 STOP!
2025-05-16 13:43:47,768 P743279 INFO Reduce learning rate on plateau: 0.000100
2025-05-16 13:43:48,368 P743279 INFO ************ Epoch=4 end ************
2025-05-16 13:56:45,297 P743279 INFO Train loss: 0.128593
2025-05-16 13:56:45,297 P743279 INFO Evaluation @epoch 5 - batch 11310: 
2025-05-16 13:57:13,626 P743279 INFO ===
2025-05-16 13:57:13,626 P743279 INFO [Metrics] AUC: 0.787693 - logloss: 0.163255
2025-05-16 13:57:13,646 P743279 INFO Monitor(max)=0.787693 STOP!
2025-05-16 13:57:13,646 P743279 INFO Reduce learning rate on plateau: 0.000010
2025-05-16 13:57:13,646 P743279 INFO ********* Epoch==5 early stop *********
2025-05-16 13:57:14,335 P743279 INFO Training finished.
2025-05-16 13:57:14,335 P743279 INFO Load best model: /root/autodl-tmp/model_zoo/DCNv3/DCNv3_torch/checkpoints/KDD12_x10/FCNv2_KDD12_017_fe19699e.model
2025-05-16 13:57:14,505 P743279 INFO ****** Validation evaluation ******
2025-05-16 13:57:43,764 P743279 INFO ===
2025-05-16 13:57:43,765 P743279 INFO [Metrics] logloss: 0.149930 - AUC: 0.808883
2025-05-16 13:57:44,399 P743279 INFO ******** Test evaluation ********
2025-05-16 13:57:44,399 P743279 INFO Loading data...
2025-05-16 13:57:44,399 P743279 INFO Loading data from h5: ../../../data/KDD12_x10/test.h5
2025-05-16 13:57:46,468 P743279 INFO Test samples: total/14137104, blocks/1
2025-05-16 13:57:46,468 P743279 INFO Loading test data done.
2025-05-16 13:58:14,579 P743279 INFO ===
2025-05-16 13:58:14,579 P743279 INFO [Metrics] logloss: 0.149723 - AUC: 0.809007
