2025-05-16 03:30:19,463 P410851 INFO Params: {
    "batch_norm": "True",
    "batch_size": "10000",
    "data_format": "csv",
    "data_root": "../../../data/",
    "dataset_id": "KDD12_x10",
    "debug_mode": "False",
    "early_stop_patience": "2",
    "embedding_dim": "16",
    "embedding_regularizer": "1e-07",
    "epochs": "100",
    "eval_steps": "None",
    "exp_num_layers": "4",
    "feature_cols": "[{'active': True, 'dtype': 'float', 'name': ['Depth', 'Position', 'Impression'], 'preprocess': 'convert_to_bucket', 'type': 'categorical'}, {'active': True, 'dtype': 'float', 'name': ['DisplayURL', 'AdID', 'AdvertiserID', 'QueryID', 'KeywordID', 'TitleID', 'DescriptionID', 'UserID', 'Gender', 'Age'], 'type': 'categorical'}]",
    "feature_config": "None",
    "feature_specs": "None",
    "gpu": "0",
    "group_id": "None",
    "label_col": "{'dtype': 'float', 'name': 'Click'}",
    "layer_norm": "True",
    "learning_rate": "0.001",
    "lin_num_layers": "1",
    "loss": "binary_crossentropy",
    "metrics": "['logloss', 'AUC']",
    "min_categr_count": "10",
    "model": "FCNv2",
    "model_id": "FCNv2_KDD12_007_9f58cde2",
    "model_root": "./checkpoints/",
    "monitor": "{'AUC': 1, 'logloss': 0}",
    "monitor_mode": "max",
    "net_dropout": "0",
    "net_regularizer": "0",
    "num_heads": "1",
    "num_workers": "8",
    "optimizer": "adam",
    "pickle_feature_encoder": "True",
    "save_best_only": "True",
    "seed": "2025",
    "shuffle": "True",
    "task": "binary_classification",
    "test_data": "../../../data/KDD12/test.csv",
    "train_data": "../../../data/KDD12/train.csv",
    "use_features": "None",
    "valid_data": "../../../data/KDD12/valid.csv",
    "verbose": "1"
}
2025-05-16 03:30:19,463 P410851 INFO Set up feature processor...
2025-05-16 03:30:19,463 P410851 WARNING Skip rebuilding ../../../data/KDD12_x10/feature_map.json. Please delete it manually if rebuilding is required.
2025-05-16 03:30:19,463 P410851 INFO Load feature_map from json: ../../../data/KDD12_x10/feature_map.json
2025-05-16 03:30:19,463 P410851 INFO Set column index...
2025-05-16 03:30:19,464 P410851 INFO Feature specs: {
    "AdID": "{'source': '', 'type': 'categorical', 'padding_idx': 0, 'oov_idx': 280097, 'vocab_size': 280098}",
    "AdvertiserID": "{'source': '', 'type': 'categorical', 'padding_idx': 0, 'oov_idx': 14416, 'vocab_size': 14417}",
    "Age": "{'source': '', 'type': 'categorical', 'padding_idx': 0, 'oov_idx': 8, 'vocab_size': 9}",
    "Depth": "{'source': '', 'type': 'categorical', 'padding_idx': 0, 'oov_idx': 3, 'vocab_size': 4}",
    "DescriptionID": "{'source': '', 'type': 'categorical', 'padding_idx': 0, 'oov_idx': 614455, 'vocab_size': 614456}",
    "DisplayURL": "{'source': '', 'type': 'categorical', 'padding_idx': 0, 'oov_idx': 22591, 'vocab_size': 22592}",
    "Gender": "{'source': '', 'type': 'categorical', 'padding_idx': 0, 'oov_idx': 4, 'vocab_size': 5}",
    "Impression": "{'source': '', 'type': 'categorical', 'padding_idx': 0, 'oov_idx': 90, 'vocab_size': 91}",
    "KeywordID": "{'source': '', 'type': 'categorical', 'padding_idx': 0, 'oov_idx': 358326, 'vocab_size': 358327}",
    "Position": "{'source': '', 'type': 'categorical', 'padding_idx': 0, 'oov_idx': 3, 'vocab_size': 4}",
    "QueryID": "{'source': '', 'type': 'categorical', 'padding_idx': 0, 'oov_idx': 997505, 'vocab_size': 997506}",
    "TitleID": "{'source': '', 'type': 'categorical', 'padding_idx': 0, 'oov_idx': 762415, 'vocab_size': 762416}",
    "UserID": "{'source': '', 'type': 'categorical', 'padding_idx': 0, 'oov_idx': 1618170, 'vocab_size': 1618171}"
}
2025-05-16 03:30:23,991 P410851 INFO Total number of parameters: 74910454.
2025-05-16 03:30:23,991 P410851 INFO Loading data...
2025-05-16 03:30:23,991 P410851 INFO Loading data from h5: ../../../data/KDD12_x10/train.h5
2025-05-16 03:30:36,868 P410851 INFO Train samples: total/113096830, blocks/1
2025-05-16 03:30:36,868 P410851 INFO Loading data from h5: ../../../data/KDD12_x10/valid.h5
2025-05-16 03:30:39,760 P410851 INFO Validation samples: total/14137104, blocks/1
2025-05-16 03:30:39,760 P410851 INFO Loading train and validation data done.
2025-05-16 03:30:39,760 P410851 INFO Start training: 11310 batches/epoch
2025-05-16 03:30:39,760 P410851 INFO ************ Epoch=1 start ************
2025-05-16 03:41:06,714 P410851 INFO Train loss: 0.157105
2025-05-16 03:41:06,715 P410851 INFO Evaluation @epoch 1 - batch 11310: 
2025-05-16 03:41:34,630 P410851 INFO ===
2025-05-16 03:41:34,630 P410851 INFO [Metrics] AUC: 0.806693 - logloss: 0.150291
2025-05-16 03:41:34,650 P410851 INFO Save best model: monitor(max)=0.806693
2025-05-16 03:41:35,665 P410851 INFO ************ Epoch=1 end ************
2025-05-16 03:51:59,751 P410851 INFO Train loss: 0.151804
2025-05-16 03:51:59,751 P410851 INFO Evaluation @epoch 2 - batch 11310: 
2025-05-16 03:52:27,501 P410851 INFO ===
2025-05-16 03:52:27,501 P410851 INFO [Metrics] AUC: 0.809424 - logloss: 0.149743
2025-05-16 03:52:27,520 P410851 INFO Save best model: monitor(max)=0.809424
2025-05-16 03:52:28,531 P410851 INFO ************ Epoch=2 end ************
2025-05-16 04:02:52,573 P410851 INFO Train loss: 0.148077
2025-05-16 04:02:52,574 P410851 INFO Evaluation @epoch 3 - batch 11310: 
2025-05-16 04:03:20,189 P410851 INFO ===
2025-05-16 04:03:20,190 P410851 INFO [Metrics] AUC: 0.806191 - logloss: 0.150799
2025-05-16 04:03:20,207 P410851 INFO Monitor(max)=0.806191 STOP!
2025-05-16 04:03:20,207 P410851 INFO Reduce learning rate on plateau: 0.000100
2025-05-16 04:03:20,839 P410851 INFO ************ Epoch=3 end ************
2025-05-16 04:13:50,186 P410851 INFO Train loss: 0.130055
2025-05-16 04:13:50,186 P410851 INFO Evaluation @epoch 4 - batch 11310: 
2025-05-16 04:14:17,830 P410851 INFO ===
2025-05-16 04:14:17,830 P410851 INFO [Metrics] AUC: 0.788342 - logloss: 0.163360
2025-05-16 04:14:17,848 P410851 INFO Monitor(max)=0.788342 STOP!
2025-05-16 04:14:17,848 P410851 INFO Reduce learning rate on plateau: 0.000010
2025-05-16 04:14:17,848 P410851 INFO ********* Epoch==4 early stop *********
2025-05-16 04:14:18,443 P410851 INFO Training finished.
2025-05-16 04:14:18,443 P410851 INFO Load best model: /root/autodl-tmp/model_zoo/DCNv3/DCNv3_torch/checkpoints/KDD12_x10/FCNv2_KDD12_007_9f58cde2.model
2025-05-16 04:14:18,604 P410851 INFO ****** Validation evaluation ******
2025-05-16 04:14:46,879 P410851 INFO ===
2025-05-16 04:14:46,879 P410851 INFO [Metrics] logloss: 0.149743 - AUC: 0.809424
2025-05-16 04:14:47,562 P410851 INFO ******** Test evaluation ********
2025-05-16 04:14:47,562 P410851 INFO Loading data...
2025-05-16 04:14:47,562 P410851 INFO Loading data from h5: ../../../data/KDD12_x10/test.h5
2025-05-16 04:14:49,325 P410851 INFO Test samples: total/14137104, blocks/1
2025-05-16 04:14:49,325 P410851 INFO Loading test data done.
2025-05-16 04:15:16,626 P410851 INFO ===
2025-05-16 04:15:16,627 P410851 INFO [Metrics] logloss: 0.149509 - AUC: 0.809651
