2025-05-16 06:55:52,577 P536604 INFO Params: {
    "batch_norm": "True",
    "batch_size": "10000",
    "data_format": "csv",
    "data_root": "../../../data/",
    "dataset_id": "KDD12_x10",
    "debug_mode": "False",
    "early_stop_patience": "2",
    "embedding_dim": "16",
    "embedding_regularizer": "1e-07",
    "epochs": "100",
    "eval_steps": "None",
    "exp_num_layers": "7",
    "feature_cols": "[{'active': True, 'dtype': 'float', 'name': ['Depth', 'Position', 'Impression'], 'preprocess': 'convert_to_bucket', 'type': 'categorical'}, {'active': True, 'dtype': 'float', 'name': ['DisplayURL', 'AdID', 'AdvertiserID', 'QueryID', 'KeywordID', 'TitleID', 'DescriptionID', 'UserID', 'Gender', 'Age'], 'type': 'categorical'}]",
    "feature_config": "None",
    "feature_specs": "None",
    "gpu": "1",
    "group_id": "None",
    "label_col": "{'dtype': 'float', 'name': 'Click'}",
    "layer_norm": "True",
    "learning_rate": "0.001",
    "lin_num_layers": "8",
    "loss": "binary_crossentropy",
    "metrics": "['logloss', 'AUC']",
    "min_categr_count": "10",
    "model": "FCNv1",
    "model_id": "FCNv1_KDD12_010_9c179c64",
    "model_root": "./checkpoints/",
    "monitor": "{'AUC': 1, 'logloss': 0}",
    "monitor_mode": "max",
    "net_dropout": "0",
    "net_regularizer": "0",
    "num_heads": "1",
    "num_workers": "8",
    "optimizer": "adam",
    "pickle_feature_encoder": "True",
    "save_best_only": "True",
    "seed": "2025",
    "shuffle": "True",
    "task": "binary_classification",
    "test_data": "../../../data/KDD12/test.csv",
    "train_data": "../../../data/KDD12/train.csv",
    "use_features": "None",
    "valid_data": "../../../data/KDD12/valid.csv",
    "verbose": "1"
}
2025-05-16 06:55:52,577 P536604 INFO Set up feature processor...
2025-05-16 06:55:52,578 P536604 WARNING Skip rebuilding ../../../data/KDD12_x10/feature_map.json. Please delete it manually if rebuilding is required.
2025-05-16 06:55:52,578 P536604 INFO Load feature_map from json: ../../../data/KDD12_x10/feature_map.json
2025-05-16 06:55:52,578 P536604 INFO Set column index...
2025-05-16 06:55:52,578 P536604 INFO Feature specs: {
    "AdID": "{'source': '', 'type': 'categorical', 'padding_idx': 0, 'oov_idx': 280097, 'vocab_size': 280098}",
    "AdvertiserID": "{'source': '', 'type': 'categorical', 'padding_idx': 0, 'oov_idx': 14416, 'vocab_size': 14417}",
    "Age": "{'source': '', 'type': 'categorical', 'padding_idx': 0, 'oov_idx': 8, 'vocab_size': 9}",
    "Depth": "{'source': '', 'type': 'categorical', 'padding_idx': 0, 'oov_idx': 3, 'vocab_size': 4}",
    "DescriptionID": "{'source': '', 'type': 'categorical', 'padding_idx': 0, 'oov_idx': 614455, 'vocab_size': 614456}",
    "DisplayURL": "{'source': '', 'type': 'categorical', 'padding_idx': 0, 'oov_idx': 22591, 'vocab_size': 22592}",
    "Gender": "{'source': '', 'type': 'categorical', 'padding_idx': 0, 'oov_idx': 4, 'vocab_size': 5}",
    "Impression": "{'source': '', 'type': 'categorical', 'padding_idx': 0, 'oov_idx': 90, 'vocab_size': 91}",
    "KeywordID": "{'source': '', 'type': 'categorical', 'padding_idx': 0, 'oov_idx': 358326, 'vocab_size': 358327}",
    "Position": "{'source': '', 'type': 'categorical', 'padding_idx': 0, 'oov_idx': 3, 'vocab_size': 4}",
    "QueryID": "{'source': '', 'type': 'categorical', 'padding_idx': 0, 'oov_idx': 997505, 'vocab_size': 997506}",
    "TitleID": "{'source': '', 'type': 'categorical', 'padding_idx': 0, 'oov_idx': 762415, 'vocab_size': 762416}",
    "UserID": "{'source': '', 'type': 'categorical', 'padding_idx': 0, 'oov_idx': 1618170, 'vocab_size': 1618171}"
}
2025-05-16 06:55:57,131 P536604 INFO Total number of parameters: 75020704.
2025-05-16 06:55:57,131 P536604 INFO Loading data...
2025-05-16 06:55:57,131 P536604 INFO Loading data from h5: ../../../data/KDD12_x10/train.h5
2025-05-16 06:56:09,654 P536604 INFO Train samples: total/113096830, blocks/1
2025-05-16 06:56:09,654 P536604 INFO Loading data from h5: ../../../data/KDD12_x10/valid.h5
2025-05-16 06:56:12,062 P536604 INFO Validation samples: total/14137104, blocks/1
2025-05-16 06:56:12,062 P536604 INFO Loading train and validation data done.
2025-05-16 06:56:12,062 P536604 INFO Start training: 11310 batches/epoch
2025-05-16 06:56:12,062 P536604 INFO ************ Epoch=1 start ************
2025-05-16 07:09:27,571 P536604 INFO Train loss: 0.157160
2025-05-16 07:09:27,572 P536604 INFO Evaluation @epoch 1 - batch 11310: 
2025-05-16 07:09:55,969 P536604 INFO ===
2025-05-16 07:09:55,969 P536604 INFO [Metrics] AUC: 0.807373 - logloss: 0.150113
2025-05-16 07:09:55,989 P536604 INFO Save best model: monitor(max)=0.807373
2025-05-16 07:09:56,972 P536604 INFO ************ Epoch=1 end ************
2025-05-16 07:23:16,454 P536604 INFO Train loss: 0.151946
2025-05-16 07:23:16,454 P536604 INFO Evaluation @epoch 2 - batch 11310: 
2025-05-16 07:23:45,620 P536604 INFO ===
2025-05-16 07:23:45,620 P536604 INFO [Metrics] AUC: 0.808125 - logloss: 0.149918
2025-05-16 07:23:45,639 P536604 INFO Save best model: monitor(max)=0.808125
2025-05-16 07:23:46,709 P536604 INFO ************ Epoch=2 end ************
2025-05-16 07:37:05,288 P536604 INFO Train loss: 0.149414
2025-05-16 07:37:05,288 P536604 INFO Evaluation @epoch 3 - batch 11310: 
2025-05-16 07:37:34,683 P536604 INFO ===
2025-05-16 07:37:34,683 P536604 INFO [Metrics] AUC: 0.808219 - logloss: 0.150097
2025-05-16 07:37:34,702 P536604 INFO Save best model: monitor(max)=0.808219
2025-05-16 07:37:35,747 P536604 INFO ************ Epoch=3 end ************
2025-05-16 07:50:53,548 P536604 INFO Train loss: 0.146580
2025-05-16 07:50:53,548 P536604 INFO Evaluation @epoch 4 - batch 11310: 
2025-05-16 07:51:22,804 P536604 INFO ===
2025-05-16 07:51:22,804 P536604 INFO [Metrics] AUC: 0.806597 - logloss: 0.150742
2025-05-16 07:51:22,822 P536604 INFO Monitor(max)=0.806597 STOP!
2025-05-16 07:51:22,822 P536604 INFO Reduce learning rate on plateau: 0.000100
2025-05-16 07:51:23,493 P536604 INFO ************ Epoch=4 end ************
2025-05-16 08:04:38,377 P536604 INFO Train loss: 0.127518
2025-05-16 08:04:38,378 P536604 INFO Evaluation @epoch 5 - batch 11310: 
2025-05-16 08:05:07,665 P536604 INFO ===
2025-05-16 08:05:07,666 P536604 INFO [Metrics] AUC: 0.785749 - logloss: 0.165652
2025-05-16 08:05:07,685 P536604 INFO Monitor(max)=0.785749 STOP!
2025-05-16 08:05:07,685 P536604 INFO Reduce learning rate on plateau: 0.000010
2025-05-16 08:05:07,685 P536604 INFO ********* Epoch==5 early stop *********
2025-05-16 08:05:08,285 P536604 INFO Training finished.
2025-05-16 08:05:08,286 P536604 INFO Load best model: /root/autodl-tmp/model_zoo/DCNv3/DCNv3_torch/checkpoints/KDD12_x10/FCNv1_KDD12_010_9c179c64.model
2025-05-16 08:05:08,453 P536604 INFO ****** Validation evaluation ******
2025-05-16 08:05:38,260 P536604 INFO ===
2025-05-16 08:05:38,260 P536604 INFO [Metrics] logloss: 0.150097 - AUC: 0.808219
2025-05-16 08:05:38,950 P536604 INFO ******** Test evaluation ********
2025-05-16 08:05:38,950 P536604 INFO Loading data...
2025-05-16 08:05:38,951 P536604 INFO Loading data from h5: ../../../data/KDD12_x10/test.h5
2025-05-16 08:05:40,700 P536604 INFO Test samples: total/14137104, blocks/1
2025-05-16 08:05:40,700 P536604 INFO Loading test data done.
2025-05-16 08:06:08,495 P536604 INFO ===
2025-05-16 08:06:08,495 P536604 INFO [Metrics] logloss: 0.149804 - AUC: 0.808705
