2025-05-16 06:02:07,453 P510770 INFO Params: {
    "batch_norm": "True",
    "batch_size": "10000",
    "data_format": "csv",
    "data_root": "../../../data/",
    "dataset_id": "KDD12_x10",
    "debug_mode": "False",
    "early_stop_patience": "2",
    "embedding_dim": "16",
    "embedding_regularizer": "1e-07",
    "epochs": "100",
    "eval_steps": "None",
    "exp_num_layers": "7",
    "feature_cols": "[{'active': True, 'dtype': 'float', 'name': ['Depth', 'Position', 'Impression'], 'preprocess': 'convert_to_bucket', 'type': 'categorical'}, {'active': True, 'dtype': 'float', 'name': ['DisplayURL', 'AdID', 'AdvertiserID', 'QueryID', 'KeywordID', 'TitleID', 'DescriptionID', 'UserID', 'Gender', 'Age'], 'type': 'categorical'}]",
    "feature_config": "None",
    "feature_specs": "None",
    "gpu": "1",
    "group_id": "None",
    "label_col": "{'dtype': 'float', 'name': 'Click'}",
    "layer_norm": "True",
    "learning_rate": "0.001",
    "lin_num_layers": "7",
    "loss": "binary_crossentropy",
    "metrics": "['logloss', 'AUC']",
    "min_categr_count": "10",
    "model": "FCNv1",
    "model_id": "FCNv1_KDD12_009_c900c048",
    "model_root": "./checkpoints/",
    "monitor": "{'AUC': 1, 'logloss': 0}",
    "monitor_mode": "max",
    "net_dropout": "0",
    "net_regularizer": "0",
    "num_heads": "1",
    "num_workers": "8",
    "optimizer": "adam",
    "pickle_feature_encoder": "True",
    "save_best_only": "True",
    "seed": "2025",
    "shuffle": "True",
    "task": "binary_classification",
    "test_data": "../../../data/KDD12/test.csv",
    "train_data": "../../../data/KDD12/train.csv",
    "use_features": "None",
    "valid_data": "../../../data/KDD12/valid.csv",
    "verbose": "1"
}
2025-05-16 06:02:07,454 P510770 INFO Set up feature processor...
2025-05-16 06:02:07,454 P510770 WARNING Skip rebuilding ../../../data/KDD12_x10/feature_map.json. Please delete it manually if rebuilding is required.
2025-05-16 06:02:07,454 P510770 INFO Load feature_map from json: ../../../data/KDD12_x10/feature_map.json
2025-05-16 06:02:07,454 P510770 INFO Set column index...
2025-05-16 06:02:07,454 P510770 INFO Feature specs: {
    "AdID": "{'source': '', 'type': 'categorical', 'padding_idx': 0, 'oov_idx': 280097, 'vocab_size': 280098}",
    "AdvertiserID": "{'source': '', 'type': 'categorical', 'padding_idx': 0, 'oov_idx': 14416, 'vocab_size': 14417}",
    "Age": "{'source': '', 'type': 'categorical', 'padding_idx': 0, 'oov_idx': 8, 'vocab_size': 9}",
    "Depth": "{'source': '', 'type': 'categorical', 'padding_idx': 0, 'oov_idx': 3, 'vocab_size': 4}",
    "DescriptionID": "{'source': '', 'type': 'categorical', 'padding_idx': 0, 'oov_idx': 614455, 'vocab_size': 614456}",
    "DisplayURL": "{'source': '', 'type': 'categorical', 'padding_idx': 0, 'oov_idx': 22591, 'vocab_size': 22592}",
    "Gender": "{'source': '', 'type': 'categorical', 'padding_idx': 0, 'oov_idx': 4, 'vocab_size': 5}",
    "Impression": "{'source': '', 'type': 'categorical', 'padding_idx': 0, 'oov_idx': 90, 'vocab_size': 91}",
    "KeywordID": "{'source': '', 'type': 'categorical', 'padding_idx': 0, 'oov_idx': 358326, 'vocab_size': 358327}",
    "Position": "{'source': '', 'type': 'categorical', 'padding_idx': 0, 'oov_idx': 3, 'vocab_size': 4}",
    "QueryID": "{'source': '', 'type': 'categorical', 'padding_idx': 0, 'oov_idx': 997505, 'vocab_size': 997506}",
    "TitleID": "{'source': '', 'type': 'categorical', 'padding_idx': 0, 'oov_idx': 762415, 'vocab_size': 762416}",
    "UserID": "{'source': '', 'type': 'categorical', 'padding_idx': 0, 'oov_idx': 1618170, 'vocab_size': 1618171}"
}
2025-05-16 06:02:11,947 P510770 INFO Total number of parameters: 74998654.
2025-05-16 06:02:11,947 P510770 INFO Loading data...
2025-05-16 06:02:11,947 P510770 INFO Loading data from h5: ../../../data/KDD12_x10/train.h5
2025-05-16 06:02:24,729 P510770 INFO Train samples: total/113096830, blocks/1
2025-05-16 06:02:24,729 P510770 INFO Loading data from h5: ../../../data/KDD12_x10/valid.h5
2025-05-16 06:02:26,525 P510770 INFO Validation samples: total/14137104, blocks/1
2025-05-16 06:02:26,525 P510770 INFO Loading train and validation data done.
2025-05-16 06:02:26,525 P510770 INFO Start training: 11310 batches/epoch
2025-05-16 06:02:26,525 P510770 INFO ************ Epoch=1 start ************
2025-05-16 06:15:02,333 P510770 INFO Train loss: 0.157317
2025-05-16 06:15:02,333 P510770 INFO Evaluation @epoch 1 - batch 11310: 
2025-05-16 06:15:30,550 P510770 INFO ===
2025-05-16 06:15:30,550 P510770 INFO [Metrics] AUC: 0.806422 - logloss: 0.150288
2025-05-16 06:15:30,568 P510770 INFO Save best model: monitor(max)=0.806422
2025-05-16 06:15:31,578 P510770 INFO ************ Epoch=1 end ************
2025-05-16 06:28:07,555 P510770 INFO Train loss: 0.151899
2025-05-16 06:28:07,555 P510770 INFO Evaluation @epoch 2 - batch 11310: 
2025-05-16 06:28:35,903 P510770 INFO ===
2025-05-16 06:28:35,903 P510770 INFO [Metrics] AUC: 0.809302 - logloss: 0.149682
2025-05-16 06:28:35,921 P510770 INFO Save best model: monitor(max)=0.809302
2025-05-16 06:28:37,026 P510770 INFO ************ Epoch=2 end ************
2025-05-16 06:41:13,326 P510770 INFO Train loss: 0.148523
2025-05-16 06:41:13,326 P510770 INFO Evaluation @epoch 3 - batch 11310: 
2025-05-16 06:41:41,540 P510770 INFO ===
2025-05-16 06:41:41,540 P510770 INFO [Metrics] AUC: 0.806367 - logloss: 0.150484
2025-05-16 06:41:41,559 P510770 INFO Monitor(max)=0.806367 STOP!
2025-05-16 06:41:41,560 P510770 INFO Reduce learning rate on plateau: 0.000100
2025-05-16 06:41:42,140 P510770 INFO ************ Epoch=3 end ************
2025-05-16 06:54:20,119 P510770 INFO Train loss: 0.130692
2025-05-16 06:54:20,119 P510770 INFO Evaluation @epoch 4 - batch 11310: 
2025-05-16 06:54:48,326 P510770 INFO ===
2025-05-16 06:54:48,326 P510770 INFO [Metrics] AUC: 0.788146 - logloss: 0.162740
2025-05-16 06:54:48,345 P510770 INFO Monitor(max)=0.788146 STOP!
2025-05-16 06:54:48,345 P510770 INFO Reduce learning rate on plateau: 0.000010
2025-05-16 06:54:48,345 P510770 INFO ********* Epoch==4 early stop *********
2025-05-16 06:54:48,942 P510770 INFO Training finished.
2025-05-16 06:54:48,942 P510770 INFO Load best model: /root/autodl-tmp/model_zoo/DCNv3/DCNv3_torch/checkpoints/KDD12_x10/FCNv1_KDD12_009_c900c048.model
2025-05-16 06:54:49,119 P510770 INFO ****** Validation evaluation ******
2025-05-16 06:55:17,304 P510770 INFO ===
2025-05-16 06:55:17,304 P510770 INFO [Metrics] logloss: 0.149682 - AUC: 0.809302
2025-05-16 06:55:17,823 P510770 INFO ******** Test evaluation ********
2025-05-16 06:55:17,823 P510770 INFO Loading data...
2025-05-16 06:55:17,823 P510770 INFO Loading data from h5: ../../../data/KDD12_x10/test.h5
2025-05-16 06:55:19,591 P510770 INFO Test samples: total/14137104, blocks/1
2025-05-16 06:55:19,591 P510770 INFO Loading test data done.
2025-05-16 06:55:47,327 P510770 INFO ===
2025-05-16 06:55:47,327 P510770 INFO [Metrics] logloss: 0.149443 - AUC: 0.809590
