2025-05-16 02:16:39,462 P362478 INFO Params: {
    "batch_norm": "True",
    "batch_size": "10000",
    "data_format": "csv",
    "data_root": "../../../data/",
    "dataset_id": "KDD12_x10",
    "debug_mode": "False",
    "early_stop_patience": "2",
    "embedding_dim": "16",
    "embedding_regularizer": "1e-07",
    "epochs": "100",
    "eval_steps": "None",
    "exp_num_layers": "6",
    "feature_cols": "[{'active': True, 'dtype': 'float', 'name': ['Depth', 'Position', 'Impression'], 'preprocess': 'convert_to_bucket', 'type': 'categorical'}, {'active': True, 'dtype': 'float', 'name': ['DisplayURL', 'AdID', 'AdvertiserID', 'QueryID', 'KeywordID', 'TitleID', 'DescriptionID', 'UserID', 'Gender', 'Age'], 'type': 'categorical'}]",
    "feature_config": "None",
    "feature_specs": "None",
    "gpu": "1",
    "group_id": "None",
    "label_col": "{'dtype': 'float', 'name': 'Click'}",
    "layer_norm": "True",
    "learning_rate": "0.001",
    "lin_num_layers": "8",
    "loss": "binary_crossentropy",
    "metrics": "['logloss', 'AUC']",
    "min_categr_count": "10",
    "model": "FCNv1",
    "model_id": "FCNv1_KDD12_005_5d0f9dec",
    "model_root": "./checkpoints/",
    "monitor": "{'AUC': 1, 'logloss': 0}",
    "monitor_mode": "max",
    "net_dropout": "0",
    "net_regularizer": "0",
    "num_heads": "1",
    "num_workers": "8",
    "optimizer": "adam",
    "pickle_feature_encoder": "True",
    "save_best_only": "True",
    "seed": "2025",
    "shuffle": "True",
    "task": "binary_classification",
    "test_data": "../../../data/KDD12/test.csv",
    "train_data": "../../../data/KDD12/train.csv",
    "use_features": "None",
    "valid_data": "../../../data/KDD12/valid.csv",
    "verbose": "1"
}
2025-05-16 02:16:39,462 P362478 INFO Set up feature processor...
2025-05-16 02:16:39,463 P362478 WARNING Skip rebuilding ../../../data/KDD12_x10/feature_map.json. Please delete it manually if rebuilding is required.
2025-05-16 02:16:39,463 P362478 INFO Load feature_map from json: ../../../data/KDD12_x10/feature_map.json
2025-05-16 02:16:39,463 P362478 INFO Set column index...
2025-05-16 02:16:39,463 P362478 INFO Feature specs: {
    "AdID": "{'source': '', 'type': 'categorical', 'padding_idx': 0, 'oov_idx': 280097, 'vocab_size': 280098}",
    "AdvertiserID": "{'source': '', 'type': 'categorical', 'padding_idx': 0, 'oov_idx': 14416, 'vocab_size': 14417}",
    "Age": "{'source': '', 'type': 'categorical', 'padding_idx': 0, 'oov_idx': 8, 'vocab_size': 9}",
    "Depth": "{'source': '', 'type': 'categorical', 'padding_idx': 0, 'oov_idx': 3, 'vocab_size': 4}",
    "DescriptionID": "{'source': '', 'type': 'categorical', 'padding_idx': 0, 'oov_idx': 614455, 'vocab_size': 614456}",
    "DisplayURL": "{'source': '', 'type': 'categorical', 'padding_idx': 0, 'oov_idx': 22591, 'vocab_size': 22592}",
    "Gender": "{'source': '', 'type': 'categorical', 'padding_idx': 0, 'oov_idx': 4, 'vocab_size': 5}",
    "Impression": "{'source': '', 'type': 'categorical', 'padding_idx': 0, 'oov_idx': 90, 'vocab_size': 91}",
    "KeywordID": "{'source': '', 'type': 'categorical', 'padding_idx': 0, 'oov_idx': 358326, 'vocab_size': 358327}",
    "Position": "{'source': '', 'type': 'categorical', 'padding_idx': 0, 'oov_idx': 3, 'vocab_size': 4}",
    "QueryID": "{'source': '', 'type': 'categorical', 'padding_idx': 0, 'oov_idx': 997505, 'vocab_size': 997506}",
    "TitleID": "{'source': '', 'type': 'categorical', 'padding_idx': 0, 'oov_idx': 762415, 'vocab_size': 762416}",
    "UserID": "{'source': '', 'type': 'categorical', 'padding_idx': 0, 'oov_idx': 1618170, 'vocab_size': 1618171}"
}
2025-05-16 02:16:43,765 P362478 INFO Total number of parameters: 74998654.
2025-05-16 02:16:43,765 P362478 INFO Loading data...
2025-05-16 02:16:43,765 P362478 INFO Loading data from h5: ../../../data/KDD12_x10/train.h5
2025-05-16 02:16:56,601 P362478 INFO Train samples: total/113096830, blocks/1
2025-05-16 02:16:56,601 P362478 INFO Loading data from h5: ../../../data/KDD12_x10/valid.h5
2025-05-16 02:16:58,468 P362478 INFO Validation samples: total/14137104, blocks/1
2025-05-16 02:16:58,468 P362478 INFO Loading train and validation data done.
2025-05-16 02:16:58,468 P362478 INFO Start training: 11310 batches/epoch
2025-05-16 02:16:58,468 P362478 INFO ************ Epoch=1 start ************
2025-05-16 02:29:35,057 P362478 INFO Train loss: 0.157087
2025-05-16 02:29:35,057 P362478 INFO Evaluation @epoch 1 - batch 11310: 
2025-05-16 02:30:03,876 P362478 INFO ===
2025-05-16 02:30:03,876 P362478 INFO [Metrics] AUC: 0.807095 - logloss: 0.150156
2025-05-16 02:30:03,896 P362478 INFO Save best model: monitor(max)=0.807095
2025-05-16 02:30:04,800 P362478 INFO ************ Epoch=1 end ************
2025-05-16 02:42:47,142 P362478 INFO Train loss: 0.151950
2025-05-16 02:42:47,142 P362478 INFO Evaluation @epoch 2 - batch 11310: 
2025-05-16 02:43:16,014 P362478 INFO ===
2025-05-16 02:43:16,014 P362478 INFO [Metrics] AUC: 0.808599 - logloss: 0.149804
2025-05-16 02:43:16,032 P362478 INFO Save best model: monitor(max)=0.808599
2025-05-16 02:43:17,114 P362478 INFO ************ Epoch=2 end ************
2025-05-16 02:55:58,153 P362478 INFO Train loss: 0.150318
2025-05-16 02:55:58,153 P362478 INFO Evaluation @epoch 3 - batch 11310: 
2025-05-16 02:56:27,004 P362478 INFO ===
2025-05-16 02:56:27,004 P362478 INFO [Metrics] AUC: 0.806559 - logloss: 0.150319
2025-05-16 02:56:27,023 P362478 INFO Monitor(max)=0.806559 STOP!
2025-05-16 02:56:27,023 P362478 INFO Reduce learning rate on plateau: 0.000100
2025-05-16 02:56:27,624 P362478 INFO ************ Epoch=3 end ************
2025-05-16 03:09:07,603 P362478 INFO Train loss: 0.132375
2025-05-16 03:09:07,603 P362478 INFO Evaluation @epoch 4 - batch 11310: 
2025-05-16 03:09:36,923 P362478 INFO ===
2025-05-16 03:09:36,923 P362478 INFO [Metrics] AUC: 0.790700 - logloss: 0.160325
2025-05-16 03:09:36,942 P362478 INFO Monitor(max)=0.790700 STOP!
2025-05-16 03:09:36,942 P362478 INFO Reduce learning rate on plateau: 0.000010
2025-05-16 03:09:36,942 P362478 INFO ********* Epoch==4 early stop *********
2025-05-16 03:09:37,543 P362478 INFO Training finished.
2025-05-16 03:09:37,543 P362478 INFO Load best model: /root/autodl-tmp/model_zoo/DCNv3/DCNv3_torch/checkpoints/KDD12_x10/FCNv1_KDD12_005_5d0f9dec.model
2025-05-16 03:09:37,711 P362478 INFO ****** Validation evaluation ******
2025-05-16 03:10:07,313 P362478 INFO ===
2025-05-16 03:10:07,313 P362478 INFO [Metrics] logloss: 0.149804 - AUC: 0.808599
2025-05-16 03:10:08,186 P362478 INFO ******** Test evaluation ********
2025-05-16 03:10:08,186 P362478 INFO Loading data...
2025-05-16 03:10:08,187 P362478 INFO Loading data from h5: ../../../data/KDD12_x10/test.h5
2025-05-16 03:10:09,982 P362478 INFO Test samples: total/14137104, blocks/1
2025-05-16 03:10:09,982 P362478 INFO Loading test data done.
2025-05-16 03:10:36,860 P362478 INFO ===
2025-05-16 03:10:36,860 P362478 INFO [Metrics] logloss: 0.149561 - AUC: 0.808900
