2025-05-16 08:55:29,349 P610715 INFO Params: {
    "batch_norm": "True",
    "batch_size": "10000",
    "data_format": "csv",
    "data_root": "../../../data/",
    "dataset_id": "KDD12_x10",
    "debug_mode": "False",
    "early_stop_patience": "2",
    "embedding_dim": "16",
    "embedding_regularizer": "1e-07",
    "epochs": "100",
    "eval_steps": "None",
    "exp_num_layers": "8",
    "feature_cols": "[{'active': True, 'dtype': 'float', 'name': ['Depth', 'Position', 'Impression'], 'preprocess': 'convert_to_bucket', 'type': 'categorical'}, {'active': True, 'dtype': 'float', 'name': ['DisplayURL', 'AdID', 'AdvertiserID', 'QueryID', 'KeywordID', 'TitleID', 'DescriptionID', 'UserID', 'Gender', 'Age'], 'type': 'categorical'}]",
    "feature_config": "None",
    "feature_specs": "None",
    "gpu": "1",
    "group_id": "None",
    "label_col": "{'dtype': 'float', 'name': 'Click'}",
    "layer_norm": "True",
    "learning_rate": "0.001",
    "lin_num_layers": "5",
    "loss": "binary_crossentropy",
    "metrics": "['logloss', 'AUC']",
    "min_categr_count": "10",
    "model": "FCNv1",
    "model_id": "FCNv1_KDD12_012_ca7e9e28",
    "model_root": "./checkpoints/",
    "monitor": "{'AUC': 1, 'logloss': 0}",
    "monitor_mode": "max",
    "net_dropout": "0",
    "net_regularizer": "0",
    "num_heads": "1",
    "num_workers": "8",
    "optimizer": "adam",
    "pickle_feature_encoder": "True",
    "save_best_only": "True",
    "seed": "2025",
    "shuffle": "True",
    "task": "binary_classification",
    "test_data": "../../../data/KDD12/test.csv",
    "train_data": "../../../data/KDD12/train.csv",
    "use_features": "None",
    "valid_data": "../../../data/KDD12/valid.csv",
    "verbose": "1"
}
2025-05-16 08:55:29,350 P610715 INFO Set up feature processor...
2025-05-16 08:55:29,350 P610715 WARNING Skip rebuilding ../../../data/KDD12_x10/feature_map.json. Please delete it manually if rebuilding is required.
2025-05-16 08:55:29,350 P610715 INFO Load feature_map from json: ../../../data/KDD12_x10/feature_map.json
2025-05-16 08:55:29,350 P610715 INFO Set column index...
2025-05-16 08:55:29,350 P610715 INFO Feature specs: {
    "AdID": "{'source': '', 'type': 'categorical', 'padding_idx': 0, 'oov_idx': 280097, 'vocab_size': 280098}",
    "AdvertiserID": "{'source': '', 'type': 'categorical', 'padding_idx': 0, 'oov_idx': 14416, 'vocab_size': 14417}",
    "Age": "{'source': '', 'type': 'categorical', 'padding_idx': 0, 'oov_idx': 8, 'vocab_size': 9}",
    "Depth": "{'source': '', 'type': 'categorical', 'padding_idx': 0, 'oov_idx': 3, 'vocab_size': 4}",
    "DescriptionID": "{'source': '', 'type': 'categorical', 'padding_idx': 0, 'oov_idx': 614455, 'vocab_size': 614456}",
    "DisplayURL": "{'source': '', 'type': 'categorical', 'padding_idx': 0, 'oov_idx': 22591, 'vocab_size': 22592}",
    "Gender": "{'source': '', 'type': 'categorical', 'padding_idx': 0, 'oov_idx': 4, 'vocab_size': 5}",
    "Impression": "{'source': '', 'type': 'categorical', 'padding_idx': 0, 'oov_idx': 90, 'vocab_size': 91}",
    "KeywordID": "{'source': '', 'type': 'categorical', 'padding_idx': 0, 'oov_idx': 358326, 'vocab_size': 358327}",
    "Position": "{'source': '', 'type': 'categorical', 'padding_idx': 0, 'oov_idx': 3, 'vocab_size': 4}",
    "QueryID": "{'source': '', 'type': 'categorical', 'padding_idx': 0, 'oov_idx': 997505, 'vocab_size': 997506}",
    "TitleID": "{'source': '', 'type': 'categorical', 'padding_idx': 0, 'oov_idx': 762415, 'vocab_size': 762416}",
    "UserID": "{'source': '', 'type': 'categorical', 'padding_idx': 0, 'oov_idx': 1618170, 'vocab_size': 1618171}"
}
2025-05-16 08:55:33,873 P610715 INFO Total number of parameters: 74976604.
2025-05-16 08:55:33,873 P610715 INFO Loading data...
2025-05-16 08:55:33,874 P610715 INFO Loading data from h5: ../../../data/KDD12_x10/train.h5
2025-05-16 08:55:47,315 P610715 INFO Train samples: total/113096830, blocks/1
2025-05-16 08:55:47,316 P610715 INFO Loading data from h5: ../../../data/KDD12_x10/valid.h5
2025-05-16 08:55:49,209 P610715 INFO Validation samples: total/14137104, blocks/1
2025-05-16 08:55:49,209 P610715 INFO Loading train and validation data done.
2025-05-16 08:55:49,209 P610715 INFO Start training: 11310 batches/epoch
2025-05-16 08:55:49,209 P610715 INFO ************ Epoch=1 start ************
2025-05-16 09:07:55,474 P610715 INFO Train loss: 0.157451
2025-05-16 09:07:55,474 P610715 INFO Evaluation @epoch 1 - batch 11310: 
2025-05-16 09:08:25,108 P610715 INFO ===
2025-05-16 09:08:25,109 P610715 INFO [Metrics] AUC: 0.806986 - logloss: 0.150234
2025-05-16 09:08:25,128 P610715 INFO Save best model: monitor(max)=0.806986
2025-05-16 09:08:26,153 P610715 INFO ************ Epoch=1 end ************
2025-05-16 09:20:34,923 P610715 INFO Train loss: 0.152044
2025-05-16 09:20:34,923 P610715 INFO Evaluation @epoch 2 - batch 11310: 
2025-05-16 09:21:04,459 P610715 INFO ===
2025-05-16 09:21:04,459 P610715 INFO [Metrics] AUC: 0.808972 - logloss: 0.149794
2025-05-16 09:21:04,478 P610715 INFO Save best model: monitor(max)=0.808972
2025-05-16 09:21:05,539 P610715 INFO ************ Epoch=2 end ************
2025-05-16 09:33:12,744 P610715 INFO Train loss: 0.148290
2025-05-16 09:33:12,745 P610715 INFO Evaluation @epoch 3 - batch 11310: 
2025-05-16 09:33:42,161 P610715 INFO ===
2025-05-16 09:33:42,161 P610715 INFO [Metrics] AUC: 0.806390 - logloss: 0.150715
2025-05-16 09:33:42,178 P610715 INFO Monitor(max)=0.806390 STOP!
2025-05-16 09:33:42,178 P610715 INFO Reduce learning rate on plateau: 0.000100
2025-05-16 09:33:42,834 P610715 INFO ************ Epoch=3 end ************
2025-05-16 09:45:49,156 P610715 INFO Train loss: 0.130037
2025-05-16 09:45:49,156 P610715 INFO Evaluation @epoch 4 - batch 11310: 
2025-05-16 09:46:18,367 P610715 INFO ===
2025-05-16 09:46:18,367 P610715 INFO [Metrics] AUC: 0.786671 - logloss: 0.164677
2025-05-16 09:46:18,383 P610715 INFO Monitor(max)=0.786671 STOP!
2025-05-16 09:46:18,383 P610715 INFO Reduce learning rate on plateau: 0.000010
2025-05-16 09:46:18,383 P610715 INFO ********* Epoch==4 early stop *********
2025-05-16 09:46:19,024 P610715 INFO Training finished.
2025-05-16 09:46:19,024 P610715 INFO Load best model: /root/autodl-tmp/model_zoo/DCNv3/DCNv3_torch/checkpoints/KDD12_x10/FCNv1_KDD12_012_ca7e9e28.model
2025-05-16 09:46:19,208 P610715 INFO ****** Validation evaluation ******
2025-05-16 09:46:49,021 P610715 INFO ===
2025-05-16 09:46:49,021 P610715 INFO [Metrics] logloss: 0.149794 - AUC: 0.808972
2025-05-16 09:46:49,888 P610715 INFO ******** Test evaluation ********
2025-05-16 09:46:49,888 P610715 INFO Loading data...
2025-05-16 09:46:49,889 P610715 INFO Loading data from h5: ../../../data/KDD12_x10/test.h5
2025-05-16 09:46:51,682 P610715 INFO Test samples: total/14137104, blocks/1
2025-05-16 09:46:51,683 P610715 INFO Loading test data done.
2025-05-16 09:47:19,276 P610715 INFO ===
2025-05-16 09:47:19,277 P610715 INFO [Metrics] logloss: 0.149545 - AUC: 0.809157
