2025-05-16 05:59:57,991 P504275 INFO Params: {
    "batch_norm": "True",
    "batch_size": "10000",
    "data_format": "csv",
    "data_root": "../../../data/",
    "dataset_id": "KDD12_x10",
    "debug_mode": "False",
    "early_stop_patience": "2",
    "embedding_dim": "16",
    "embedding_regularizer": "1e-07",
    "epochs": "100",
    "eval_steps": "None",
    "exp_num_layers": "4",
    "feature_cols": "[{'active': True, 'dtype': 'float', 'name': ['Depth', 'Position', 'Impression'], 'preprocess': 'convert_to_bucket', 'type': 'categorical'}, {'active': True, 'dtype': 'float', 'name': ['DisplayURL', 'AdID', 'AdvertiserID', 'QueryID', 'KeywordID', 'TitleID', 'DescriptionID', 'UserID', 'Gender', 'Age'], 'type': 'categorical'}]",
    "feature_config": "None",
    "feature_specs": "None",
    "gpu": "0",
    "group_id": "None",
    "label_col": "{'dtype': 'float', 'name': 'Click'}",
    "layer_norm": "True",
    "learning_rate": "0.001",
    "lin_num_layers": "4",
    "loss": "binary_crossentropy",
    "metrics": "['logloss', 'AUC']",
    "min_categr_count": "10",
    "model": "FCNv2",
    "model_id": "FCNv2_KDD12_010_13d48ce8",
    "model_root": "./checkpoints/",
    "monitor": "{'AUC': 1, 'logloss': 0}",
    "monitor_mode": "max",
    "net_dropout": "0",
    "net_regularizer": "0",
    "num_heads": "1",
    "num_workers": "8",
    "optimizer": "adam",
    "pickle_feature_encoder": "True",
    "save_best_only": "True",
    "seed": "2025",
    "shuffle": "True",
    "task": "binary_classification",
    "test_data": "../../../data/KDD12/test.csv",
    "train_data": "../../../data/KDD12/train.csv",
    "use_features": "None",
    "valid_data": "../../../data/KDD12/valid.csv",
    "verbose": "1"
}
2025-05-16 05:59:57,991 P504275 INFO Set up feature processor...
2025-05-16 05:59:57,991 P504275 WARNING Skip rebuilding ../../../data/KDD12_x10/feature_map.json. Please delete it manually if rebuilding is required.
2025-05-16 05:59:57,991 P504275 INFO Load feature_map from json: ../../../data/KDD12_x10/feature_map.json
2025-05-16 05:59:57,991 P504275 INFO Set column index...
2025-05-16 05:59:57,991 P504275 INFO Feature specs: {
    "AdID": "{'source': '', 'type': 'categorical', 'padding_idx': 0, 'oov_idx': 280097, 'vocab_size': 280098}",
    "AdvertiserID": "{'source': '', 'type': 'categorical', 'padding_idx': 0, 'oov_idx': 14416, 'vocab_size': 14417}",
    "Age": "{'source': '', 'type': 'categorical', 'padding_idx': 0, 'oov_idx': 8, 'vocab_size': 9}",
    "Depth": "{'source': '', 'type': 'categorical', 'padding_idx': 0, 'oov_idx': 3, 'vocab_size': 4}",
    "DescriptionID": "{'source': '', 'type': 'categorical', 'padding_idx': 0, 'oov_idx': 614455, 'vocab_size': 614456}",
    "DisplayURL": "{'source': '', 'type': 'categorical', 'padding_idx': 0, 'oov_idx': 22591, 'vocab_size': 22592}",
    "Gender": "{'source': '', 'type': 'categorical', 'padding_idx': 0, 'oov_idx': 4, 'vocab_size': 5}",
    "Impression": "{'source': '', 'type': 'categorical', 'padding_idx': 0, 'oov_idx': 90, 'vocab_size': 91}",
    "KeywordID": "{'source': '', 'type': 'categorical', 'padding_idx': 0, 'oov_idx': 358326, 'vocab_size': 358327}",
    "Position": "{'source': '', 'type': 'categorical', 'padding_idx': 0, 'oov_idx': 3, 'vocab_size': 4}",
    "QueryID": "{'source': '', 'type': 'categorical', 'padding_idx': 0, 'oov_idx': 997505, 'vocab_size': 997506}",
    "TitleID": "{'source': '', 'type': 'categorical', 'padding_idx': 0, 'oov_idx': 762415, 'vocab_size': 762416}",
    "UserID": "{'source': '', 'type': 'categorical', 'padding_idx': 0, 'oov_idx': 1618170, 'vocab_size': 1618171}"
}
2025-05-16 06:00:02,549 P504275 INFO Total number of parameters: 75042754.
2025-05-16 06:00:02,549 P504275 INFO Loading data...
2025-05-16 06:00:02,549 P504275 INFO Loading data from h5: ../../../data/KDD12_x10/train.h5
2025-05-16 06:00:16,548 P504275 INFO Train samples: total/113096830, blocks/1
2025-05-16 06:00:16,548 P504275 INFO Loading data from h5: ../../../data/KDD12_x10/valid.h5
2025-05-16 06:00:18,290 P504275 INFO Validation samples: total/14137104, blocks/1
2025-05-16 06:00:18,290 P504275 INFO Loading train and validation data done.
2025-05-16 06:00:18,290 P504275 INFO Start training: 11310 batches/epoch
2025-05-16 06:00:18,290 P504275 INFO ************ Epoch=1 start ************
2025-05-16 06:14:19,514 P504275 INFO Train loss: 0.156643
2025-05-16 06:14:19,514 P504275 INFO Evaluation @epoch 1 - batch 11310: 
2025-05-16 06:14:49,623 P504275 INFO ===
2025-05-16 06:14:49,623 P504275 INFO [Metrics] AUC: 0.807332 - logloss: 0.150097
2025-05-16 06:14:49,643 P504275 INFO Save best model: monitor(max)=0.807332
2025-05-16 06:14:50,668 P504275 INFO ************ Epoch=1 end ************
2025-05-16 06:28:52,827 P504275 INFO Train loss: 0.151930
2025-05-16 06:28:52,827 P504275 INFO Evaluation @epoch 2 - batch 11310: 
2025-05-16 06:29:23,279 P504275 INFO ===
2025-05-16 06:29:23,279 P504275 INFO [Metrics] AUC: 0.807719 - logloss: 0.149956
2025-05-16 06:29:23,299 P504275 INFO Save best model: monitor(max)=0.807719
2025-05-16 06:29:24,352 P504275 INFO ************ Epoch=2 end ************
2025-05-16 06:43:25,432 P504275 INFO Train loss: 0.150557
2025-05-16 06:43:25,432 P504275 INFO Evaluation @epoch 3 - batch 11310: 
2025-05-16 06:43:55,847 P504275 INFO ===
2025-05-16 06:43:55,847 P504275 INFO [Metrics] AUC: 0.807934 - logloss: 0.150216
2025-05-16 06:43:55,866 P504275 INFO Save best model: monitor(max)=0.807934
2025-05-16 06:43:56,917 P504275 INFO ************ Epoch=3 end ************
2025-05-16 06:57:58,572 P504275 INFO Train loss: 0.148560
2025-05-16 06:57:58,572 P504275 INFO Evaluation @epoch 4 - batch 11310: 
2025-05-16 06:58:29,055 P504275 INFO ===
2025-05-16 06:58:29,056 P504275 INFO [Metrics] AUC: 0.807338 - logloss: 0.150641
2025-05-16 06:58:29,074 P504275 INFO Monitor(max)=0.807338 STOP!
2025-05-16 06:58:29,074 P504275 INFO Reduce learning rate on plateau: 0.000100
2025-05-16 06:58:29,694 P504275 INFO ************ Epoch=4 end ************
2025-05-16 07:12:33,611 P504275 INFO Train loss: 0.127619
2025-05-16 07:12:33,611 P504275 INFO Evaluation @epoch 5 - batch 11310: 
2025-05-16 07:13:03,920 P504275 INFO ===
2025-05-16 07:13:03,920 P504275 INFO [Metrics] AUC: 0.786662 - logloss: 0.164327
2025-05-16 07:13:03,938 P504275 INFO Monitor(max)=0.786662 STOP!
2025-05-16 07:13:03,939 P504275 INFO Reduce learning rate on plateau: 0.000010
2025-05-16 07:13:03,939 P504275 INFO ********* Epoch==5 early stop *********
2025-05-16 07:13:04,527 P504275 INFO Training finished.
2025-05-16 07:13:04,527 P504275 INFO Load best model: /root/autodl-tmp/model_zoo/DCNv3/DCNv3_torch/checkpoints/KDD12_x10/FCNv2_KDD12_010_13d48ce8.model
2025-05-16 07:13:04,693 P504275 INFO ****** Validation evaluation ******
2025-05-16 07:13:35,273 P504275 INFO ===
2025-05-16 07:13:35,273 P504275 INFO [Metrics] logloss: 0.150216 - AUC: 0.807934
2025-05-16 07:13:36,107 P504275 INFO ******** Test evaluation ********
2025-05-16 07:13:36,108 P504275 INFO Loading data...
2025-05-16 07:13:36,108 P504275 INFO Loading data from h5: ../../../data/KDD12_x10/test.h5
2025-05-16 07:13:37,828 P504275 INFO Test samples: total/14137104, blocks/1
2025-05-16 07:13:37,828 P504275 INFO Loading test data done.
2025-05-16 07:14:06,239 P504275 INFO ===
2025-05-16 07:14:06,239 P504275 INFO [Metrics] logloss: 0.149982 - AUC: 0.808198
