2025-05-16 05:10:31,481 P478490 INFO Params: {
    "batch_norm": "True",
    "batch_size": "10000",
    "data_format": "csv",
    "data_root": "../../../data/",
    "dataset_id": "KDD12_x10",
    "debug_mode": "False",
    "early_stop_patience": "2",
    "embedding_dim": "16",
    "embedding_regularizer": "1e-07",
    "epochs": "100",
    "eval_steps": "None",
    "exp_num_layers": "7",
    "feature_cols": "[{'active': True, 'dtype': 'float', 'name': ['Depth', 'Position', 'Impression'], 'preprocess': 'convert_to_bucket', 'type': 'categorical'}, {'active': True, 'dtype': 'float', 'name': ['DisplayURL', 'AdID', 'AdvertiserID', 'QueryID', 'KeywordID', 'TitleID', 'DescriptionID', 'UserID', 'Gender', 'Age'], 'type': 'categorical'}]",
    "feature_config": "None",
    "feature_specs": "None",
    "gpu": "1",
    "group_id": "None",
    "label_col": "{'dtype': 'float', 'name': 'Click'}",
    "layer_norm": "True",
    "learning_rate": "0.001",
    "lin_num_layers": "6",
    "loss": "binary_crossentropy",
    "metrics": "['logloss', 'AUC']",
    "min_categr_count": "10",
    "model": "FCNv1",
    "model_id": "FCNv1_KDD12_008_5eb1f91f",
    "model_root": "./checkpoints/",
    "monitor": "{'AUC': 1, 'logloss': 0}",
    "monitor_mode": "max",
    "net_dropout": "0",
    "net_regularizer": "0",
    "num_heads": "1",
    "num_workers": "8",
    "optimizer": "adam",
    "pickle_feature_encoder": "True",
    "save_best_only": "True",
    "seed": "2025",
    "shuffle": "True",
    "task": "binary_classification",
    "test_data": "../../../data/KDD12/test.csv",
    "train_data": "../../../data/KDD12/train.csv",
    "use_features": "None",
    "valid_data": "../../../data/KDD12/valid.csv",
    "verbose": "1"
}
2025-05-16 05:10:31,481 P478490 INFO Set up feature processor...
2025-05-16 05:10:31,482 P478490 WARNING Skip rebuilding ../../../data/KDD12_x10/feature_map.json. Please delete it manually if rebuilding is required.
2025-05-16 05:10:31,482 P478490 INFO Load feature_map from json: ../../../data/KDD12_x10/feature_map.json
2025-05-16 05:10:31,482 P478490 INFO Set column index...
2025-05-16 05:10:31,482 P478490 INFO Feature specs: {
    "AdID": "{'source': '', 'type': 'categorical', 'padding_idx': 0, 'oov_idx': 280097, 'vocab_size': 280098}",
    "AdvertiserID": "{'source': '', 'type': 'categorical', 'padding_idx': 0, 'oov_idx': 14416, 'vocab_size': 14417}",
    "Age": "{'source': '', 'type': 'categorical', 'padding_idx': 0, 'oov_idx': 8, 'vocab_size': 9}",
    "Depth": "{'source': '', 'type': 'categorical', 'padding_idx': 0, 'oov_idx': 3, 'vocab_size': 4}",
    "DescriptionID": "{'source': '', 'type': 'categorical', 'padding_idx': 0, 'oov_idx': 614455, 'vocab_size': 614456}",
    "DisplayURL": "{'source': '', 'type': 'categorical', 'padding_idx': 0, 'oov_idx': 22591, 'vocab_size': 22592}",
    "Gender": "{'source': '', 'type': 'categorical', 'padding_idx': 0, 'oov_idx': 4, 'vocab_size': 5}",
    "Impression": "{'source': '', 'type': 'categorical', 'padding_idx': 0, 'oov_idx': 90, 'vocab_size': 91}",
    "KeywordID": "{'source': '', 'type': 'categorical', 'padding_idx': 0, 'oov_idx': 358326, 'vocab_size': 358327}",
    "Position": "{'source': '', 'type': 'categorical', 'padding_idx': 0, 'oov_idx': 3, 'vocab_size': 4}",
    "QueryID": "{'source': '', 'type': 'categorical', 'padding_idx': 0, 'oov_idx': 997505, 'vocab_size': 997506}",
    "TitleID": "{'source': '', 'type': 'categorical', 'padding_idx': 0, 'oov_idx': 762415, 'vocab_size': 762416}",
    "UserID": "{'source': '', 'type': 'categorical', 'padding_idx': 0, 'oov_idx': 1618170, 'vocab_size': 1618171}"
}
2025-05-16 05:10:36,068 P478490 INFO Total number of parameters: 74976604.
2025-05-16 05:10:36,068 P478490 INFO Loading data...
2025-05-16 05:10:36,068 P478490 INFO Loading data from h5: ../../../data/KDD12_x10/train.h5
2025-05-16 05:10:49,280 P478490 INFO Train samples: total/113096830, blocks/1
2025-05-16 05:10:49,280 P478490 INFO Loading data from h5: ../../../data/KDD12_x10/valid.h5
2025-05-16 05:10:51,854 P478490 INFO Validation samples: total/14137104, blocks/1
2025-05-16 05:10:51,854 P478490 INFO Loading train and validation data done.
2025-05-16 05:10:51,855 P478490 INFO Start training: 11310 batches/epoch
2025-05-16 05:10:51,855 P478490 INFO ************ Epoch=1 start ************
2025-05-16 05:22:54,627 P478490 INFO Train loss: 0.157246
2025-05-16 05:22:54,627 P478490 INFO Evaluation @epoch 1 - batch 11310: 
2025-05-16 05:23:23,988 P478490 INFO ===
2025-05-16 05:23:23,988 P478490 INFO [Metrics] AUC: 0.806698 - logloss: 0.150334
2025-05-16 05:23:24,007 P478490 INFO Save best model: monitor(max)=0.806698
2025-05-16 05:23:25,026 P478490 INFO ************ Epoch=1 end ************
2025-05-16 05:35:26,142 P478490 INFO Train loss: 0.152006
2025-05-16 05:35:26,143 P478490 INFO Evaluation @epoch 2 - batch 11310: 
2025-05-16 05:35:55,382 P478490 INFO ===
2025-05-16 05:35:55,382 P478490 INFO [Metrics] AUC: 0.807915 - logloss: 0.149967
2025-05-16 05:35:55,399 P478490 INFO Save best model: monitor(max)=0.807915
2025-05-16 05:35:56,467 P478490 INFO ************ Epoch=2 end ************
2025-05-16 05:48:00,035 P478490 INFO Train loss: 0.150538
2025-05-16 05:48:00,035 P478490 INFO Evaluation @epoch 3 - batch 11310: 
2025-05-16 05:48:29,396 P478490 INFO ===
2025-05-16 05:48:29,396 P478490 INFO [Metrics] AUC: 0.807498 - logloss: 0.150220
2025-05-16 05:48:29,414 P478490 INFO Monitor(max)=0.807498 STOP!
2025-05-16 05:48:29,415 P478490 INFO Reduce learning rate on plateau: 0.000100
2025-05-16 05:48:29,976 P478490 INFO ************ Epoch=3 end ************
2025-05-16 06:00:33,977 P478490 INFO Train loss: 0.132778
2025-05-16 06:00:33,977 P478490 INFO Evaluation @epoch 4 - batch 11310: 
2025-05-16 06:01:03,347 P478490 INFO ===
2025-05-16 06:01:03,347 P478490 INFO [Metrics] AUC: 0.791187 - logloss: 0.160397
2025-05-16 06:01:03,367 P478490 INFO Monitor(max)=0.791187 STOP!
2025-05-16 06:01:03,367 P478490 INFO Reduce learning rate on plateau: 0.000010
2025-05-16 06:01:03,367 P478490 INFO ********* Epoch==4 early stop *********
2025-05-16 06:01:03,928 P478490 INFO Training finished.
2025-05-16 06:01:03,929 P478490 INFO Load best model: /root/autodl-tmp/model_zoo/DCNv3/DCNv3_torch/checkpoints/KDD12_x10/FCNv1_KDD12_008_5eb1f91f.model
2025-05-16 06:01:04,107 P478490 INFO ****** Validation evaluation ******
2025-05-16 06:01:33,666 P478490 INFO ===
2025-05-16 06:01:33,666 P478490 INFO [Metrics] logloss: 0.149967 - AUC: 0.807915
2025-05-16 06:01:34,485 P478490 INFO ******** Test evaluation ********
2025-05-16 06:01:34,485 P478490 INFO Loading data...
2025-05-16 06:01:34,485 P478490 INFO Loading data from h5: ../../../data/KDD12_x10/test.h5
2025-05-16 06:01:36,240 P478490 INFO Test samples: total/14137104, blocks/1
2025-05-16 06:01:36,240 P478490 INFO Loading test data done.
2025-05-16 06:02:04,044 P478490 INFO ===
2025-05-16 06:02:04,044 P478490 INFO [Metrics] logloss: 0.149735 - AUC: 0.808071
