2025-05-16 11:52:54,310 P710939 INFO Params: {
    "batch_norm": "True",
    "batch_size": "10000",
    "data_format": "csv",
    "data_root": "../../../data/",
    "dataset_id": "KDD12_x10",
    "debug_mode": "False",
    "early_stop_patience": "2",
    "embedding_dim": "16",
    "embedding_regularizer": "1e-07",
    "epochs": "100",
    "eval_steps": "None",
    "exp_num_layers": "8",
    "feature_cols": "[{'active': True, 'dtype': 'float', 'name': ['Depth', 'Position', 'Impression'], 'preprocess': 'convert_to_bucket', 'type': 'categorical'}, {'active': True, 'dtype': 'float', 'name': ['DisplayURL', 'AdID', 'AdvertiserID', 'QueryID', 'KeywordID', 'TitleID', 'DescriptionID', 'UserID', 'Gender', 'Age'], 'type': 'categorical'}]",
    "feature_config": "None",
    "feature_specs": "None",
    "gpu": "1",
    "group_id": "None",
    "label_col": "{'dtype': 'float', 'name': 'Click'}",
    "layer_norm": "True",
    "learning_rate": "0.001",
    "lin_num_layers": "8",
    "loss": "binary_crossentropy",
    "metrics": "['logloss', 'AUC']",
    "min_categr_count": "10",
    "model": "FCNv1",
    "model_id": "FCNv1_KDD12_015_deb4eef3",
    "model_root": "./checkpoints/",
    "monitor": "{'AUC': 1, 'logloss': 0}",
    "monitor_mode": "max",
    "net_dropout": "0",
    "net_regularizer": "0",
    "num_heads": "1",
    "num_workers": "8",
    "optimizer": "adam",
    "pickle_feature_encoder": "True",
    "save_best_only": "True",
    "seed": "2025",
    "shuffle": "True",
    "task": "binary_classification",
    "test_data": "../../../data/KDD12/test.csv",
    "train_data": "../../../data/KDD12/train.csv",
    "use_features": "None",
    "valid_data": "../../../data/KDD12/valid.csv",
    "verbose": "1"
}
2025-05-16 11:52:54,310 P710939 INFO Set up feature processor...
2025-05-16 11:52:54,310 P710939 WARNING Skip rebuilding ../../../data/KDD12_x10/feature_map.json. Please delete it manually if rebuilding is required.
2025-05-16 11:52:54,311 P710939 INFO Load feature_map from json: ../../../data/KDD12_x10/feature_map.json
2025-05-16 11:52:54,311 P710939 INFO Set column index...
2025-05-16 11:52:54,311 P710939 INFO Feature specs: {
    "AdID": "{'source': '', 'type': 'categorical', 'padding_idx': 0, 'oov_idx': 280097, 'vocab_size': 280098}",
    "AdvertiserID": "{'source': '', 'type': 'categorical', 'padding_idx': 0, 'oov_idx': 14416, 'vocab_size': 14417}",
    "Age": "{'source': '', 'type': 'categorical', 'padding_idx': 0, 'oov_idx': 8, 'vocab_size': 9}",
    "Depth": "{'source': '', 'type': 'categorical', 'padding_idx': 0, 'oov_idx': 3, 'vocab_size': 4}",
    "DescriptionID": "{'source': '', 'type': 'categorical', 'padding_idx': 0, 'oov_idx': 614455, 'vocab_size': 614456}",
    "DisplayURL": "{'source': '', 'type': 'categorical', 'padding_idx': 0, 'oov_idx': 22591, 'vocab_size': 22592}",
    "Gender": "{'source': '', 'type': 'categorical', 'padding_idx': 0, 'oov_idx': 4, 'vocab_size': 5}",
    "Impression": "{'source': '', 'type': 'categorical', 'padding_idx': 0, 'oov_idx': 90, 'vocab_size': 91}",
    "KeywordID": "{'source': '', 'type': 'categorical', 'padding_idx': 0, 'oov_idx': 358326, 'vocab_size': 358327}",
    "Position": "{'source': '', 'type': 'categorical', 'padding_idx': 0, 'oov_idx': 3, 'vocab_size': 4}",
    "QueryID": "{'source': '', 'type': 'categorical', 'padding_idx': 0, 'oov_idx': 997505, 'vocab_size': 997506}",
    "TitleID": "{'source': '', 'type': 'categorical', 'padding_idx': 0, 'oov_idx': 762415, 'vocab_size': 762416}",
    "UserID": "{'source': '', 'type': 'categorical', 'padding_idx': 0, 'oov_idx': 1618170, 'vocab_size': 1618171}"
}
2025-05-16 11:52:58,950 P710939 INFO Total number of parameters: 75042754.
2025-05-16 11:52:58,950 P710939 INFO Loading data...
2025-05-16 11:52:58,950 P710939 INFO Loading data from h5: ../../../data/KDD12_x10/train.h5
2025-05-16 11:53:11,951 P710939 INFO Train samples: total/113096830, blocks/1
2025-05-16 11:53:11,952 P710939 INFO Loading data from h5: ../../../data/KDD12_x10/valid.h5
2025-05-16 11:53:13,659 P710939 INFO Validation samples: total/14137104, blocks/1
2025-05-16 11:53:13,659 P710939 INFO Loading train and validation data done.
2025-05-16 11:53:13,659 P710939 INFO Start training: 11310 batches/epoch
2025-05-16 11:53:13,659 P710939 INFO ************ Epoch=1 start ************
2025-05-16 12:07:11,167 P710939 INFO Train loss: 0.157243
2025-05-16 12:07:11,168 P710939 INFO Evaluation @epoch 1 - batch 11310: 
2025-05-16 12:07:39,804 P710939 INFO ===
2025-05-16 12:07:39,804 P710939 INFO [Metrics] AUC: 0.806668 - logloss: 0.150231
2025-05-16 12:07:39,822 P710939 INFO Save best model: monitor(max)=0.806668
2025-05-16 12:07:40,796 P710939 INFO ************ Epoch=1 end ************
2025-05-16 12:21:39,832 P710939 INFO Train loss: 0.151795
2025-05-16 12:21:39,832 P710939 INFO Evaluation @epoch 2 - batch 11310: 
2025-05-16 12:22:08,381 P710939 INFO ===
2025-05-16 12:22:08,381 P710939 INFO [Metrics] AUC: 0.808058 - logloss: 0.149948
2025-05-16 12:22:08,400 P710939 INFO Save best model: monitor(max)=0.808058
2025-05-16 12:22:09,384 P710939 INFO ************ Epoch=2 end ************
2025-05-16 12:36:06,397 P710939 INFO Train loss: 0.149006
2025-05-16 12:36:06,398 P710939 INFO Evaluation @epoch 3 - batch 11310: 
2025-05-16 12:36:35,610 P710939 INFO ===
2025-05-16 12:36:35,611 P710939 INFO [Metrics] AUC: 0.807019 - logloss: 0.150621
2025-05-16 12:36:35,629 P710939 INFO Monitor(max)=0.807019 STOP!
2025-05-16 12:36:35,629 P710939 INFO Reduce learning rate on plateau: 0.000100
2025-05-16 12:36:36,056 P710939 INFO ************ Epoch=3 end ************
2025-05-16 12:50:35,765 P710939 INFO Train loss: 0.130405
2025-05-16 12:50:35,766 P710939 INFO Evaluation @epoch 4 - batch 11310: 
2025-05-16 12:51:04,815 P710939 INFO ===
2025-05-16 12:51:04,815 P710939 INFO [Metrics] AUC: 0.789208 - logloss: 0.162708
2025-05-16 12:51:04,834 P710939 INFO Monitor(max)=0.789208 STOP!
2025-05-16 12:51:04,835 P710939 INFO Reduce learning rate on plateau: 0.000010
2025-05-16 12:51:04,835 P710939 INFO ********* Epoch==4 early stop *********
2025-05-16 12:51:05,322 P710939 INFO Training finished.
2025-05-16 12:51:05,322 P710939 INFO Load best model: /root/autodl-tmp/model_zoo/DCNv3/DCNv3_torch/checkpoints/KDD12_x10/FCNv1_KDD12_015_deb4eef3.model
2025-05-16 12:51:05,487 P710939 INFO ****** Validation evaluation ******
2025-05-16 12:51:34,196 P710939 INFO ===
2025-05-16 12:51:34,196 P710939 INFO [Metrics] logloss: 0.149948 - AUC: 0.808058
2025-05-16 12:51:34,729 P710939 INFO ******** Test evaluation ********
2025-05-16 12:51:34,730 P710939 INFO Loading data...
2025-05-16 12:51:34,730 P710939 INFO Loading data from h5: ../../../data/KDD12_x10/test.h5
2025-05-16 12:51:36,642 P710939 INFO Test samples: total/14137104, blocks/1
2025-05-16 12:51:36,642 P710939 INFO Loading test data done.
2025-05-16 12:52:05,043 P710939 INFO ===
2025-05-16 12:52:05,043 P710939 INFO [Metrics] logloss: 0.149716 - AUC: 0.808366
