2025-05-16 02:50:20,210 P381832 INFO Params: {
    "batch_norm": "True",
    "batch_size": "10000",
    "data_format": "csv",
    "data_root": "../../../data/",
    "dataset_id": "KDD12_x10",
    "debug_mode": "False",
    "early_stop_patience": "2",
    "embedding_dim": "16",
    "embedding_regularizer": "1e-07",
    "epochs": "100",
    "eval_steps": "None",
    "exp_num_layers": "4",
    "feature_cols": "[{'active': True, 'dtype': 'float', 'name': ['Depth', 'Position', 'Impression'], 'preprocess': 'convert_to_bucket', 'type': 'categorical'}, {'active': True, 'dtype': 'float', 'name': ['DisplayURL', 'AdID', 'AdvertiserID', 'QueryID', 'KeywordID', 'TitleID', 'DescriptionID', 'UserID', 'Gender', 'Age'], 'type': 'categorical'}]",
    "feature_config": "None",
    "feature_specs": "None",
    "gpu": "0",
    "group_id": "None",
    "label_col": "{'dtype': 'float', 'name': 'Click'}",
    "layer_norm": "True",
    "learning_rate": "0.001",
    "lin_num_layers": "0",
    "loss": "binary_crossentropy",
    "metrics": "['logloss', 'AUC']",
    "min_categr_count": "10",
    "model": "FCNv2",
    "model_id": "FCNv2_KDD12_006_477bb3e1",
    "model_root": "./checkpoints/",
    "monitor": "{'AUC': 1, 'logloss': 0}",
    "monitor_mode": "max",
    "net_dropout": "0",
    "net_regularizer": "0",
    "num_heads": "1",
    "num_workers": "8",
    "optimizer": "adam",
    "pickle_feature_encoder": "True",
    "save_best_only": "True",
    "seed": "2025",
    "shuffle": "True",
    "task": "binary_classification",
    "test_data": "../../../data/KDD12/test.csv",
    "train_data": "../../../data/KDD12/train.csv",
    "use_features": "None",
    "valid_data": "../../../data/KDD12/valid.csv",
    "verbose": "1"
}
2025-05-16 02:50:20,211 P381832 INFO Set up feature processor...
2025-05-16 02:50:20,211 P381832 WARNING Skip rebuilding ../../../data/KDD12_x10/feature_map.json. Please delete it manually if rebuilding is required.
2025-05-16 02:50:20,211 P381832 INFO Load feature_map from json: ../../../data/KDD12_x10/feature_map.json
2025-05-16 02:50:20,211 P381832 INFO Set column index...
2025-05-16 02:50:20,211 P381832 INFO Feature specs: {
    "AdID": "{'source': '', 'type': 'categorical', 'padding_idx': 0, 'oov_idx': 280097, 'vocab_size': 280098}",
    "AdvertiserID": "{'source': '', 'type': 'categorical', 'padding_idx': 0, 'oov_idx': 14416, 'vocab_size': 14417}",
    "Age": "{'source': '', 'type': 'categorical', 'padding_idx': 0, 'oov_idx': 8, 'vocab_size': 9}",
    "Depth": "{'source': '', 'type': 'categorical', 'padding_idx': 0, 'oov_idx': 3, 'vocab_size': 4}",
    "DescriptionID": "{'source': '', 'type': 'categorical', 'padding_idx': 0, 'oov_idx': 614455, 'vocab_size': 614456}",
    "DisplayURL": "{'source': '', 'type': 'categorical', 'padding_idx': 0, 'oov_idx': 22591, 'vocab_size': 22592}",
    "Gender": "{'source': '', 'type': 'categorical', 'padding_idx': 0, 'oov_idx': 4, 'vocab_size': 5}",
    "Impression": "{'source': '', 'type': 'categorical', 'padding_idx': 0, 'oov_idx': 90, 'vocab_size': 91}",
    "KeywordID": "{'source': '', 'type': 'categorical', 'padding_idx': 0, 'oov_idx': 358326, 'vocab_size': 358327}",
    "Position": "{'source': '', 'type': 'categorical', 'padding_idx': 0, 'oov_idx': 3, 'vocab_size': 4}",
    "QueryID": "{'source': '', 'type': 'categorical', 'padding_idx': 0, 'oov_idx': 997505, 'vocab_size': 997506}",
    "TitleID": "{'source': '', 'type': 'categorical', 'padding_idx': 0, 'oov_idx': 762415, 'vocab_size': 762416}",
    "UserID": "{'source': '', 'type': 'categorical', 'padding_idx': 0, 'oov_idx': 1618170, 'vocab_size': 1618171}"
}
2025-05-16 02:50:24,781 P381832 INFO Total number of parameters: 74866354.
2025-05-16 02:50:24,782 P381832 INFO Loading data...
2025-05-16 02:50:24,782 P381832 INFO Loading data from h5: ../../../data/KDD12_x10/train.h5
2025-05-16 02:50:37,451 P381832 INFO Train samples: total/113096830, blocks/1
2025-05-16 02:50:37,451 P381832 INFO Loading data from h5: ../../../data/KDD12_x10/valid.h5
2025-05-16 02:50:39,240 P381832 INFO Validation samples: total/14137104, blocks/1
2025-05-16 02:50:39,240 P381832 INFO Loading train and validation data done.
2025-05-16 02:50:39,240 P381832 INFO Start training: 11310 batches/epoch
2025-05-16 02:50:39,240 P381832 INFO ************ Epoch=1 start ************
2025-05-16 02:59:50,799 P381832 INFO Train loss: 0.156917
2025-05-16 02:59:50,800 P381832 INFO Evaluation @epoch 1 - batch 11310: 
2025-05-16 03:00:17,125 P381832 INFO ===
2025-05-16 03:00:17,125 P381832 INFO [Metrics] AUC: 0.806802 - logloss: 0.150252
2025-05-16 03:00:17,145 P381832 INFO Save best model: monitor(max)=0.806802
2025-05-16 03:00:18,124 P381832 INFO ************ Epoch=1 end ************
2025-05-16 03:09:29,206 P381832 INFO Train loss: 0.151448
2025-05-16 03:09:29,206 P381832 INFO Evaluation @epoch 2 - batch 11310: 
2025-05-16 03:09:55,691 P381832 INFO ===
2025-05-16 03:09:55,691 P381832 INFO [Metrics] AUC: 0.809046 - logloss: 0.149835
2025-05-16 03:09:55,709 P381832 INFO Save best model: monitor(max)=0.809046
2025-05-16 03:09:56,716 P381832 INFO ************ Epoch=2 end ************
2025-05-16 03:19:09,597 P381832 INFO Train loss: 0.147952
2025-05-16 03:19:09,597 P381832 INFO Evaluation @epoch 3 - batch 11310: 
2025-05-16 03:19:36,553 P381832 INFO ===
2025-05-16 03:19:36,553 P381832 INFO [Metrics] AUC: 0.805147 - logloss: 0.150855
2025-05-16 03:19:36,571 P381832 INFO Monitor(max)=0.805147 STOP!
2025-05-16 03:19:36,571 P381832 INFO Reduce learning rate on plateau: 0.000100
2025-05-16 03:19:37,152 P381832 INFO ************ Epoch=3 end ************
2025-05-16 03:28:52,022 P381832 INFO Train loss: 0.131167
2025-05-16 03:28:52,023 P381832 INFO Evaluation @epoch 4 - batch 11310: 
2025-05-16 03:29:18,714 P381832 INFO ===
2025-05-16 03:29:18,714 P381832 INFO [Metrics] AUC: 0.790080 - logloss: 0.161714
2025-05-16 03:29:18,733 P381832 INFO Monitor(max)=0.790080 STOP!
2025-05-16 03:29:18,733 P381832 INFO Reduce learning rate on plateau: 0.000010
2025-05-16 03:29:18,733 P381832 INFO ********* Epoch==4 early stop *********
2025-05-16 03:29:19,304 P381832 INFO Training finished.
2025-05-16 03:29:19,305 P381832 INFO Load best model: /root/autodl-tmp/model_zoo/DCNv3/DCNv3_torch/checkpoints/KDD12_x10/FCNv2_KDD12_006_477bb3e1.model
2025-05-16 03:29:19,471 P381832 INFO ****** Validation evaluation ******
2025-05-16 03:29:46,417 P381832 INFO ===
2025-05-16 03:29:46,417 P381832 INFO [Metrics] logloss: 0.149835 - AUC: 0.809046
2025-05-16 03:29:47,052 P381832 INFO ******** Test evaluation ********
2025-05-16 03:29:47,052 P381832 INFO Loading data...
2025-05-16 03:29:47,052 P381832 INFO Loading data from h5: ../../../data/KDD12_x10/test.h5
2025-05-16 03:29:48,785 P381832 INFO Test samples: total/14137104, blocks/1
2025-05-16 03:29:48,785 P381832 INFO Loading test data done.
2025-05-16 03:30:14,630 P381832 INFO ===
2025-05-16 03:30:14,630 P381832 INFO [Metrics] logloss: 0.149593 - AUC: 0.809315
