2025-05-16 09:54:32,314 P649551 INFO Params: {
    "batch_norm": "True",
    "batch_size": "10000",
    "data_format": "csv",
    "data_root": "../../../data/",
    "dataset_id": "KDD12_x10",
    "debug_mode": "False",
    "early_stop_patience": "2",
    "embedding_dim": "16",
    "embedding_regularizer": "1e-07",
    "epochs": "100",
    "eval_steps": "None",
    "exp_num_layers": "5",
    "feature_cols": "[{'active': True, 'dtype': 'float', 'name': ['Depth', 'Position', 'Impression'], 'preprocess': 'convert_to_bucket', 'type': 'categorical'}, {'active': True, 'dtype': 'float', 'name': ['DisplayURL', 'AdID', 'AdvertiserID', 'QueryID', 'KeywordID', 'TitleID', 'DescriptionID', 'UserID', 'Gender', 'Age'], 'type': 'categorical'}]",
    "feature_config": "None",
    "feature_specs": "None",
    "gpu": "0",
    "group_id": "None",
    "label_col": "{'dtype': 'float', 'name': 'Click'}",
    "layer_norm": "True",
    "learning_rate": "0.001",
    "lin_num_layers": "3",
    "loss": "binary_crossentropy",
    "metrics": "['logloss', 'AUC']",
    "min_categr_count": "10",
    "model": "FCNv2",
    "model_id": "FCNv2_KDD12_014_ba1021be",
    "model_root": "./checkpoints/",
    "monitor": "{'AUC': 1, 'logloss': 0}",
    "monitor_mode": "max",
    "net_dropout": "0",
    "net_regularizer": "0",
    "num_heads": "1",
    "num_workers": "8",
    "optimizer": "adam",
    "pickle_feature_encoder": "True",
    "save_best_only": "True",
    "seed": "2025",
    "shuffle": "True",
    "task": "binary_classification",
    "test_data": "../../../data/KDD12/test.csv",
    "train_data": "../../../data/KDD12/train.csv",
    "use_features": "None",
    "valid_data": "../../../data/KDD12/valid.csv",
    "verbose": "1"
}
2025-05-16 09:54:32,315 P649551 INFO Set up feature processor...
2025-05-16 09:54:32,315 P649551 WARNING Skip rebuilding ../../../data/KDD12_x10/feature_map.json. Please delete it manually if rebuilding is required.
2025-05-16 09:54:32,315 P649551 INFO Load feature_map from json: ../../../data/KDD12_x10/feature_map.json
2025-05-16 09:54:32,315 P649551 INFO Set column index...
2025-05-16 09:54:32,315 P649551 INFO Feature specs: {
    "AdID": "{'source': '', 'type': 'categorical', 'padding_idx': 0, 'oov_idx': 280097, 'vocab_size': 280098}",
    "AdvertiserID": "{'source': '', 'type': 'categorical', 'padding_idx': 0, 'oov_idx': 14416, 'vocab_size': 14417}",
    "Age": "{'source': '', 'type': 'categorical', 'padding_idx': 0, 'oov_idx': 8, 'vocab_size': 9}",
    "Depth": "{'source': '', 'type': 'categorical', 'padding_idx': 0, 'oov_idx': 3, 'vocab_size': 4}",
    "DescriptionID": "{'source': '', 'type': 'categorical', 'padding_idx': 0, 'oov_idx': 614455, 'vocab_size': 614456}",
    "DisplayURL": "{'source': '', 'type': 'categorical', 'padding_idx': 0, 'oov_idx': 22591, 'vocab_size': 22592}",
    "Gender": "{'source': '', 'type': 'categorical', 'padding_idx': 0, 'oov_idx': 4, 'vocab_size': 5}",
    "Impression": "{'source': '', 'type': 'categorical', 'padding_idx': 0, 'oov_idx': 90, 'vocab_size': 91}",
    "KeywordID": "{'source': '', 'type': 'categorical', 'padding_idx': 0, 'oov_idx': 358326, 'vocab_size': 358327}",
    "Position": "{'source': '', 'type': 'categorical', 'padding_idx': 0, 'oov_idx': 3, 'vocab_size': 4}",
    "QueryID": "{'source': '', 'type': 'categorical', 'padding_idx': 0, 'oov_idx': 997505, 'vocab_size': 997506}",
    "TitleID": "{'source': '', 'type': 'categorical', 'padding_idx': 0, 'oov_idx': 762415, 'vocab_size': 762416}",
    "UserID": "{'source': '', 'type': 'categorical', 'padding_idx': 0, 'oov_idx': 1618170, 'vocab_size': 1618171}"
}
2025-05-16 09:54:36,842 P649551 INFO Total number of parameters: 75042754.
2025-05-16 09:54:36,842 P649551 INFO Loading data...
2025-05-16 09:54:36,842 P649551 INFO Loading data from h5: ../../../data/KDD12_x10/train.h5
2025-05-16 09:54:49,356 P649551 INFO Train samples: total/113096830, blocks/1
2025-05-16 09:54:49,356 P649551 INFO Loading data from h5: ../../../data/KDD12_x10/valid.h5
2025-05-16 09:54:51,080 P649551 INFO Validation samples: total/14137104, blocks/1
2025-05-16 09:54:51,080 P649551 INFO Loading train and validation data done.
2025-05-16 09:54:51,080 P649551 INFO Start training: 11310 batches/epoch
2025-05-16 09:54:51,080 P649551 INFO ************ Epoch=1 start ************
2025-05-16 10:08:52,550 P649551 INFO Train loss: 0.156682
2025-05-16 10:08:52,550 P649551 INFO Evaluation @epoch 1 - batch 11310: 
2025-05-16 10:09:21,258 P649551 INFO ===
2025-05-16 10:09:21,258 P649551 INFO [Metrics] AUC: 0.807320 - logloss: 0.150102
2025-05-16 10:09:21,276 P649551 INFO Save best model: monitor(max)=0.807320
2025-05-16 10:09:22,280 P649551 INFO ************ Epoch=1 end ************
2025-05-16 10:23:27,045 P649551 INFO Train loss: 0.151905
2025-05-16 10:23:27,045 P649551 INFO Evaluation @epoch 2 - batch 11310: 
2025-05-16 10:23:56,174 P649551 INFO ===
2025-05-16 10:23:56,175 P649551 INFO [Metrics] AUC: 0.808915 - logloss: 0.149766
2025-05-16 10:23:56,194 P649551 INFO Save best model: monitor(max)=0.808915
2025-05-16 10:23:57,260 P649551 INFO ************ Epoch=2 end ************
2025-05-16 10:38:05,243 P649551 INFO Train loss: 0.148459
2025-05-16 10:38:05,243 P649551 INFO Evaluation @epoch 3 - batch 11310: 
2025-05-16 10:38:34,530 P649551 INFO ===
2025-05-16 10:38:34,530 P649551 INFO [Metrics] AUC: 0.806668 - logloss: 0.150679
2025-05-16 10:38:34,550 P649551 INFO Monitor(max)=0.806668 STOP!
2025-05-16 10:38:34,550 P649551 INFO Reduce learning rate on plateau: 0.000100
2025-05-16 10:38:35,128 P649551 INFO ************ Epoch=3 end ************
2025-05-16 10:52:48,379 P649551 INFO Train loss: 0.130415
2025-05-16 10:52:48,379 P649551 INFO Evaluation @epoch 4 - batch 11310: 
2025-05-16 10:53:17,792 P649551 INFO ===
2025-05-16 10:53:17,792 P649551 INFO [Metrics] AUC: 0.788615 - logloss: 0.163042
2025-05-16 10:53:17,811 P649551 INFO Monitor(max)=0.788615 STOP!
2025-05-16 10:53:17,811 P649551 INFO Reduce learning rate on plateau: 0.000010
2025-05-16 10:53:17,811 P649551 INFO ********* Epoch==4 early stop *********
2025-05-16 10:53:18,342 P649551 INFO Training finished.
2025-05-16 10:53:18,342 P649551 INFO Load best model: /root/autodl-tmp/model_zoo/DCNv3/DCNv3_torch/checkpoints/KDD12_x10/FCNv2_KDD12_014_ba1021be.model
2025-05-16 10:53:18,511 P649551 INFO ****** Validation evaluation ******
2025-05-16 10:53:47,963 P649551 INFO ===
2025-05-16 10:53:47,963 P649551 INFO [Metrics] logloss: 0.149766 - AUC: 0.808915
2025-05-16 10:53:48,610 P649551 INFO ******** Test evaluation ********
2025-05-16 10:53:48,610 P649551 INFO Loading data...
2025-05-16 10:53:48,610 P649551 INFO Loading data from h5: ../../../data/KDD12_x10/test.h5
2025-05-16 10:53:50,515 P649551 INFO Test samples: total/14137104, blocks/1
2025-05-16 10:53:50,515 P649551 INFO Loading test data done.
2025-05-16 10:54:18,690 P649551 INFO ===
2025-05-16 10:54:18,690 P649551 INFO [Metrics] logloss: 0.149532 - AUC: 0.809300
