2025-05-16 13:58:19,016 P788470 INFO Params: {
    "batch_norm": "True",
    "batch_size": "10000",
    "data_format": "csv",
    "data_root": "../../../data/",
    "dataset_id": "KDD12_x10",
    "debug_mode": "False",
    "early_stop_patience": "2",
    "embedding_dim": "16",
    "embedding_regularizer": "1e-07",
    "epochs": "100",
    "eval_steps": "None",
    "exp_num_layers": "6",
    "feature_cols": "[{'active': True, 'dtype': 'float', 'name': ['Depth', 'Position', 'Impression'], 'preprocess': 'convert_to_bucket', 'type': 'categorical'}, {'active': True, 'dtype': 'float', 'name': ['DisplayURL', 'AdID', 'AdvertiserID', 'QueryID', 'KeywordID', 'TitleID', 'DescriptionID', 'UserID', 'Gender', 'Age'], 'type': 'categorical'}]",
    "feature_config": "None",
    "feature_specs": "None",
    "gpu": "0",
    "group_id": "None",
    "label_col": "{'dtype': 'float', 'name': 'Click'}",
    "layer_norm": "True",
    "learning_rate": "0.001",
    "lin_num_layers": "2",
    "loss": "binary_crossentropy",
    "metrics": "['logloss', 'AUC']",
    "min_categr_count": "10",
    "model": "FCNv2",
    "model_id": "FCNv2_KDD12_018_4aad86e5",
    "model_root": "./checkpoints/",
    "monitor": "{'AUC': 1, 'logloss': 0}",
    "monitor_mode": "max",
    "net_dropout": "0",
    "net_regularizer": "0",
    "num_heads": "1",
    "num_workers": "8",
    "optimizer": "adam",
    "pickle_feature_encoder": "True",
    "save_best_only": "True",
    "seed": "2025",
    "shuffle": "True",
    "task": "binary_classification",
    "test_data": "../../../data/KDD12/test.csv",
    "train_data": "../../../data/KDD12/train.csv",
    "use_features": "None",
    "valid_data": "../../../data/KDD12/valid.csv",
    "verbose": "1"
}
2025-05-16 13:58:19,016 P788470 INFO Set up feature processor...
2025-05-16 13:58:19,016 P788470 WARNING Skip rebuilding ../../../data/KDD12_x10/feature_map.json. Please delete it manually if rebuilding is required.
2025-05-16 13:58:19,017 P788470 INFO Load feature_map from json: ../../../data/KDD12_x10/feature_map.json
2025-05-16 13:58:19,017 P788470 INFO Set column index...
2025-05-16 13:58:19,017 P788470 INFO Feature specs: {
    "AdID": "{'source': '', 'type': 'categorical', 'padding_idx': 0, 'oov_idx': 280097, 'vocab_size': 280098}",
    "AdvertiserID": "{'source': '', 'type': 'categorical', 'padding_idx': 0, 'oov_idx': 14416, 'vocab_size': 14417}",
    "Age": "{'source': '', 'type': 'categorical', 'padding_idx': 0, 'oov_idx': 8, 'vocab_size': 9}",
    "Depth": "{'source': '', 'type': 'categorical', 'padding_idx': 0, 'oov_idx': 3, 'vocab_size': 4}",
    "DescriptionID": "{'source': '', 'type': 'categorical', 'padding_idx': 0, 'oov_idx': 614455, 'vocab_size': 614456}",
    "DisplayURL": "{'source': '', 'type': 'categorical', 'padding_idx': 0, 'oov_idx': 22591, 'vocab_size': 22592}",
    "Gender": "{'source': '', 'type': 'categorical', 'padding_idx': 0, 'oov_idx': 4, 'vocab_size': 5}",
    "Impression": "{'source': '', 'type': 'categorical', 'padding_idx': 0, 'oov_idx': 90, 'vocab_size': 91}",
    "KeywordID": "{'source': '', 'type': 'categorical', 'padding_idx': 0, 'oov_idx': 358326, 'vocab_size': 358327}",
    "Position": "{'source': '', 'type': 'categorical', 'padding_idx': 0, 'oov_idx': 3, 'vocab_size': 4}",
    "QueryID": "{'source': '', 'type': 'categorical', 'padding_idx': 0, 'oov_idx': 997505, 'vocab_size': 997506}",
    "TitleID": "{'source': '', 'type': 'categorical', 'padding_idx': 0, 'oov_idx': 762415, 'vocab_size': 762416}",
    "UserID": "{'source': '', 'type': 'categorical', 'padding_idx': 0, 'oov_idx': 1618170, 'vocab_size': 1618171}"
}
2025-05-16 13:58:23,585 P788470 INFO Total number of parameters: 75042754.
2025-05-16 13:58:23,585 P788470 INFO Loading data...
2025-05-16 13:58:23,585 P788470 INFO Loading data from h5: ../../../data/KDD12_x10/train.h5
2025-05-16 13:58:37,212 P788470 INFO Train samples: total/113096830, blocks/1
2025-05-16 13:58:37,212 P788470 INFO Loading data from h5: ../../../data/KDD12_x10/valid.h5
2025-05-16 13:58:39,138 P788470 INFO Validation samples: total/14137104, blocks/1
2025-05-16 13:58:39,138 P788470 INFO Loading train and validation data done.
2025-05-16 13:58:39,138 P788470 INFO Start training: 11310 batches/epoch
2025-05-16 13:58:39,138 P788470 INFO ************ Epoch=1 start ************
2025-05-16 14:12:45,603 P788470 INFO Train loss: 0.156855
2025-05-16 14:12:45,604 P788470 INFO Evaluation @epoch 1 - batch 11310: 
2025-05-16 14:13:14,431 P788470 INFO ===
2025-05-16 14:13:14,431 P788470 INFO [Metrics] AUC: 0.806451 - logloss: 0.150290
2025-05-16 14:13:14,451 P788470 INFO Save best model: monitor(max)=0.806451
2025-05-16 14:13:15,370 P788470 INFO ************ Epoch=1 end ************
2025-05-16 14:27:25,777 P788470 INFO Train loss: 0.152040
2025-05-16 14:27:25,777 P788470 INFO Evaluation @epoch 2 - batch 11310: 
2025-05-16 14:27:54,921 P788470 INFO ===
2025-05-16 14:27:54,922 P788470 INFO [Metrics] AUC: 0.808553 - logloss: 0.149888
2025-05-16 14:27:54,940 P788470 INFO Save best model: monitor(max)=0.808553
2025-05-16 14:27:55,981 P788470 INFO ************ Epoch=2 end ************
2025-05-16 14:42:02,563 P788470 INFO Train loss: 0.148420
2025-05-16 14:42:02,563 P788470 INFO Evaluation @epoch 3 - batch 11310: 
2025-05-16 14:42:31,733 P788470 INFO ===
2025-05-16 14:42:31,733 P788470 INFO [Metrics] AUC: 0.805326 - logloss: 0.151072
2025-05-16 14:42:31,752 P788470 INFO Monitor(max)=0.805326 STOP!
2025-05-16 14:42:31,752 P788470 INFO Reduce learning rate on plateau: 0.000100
2025-05-16 14:42:32,357 P788470 INFO ************ Epoch=3 end ************
2025-05-16 14:56:40,972 P788470 INFO Train loss: 0.130776
2025-05-16 14:56:40,972 P788470 INFO Evaluation @epoch 4 - batch 11310: 
2025-05-16 14:57:10,368 P788470 INFO ===
2025-05-16 14:57:10,368 P788470 INFO [Metrics] AUC: 0.788503 - logloss: 0.163275
2025-05-16 14:57:10,387 P788470 INFO Monitor(max)=0.788503 STOP!
2025-05-16 14:57:10,387 P788470 INFO Reduce learning rate on plateau: 0.000010
2025-05-16 14:57:10,388 P788470 INFO ********* Epoch==4 early stop *********
2025-05-16 14:57:10,969 P788470 INFO Training finished.
2025-05-16 14:57:10,969 P788470 INFO Load best model: /root/autodl-tmp/model_zoo/DCNv3/DCNv3_torch/checkpoints/KDD12_x10/FCNv2_KDD12_018_4aad86e5.model
2025-05-16 14:57:11,154 P788470 INFO ****** Validation evaluation ******
2025-05-16 14:57:40,538 P788470 INFO ===
2025-05-16 14:57:40,539 P788470 INFO [Metrics] logloss: 0.149888 - AUC: 0.808553
2025-05-16 14:57:41,092 P788470 INFO ******** Test evaluation ********
2025-05-16 14:57:41,092 P788470 INFO Loading data...
2025-05-16 14:57:41,092 P788470 INFO Loading data from h5: ../../../data/KDD12_x10/test.h5
2025-05-16 14:57:43,077 P788470 INFO Test samples: total/14137104, blocks/1
2025-05-16 14:57:43,077 P788470 INFO Loading test data done.
2025-05-16 14:58:12,261 P788470 INFO ===
2025-05-16 14:58:12,262 P788470 INFO [Metrics] logloss: 0.149635 - AUC: 0.808938
