2025-05-16 07:14:11,214 P549532 INFO Params: {
    "batch_norm": "True",
    "batch_size": "10000",
    "data_format": "csv",
    "data_root": "../../../data/",
    "dataset_id": "KDD12_x10",
    "debug_mode": "False",
    "early_stop_patience": "2",
    "embedding_dim": "16",
    "embedding_regularizer": "1e-07",
    "epochs": "100",
    "eval_steps": "None",
    "exp_num_layers": "5",
    "feature_cols": "[{'active': True, 'dtype': 'float', 'name': ['Depth', 'Position', 'Impression'], 'preprocess': 'convert_to_bucket', 'type': 'categorical'}, {'active': True, 'dtype': 'float', 'name': ['DisplayURL', 'AdID', 'AdvertiserID', 'QueryID', 'KeywordID', 'TitleID', 'DescriptionID', 'UserID', 'Gender', 'Age'], 'type': 'categorical'}]",
    "feature_config": "None",
    "feature_specs": "None",
    "gpu": "0",
    "group_id": "None",
    "label_col": "{'dtype': 'float', 'name': 'Click'}",
    "layer_norm": "True",
    "learning_rate": "0.001",
    "lin_num_layers": "0",
    "loss": "binary_crossentropy",
    "metrics": "['logloss', 'AUC']",
    "min_categr_count": "10",
    "model": "FCNv2",
    "model_id": "FCNv2_KDD12_011_93285f79",
    "model_root": "./checkpoints/",
    "monitor": "{'AUC': 1, 'logloss': 0}",
    "monitor_mode": "max",
    "net_dropout": "0",
    "net_regularizer": "0",
    "num_heads": "1",
    "num_workers": "8",
    "optimizer": "adam",
    "pickle_feature_encoder": "True",
    "save_best_only": "True",
    "seed": "2025",
    "shuffle": "True",
    "task": "binary_classification",
    "test_data": "../../../data/KDD12/test.csv",
    "train_data": "../../../data/KDD12/train.csv",
    "use_features": "None",
    "valid_data": "../../../data/KDD12/valid.csv",
    "verbose": "1"
}
2025-05-16 07:14:11,215 P549532 INFO Set up feature processor...
2025-05-16 07:14:11,215 P549532 WARNING Skip rebuilding ../../../data/KDD12_x10/feature_map.json. Please delete it manually if rebuilding is required.
2025-05-16 07:14:11,215 P549532 INFO Load feature_map from json: ../../../data/KDD12_x10/feature_map.json
2025-05-16 07:14:11,215 P549532 INFO Set column index...
2025-05-16 07:14:11,215 P549532 INFO Feature specs: {
    "AdID": "{'source': '', 'type': 'categorical', 'padding_idx': 0, 'oov_idx': 280097, 'vocab_size': 280098}",
    "AdvertiserID": "{'source': '', 'type': 'categorical', 'padding_idx': 0, 'oov_idx': 14416, 'vocab_size': 14417}",
    "Age": "{'source': '', 'type': 'categorical', 'padding_idx': 0, 'oov_idx': 8, 'vocab_size': 9}",
    "Depth": "{'source': '', 'type': 'categorical', 'padding_idx': 0, 'oov_idx': 3, 'vocab_size': 4}",
    "DescriptionID": "{'source': '', 'type': 'categorical', 'padding_idx': 0, 'oov_idx': 614455, 'vocab_size': 614456}",
    "DisplayURL": "{'source': '', 'type': 'categorical', 'padding_idx': 0, 'oov_idx': 22591, 'vocab_size': 22592}",
    "Gender": "{'source': '', 'type': 'categorical', 'padding_idx': 0, 'oov_idx': 4, 'vocab_size': 5}",
    "Impression": "{'source': '', 'type': 'categorical', 'padding_idx': 0, 'oov_idx': 90, 'vocab_size': 91}",
    "KeywordID": "{'source': '', 'type': 'categorical', 'padding_idx': 0, 'oov_idx': 358326, 'vocab_size': 358327}",
    "Position": "{'source': '', 'type': 'categorical', 'padding_idx': 0, 'oov_idx': 3, 'vocab_size': 4}",
    "QueryID": "{'source': '', 'type': 'categorical', 'padding_idx': 0, 'oov_idx': 997505, 'vocab_size': 997506}",
    "TitleID": "{'source': '', 'type': 'categorical', 'padding_idx': 0, 'oov_idx': 762415, 'vocab_size': 762416}",
    "UserID": "{'source': '', 'type': 'categorical', 'padding_idx': 0, 'oov_idx': 1618170, 'vocab_size': 1618171}"
}
2025-05-16 07:14:15,742 P549532 INFO Total number of parameters: 74910454.
2025-05-16 07:14:15,742 P549532 INFO Loading data...
2025-05-16 07:14:15,742 P549532 INFO Loading data from h5: ../../../data/KDD12_x10/train.h5
2025-05-16 07:14:28,422 P549532 INFO Train samples: total/113096830, blocks/1
2025-05-16 07:14:28,422 P549532 INFO Loading data from h5: ../../../data/KDD12_x10/valid.h5
2025-05-16 07:14:30,163 P549532 INFO Validation samples: total/14137104, blocks/1
2025-05-16 07:14:30,163 P549532 INFO Loading train and validation data done.
2025-05-16 07:14:30,163 P549532 INFO Start training: 11310 batches/epoch
2025-05-16 07:14:30,163 P549532 INFO ************ Epoch=1 start ************
2025-05-16 07:24:55,972 P549532 INFO Train loss: 0.156828
2025-05-16 07:24:55,973 P549532 INFO Evaluation @epoch 1 - batch 11310: 
2025-05-16 07:25:23,218 P549532 INFO ===
2025-05-16 07:25:23,219 P549532 INFO [Metrics] AUC: 0.807036 - logloss: 0.150220
2025-05-16 07:25:23,238 P549532 INFO Save best model: monitor(max)=0.807036
2025-05-16 07:25:24,176 P549532 INFO ************ Epoch=1 end ************
2025-05-16 07:35:48,530 P549532 INFO Train loss: 0.152184
2025-05-16 07:35:48,530 P549532 INFO Evaluation @epoch 2 - batch 11310: 
2025-05-16 07:36:16,069 P549532 INFO ===
2025-05-16 07:36:16,069 P549532 INFO [Metrics] AUC: 0.807273 - logloss: 0.150162
2025-05-16 07:36:16,087 P549532 INFO Save best model: monitor(max)=0.807273
2025-05-16 07:36:17,148 P549532 INFO ************ Epoch=2 end ************
2025-05-16 07:46:44,112 P549532 INFO Train loss: 0.150945
2025-05-16 07:46:44,113 P549532 INFO Evaluation @epoch 3 - batch 11310: 
2025-05-16 07:47:11,267 P549532 INFO ===
2025-05-16 07:47:11,267 P549532 INFO [Metrics] AUC: 0.807777 - logloss: 0.150142
2025-05-16 07:47:11,286 P549532 INFO Save best model: monitor(max)=0.807777
2025-05-16 07:47:12,313 P549532 INFO ************ Epoch=3 end ************
2025-05-16 07:57:37,792 P549532 INFO Train loss: 0.148636
2025-05-16 07:57:37,792 P549532 INFO Evaluation @epoch 4 - batch 11310: 
2025-05-16 07:58:05,466 P549532 INFO ===
2025-05-16 07:58:05,466 P549532 INFO [Metrics] AUC: 0.807341 - logloss: 0.150346
2025-05-16 07:58:05,485 P549532 INFO Monitor(max)=0.807341 STOP!
2025-05-16 07:58:05,485 P549532 INFO Reduce learning rate on plateau: 0.000100
2025-05-16 07:58:06,090 P549532 INFO ************ Epoch=4 end ************
2025-05-16 08:08:32,876 P549532 INFO Train loss: 0.128355
2025-05-16 08:08:32,876 P549532 INFO Evaluation @epoch 5 - batch 11310: 
2025-05-16 08:09:00,378 P549532 INFO ===
2025-05-16 08:09:00,378 P549532 INFO [Metrics] AUC: 0.787579 - logloss: 0.163911
2025-05-16 08:09:00,397 P549532 INFO Monitor(max)=0.787579 STOP!
2025-05-16 08:09:00,397 P549532 INFO Reduce learning rate on plateau: 0.000010
2025-05-16 08:09:00,397 P549532 INFO ********* Epoch==5 early stop *********
2025-05-16 08:09:01,031 P549532 INFO Training finished.
2025-05-16 08:09:01,032 P549532 INFO Load best model: /root/autodl-tmp/model_zoo/DCNv3/DCNv3_torch/checkpoints/KDD12_x10/FCNv2_KDD12_011_93285f79.model
2025-05-16 08:09:01,217 P549532 INFO ****** Validation evaluation ******
2025-05-16 08:09:28,811 P549532 INFO ===
2025-05-16 08:09:28,811 P549532 INFO [Metrics] logloss: 0.150142 - AUC: 0.807777
2025-05-16 08:09:29,436 P549532 INFO ******** Test evaluation ********
2025-05-16 08:09:29,436 P549532 INFO Loading data...
2025-05-16 08:09:29,436 P549532 INFO Loading data from h5: ../../../data/KDD12_x10/test.h5
2025-05-16 08:09:31,201 P549532 INFO Test samples: total/14137104, blocks/1
2025-05-16 08:09:31,201 P549532 INFO Loading test data done.
2025-05-16 08:09:57,497 P549532 INFO ===
2025-05-16 08:09:57,497 P549532 INFO [Metrics] logloss: 0.149832 - AUC: 0.808281
