2025-05-15 23:06:52,394 P230430 INFO Params: {
    "batch_norm": "True",
    "batch_size": "10000",
    "data_format": "csv",
    "data_root": "../../../data/",
    "dataset_id": "KDD12_x10",
    "debug_mode": "False",
    "early_stop_patience": "2",
    "embedding_dim": "16",
    "embedding_regularizer": "1e-07",
    "epochs": "100",
    "eval_steps": "None",
    "exp_num_layers": "3",
    "feature_cols": "[{'active': True, 'dtype': 'float', 'name': ['Depth', 'Position', 'Impression'], 'preprocess': 'convert_to_bucket', 'type': 'categorical'}, {'active': True, 'dtype': 'float', 'name': ['DisplayURL', 'AdID', 'AdvertiserID', 'QueryID', 'KeywordID', 'TitleID', 'DescriptionID', 'UserID', 'Gender', 'Age'], 'type': 'categorical'}]",
    "feature_config": "None",
    "feature_specs": "None",
    "gpu": "0",
    "group_id": "None",
    "label_col": "{'dtype': 'float', 'name': 'Click'}",
    "layer_norm": "True",
    "learning_rate": "0.001",
    "lin_num_layers": "0",
    "loss": "binary_crossentropy",
    "metrics": "['logloss', 'AUC']",
    "min_categr_count": "10",
    "model": "FCNv2",
    "model_id": "FCNv2_KDD12_001_625e401b",
    "model_root": "./checkpoints/",
    "monitor": "{'AUC': 1, 'logloss': 0}",
    "monitor_mode": "max",
    "net_dropout": "0",
    "net_regularizer": "0",
    "num_heads": "1",
    "num_workers": "8",
    "optimizer": "adam",
    "pickle_feature_encoder": "True",
    "save_best_only": "True",
    "seed": "2025",
    "shuffle": "True",
    "task": "binary_classification",
    "test_data": "../../../data/KDD12/test.csv",
    "train_data": "../../../data/KDD12/train.csv",
    "use_features": "None",
    "valid_data": "../../../data/KDD12/valid.csv",
    "verbose": "1"
}
2025-05-15 23:06:52,394 P230430 INFO Set up feature processor...
2025-05-15 23:06:52,394 P230430 WARNING Skip rebuilding ../../../data/KDD12_x10/feature_map.json. Please delete it manually if rebuilding is required.
2025-05-15 23:06:52,394 P230430 INFO Load feature_map from json: ../../../data/KDD12_x10/feature_map.json
2025-05-15 23:06:52,395 P230430 INFO Set column index...
2025-05-15 23:06:52,395 P230430 INFO Feature specs: {
    "AdID": "{'source': '', 'type': 'categorical', 'padding_idx': 0, 'oov_idx': 280097, 'vocab_size': 280098}",
    "AdvertiserID": "{'source': '', 'type': 'categorical', 'padding_idx': 0, 'oov_idx': 14416, 'vocab_size': 14417}",
    "Age": "{'source': '', 'type': 'categorical', 'padding_idx': 0, 'oov_idx': 8, 'vocab_size': 9}",
    "Depth": "{'source': '', 'type': 'categorical', 'padding_idx': 0, 'oov_idx': 3, 'vocab_size': 4}",
    "DescriptionID": "{'source': '', 'type': 'categorical', 'padding_idx': 0, 'oov_idx': 614455, 'vocab_size': 614456}",
    "DisplayURL": "{'source': '', 'type': 'categorical', 'padding_idx': 0, 'oov_idx': 22591, 'vocab_size': 22592}",
    "Gender": "{'source': '', 'type': 'categorical', 'padding_idx': 0, 'oov_idx': 4, 'vocab_size': 5}",
    "Impression": "{'source': '', 'type': 'categorical', 'padding_idx': 0, 'oov_idx': 90, 'vocab_size': 91}",
    "KeywordID": "{'source': '', 'type': 'categorical', 'padding_idx': 0, 'oov_idx': 358326, 'vocab_size': 358327}",
    "Position": "{'source': '', 'type': 'categorical', 'padding_idx': 0, 'oov_idx': 3, 'vocab_size': 4}",
    "QueryID": "{'source': '', 'type': 'categorical', 'padding_idx': 0, 'oov_idx': 997505, 'vocab_size': 997506}",
    "TitleID": "{'source': '', 'type': 'categorical', 'padding_idx': 0, 'oov_idx': 762415, 'vocab_size': 762416}",
    "UserID": "{'source': '', 'type': 'categorical', 'padding_idx': 0, 'oov_idx': 1618170, 'vocab_size': 1618171}"
}
2025-05-15 23:06:56,904 P230430 INFO Total number of parameters: 74822254.
2025-05-15 23:06:56,905 P230430 INFO Loading data...
2025-05-15 23:06:56,905 P230430 INFO Loading data from h5: ../../../data/KDD12_x10/train.h5
2025-05-15 23:07:09,319 P230430 INFO Train samples: total/113096830, blocks/1
2025-05-15 23:07:09,320 P230430 INFO Loading data from h5: ../../../data/KDD12_x10/valid.h5
2025-05-15 23:07:10,967 P230430 INFO Validation samples: total/14137104, blocks/1
2025-05-15 23:07:10,967 P230430 INFO Loading train and validation data done.
2025-05-15 23:07:10,967 P230430 INFO Start training: 11310 batches/epoch
2025-05-15 23:07:10,967 P230430 INFO ************ Epoch=1 start ************
2025-05-15 23:15:12,976 P230430 INFO Train loss: 0.157200
2025-05-15 23:15:12,977 P230430 INFO Evaluation @epoch 1 - batch 11310: 
2025-05-15 23:15:38,023 P230430 INFO ===
2025-05-15 23:15:38,023 P230430 INFO [Metrics] AUC: 0.806652 - logloss: 0.150267
2025-05-15 23:15:38,039 P230430 INFO Save best model: monitor(max)=0.806652
2025-05-15 23:15:38,981 P230430 INFO ************ Epoch=1 end ************
2025-05-15 23:23:38,246 P230430 INFO Train loss: 0.151662
2025-05-15 23:23:38,246 P230430 INFO Evaluation @epoch 2 - batch 11310: 
2025-05-15 23:24:03,163 P230430 INFO ===
2025-05-15 23:24:03,163 P230430 INFO [Metrics] AUC: 0.808556 - logloss: 0.149974
2025-05-15 23:24:03,176 P230430 INFO Save best model: monitor(max)=0.808556
2025-05-15 23:24:04,171 P230430 INFO ************ Epoch=2 end ************
2025-05-15 23:32:05,953 P230430 INFO Train loss: 0.148440
2025-05-15 23:32:05,953 P230430 INFO Evaluation @epoch 3 - batch 11310: 
2025-05-15 23:32:30,810 P230430 INFO ===
2025-05-15 23:32:30,810 P230430 INFO [Metrics] AUC: 0.806011 - logloss: 0.150629
2025-05-15 23:32:30,824 P230430 INFO Monitor(max)=0.806011 STOP!
2025-05-15 23:32:30,824 P230430 INFO Reduce learning rate on plateau: 0.000100
2025-05-15 23:32:31,395 P230430 INFO ************ Epoch=3 end ************
2025-05-15 23:40:32,696 P230430 INFO Train loss: 0.131154
2025-05-15 23:40:32,697 P230430 INFO Evaluation @epoch 4 - batch 11310: 
2025-05-15 23:40:57,674 P230430 INFO ===
2025-05-15 23:40:57,674 P230430 INFO [Metrics] AUC: 0.788681 - logloss: 0.162665
2025-05-15 23:40:57,689 P230430 INFO Monitor(max)=0.788681 STOP!
2025-05-15 23:40:57,689 P230430 INFO Reduce learning rate on plateau: 0.000010
2025-05-15 23:40:57,689 P230430 INFO ********* Epoch==4 early stop *********
2025-05-15 23:40:58,271 P230430 INFO Training finished.
2025-05-15 23:40:58,271 P230430 INFO Load best model: /root/autodl-tmp/model_zoo/DCNv3/DCNv3_torch/checkpoints/KDD12_x10/FCNv2_KDD12_001_625e401b.model
2025-05-15 23:40:58,422 P230430 INFO ****** Validation evaluation ******
2025-05-15 23:41:23,249 P230430 INFO ===
2025-05-15 23:41:23,249 P230430 INFO [Metrics] logloss: 0.149974 - AUC: 0.808556
2025-05-15 23:41:23,784 P230430 INFO ******** Test evaluation ********
2025-05-15 23:41:23,784 P230430 INFO Loading data...
2025-05-15 23:41:23,784 P230430 INFO Loading data from h5: ../../../data/KDD12_x10/test.h5
2025-05-15 23:41:25,375 P230430 INFO Test samples: total/14137104, blocks/1
2025-05-15 23:41:25,375 P230430 INFO Loading test data done.
2025-05-15 23:41:49,708 P230430 INFO ===
2025-05-15 23:41:49,708 P230430 INFO [Metrics] logloss: 0.149722 - AUC: 0.808812
