2025-05-16 10:54:23,807 P681928 INFO Params: {
    "batch_norm": "True",
    "batch_size": "10000",
    "data_format": "csv",
    "data_root": "../../../data/",
    "dataset_id": "KDD12_x10",
    "debug_mode": "False",
    "early_stop_patience": "2",
    "embedding_dim": "16",
    "embedding_regularizer": "1e-07",
    "epochs": "100",
    "eval_steps": "None",
    "exp_num_layers": "5",
    "feature_cols": "[{'active': True, 'dtype': 'float', 'name': ['Depth', 'Position', 'Impression'], 'preprocess': 'convert_to_bucket', 'type': 'categorical'}, {'active': True, 'dtype': 'float', 'name': ['DisplayURL', 'AdID', 'AdvertiserID', 'QueryID', 'KeywordID', 'TitleID', 'DescriptionID', 'UserID', 'Gender', 'Age'], 'type': 'categorical'}]",
    "feature_config": "None",
    "feature_specs": "None",
    "gpu": "0",
    "group_id": "None",
    "label_col": "{'dtype': 'float', 'name': 'Click'}",
    "layer_norm": "True",
    "learning_rate": "0.001",
    "lin_num_layers": "4",
    "loss": "binary_crossentropy",
    "metrics": "['logloss', 'AUC']",
    "min_categr_count": "10",
    "model": "FCNv2",
    "model_id": "FCNv2_KDD12_015_099dd22b",
    "model_root": "./checkpoints/",
    "monitor": "{'AUC': 1, 'logloss': 0}",
    "monitor_mode": "max",
    "net_dropout": "0",
    "net_regularizer": "0",
    "num_heads": "1",
    "num_workers": "8",
    "optimizer": "adam",
    "pickle_feature_encoder": "True",
    "save_best_only": "True",
    "seed": "2025",
    "shuffle": "True",
    "task": "binary_classification",
    "test_data": "../../../data/KDD12/test.csv",
    "train_data": "../../../data/KDD12/train.csv",
    "use_features": "None",
    "valid_data": "../../../data/KDD12/valid.csv",
    "verbose": "1"
}
2025-05-16 10:54:23,807 P681928 INFO Set up feature processor...
2025-05-16 10:54:23,807 P681928 WARNING Skip rebuilding ../../../data/KDD12_x10/feature_map.json. Please delete it manually if rebuilding is required.
2025-05-16 10:54:23,807 P681928 INFO Load feature_map from json: ../../../data/KDD12_x10/feature_map.json
2025-05-16 10:54:23,807 P681928 INFO Set column index...
2025-05-16 10:54:23,807 P681928 INFO Feature specs: {
    "AdID": "{'source': '', 'type': 'categorical', 'padding_idx': 0, 'oov_idx': 280097, 'vocab_size': 280098}",
    "AdvertiserID": "{'source': '', 'type': 'categorical', 'padding_idx': 0, 'oov_idx': 14416, 'vocab_size': 14417}",
    "Age": "{'source': '', 'type': 'categorical', 'padding_idx': 0, 'oov_idx': 8, 'vocab_size': 9}",
    "Depth": "{'source': '', 'type': 'categorical', 'padding_idx': 0, 'oov_idx': 3, 'vocab_size': 4}",
    "DescriptionID": "{'source': '', 'type': 'categorical', 'padding_idx': 0, 'oov_idx': 614455, 'vocab_size': 614456}",
    "DisplayURL": "{'source': '', 'type': 'categorical', 'padding_idx': 0, 'oov_idx': 22591, 'vocab_size': 22592}",
    "Gender": "{'source': '', 'type': 'categorical', 'padding_idx': 0, 'oov_idx': 4, 'vocab_size': 5}",
    "Impression": "{'source': '', 'type': 'categorical', 'padding_idx': 0, 'oov_idx': 90, 'vocab_size': 91}",
    "KeywordID": "{'source': '', 'type': 'categorical', 'padding_idx': 0, 'oov_idx': 358326, 'vocab_size': 358327}",
    "Position": "{'source': '', 'type': 'categorical', 'padding_idx': 0, 'oov_idx': 3, 'vocab_size': 4}",
    "QueryID": "{'source': '', 'type': 'categorical', 'padding_idx': 0, 'oov_idx': 997505, 'vocab_size': 997506}",
    "TitleID": "{'source': '', 'type': 'categorical', 'padding_idx': 0, 'oov_idx': 762415, 'vocab_size': 762416}",
    "UserID": "{'source': '', 'type': 'categorical', 'padding_idx': 0, 'oov_idx': 1618170, 'vocab_size': 1618171}"
}
2025-05-16 10:54:28,526 P681928 INFO Total number of parameters: 75086854.
2025-05-16 10:54:28,526 P681928 INFO Loading data...
2025-05-16 10:54:28,526 P681928 INFO Loading data from h5: ../../../data/KDD12_x10/train.h5
2025-05-16 10:54:41,451 P681928 INFO Train samples: total/113096830, blocks/1
2025-05-16 10:54:41,451 P681928 INFO Loading data from h5: ../../../data/KDD12_x10/valid.h5
2025-05-16 10:54:43,113 P681928 INFO Validation samples: total/14137104, blocks/1
2025-05-16 10:54:43,113 P681928 INFO Loading train and validation data done.
2025-05-16 10:54:43,113 P681928 INFO Start training: 11310 batches/epoch
2025-05-16 10:54:43,113 P681928 INFO ************ Epoch=1 start ************
2025-05-16 11:10:04,030 P681928 INFO Train loss: 0.156634
2025-05-16 11:10:04,030 P681928 INFO Evaluation @epoch 1 - batch 11310: 
2025-05-16 11:10:35,549 P681928 INFO ===
2025-05-16 11:10:35,550 P681928 INFO [Metrics] AUC: 0.806919 - logloss: 0.150213
2025-05-16 11:10:35,569 P681928 INFO Save best model: monitor(max)=0.806919
2025-05-16 11:10:36,590 P681928 INFO ************ Epoch=1 end ************
2025-05-16 11:26:02,298 P681928 INFO Train loss: 0.151787
2025-05-16 11:26:02,299 P681928 INFO Evaluation @epoch 2 - batch 11310: 
2025-05-16 11:26:34,545 P681928 INFO ===
2025-05-16 11:26:34,545 P681928 INFO [Metrics] AUC: 0.807646 - logloss: 0.150012
2025-05-16 11:26:34,564 P681928 INFO Save best model: monitor(max)=0.807646
2025-05-16 11:26:35,649 P681928 INFO ************ Epoch=2 end ************
2025-05-16 11:42:00,502 P681928 INFO Train loss: 0.150643
2025-05-16 11:42:00,502 P681928 INFO Evaluation @epoch 3 - batch 11310: 
2025-05-16 11:42:32,507 P681928 INFO ===
2025-05-16 11:42:32,507 P681928 INFO [Metrics] AUC: 0.807153 - logloss: 0.150182
2025-05-16 11:42:32,527 P681928 INFO Monitor(max)=0.807153 STOP!
2025-05-16 11:42:32,527 P681928 INFO Reduce learning rate on plateau: 0.000100
2025-05-16 11:42:33,226 P681928 INFO ************ Epoch=3 end ************
2025-05-16 11:57:58,914 P681928 INFO Train loss: 0.133230
2025-05-16 11:57:58,915 P681928 INFO Evaluation @epoch 4 - batch 11310: 
2025-05-16 11:58:30,833 P681928 INFO ===
2025-05-16 11:58:30,833 P681928 INFO [Metrics] AUC: 0.792157 - logloss: 0.159753
2025-05-16 11:58:30,852 P681928 INFO Monitor(max)=0.792157 STOP!
2025-05-16 11:58:30,852 P681928 INFO Reduce learning rate on plateau: 0.000010
2025-05-16 11:58:30,852 P681928 INFO ********* Epoch==4 early stop *********
2025-05-16 11:58:31,477 P681928 INFO Training finished.
2025-05-16 11:58:31,477 P681928 INFO Load best model: /root/autodl-tmp/model_zoo/DCNv3/DCNv3_torch/checkpoints/KDD12_x10/FCNv2_KDD12_015_099dd22b.model
2025-05-16 11:58:31,646 P681928 INFO ****** Validation evaluation ******
2025-05-16 11:59:03,710 P681928 INFO ===
2025-05-16 11:59:03,711 P681928 INFO [Metrics] logloss: 0.150012 - AUC: 0.807646
2025-05-16 11:59:04,707 P681928 INFO ******** Test evaluation ********
2025-05-16 11:59:04,707 P681928 INFO Loading data...
2025-05-16 11:59:04,707 P681928 INFO Loading data from h5: ../../../data/KDD12_x10/test.h5
2025-05-16 11:59:06,466 P681928 INFO Test samples: total/14137104, blocks/1
2025-05-16 11:59:06,466 P681928 INFO Loading test data done.
2025-05-16 11:59:35,378 P681928 INFO ===
2025-05-16 11:59:35,378 P681928 INFO [Metrics] logloss: 0.149776 - AUC: 0.807914
