2025-05-16 08:10:02,468 P584981 INFO Params: {
    "batch_norm": "True",
    "batch_size": "10000",
    "data_format": "csv",
    "data_root": "../../../data/",
    "dataset_id": "KDD12_x10",
    "debug_mode": "False",
    "early_stop_patience": "2",
    "embedding_dim": "16",
    "embedding_regularizer": "1e-07",
    "epochs": "100",
    "eval_steps": "None",
    "exp_num_layers": "5",
    "feature_cols": "[{'active': True, 'dtype': 'float', 'name': ['Depth', 'Position', 'Impression'], 'preprocess': 'convert_to_bucket', 'type': 'categorical'}, {'active': True, 'dtype': 'float', 'name': ['DisplayURL', 'AdID', 'AdvertiserID', 'QueryID', 'KeywordID', 'TitleID', 'DescriptionID', 'UserID', 'Gender', 'Age'], 'type': 'categorical'}]",
    "feature_config": "None",
    "feature_specs": "None",
    "gpu": "0",
    "group_id": "None",
    "label_col": "{'dtype': 'float', 'name': 'Click'}",
    "layer_norm": "True",
    "learning_rate": "0.001",
    "lin_num_layers": "1",
    "loss": "binary_crossentropy",
    "metrics": "['logloss', 'AUC']",
    "min_categr_count": "10",
    "model": "FCNv2",
    "model_id": "FCNv2_KDD12_012_0029ef89",
    "model_root": "./checkpoints/",
    "monitor": "{'AUC': 1, 'logloss': 0}",
    "monitor_mode": "max",
    "net_dropout": "0",
    "net_regularizer": "0",
    "num_heads": "1",
    "num_workers": "8",
    "optimizer": "adam",
    "pickle_feature_encoder": "True",
    "save_best_only": "True",
    "seed": "2025",
    "shuffle": "True",
    "task": "binary_classification",
    "test_data": "../../../data/KDD12/test.csv",
    "train_data": "../../../data/KDD12/train.csv",
    "use_features": "None",
    "valid_data": "../../../data/KDD12/valid.csv",
    "verbose": "1"
}
2025-05-16 08:10:02,468 P584981 INFO Set up feature processor...
2025-05-16 08:10:02,469 P584981 WARNING Skip rebuilding ../../../data/KDD12_x10/feature_map.json. Please delete it manually if rebuilding is required.
2025-05-16 08:10:02,469 P584981 INFO Load feature_map from json: ../../../data/KDD12_x10/feature_map.json
2025-05-16 08:10:02,469 P584981 INFO Set column index...
2025-05-16 08:10:02,469 P584981 INFO Feature specs: {
    "AdID": "{'source': '', 'type': 'categorical', 'padding_idx': 0, 'oov_idx': 280097, 'vocab_size': 280098}",
    "AdvertiserID": "{'source': '', 'type': 'categorical', 'padding_idx': 0, 'oov_idx': 14416, 'vocab_size': 14417}",
    "Age": "{'source': '', 'type': 'categorical', 'padding_idx': 0, 'oov_idx': 8, 'vocab_size': 9}",
    "Depth": "{'source': '', 'type': 'categorical', 'padding_idx': 0, 'oov_idx': 3, 'vocab_size': 4}",
    "DescriptionID": "{'source': '', 'type': 'categorical', 'padding_idx': 0, 'oov_idx': 614455, 'vocab_size': 614456}",
    "DisplayURL": "{'source': '', 'type': 'categorical', 'padding_idx': 0, 'oov_idx': 22591, 'vocab_size': 22592}",
    "Gender": "{'source': '', 'type': 'categorical', 'padding_idx': 0, 'oov_idx': 4, 'vocab_size': 5}",
    "Impression": "{'source': '', 'type': 'categorical', 'padding_idx': 0, 'oov_idx': 90, 'vocab_size': 91}",
    "KeywordID": "{'source': '', 'type': 'categorical', 'padding_idx': 0, 'oov_idx': 358326, 'vocab_size': 358327}",
    "Position": "{'source': '', 'type': 'categorical', 'padding_idx': 0, 'oov_idx': 3, 'vocab_size': 4}",
    "QueryID": "{'source': '', 'type': 'categorical', 'padding_idx': 0, 'oov_idx': 997505, 'vocab_size': 997506}",
    "TitleID": "{'source': '', 'type': 'categorical', 'padding_idx': 0, 'oov_idx': 762415, 'vocab_size': 762416}",
    "UserID": "{'source': '', 'type': 'categorical', 'padding_idx': 0, 'oov_idx': 1618170, 'vocab_size': 1618171}"
}
2025-05-16 08:10:06,998 P584981 INFO Total number of parameters: 74954554.
2025-05-16 08:10:06,998 P584981 INFO Loading data...
2025-05-16 08:10:06,998 P584981 INFO Loading data from h5: ../../../data/KDD12_x10/train.h5
2025-05-16 08:10:19,694 P584981 INFO Train samples: total/113096830, blocks/1
2025-05-16 08:10:19,694 P584981 INFO Loading data from h5: ../../../data/KDD12_x10/valid.h5
2025-05-16 08:10:21,474 P584981 INFO Validation samples: total/14137104, blocks/1
2025-05-16 08:10:21,474 P584981 INFO Loading train and validation data done.
2025-05-16 08:10:21,474 P584981 INFO Start training: 11310 batches/epoch
2025-05-16 08:10:21,474 P584981 INFO ************ Epoch=1 start ************
2025-05-16 08:21:56,998 P584981 INFO Train loss: 0.156680
2025-05-16 08:21:56,999 P584981 INFO Evaluation @epoch 1 - batch 11310: 
2025-05-16 08:22:24,666 P584981 INFO ===
2025-05-16 08:22:24,666 P584981 INFO [Metrics] AUC: 0.806604 - logloss: 0.150238
2025-05-16 08:22:24,685 P584981 INFO Save best model: monitor(max)=0.806604
2025-05-16 08:22:25,613 P584981 INFO ************ Epoch=1 end ************
2025-05-16 08:34:02,958 P584981 INFO Train loss: 0.152007
2025-05-16 08:34:02,959 P584981 INFO Evaluation @epoch 2 - batch 11310: 
2025-05-16 08:34:32,291 P584981 INFO ===
2025-05-16 08:34:32,291 P584981 INFO [Metrics] AUC: 0.808081 - logloss: 0.149965
2025-05-16 08:34:32,311 P584981 INFO Save best model: monitor(max)=0.808081
2025-05-16 08:34:33,401 P584981 INFO ************ Epoch=2 end ************
2025-05-16 08:46:10,303 P584981 INFO Train loss: 0.150857
2025-05-16 08:46:10,303 P584981 INFO Evaluation @epoch 3 - batch 11310: 
2025-05-16 08:46:38,306 P584981 INFO ===
2025-05-16 08:46:38,306 P584981 INFO [Metrics] AUC: 0.807795 - logloss: 0.150108
2025-05-16 08:46:38,319 P584981 INFO Monitor(max)=0.807795 STOP!
2025-05-16 08:46:38,319 P584981 INFO Reduce learning rate on plateau: 0.000100
2025-05-16 08:46:38,843 P584981 INFO ************ Epoch=3 end ************
2025-05-16 08:58:16,570 P584981 INFO Train loss: 0.133914
2025-05-16 08:58:16,570 P584981 INFO Evaluation @epoch 4 - batch 11310: 
2025-05-16 08:58:45,620 P584981 INFO ===
2025-05-16 08:58:45,620 P584981 INFO [Metrics] AUC: 0.793057 - logloss: 0.159227
2025-05-16 08:58:45,638 P584981 INFO Monitor(max)=0.793057 STOP!
2025-05-16 08:58:45,638 P584981 INFO Reduce learning rate on plateau: 0.000010
2025-05-16 08:58:45,638 P584981 INFO ********* Epoch==4 early stop *********
2025-05-16 08:58:46,300 P584981 INFO Training finished.
2025-05-16 08:58:46,300 P584981 INFO Load best model: /root/autodl-tmp/model_zoo/DCNv3/DCNv3_torch/checkpoints/KDD12_x10/FCNv2_KDD12_012_0029ef89.model
2025-05-16 08:58:46,489 P584981 INFO ****** Validation evaluation ******
2025-05-16 08:59:16,208 P584981 INFO ===
2025-05-16 08:59:16,208 P584981 INFO [Metrics] logloss: 0.149965 - AUC: 0.808081
2025-05-16 08:59:17,011 P584981 INFO ******** Test evaluation ********
2025-05-16 08:59:17,011 P584981 INFO Loading data...
2025-05-16 08:59:17,012 P584981 INFO Loading data from h5: ../../../data/KDD12_x10/test.h5
2025-05-16 08:59:18,754 P584981 INFO Test samples: total/14137104, blocks/1
2025-05-16 08:59:18,755 P584981 INFO Loading test data done.
2025-05-16 08:59:45,758 P584981 INFO ===
2025-05-16 08:59:45,758 P584981 INFO [Metrics] logloss: 0.149680 - AUC: 0.808428
