2025-05-16 08:06:11,494 P578465 INFO Params: {
    "batch_norm": "True",
    "batch_size": "10000",
    "data_format": "csv",
    "data_root": "../../../data/",
    "dataset_id": "KDD12_x10",
    "debug_mode": "False",
    "early_stop_patience": "2",
    "embedding_dim": "16",
    "embedding_regularizer": "1e-07",
    "epochs": "100",
    "eval_steps": "None",
    "exp_num_layers": "8",
    "feature_cols": "[{'active': True, 'dtype': 'float', 'name': ['Depth', 'Position', 'Impression'], 'preprocess': 'convert_to_bucket', 'type': 'categorical'}, {'active': True, 'dtype': 'float', 'name': ['DisplayURL', 'AdID', 'AdvertiserID', 'QueryID', 'KeywordID', 'TitleID', 'DescriptionID', 'UserID', 'Gender', 'Age'], 'type': 'categorical'}]",
    "feature_config": "None",
    "feature_specs": "None",
    "gpu": "1",
    "group_id": "None",
    "label_col": "{'dtype': 'float', 'name': 'Click'}",
    "layer_norm": "True",
    "learning_rate": "0.001",
    "lin_num_layers": "4",
    "loss": "binary_crossentropy",
    "metrics": "['logloss', 'AUC']",
    "min_categr_count": "10",
    "model": "FCNv1",
    "model_id": "FCNv1_KDD12_011_7f2320f7",
    "model_root": "./checkpoints/",
    "monitor": "{'AUC': 1, 'logloss': 0}",
    "monitor_mode": "max",
    "net_dropout": "0",
    "net_regularizer": "0",
    "num_heads": "1",
    "num_workers": "8",
    "optimizer": "adam",
    "pickle_feature_encoder": "True",
    "save_best_only": "True",
    "seed": "2025",
    "shuffle": "True",
    "task": "binary_classification",
    "test_data": "../../../data/KDD12/test.csv",
    "train_data": "../../../data/KDD12/train.csv",
    "use_features": "None",
    "valid_data": "../../../data/KDD12/valid.csv",
    "verbose": "1"
}
2025-05-16 08:06:11,494 P578465 INFO Set up feature processor...
2025-05-16 08:06:11,494 P578465 WARNING Skip rebuilding ../../../data/KDD12_x10/feature_map.json. Please delete it manually if rebuilding is required.
2025-05-16 08:06:11,494 P578465 INFO Load feature_map from json: ../../../data/KDD12_x10/feature_map.json
2025-05-16 08:06:11,494 P578465 INFO Set column index...
2025-05-16 08:06:11,495 P578465 INFO Feature specs: {
    "AdID": "{'source': '', 'type': 'categorical', 'padding_idx': 0, 'oov_idx': 280097, 'vocab_size': 280098}",
    "AdvertiserID": "{'source': '', 'type': 'categorical', 'padding_idx': 0, 'oov_idx': 14416, 'vocab_size': 14417}",
    "Age": "{'source': '', 'type': 'categorical', 'padding_idx': 0, 'oov_idx': 8, 'vocab_size': 9}",
    "Depth": "{'source': '', 'type': 'categorical', 'padding_idx': 0, 'oov_idx': 3, 'vocab_size': 4}",
    "DescriptionID": "{'source': '', 'type': 'categorical', 'padding_idx': 0, 'oov_idx': 614455, 'vocab_size': 614456}",
    "DisplayURL": "{'source': '', 'type': 'categorical', 'padding_idx': 0, 'oov_idx': 22591, 'vocab_size': 22592}",
    "Gender": "{'source': '', 'type': 'categorical', 'padding_idx': 0, 'oov_idx': 4, 'vocab_size': 5}",
    "Impression": "{'source': '', 'type': 'categorical', 'padding_idx': 0, 'oov_idx': 90, 'vocab_size': 91}",
    "KeywordID": "{'source': '', 'type': 'categorical', 'padding_idx': 0, 'oov_idx': 358326, 'vocab_size': 358327}",
    "Position": "{'source': '', 'type': 'categorical', 'padding_idx': 0, 'oov_idx': 3, 'vocab_size': 4}",
    "QueryID": "{'source': '', 'type': 'categorical', 'padding_idx': 0, 'oov_idx': 997505, 'vocab_size': 997506}",
    "TitleID": "{'source': '', 'type': 'categorical', 'padding_idx': 0, 'oov_idx': 762415, 'vocab_size': 762416}",
    "UserID": "{'source': '', 'type': 'categorical', 'padding_idx': 0, 'oov_idx': 1618170, 'vocab_size': 1618171}"
}
2025-05-16 08:06:15,973 P578465 INFO Total number of parameters: 74954554.
2025-05-16 08:06:15,973 P578465 INFO Loading data...
2025-05-16 08:06:15,973 P578465 INFO Loading data from h5: ../../../data/KDD12_x10/train.h5
2025-05-16 08:06:29,054 P578465 INFO Train samples: total/113096830, blocks/1
2025-05-16 08:06:29,054 P578465 INFO Loading data from h5: ../../../data/KDD12_x10/valid.h5
2025-05-16 08:06:31,557 P578465 INFO Validation samples: total/14137104, blocks/1
2025-05-16 08:06:31,557 P578465 INFO Loading train and validation data done.
2025-05-16 08:06:31,557 P578465 INFO Start training: 11310 batches/epoch
2025-05-16 08:06:31,557 P578465 INFO ************ Epoch=1 start ************
2025-05-16 08:17:59,191 P578465 INFO Train loss: 0.157495
2025-05-16 08:17:59,191 P578465 INFO Evaluation @epoch 1 - batch 11310: 
2025-05-16 08:18:27,876 P578465 INFO ===
2025-05-16 08:18:27,876 P578465 INFO [Metrics] AUC: 0.806530 - logloss: 0.150290
2025-05-16 08:18:27,895 P578465 INFO Save best model: monitor(max)=0.806530
2025-05-16 08:18:28,841 P578465 INFO ************ Epoch=1 end ************
2025-05-16 08:29:57,959 P578465 INFO Train loss: 0.151790
2025-05-16 08:29:57,960 P578465 INFO Evaluation @epoch 2 - batch 11310: 
2025-05-16 08:30:26,766 P578465 INFO ===
2025-05-16 08:30:26,766 P578465 INFO [Metrics] AUC: 0.808724 - logloss: 0.149900
2025-05-16 08:30:26,785 P578465 INFO Save best model: monitor(max)=0.808724
2025-05-16 08:30:27,889 P578465 INFO ************ Epoch=2 end ************
2025-05-16 08:41:57,806 P578465 INFO Train loss: 0.148780
2025-05-16 08:41:57,806 P578465 INFO Evaluation @epoch 3 - batch 11310: 
2025-05-16 08:42:26,369 P578465 INFO ===
2025-05-16 08:42:26,370 P578465 INFO [Metrics] AUC: 0.807615 - logloss: 0.150256
2025-05-16 08:42:26,388 P578465 INFO Monitor(max)=0.807615 STOP!
2025-05-16 08:42:26,388 P578465 INFO Reduce learning rate on plateau: 0.000100
2025-05-16 08:42:27,007 P578465 INFO ************ Epoch=3 end ************
2025-05-16 08:53:56,396 P578465 INFO Train loss: 0.131682
2025-05-16 08:53:56,397 P578465 INFO Evaluation @epoch 4 - batch 11310: 
2025-05-16 08:54:24,869 P578465 INFO ===
2025-05-16 08:54:24,869 P578465 INFO [Metrics] AUC: 0.791665 - logloss: 0.160777
2025-05-16 08:54:24,888 P578465 INFO Monitor(max)=0.791665 STOP!
2025-05-16 08:54:24,888 P578465 INFO Reduce learning rate on plateau: 0.000010
2025-05-16 08:54:24,888 P578465 INFO ********* Epoch==4 early stop *********
2025-05-16 08:54:25,494 P578465 INFO Training finished.
2025-05-16 08:54:25,494 P578465 INFO Load best model: /root/autodl-tmp/model_zoo/DCNv3/DCNv3_torch/checkpoints/KDD12_x10/FCNv1_KDD12_011_7f2320f7.model
2025-05-16 08:54:25,660 P578465 INFO ****** Validation evaluation ******
2025-05-16 08:54:54,024 P578465 INFO ===
2025-05-16 08:54:54,024 P578465 INFO [Metrics] logloss: 0.149900 - AUC: 0.808724
2025-05-16 08:54:54,764 P578465 INFO ******** Test evaluation ********
2025-05-16 08:54:54,764 P578465 INFO Loading data...
2025-05-16 08:54:54,764 P578465 INFO Loading data from h5: ../../../data/KDD12_x10/test.h5
2025-05-16 08:54:56,527 P578465 INFO Test samples: total/14137104, blocks/1
2025-05-16 08:54:56,527 P578465 INFO Loading test data done.
2025-05-16 08:55:23,860 P578465 INFO ===
2025-05-16 08:55:23,860 P578465 INFO [Metrics] logloss: 0.149616 - AUC: 0.809065
