2025-05-16 09:47:23,350 P642996 INFO Params: {
    "batch_norm": "True",
    "batch_size": "10000",
    "data_format": "csv",
    "data_root": "../../../data/",
    "dataset_id": "KDD12_x10",
    "debug_mode": "False",
    "early_stop_patience": "2",
    "embedding_dim": "16",
    "embedding_regularizer": "1e-07",
    "epochs": "100",
    "eval_steps": "None",
    "exp_num_layers": "8",
    "feature_cols": "[{'active': True, 'dtype': 'float', 'name': ['Depth', 'Position', 'Impression'], 'preprocess': 'convert_to_bucket', 'type': 'categorical'}, {'active': True, 'dtype': 'float', 'name': ['DisplayURL', 'AdID', 'AdvertiserID', 'QueryID', 'KeywordID', 'TitleID', 'DescriptionID', 'UserID', 'Gender', 'Age'], 'type': 'categorical'}]",
    "feature_config": "None",
    "feature_specs": "None",
    "gpu": "1",
    "group_id": "None",
    "label_col": "{'dtype': 'float', 'name': 'Click'}",
    "layer_norm": "True",
    "learning_rate": "0.001",
    "lin_num_layers": "6",
    "loss": "binary_crossentropy",
    "metrics": "['logloss', 'AUC']",
    "min_categr_count": "10",
    "model": "FCNv1",
    "model_id": "FCNv1_KDD12_013_5d0f9dec",
    "model_root": "./checkpoints/",
    "monitor": "{'AUC': 1, 'logloss': 0}",
    "monitor_mode": "max",
    "net_dropout": "0",
    "net_regularizer": "0",
    "num_heads": "1",
    "num_workers": "8",
    "optimizer": "adam",
    "pickle_feature_encoder": "True",
    "save_best_only": "True",
    "seed": "2025",
    "shuffle": "True",
    "task": "binary_classification",
    "test_data": "../../../data/KDD12/test.csv",
    "train_data": "../../../data/KDD12/train.csv",
    "use_features": "None",
    "valid_data": "../../../data/KDD12/valid.csv",
    "verbose": "1"
}
2025-05-16 09:47:23,350 P642996 INFO Set up feature processor...
2025-05-16 09:47:23,350 P642996 WARNING Skip rebuilding ../../../data/KDD12_x10/feature_map.json. Please delete it manually if rebuilding is required.
2025-05-16 09:47:23,350 P642996 INFO Load feature_map from json: ../../../data/KDD12_x10/feature_map.json
2025-05-16 09:47:23,350 P642996 INFO Set column index...
2025-05-16 09:47:23,351 P642996 INFO Feature specs: {
    "AdID": "{'source': '', 'type': 'categorical', 'padding_idx': 0, 'oov_idx': 280097, 'vocab_size': 280098}",
    "AdvertiserID": "{'source': '', 'type': 'categorical', 'padding_idx': 0, 'oov_idx': 14416, 'vocab_size': 14417}",
    "Age": "{'source': '', 'type': 'categorical', 'padding_idx': 0, 'oov_idx': 8, 'vocab_size': 9}",
    "Depth": "{'source': '', 'type': 'categorical', 'padding_idx': 0, 'oov_idx': 3, 'vocab_size': 4}",
    "DescriptionID": "{'source': '', 'type': 'categorical', 'padding_idx': 0, 'oov_idx': 614455, 'vocab_size': 614456}",
    "DisplayURL": "{'source': '', 'type': 'categorical', 'padding_idx': 0, 'oov_idx': 22591, 'vocab_size': 22592}",
    "Gender": "{'source': '', 'type': 'categorical', 'padding_idx': 0, 'oov_idx': 4, 'vocab_size': 5}",
    "Impression": "{'source': '', 'type': 'categorical', 'padding_idx': 0, 'oov_idx': 90, 'vocab_size': 91}",
    "KeywordID": "{'source': '', 'type': 'categorical', 'padding_idx': 0, 'oov_idx': 358326, 'vocab_size': 358327}",
    "Position": "{'source': '', 'type': 'categorical', 'padding_idx': 0, 'oov_idx': 3, 'vocab_size': 4}",
    "QueryID": "{'source': '', 'type': 'categorical', 'padding_idx': 0, 'oov_idx': 997505, 'vocab_size': 997506}",
    "TitleID": "{'source': '', 'type': 'categorical', 'padding_idx': 0, 'oov_idx': 762415, 'vocab_size': 762416}",
    "UserID": "{'source': '', 'type': 'categorical', 'padding_idx': 0, 'oov_idx': 1618170, 'vocab_size': 1618171}"
}
2025-05-16 09:47:27,826 P642996 INFO Total number of parameters: 74998654.
2025-05-16 09:47:27,826 P642996 INFO Loading data...
2025-05-16 09:47:27,826 P642996 INFO Loading data from h5: ../../../data/KDD12_x10/train.h5
2025-05-16 09:47:41,433 P642996 INFO Train samples: total/113096830, blocks/1
2025-05-16 09:47:41,433 P642996 INFO Loading data from h5: ../../../data/KDD12_x10/valid.h5
2025-05-16 09:47:44,244 P642996 INFO Validation samples: total/14137104, blocks/1
2025-05-16 09:47:44,244 P642996 INFO Loading train and validation data done.
2025-05-16 09:47:44,244 P642996 INFO Start training: 11310 batches/epoch
2025-05-16 09:47:44,244 P642996 INFO ************ Epoch=1 start ************
2025-05-16 10:00:24,302 P642996 INFO Train loss: 0.156985
2025-05-16 10:00:24,302 P642996 INFO Evaluation @epoch 1 - batch 11310: 
2025-05-16 10:00:53,996 P642996 INFO ===
2025-05-16 10:00:53,996 P642996 INFO [Metrics] AUC: 0.807483 - logloss: 0.150094
2025-05-16 10:00:54,015 P642996 INFO Save best model: monitor(max)=0.807483
2025-05-16 10:00:55,065 P642996 INFO ************ Epoch=1 end ************
2025-05-16 10:13:34,396 P642996 INFO Train loss: 0.151935
2025-05-16 10:13:34,396 P642996 INFO Evaluation @epoch 2 - batch 11310: 
2025-05-16 10:14:04,476 P642996 INFO ===
2025-05-16 10:14:04,477 P642996 INFO [Metrics] AUC: 0.808521 - logloss: 0.149814
2025-05-16 10:14:04,495 P642996 INFO Save best model: monitor(max)=0.808521
2025-05-16 10:14:05,656 P642996 INFO ************ Epoch=2 end ************
2025-05-16 10:26:52,620 P642996 INFO Train loss: 0.150587
2025-05-16 10:26:52,620 P642996 INFO Evaluation @epoch 3 - batch 11310: 
2025-05-16 10:27:22,755 P642996 INFO ===
2025-05-16 10:27:22,756 P642996 INFO [Metrics] AUC: 0.807977 - logloss: 0.149982
2025-05-16 10:27:22,774 P642996 INFO Monitor(max)=0.807977 STOP!
2025-05-16 10:27:22,774 P642996 INFO Reduce learning rate on plateau: 0.000100
2025-05-16 10:27:23,419 P642996 INFO ************ Epoch=3 end ************
2025-05-16 10:40:10,403 P642996 INFO Train loss: 0.132770
2025-05-16 10:40:10,403 P642996 INFO Evaluation @epoch 4 - batch 11310: 
2025-05-16 10:40:40,558 P642996 INFO ===
2025-05-16 10:40:40,558 P642996 INFO [Metrics] AUC: 0.791287 - logloss: 0.160055
2025-05-16 10:40:40,577 P642996 INFO Monitor(max)=0.791287 STOP!
2025-05-16 10:40:40,577 P642996 INFO Reduce learning rate on plateau: 0.000010
2025-05-16 10:40:40,577 P642996 INFO ********* Epoch==4 early stop *********
2025-05-16 10:40:41,260 P642996 INFO Training finished.
2025-05-16 10:40:41,260 P642996 INFO Load best model: /root/autodl-tmp/model_zoo/DCNv3/DCNv3_torch/checkpoints/KDD12_x10/FCNv1_KDD12_013_5d0f9dec.model
2025-05-16 10:40:41,436 P642996 INFO ****** Validation evaluation ******
2025-05-16 10:41:11,430 P642996 INFO ===
2025-05-16 10:41:11,431 P642996 INFO [Metrics] logloss: 0.149814 - AUC: 0.808521
2025-05-16 10:41:12,340 P642996 INFO ******** Test evaluation ********
2025-05-16 10:41:12,340 P642996 INFO Loading data...
2025-05-16 10:41:12,341 P642996 INFO Loading data from h5: ../../../data/KDD12_x10/test.h5
2025-05-16 10:41:14,274 P642996 INFO Test samples: total/14137104, blocks/1
2025-05-16 10:41:14,274 P642996 INFO Loading test data done.
2025-05-16 10:41:42,184 P642996 INFO ===
2025-05-16 10:41:42,184 P642996 INFO [Metrics] logloss: 0.149560 - AUC: 0.808861
