2025-05-16 01:25:33,500 P330206 INFO Params: {
    "batch_norm": "True",
    "batch_size": "10000",
    "data_format": "csv",
    "data_root": "../../../data/",
    "dataset_id": "KDD12_x10",
    "debug_mode": "False",
    "early_stop_patience": "2",
    "embedding_dim": "16",
    "embedding_regularizer": "1e-07",
    "epochs": "100",
    "eval_steps": "None",
    "exp_num_layers": "6",
    "feature_cols": "[{'active': True, 'dtype': 'float', 'name': ['Depth', 'Position', 'Impression'], 'preprocess': 'convert_to_bucket', 'type': 'categorical'}, {'active': True, 'dtype': 'float', 'name': ['DisplayURL', 'AdID', 'AdvertiserID', 'QueryID', 'KeywordID', 'TitleID', 'DescriptionID', 'UserID', 'Gender', 'Age'], 'type': 'categorical'}]",
    "feature_config": "None",
    "feature_specs": "None",
    "gpu": "1",
    "group_id": "None",
    "label_col": "{'dtype': 'float', 'name': 'Click'}",
    "layer_norm": "True",
    "learning_rate": "0.001",
    "lin_num_layers": "7",
    "loss": "binary_crossentropy",
    "metrics": "['logloss', 'AUC']",
    "min_categr_count": "10",
    "model": "FCNv1",
    "model_id": "FCNv1_KDD12_004_5eb1f91f",
    "model_root": "./checkpoints/",
    "monitor": "{'AUC': 1, 'logloss': 0}",
    "monitor_mode": "max",
    "net_dropout": "0",
    "net_regularizer": "0",
    "num_heads": "1",
    "num_workers": "8",
    "optimizer": "adam",
    "pickle_feature_encoder": "True",
    "save_best_only": "True",
    "seed": "2025",
    "shuffle": "True",
    "task": "binary_classification",
    "test_data": "../../../data/KDD12/test.csv",
    "train_data": "../../../data/KDD12/train.csv",
    "use_features": "None",
    "valid_data": "../../../data/KDD12/valid.csv",
    "verbose": "1"
}
2025-05-16 01:25:33,500 P330206 INFO Set up feature processor...
2025-05-16 01:25:33,501 P330206 WARNING Skip rebuilding ../../../data/KDD12_x10/feature_map.json. Please delete it manually if rebuilding is required.
2025-05-16 01:25:33,501 P330206 INFO Load feature_map from json: ../../../data/KDD12_x10/feature_map.json
2025-05-16 01:25:33,501 P330206 INFO Set column index...
2025-05-16 01:25:33,501 P330206 INFO Feature specs: {
    "AdID": "{'source': '', 'type': 'categorical', 'padding_idx': 0, 'oov_idx': 280097, 'vocab_size': 280098}",
    "AdvertiserID": "{'source': '', 'type': 'categorical', 'padding_idx': 0, 'oov_idx': 14416, 'vocab_size': 14417}",
    "Age": "{'source': '', 'type': 'categorical', 'padding_idx': 0, 'oov_idx': 8, 'vocab_size': 9}",
    "Depth": "{'source': '', 'type': 'categorical', 'padding_idx': 0, 'oov_idx': 3, 'vocab_size': 4}",
    "DescriptionID": "{'source': '', 'type': 'categorical', 'padding_idx': 0, 'oov_idx': 614455, 'vocab_size': 614456}",
    "DisplayURL": "{'source': '', 'type': 'categorical', 'padding_idx': 0, 'oov_idx': 22591, 'vocab_size': 22592}",
    "Gender": "{'source': '', 'type': 'categorical', 'padding_idx': 0, 'oov_idx': 4, 'vocab_size': 5}",
    "Impression": "{'source': '', 'type': 'categorical', 'padding_idx': 0, 'oov_idx': 90, 'vocab_size': 91}",
    "KeywordID": "{'source': '', 'type': 'categorical', 'padding_idx': 0, 'oov_idx': 358326, 'vocab_size': 358327}",
    "Position": "{'source': '', 'type': 'categorical', 'padding_idx': 0, 'oov_idx': 3, 'vocab_size': 4}",
    "QueryID": "{'source': '', 'type': 'categorical', 'padding_idx': 0, 'oov_idx': 997505, 'vocab_size': 997506}",
    "TitleID": "{'source': '', 'type': 'categorical', 'padding_idx': 0, 'oov_idx': 762415, 'vocab_size': 762416}",
    "UserID": "{'source': '', 'type': 'categorical', 'padding_idx': 0, 'oov_idx': 1618170, 'vocab_size': 1618171}"
}
2025-05-16 01:25:37,810 P330206 INFO Total number of parameters: 74976604.
2025-05-16 01:25:37,810 P330206 INFO Loading data...
2025-05-16 01:25:37,810 P330206 INFO Loading data from h5: ../../../data/KDD12_x10/train.h5
2025-05-16 01:25:49,990 P330206 INFO Train samples: total/113096830, blocks/1
2025-05-16 01:25:49,991 P330206 INFO Loading data from h5: ../../../data/KDD12_x10/valid.h5
2025-05-16 01:25:51,574 P330206 INFO Validation samples: total/14137104, blocks/1
2025-05-16 01:25:51,574 P330206 INFO Loading train and validation data done.
2025-05-16 01:25:51,574 P330206 INFO Start training: 11310 batches/epoch
2025-05-16 01:25:51,575 P330206 INFO ************ Epoch=1 start ************
2025-05-16 01:37:50,465 P330206 INFO Train loss: 0.157242
2025-05-16 01:37:50,466 P330206 INFO Evaluation @epoch 1 - batch 11310: 
2025-05-16 01:38:16,548 P330206 INFO ===
2025-05-16 01:38:16,548 P330206 INFO [Metrics] AUC: 0.806435 - logloss: 0.150326
2025-05-16 01:38:16,562 P330206 INFO Save best model: monitor(max)=0.806435
2025-05-16 01:38:17,433 P330206 INFO ************ Epoch=1 end ************
2025-05-16 01:50:17,955 P330206 INFO Train loss: 0.151331
2025-05-16 01:50:17,955 P330206 INFO Evaluation @epoch 2 - batch 11310: 
2025-05-16 01:50:44,206 P330206 INFO ===
2025-05-16 01:50:44,206 P330206 INFO [Metrics] AUC: 0.809598 - logloss: 0.149660
2025-05-16 01:50:44,220 P330206 INFO Save best model: monitor(max)=0.809598
2025-05-16 01:50:45,151 P330206 INFO ************ Epoch=2 end ************
2025-05-16 02:02:46,869 P330206 INFO Train loss: 0.147758
2025-05-16 02:02:46,870 P330206 INFO Evaluation @epoch 3 - batch 11310: 
2025-05-16 02:03:13,629 P330206 INFO ===
2025-05-16 02:03:13,629 P330206 INFO [Metrics] AUC: 0.806072 - logloss: 0.150674
2025-05-16 02:03:13,645 P330206 INFO Monitor(max)=0.806072 STOP!
2025-05-16 02:03:13,645 P330206 INFO Reduce learning rate on plateau: 0.000100
2025-05-16 02:03:14,160 P330206 INFO ************ Epoch=3 end ************
2025-05-16 02:15:15,082 P330206 INFO Train loss: 0.130971
2025-05-16 02:15:15,083 P330206 INFO Evaluation @epoch 4 - batch 11310: 
2025-05-16 02:15:41,450 P330206 INFO ===
2025-05-16 02:15:41,451 P330206 INFO [Metrics] AUC: 0.789400 - logloss: 0.162453
2025-05-16 02:15:41,469 P330206 INFO Monitor(max)=0.789400 STOP!
2025-05-16 02:15:41,469 P330206 INFO Reduce learning rate on plateau: 0.000010
2025-05-16 02:15:41,469 P330206 INFO ********* Epoch==4 early stop *********
2025-05-16 02:15:41,963 P330206 INFO Training finished.
2025-05-16 02:15:41,963 P330206 INFO Load best model: /root/autodl-tmp/model_zoo/DCNv3/DCNv3_torch/checkpoints/KDD12_x10/FCNv1_KDD12_004_5eb1f91f.model
2025-05-16 02:15:42,122 P330206 INFO ****** Validation evaluation ******
2025-05-16 02:16:08,545 P330206 INFO ===
2025-05-16 02:16:08,546 P330206 INFO [Metrics] logloss: 0.149660 - AUC: 0.809598
2025-05-16 02:16:09,069 P330206 INFO ******** Test evaluation ********
2025-05-16 02:16:09,069 P330206 INFO Loading data...
2025-05-16 02:16:09,069 P330206 INFO Loading data from h5: ../../../data/KDD12_x10/test.h5
2025-05-16 02:16:10,766 P330206 INFO Test samples: total/14137104, blocks/1
2025-05-16 02:16:10,766 P330206 INFO Loading test data done.
2025-05-16 02:16:36,745 P330206 INFO ===
2025-05-16 02:16:36,746 P330206 INFO [Metrics] logloss: 0.149386 - AUC: 0.809955
