2025-05-13 19:02:09,919 P557833 INFO Params: {
    "batch_norm": "True",
    "batch_size": "10000",
    "data_format": "csv",
    "data_root": "../../../data/",
    "dataset_id": "KKBox_csv",
    "debug_mode": "False",
    "early_stop_patience": "2",
    "embedding_dim": "128",
    "embedding_regularizer": "0.0005",
    "epochs": "100",
    "eval_steps": "None",
    "feature_cols": "[{'active': True, 'dtype': 'str', 'name': ['msno', 'song_id', 'source_system_tab', 'source_screen_name', 'source_type', 'city', 'gender', 'registered_via', 'language'], 'type': 'categorical'}, {'active': True, 'dtype': 'str', 'encoder': 'MaskedSumPooling', 'max_len': 3, 'name': 'genre_ids', 'type': 'sequence'}, {'active': True, 'dtype': 'str', 'encoder': 'MaskedSumPooling', 'max_len': 3, 'name': 'artist_name', 'type': 'sequence'}, {'active': True, 'dtype': 'str', 'name': 'isrc', 'preprocess': 'extract_country_code', 'type': 'categorical'}, {'active': True, 'dtype': 'str', 'name': 'bd', 'preprocess': 'bucketize_age', 'type': 'categorical'}]",
    "feature_config": "None",
    "feature_specs": "None",
    "gpu": "3",
    "group_id": "None",
    "label_col": "{'dtype': 'float', 'name': 'label'}",
    "learning_rate": "0.001",
    "loss": "binary_crossentropy",
    "metrics": "['logloss', 'AUC']",
    "min_categr_count": "10",
    "model": "ECN",
    "model_id": "ECN_KKBox_csv_003_62878fc7",
    "model_root": "./checkpoints/",
    "monitor": "{'AUC': 1, 'logloss': 0}",
    "monitor_mode": "max",
    "net_dropout": "0.2",
    "net_regularizer": "0",
    "num_cross_layers": "4",
    "num_heads": "1",
    "num_workers": "8",
    "optimizer": "adam",
    "pickle_feature_encoder": "True",
    "save_best_only": "True",
    "seed": "2025",
    "shuffle": "True",
    "task": "binary_classification",
    "test_data": "../../../data/KKBox_x1/test.csv",
    "train_data": "../../../data/KKBox_x1/train.csv",
    "use_features": "None",
    "valid_data": "../../../data/KKBox_x1/valid.csv",
    "verbose": "1"
}
2025-05-13 19:02:09,919 P557833 INFO Set up feature processor...
2025-05-13 19:02:09,920 P557833 WARNING Skip rebuilding ../../../data/KKBox_csv/feature_map.json. Please delete it manually if rebuilding is required.
2025-05-13 19:02:09,920 P557833 INFO Load feature_map from json: ../../../data/KKBox_csv/feature_map.json
2025-05-13 19:02:09,920 P557833 INFO Set column index...
2025-05-13 19:02:09,920 P557833 INFO Feature specs: {
    "artist_name": "{'source': '', 'type': 'sequence', 'feature_encoder': 'layers.MaskedAveragePooling()', 'padding_idx': 0, 'oov_idx': 11975, 'vocab_size': 11976, 'max_len': 3}",
    "bd": "{'source': '', 'type': 'categorical', 'padding_idx': 0, 'oov_idx': 8, 'vocab_size': 9}",
    "city": "{'source': '', 'type': 'categorical', 'padding_idx': 0, 'oov_idx': 22, 'vocab_size': 23}",
    "gender": "{'source': '', 'type': 'categorical', 'padding_idx': 0, 'oov_idx': 3, 'vocab_size': 4}",
    "genre_ids": "{'source': '', 'type': 'sequence', 'feature_encoder': 'layers.MaskedAveragePooling()', 'padding_idx': 0, 'oov_idx': 345, 'vocab_size': 346, 'max_len': 3}",
    "isrc": "{'source': '', 'type': 'categorical', 'padding_idx': 0, 'oov_idx': 79, 'vocab_size': 80}",
    "language": "{'source': '', 'type': 'categorical', 'padding_idx': 0, 'oov_idx': 11, 'vocab_size': 12}",
    "msno": "{'source': '', 'type': 'categorical', 'padding_idx': 0, 'oov_idx': 25962, 'vocab_size': 25963}",
    "registered_via": "{'source': '', 'type': 'categorical', 'padding_idx': 0, 'oov_idx': 6, 'vocab_size': 7}",
    "song_id": "{'source': '', 'type': 'categorical', 'padding_idx': 0, 'oov_idx': 53290, 'vocab_size': 53291}",
    "source_screen_name": "{'source': '', 'type': 'categorical', 'padding_idx': 0, 'oov_idx': 20, 'vocab_size': 21}",
    "source_system_tab": "{'source': '', 'type': 'categorical', 'padding_idx': 0, 'oov_idx': 9, 'vocab_size': 10}",
    "source_type": "{'source': '', 'type': 'categorical', 'padding_idx': 0, 'oov_idx': 13, 'vocab_size': 14}"
}
2025-05-13 19:02:15,274 P557833 INFO Total number of parameters: 17297545.
2025-05-13 19:02:15,274 P557833 INFO Loading data...
2025-05-13 19:02:15,286 P557833 INFO Loading data from h5: ../../../data/KKBox_csv/train.h5
2025-05-13 19:02:16,633 P557833 INFO Train samples: total/5901932, blocks/1
2025-05-13 19:02:16,633 P557833 INFO Loading data from h5: ../../../data/KKBox_csv/valid.h5
2025-05-13 19:02:16,794 P557833 INFO Validation samples: total/737743, blocks/1
2025-05-13 19:02:16,794 P557833 INFO Loading train and validation data done.
2025-05-13 19:02:16,794 P557833 INFO Start training: 591 batches/epoch
2025-05-13 19:02:16,794 P557833 INFO ************ Epoch=1 start ************
2025-05-13 19:03:49,893 P557833 INFO Train loss: 0.609740
2025-05-13 19:03:49,893 P557833 INFO Evaluation @epoch 1 - batch 591: 
2025-05-13 19:03:56,114 P557833 INFO ===
2025-05-13 19:03:56,114 P557833 INFO [Metrics] AUC: 0.804873 - logloss: 0.536188
2025-05-13 19:03:56,120 P557833 INFO Save best model: monitor(max)=0.804873
2025-05-13 19:03:56,588 P557833 INFO ************ Epoch=1 end ************
2025-05-13 19:05:29,212 P557833 INFO Train loss: 0.596745
2025-05-13 19:05:29,212 P557833 INFO Evaluation @epoch 2 - batch 591: 
2025-05-13 19:05:35,099 P557833 INFO ===
2025-05-13 19:05:35,099 P557833 INFO [Metrics] AUC: 0.816978 - logloss: 0.521823
2025-05-13 19:05:35,105 P557833 INFO Save best model: monitor(max)=0.816978
2025-05-13 19:05:35,460 P557833 INFO ************ Epoch=2 end ************
2025-05-13 19:07:08,819 P557833 INFO Train loss: 0.593130
2025-05-13 19:07:08,820 P557833 INFO Evaluation @epoch 3 - batch 591: 
2025-05-13 19:07:15,021 P557833 INFO ===
2025-05-13 19:07:15,021 P557833 INFO [Metrics] AUC: 0.822112 - logloss: 0.515854
2025-05-13 19:07:15,027 P557833 INFO Save best model: monitor(max)=0.822112
2025-05-13 19:07:15,718 P557833 INFO ************ Epoch=3 end ************
2025-05-13 19:08:49,324 P557833 INFO Train loss: 0.590008
2025-05-13 19:08:49,324 P557833 INFO Evaluation @epoch 4 - batch 591: 
2025-05-13 19:08:55,166 P557833 INFO ===
2025-05-13 19:08:55,166 P557833 INFO [Metrics] AUC: 0.825920 - logloss: 0.510713
2025-05-13 19:08:55,172 P557833 INFO Save best model: monitor(max)=0.825920
2025-05-13 19:08:55,568 P557833 INFO ************ Epoch=4 end ************
2025-05-13 19:10:28,926 P557833 INFO Train loss: 0.587160
2025-05-13 19:10:28,926 P557833 INFO Evaluation @epoch 5 - batch 591: 
2025-05-13 19:10:34,589 P557833 INFO ===
2025-05-13 19:10:34,589 P557833 INFO [Metrics] AUC: 0.828728 - logloss: 0.507499
2025-05-13 19:10:34,595 P557833 INFO Save best model: monitor(max)=0.828728
2025-05-13 19:10:34,929 P557833 INFO ************ Epoch=5 end ************
2025-05-13 19:12:05,820 P557833 INFO Train loss: 0.585153
2025-05-13 19:12:05,820 P557833 INFO Evaluation @epoch 6 - batch 591: 
2025-05-13 19:12:12,033 P557833 INFO ===
2025-05-13 19:12:12,034 P557833 INFO [Metrics] AUC: 0.829340 - logloss: 0.508364
2025-05-13 19:12:12,039 P557833 INFO Save best model: monitor(max)=0.829340
2025-05-13 19:12:12,499 P557833 INFO ************ Epoch=6 end ************
2025-05-13 19:13:45,098 P557833 INFO Train loss: 0.582882
2025-05-13 19:13:45,098 P557833 INFO Evaluation @epoch 7 - batch 591: 
2025-05-13 19:13:51,403 P557833 INFO ===
2025-05-13 19:13:51,403 P557833 INFO [Metrics] AUC: 0.831568 - logloss: 0.503613
2025-05-13 19:13:51,409 P557833 INFO Save best model: monitor(max)=0.831568
2025-05-13 19:13:51,845 P557833 INFO ************ Epoch=7 end ************
2025-05-13 19:15:23,710 P557833 INFO Train loss: 0.581048
2025-05-13 19:15:23,710 P557833 INFO Evaluation @epoch 8 - batch 591: 
2025-05-13 19:15:30,002 P557833 INFO ===
2025-05-13 19:15:30,002 P557833 INFO [Metrics] AUC: 0.832591 - logloss: 0.502427
2025-05-13 19:15:30,008 P557833 INFO Save best model: monitor(max)=0.832591
2025-05-13 19:15:30,421 P557833 INFO ************ Epoch=8 end ************
2025-05-13 19:16:59,616 P557833 INFO Train loss: 0.579981
2025-05-13 19:16:59,616 P557833 INFO Evaluation @epoch 9 - batch 591: 
2025-05-13 19:17:05,218 P557833 INFO ===
2025-05-13 19:17:05,219 P557833 INFO [Metrics] AUC: 0.833709 - logloss: 0.500741
2025-05-13 19:17:05,224 P557833 INFO Save best model: monitor(max)=0.833709
2025-05-13 19:17:05,917 P557833 INFO ************ Epoch=9 end ************
2025-05-13 19:18:16,004 P557833 INFO Train loss: 0.578879
2025-05-13 19:18:16,004 P557833 INFO Evaluation @epoch 10 - batch 591: 
2025-05-13 19:18:22,692 P557833 INFO ===
2025-05-13 19:18:22,693 P557833 INFO [Metrics] AUC: 0.834445 - logloss: 0.499834
2025-05-13 19:18:22,698 P557833 INFO Save best model: monitor(max)=0.834445
2025-05-13 19:18:23,125 P557833 INFO ************ Epoch=10 end ************
2025-05-13 19:19:57,620 P557833 INFO Train loss: 0.577986
2025-05-13 19:19:57,620 P557833 INFO Evaluation @epoch 11 - batch 591: 
2025-05-13 19:20:04,046 P557833 INFO ===
2025-05-13 19:20:04,046 P557833 INFO [Metrics] AUC: 0.835780 - logloss: 0.498030
2025-05-13 19:20:04,051 P557833 INFO Save best model: monitor(max)=0.835780
2025-05-13 19:20:04,517 P557833 INFO ************ Epoch=11 end ************
2025-05-13 19:21:39,108 P557833 INFO Train loss: 0.576949
2025-05-13 19:21:39,108 P557833 INFO Evaluation @epoch 12 - batch 591: 
2025-05-13 19:21:45,376 P557833 INFO ===
2025-05-13 19:21:45,376 P557833 INFO [Metrics] AUC: 0.836426 - logloss: 0.497256
2025-05-13 19:21:45,381 P557833 INFO Save best model: monitor(max)=0.836426
2025-05-13 19:21:45,765 P557833 INFO ************ Epoch=12 end ************
2025-05-13 19:23:20,638 P557833 INFO Train loss: 0.576070
2025-05-13 19:23:20,638 P557833 INFO Evaluation @epoch 13 - batch 591: 
2025-05-13 19:23:28,260 P557833 INFO ===
2025-05-13 19:23:28,260 P557833 INFO [Metrics] AUC: 0.836671 - logloss: 0.497000
2025-05-13 19:23:28,265 P557833 INFO Save best model: monitor(max)=0.836671
2025-05-13 19:23:28,605 P557833 INFO ************ Epoch=13 end ************
2025-05-13 19:25:02,587 P557833 INFO Train loss: 0.575486
2025-05-13 19:25:02,587 P557833 INFO Evaluation @epoch 14 - batch 591: 
2025-05-13 19:25:07,811 P557833 INFO ===
2025-05-13 19:25:07,811 P557833 INFO [Metrics] AUC: 0.837388 - logloss: 0.495949
2025-05-13 19:25:07,817 P557833 INFO Save best model: monitor(max)=0.837388
2025-05-13 19:25:08,256 P557833 INFO ************ Epoch=14 end ************
2025-05-13 19:26:42,258 P557833 INFO Train loss: 0.575254
2025-05-13 19:26:42,258 P557833 INFO Evaluation @epoch 15 - batch 591: 
2025-05-13 19:26:46,634 P557833 INFO ===
2025-05-13 19:26:46,634 P557833 INFO [Metrics] AUC: 0.838167 - logloss: 0.495074
2025-05-13 19:26:46,639 P557833 INFO Save best model: monitor(max)=0.838167
2025-05-13 19:26:47,018 P557833 INFO ************ Epoch=15 end ************
2025-05-13 19:28:19,928 P557833 INFO Train loss: 0.574250
2025-05-13 19:28:19,928 P557833 INFO Evaluation @epoch 16 - batch 591: 
2025-05-13 19:28:25,611 P557833 INFO ===
2025-05-13 19:28:25,611 P557833 INFO [Metrics] AUC: 0.838295 - logloss: 0.495068
2025-05-13 19:28:25,617 P557833 INFO Save best model: monitor(max)=0.838295
2025-05-13 19:28:26,096 P557833 INFO ************ Epoch=16 end ************
2025-05-13 19:29:58,525 P557833 INFO Train loss: 0.573611
2025-05-13 19:29:58,526 P557833 INFO Evaluation @epoch 17 - batch 591: 
2025-05-13 19:30:04,811 P557833 INFO ===
2025-05-13 19:30:04,811 P557833 INFO [Metrics] AUC: 0.839132 - logloss: 0.493553
2025-05-13 19:30:04,816 P557833 INFO Save best model: monitor(max)=0.839132
2025-05-13 19:30:05,215 P557833 INFO ************ Epoch=17 end ************
2025-05-13 19:31:39,112 P557833 INFO Train loss: 0.573248
2025-05-13 19:31:39,112 P557833 INFO Evaluation @epoch 18 - batch 591: 
2025-05-13 19:31:45,901 P557833 INFO ===
2025-05-13 19:31:45,901 P557833 INFO [Metrics] AUC: 0.838870 - logloss: 0.494070
2025-05-13 19:31:45,908 P557833 INFO Monitor(max)=0.838870 STOP!
2025-05-13 19:31:45,908 P557833 INFO Reduce learning rate on plateau: 0.000100
2025-05-13 19:31:46,246 P557833 INFO ************ Epoch=18 end ************
2025-05-13 19:33:17,811 P557833 INFO Train loss: 0.508790
2025-05-13 19:33:17,811 P557833 INFO Evaluation @epoch 19 - batch 591: 
2025-05-13 19:33:23,787 P557833 INFO ===
2025-05-13 19:33:23,787 P557833 INFO [Metrics] AUC: 0.852001 - logloss: 0.477949
2025-05-13 19:33:23,792 P557833 INFO Save best model: monitor(max)=0.852001
2025-05-13 19:33:24,258 P557833 INFO ************ Epoch=19 end ************
2025-05-13 19:34:58,155 P557833 INFO Train loss: 0.474122
2025-05-13 19:34:58,156 P557833 INFO Evaluation @epoch 20 - batch 591: 
2025-05-13 19:35:04,703 P557833 INFO ===
2025-05-13 19:35:04,703 P557833 INFO [Metrics] AUC: 0.855215 - logloss: 0.474411
2025-05-13 19:35:04,708 P557833 INFO Save best model: monitor(max)=0.855215
2025-05-13 19:35:05,110 P557833 INFO ************ Epoch=20 end ************
2025-05-13 19:36:37,318 P557833 INFO Train loss: 0.458122
2025-05-13 19:36:37,319 P557833 INFO Evaluation @epoch 21 - batch 591: 
2025-05-13 19:36:43,391 P557833 INFO ===
2025-05-13 19:36:43,391 P557833 INFO [Metrics] AUC: 0.855817 - logloss: 0.475986
2025-05-13 19:36:43,397 P557833 INFO Save best model: monitor(max)=0.855817
2025-05-13 19:36:43,757 P557833 INFO ************ Epoch=21 end ************
2025-05-13 19:38:16,520 P557833 INFO Train loss: 0.446715
2025-05-13 19:38:16,520 P557833 INFO Evaluation @epoch 22 - batch 591: 
2025-05-13 19:38:22,022 P557833 INFO ===
2025-05-13 19:38:22,023 P557833 INFO [Metrics] AUC: 0.855483 - logloss: 0.478332
2025-05-13 19:38:22,028 P557833 INFO Monitor(max)=0.855483 STOP!
2025-05-13 19:38:22,028 P557833 INFO Reduce learning rate on plateau: 0.000010
2025-05-13 19:38:22,344 P557833 INFO ************ Epoch=22 end ************
2025-05-13 19:39:54,616 P557833 INFO Train loss: 0.415613
2025-05-13 19:39:54,617 P557833 INFO Evaluation @epoch 23 - batch 591: 
2025-05-13 19:40:00,815 P557833 INFO ===
2025-05-13 19:40:00,815 P557833 INFO [Metrics] AUC: 0.853498 - logloss: 0.495887
2025-05-13 19:40:00,821 P557833 INFO Monitor(max)=0.853498 STOP!
2025-05-13 19:40:00,821 P557833 INFO Reduce learning rate on plateau: 0.000001
2025-05-13 19:40:00,821 P557833 INFO ********* Epoch==23 early stop *********
2025-05-13 19:40:01,164 P557833 INFO Training finished.
2025-05-13 19:40:01,164 P557833 INFO Load best model: /root/autodl-tmp/model_zoo/DCNv3/DCNv3_torch/checkpoints/KKBox_csv/ECN_KKBox_csv_003_62878fc7.model
2025-05-13 19:40:01,220 P557833 INFO ****** Validation evaluation ******
2025-05-13 19:40:07,291 P557833 INFO ===
2025-05-13 19:40:07,291 P557833 INFO [Metrics] logloss: 0.475986 - AUC: 0.855817
2025-05-13 19:40:07,444 P557833 INFO ******** Test evaluation ********
2025-05-13 19:40:07,445 P557833 INFO Loading data...
2025-05-13 19:40:07,445 P557833 INFO Loading data from h5: ../../../data/KKBox_csv/test.h5
2025-05-13 19:40:07,610 P557833 INFO Test samples: total/737743, blocks/1
2025-05-13 19:40:07,610 P557833 INFO Loading test data done.
2025-05-13 19:40:13,296 P557833 INFO ===
2025-05-13 19:40:13,296 P557833 INFO [Metrics] logloss: 0.475637 - AUC: 0.855989
