2025-05-13 18:15:39,198 P903542 INFO Params: {
    "batch_norm": "True",
    "batch_size": "10000",
    "data_format": "csv",
    "data_root": "../../../data/",
    "dataset_id": "KKBox_csv",
    "debug_mode": "False",
    "early_stop_patience": "2",
    "embedding_dim": "128",
    "embedding_regularizer": "0.0005",
    "epochs": "100",
    "eval_steps": "None",
    "feature_cols": "[{'active': True, 'dtype': 'str', 'name': ['msno', 'song_id', 'source_system_tab', 'source_screen_name', 'source_type', 'city', 'gender', 'registered_via', 'language'], 'type': 'categorical'}, {'active': True, 'dtype': 'str', 'encoder': 'MaskedSumPooling', 'max_len': 3, 'name': 'genre_ids', 'type': 'sequence'}, {'active': True, 'dtype': 'str', 'encoder': 'MaskedSumPooling', 'max_len': 3, 'name': 'artist_name', 'type': 'sequence'}, {'active': True, 'dtype': 'str', 'name': 'isrc', 'preprocess': 'extract_country_code', 'type': 'categorical'}, {'active': True, 'dtype': 'str', 'name': 'bd', 'preprocess': 'bucketize_age', 'type': 'categorical'}]",
    "feature_config": "None",
    "feature_specs": "None",
    "gpu": "3",
    "group_id": "None",
    "label_col": "{'dtype': 'float', 'name': 'label'}",
    "learning_rate": "0.001",
    "loss": "binary_crossentropy",
    "metrics": "['logloss', 'AUC']",
    "min_categr_count": "10",
    "model": "ECN",
    "model_id": "ECN_KKBox_csv_001_5122291d",
    "model_root": "./checkpoints/",
    "monitor": "{'AUC': 1, 'logloss': 0}",
    "monitor_mode": "max",
    "net_dropout": "0.2",
    "net_regularizer": "0",
    "num_cross_layers": "2",
    "num_heads": "1",
    "num_workers": "8",
    "optimizer": "adam",
    "pickle_feature_encoder": "True",
    "save_best_only": "True",
    "seed": "2025",
    "shuffle": "True",
    "task": "binary_classification",
    "test_data": "../../../data/KKBox_x1/test.csv",
    "train_data": "../../../data/KKBox_x1/train.csv",
    "use_features": "None",
    "valid_data": "../../../data/KKBox_x1/valid.csv",
    "verbose": "1"
}
2025-05-13 18:15:39,199 P903542 INFO Set up feature processor...
2025-05-13 18:15:39,199 P903542 WARNING Skip rebuilding ../../../data/KKBox_csv/feature_map.json. Please delete it manually if rebuilding is required.
2025-05-13 18:15:39,199 P903542 INFO Load feature_map from json: ../../../data/KKBox_csv/feature_map.json
2025-05-13 18:15:39,199 P903542 INFO Set column index...
2025-05-13 18:15:39,199 P903542 INFO Feature specs: {
    "artist_name": "{'source': '', 'type': 'sequence', 'feature_encoder': 'layers.MaskedAveragePooling()', 'padding_idx': 0, 'oov_idx': 11975, 'vocab_size': 11976, 'max_len': 3}",
    "bd": "{'source': '', 'type': 'categorical', 'padding_idx': 0, 'oov_idx': 8, 'vocab_size': 9}",
    "city": "{'source': '', 'type': 'categorical', 'padding_idx': 0, 'oov_idx': 22, 'vocab_size': 23}",
    "gender": "{'source': '', 'type': 'categorical', 'padding_idx': 0, 'oov_idx': 3, 'vocab_size': 4}",
    "genre_ids": "{'source': '', 'type': 'sequence', 'feature_encoder': 'layers.MaskedAveragePooling()', 'padding_idx': 0, 'oov_idx': 345, 'vocab_size': 346, 'max_len': 3}",
    "isrc": "{'source': '', 'type': 'categorical', 'padding_idx': 0, 'oov_idx': 79, 'vocab_size': 80}",
    "language": "{'source': '', 'type': 'categorical', 'padding_idx': 0, 'oov_idx': 11, 'vocab_size': 12}",
    "msno": "{'source': '', 'type': 'categorical', 'padding_idx': 0, 'oov_idx': 25962, 'vocab_size': 25963}",
    "registered_via": "{'source': '', 'type': 'categorical', 'padding_idx': 0, 'oov_idx': 6, 'vocab_size': 7}",
    "song_id": "{'source': '', 'type': 'categorical', 'padding_idx': 0, 'oov_idx': 53290, 'vocab_size': 53291}",
    "source_screen_name": "{'source': '', 'type': 'categorical', 'padding_idx': 0, 'oov_idx': 20, 'vocab_size': 21}",
    "source_system_tab": "{'source': '', 'type': 'categorical', 'padding_idx': 0, 'oov_idx': 9, 'vocab_size': 10}",
    "source_type": "{'source': '', 'type': 'categorical', 'padding_idx': 0, 'oov_idx': 13, 'vocab_size': 14}"
}
2025-05-13 18:15:44,508 P903542 INFO Total number of parameters: 14521989.
2025-05-13 18:15:44,508 P903542 INFO Loading data...
2025-05-13 18:15:44,508 P903542 INFO Loading data from h5: ../../../data/KKBox_csv/train.h5
2025-05-13 18:15:45,816 P903542 INFO Train samples: total/5901932, blocks/1
2025-05-13 18:15:45,816 P903542 INFO Loading data from h5: ../../../data/KKBox_csv/valid.h5
2025-05-13 18:15:45,947 P903542 INFO Validation samples: total/737743, blocks/1
2025-05-13 18:15:45,948 P903542 INFO Loading train and validation data done.
2025-05-13 18:15:45,948 P903542 INFO Start training: 591 batches/epoch
2025-05-13 18:15:45,948 P903542 INFO ************ Epoch=1 start ************
2025-05-13 18:16:48,567 P903542 INFO Train loss: 0.603367
2025-05-13 18:16:48,567 P903542 INFO Evaluation @epoch 1 - batch 591: 
2025-05-13 18:16:55,251 P903542 INFO ===
2025-05-13 18:16:55,251 P903542 INFO [Metrics] AUC: 0.802115 - logloss: 0.538961
2025-05-13 18:16:55,257 P903542 INFO Save best model: monitor(max)=0.802115
2025-05-13 18:16:55,604 P903542 INFO ************ Epoch=1 end ************
2025-05-13 18:17:54,998 P903542 INFO Train loss: 0.591115
2025-05-13 18:17:54,998 P903542 INFO Evaluation @epoch 2 - batch 591: 
2025-05-13 18:18:01,532 P903542 INFO ===
2025-05-13 18:18:01,532 P903542 INFO [Metrics] AUC: 0.814571 - logloss: 0.524752
2025-05-13 18:18:01,588 P903542 INFO Save best model: monitor(max)=0.814571
2025-05-13 18:18:01,988 P903542 INFO ************ Epoch=2 end ************
2025-05-13 18:19:02,493 P903542 INFO Train loss: 0.586122
2025-05-13 18:19:02,494 P903542 INFO Evaluation @epoch 3 - batch 591: 
2025-05-13 18:19:09,429 P903542 INFO ===
2025-05-13 18:19:09,429 P903542 INFO [Metrics] AUC: 0.820627 - logloss: 0.517526
2025-05-13 18:19:09,430 P903542 INFO Save best model: monitor(max)=0.820627
2025-05-13 18:19:09,727 P903542 INFO ************ Epoch=3 end ************
2025-05-13 18:20:09,130 P903542 INFO Train loss: 0.582114
2025-05-13 18:20:09,130 P903542 INFO Evaluation @epoch 4 - batch 591: 
2025-05-13 18:20:14,803 P903542 INFO ===
2025-05-13 18:20:14,803 P903542 INFO [Metrics] AUC: 0.824178 - logloss: 0.513369
2025-05-13 18:20:14,809 P903542 INFO Save best model: monitor(max)=0.824178
2025-05-13 18:20:15,217 P903542 INFO ************ Epoch=4 end ************
2025-05-13 18:21:16,498 P903542 INFO Train loss: 0.579643
2025-05-13 18:21:16,498 P903542 INFO Evaluation @epoch 5 - batch 591: 
2025-05-13 18:21:22,424 P903542 INFO ===
2025-05-13 18:21:22,424 P903542 INFO [Metrics] AUC: 0.826211 - logloss: 0.510701
2025-05-13 18:21:22,431 P903542 INFO Save best model: monitor(max)=0.826211
2025-05-13 18:21:23,113 P903542 INFO ************ Epoch=5 end ************
2025-05-13 18:22:23,021 P903542 INFO Train loss: 0.577564
2025-05-13 18:22:23,021 P903542 INFO Evaluation @epoch 6 - batch 591: 
2025-05-13 18:22:28,755 P903542 INFO ===
2025-05-13 18:22:28,755 P903542 INFO [Metrics] AUC: 0.828330 - logloss: 0.507872
2025-05-13 18:22:28,761 P903542 INFO Save best model: monitor(max)=0.828330
2025-05-13 18:22:29,209 P903542 INFO ************ Epoch=6 end ************
2025-05-13 18:23:31,002 P903542 INFO Train loss: 0.575774
2025-05-13 18:23:31,002 P903542 INFO Evaluation @epoch 7 - batch 591: 
2025-05-13 18:23:36,929 P903542 INFO ===
2025-05-13 18:23:36,929 P903542 INFO [Metrics] AUC: 0.829217 - logloss: 0.506740
2025-05-13 18:23:36,934 P903542 INFO Save best model: monitor(max)=0.829217
2025-05-13 18:23:37,309 P903542 INFO ************ Epoch=7 end ************
2025-05-13 18:24:38,215 P903542 INFO Train loss: 0.575147
2025-05-13 18:24:38,215 P903542 INFO Evaluation @epoch 8 - batch 591: 
2025-05-13 18:24:42,922 P903542 INFO ===
2025-05-13 18:24:42,922 P903542 INFO [Metrics] AUC: 0.830554 - logloss: 0.504950
2025-05-13 18:24:42,928 P903542 INFO Save best model: monitor(max)=0.830554
2025-05-13 18:24:43,323 P903542 INFO ************ Epoch=8 end ************
2025-05-13 18:25:44,423 P903542 INFO Train loss: 0.573851
2025-05-13 18:25:44,424 P903542 INFO Evaluation @epoch 9 - batch 591: 
2025-05-13 18:25:50,819 P903542 INFO ===
2025-05-13 18:25:50,820 P903542 INFO [Metrics] AUC: 0.671365 - logloss: 0.661883
2025-05-13 18:25:50,826 P903542 INFO Monitor(max)=0.671365 STOP!
2025-05-13 18:25:50,826 P903542 INFO Reduce learning rate on plateau: 0.000100
2025-05-13 18:25:51,128 P903542 INFO ************ Epoch=9 end ************
2025-05-13 18:26:49,014 P903542 INFO Train loss: 0.514780
2025-05-13 18:26:49,015 P903542 INFO Evaluation @epoch 10 - batch 591: 
2025-05-13 18:26:54,090 P903542 INFO ===
2025-05-13 18:26:54,090 P903542 INFO [Metrics] AUC: 0.847089 - logloss: 0.483408
2025-05-13 18:26:54,096 P903542 INFO Save best model: monitor(max)=0.847089
2025-05-13 18:26:54,488 P903542 INFO ************ Epoch=10 end ************
2025-05-13 18:27:55,636 P903542 INFO Train loss: 0.485344
2025-05-13 18:27:55,636 P903542 INFO Evaluation @epoch 11 - batch 591: 
2025-05-13 18:28:01,456 P903542 INFO ===
2025-05-13 18:28:01,456 P903542 INFO [Metrics] AUC: 0.850702 - logloss: 0.478754
2025-05-13 18:28:01,462 P903542 INFO Save best model: monitor(max)=0.850702
2025-05-13 18:28:01,940 P903542 INFO ************ Epoch=11 end ************
2025-05-13 18:29:03,486 P903542 INFO Train loss: 0.471524
2025-05-13 18:29:03,486 P903542 INFO Evaluation @epoch 12 - batch 591: 
2025-05-13 18:29:08,864 P903542 INFO ===
2025-05-13 18:29:08,865 P903542 INFO [Metrics] AUC: 0.852151 - logloss: 0.477424
2025-05-13 18:29:08,871 P903542 INFO Save best model: monitor(max)=0.852151
2025-05-13 18:29:09,301 P903542 INFO ************ Epoch=12 end ************
2025-05-13 18:30:08,191 P903542 INFO Train loss: 0.461557
2025-05-13 18:30:08,191 P903542 INFO Evaluation @epoch 13 - batch 591: 
2025-05-13 18:30:13,505 P903542 INFO ===
2025-05-13 18:30:13,506 P903542 INFO [Metrics] AUC: 0.852323 - logloss: 0.478241
2025-05-13 18:30:13,511 P903542 INFO Save best model: monitor(max)=0.852323
2025-05-13 18:30:14,187 P903542 INFO ************ Epoch=13 end ************
2025-05-13 18:31:12,708 P903542 INFO Train loss: 0.453493
2025-05-13 18:31:12,708 P903542 INFO Evaluation @epoch 14 - batch 591: 
2025-05-13 18:31:18,124 P903542 INFO ===
2025-05-13 18:31:18,124 P903542 INFO [Metrics] AUC: 0.852377 - logloss: 0.479545
2025-05-13 18:31:18,130 P903542 INFO Save best model: monitor(max)=0.852377
2025-05-13 18:31:18,788 P903542 INFO ************ Epoch=14 end ************
2025-05-13 18:32:17,114 P903542 INFO Train loss: 0.446069
2025-05-13 18:32:17,114 P903542 INFO Evaluation @epoch 15 - batch 591: 
2025-05-13 18:32:22,641 P903542 INFO ===
2025-05-13 18:32:22,641 P903542 INFO [Metrics] AUC: 0.851311 - logloss: 0.482483
2025-05-13 18:32:22,647 P903542 INFO Monitor(max)=0.851311 STOP!
2025-05-13 18:32:22,647 P903542 INFO Reduce learning rate on plateau: 0.000010
2025-05-13 18:32:23,001 P903542 INFO ************ Epoch=15 end ************
2025-05-13 18:33:22,900 P903542 INFO Train loss: 0.415650
2025-05-13 18:33:22,900 P903542 INFO Evaluation @epoch 16 - batch 591: 
2025-05-13 18:33:27,616 P903542 INFO ===
2025-05-13 18:33:27,616 P903542 INFO [Metrics] AUC: 0.850806 - logloss: 0.488339
2025-05-13 18:33:27,621 P903542 INFO Monitor(max)=0.850806 STOP!
2025-05-13 18:33:27,621 P903542 INFO Reduce learning rate on plateau: 0.000001
2025-05-13 18:33:27,621 P903542 INFO ********* Epoch==16 early stop *********
2025-05-13 18:33:27,991 P903542 INFO Training finished.
2025-05-13 18:33:27,991 P903542 INFO Load best model: /root/autodl-tmp/model_zoo/DCNv3/DCNv3_torch/checkpoints/KKBox_csv/ECN_KKBox_csv_001_5122291d.model
2025-05-13 18:33:28,025 P903542 INFO ****** Validation evaluation ******
2025-05-13 18:33:33,449 P903542 INFO ===
2025-05-13 18:33:33,449 P903542 INFO [Metrics] logloss: 0.479545 - AUC: 0.852377
2025-05-13 18:33:33,572 P903542 INFO ******** Test evaluation ********
2025-05-13 18:33:33,572 P903542 INFO Loading data...
2025-05-13 18:33:33,572 P903542 INFO Loading data from h5: ../../../data/KKBox_csv/test.h5
2025-05-13 18:33:33,735 P903542 INFO Test samples: total/737743, blocks/1
2025-05-13 18:33:33,735 P903542 INFO Loading test data done.
2025-05-13 18:33:39,010 P903542 INFO ===
2025-05-13 18:33:39,010 P903542 INFO [Metrics] logloss: 0.479095 - AUC: 0.852662
