2025-05-13 20:20:47,605 P416884 INFO Params: {
    "batch_norm": "True",
    "batch_size": "10000",
    "data_format": "csv",
    "data_root": "../../../data/",
    "dataset_id": "KKBox_csv",
    "debug_mode": "False",
    "early_stop_patience": "2",
    "embedding_dim": "128",
    "embedding_regularizer": "0.0005",
    "epochs": "100",
    "eval_steps": "None",
    "feature_cols": "[{'active': True, 'dtype': 'str', 'name': ['msno', 'song_id', 'source_system_tab', 'source_screen_name', 'source_type', 'city', 'gender', 'registered_via', 'language'], 'type': 'categorical'}, {'active': True, 'dtype': 'str', 'encoder': 'MaskedSumPooling', 'max_len': 3, 'name': 'genre_ids', 'type': 'sequence'}, {'active': True, 'dtype': 'str', 'encoder': 'MaskedSumPooling', 'max_len': 3, 'name': 'artist_name', 'type': 'sequence'}, {'active': True, 'dtype': 'str', 'name': 'isrc', 'preprocess': 'extract_country_code', 'type': 'categorical'}, {'active': True, 'dtype': 'str', 'name': 'bd', 'preprocess': 'bucketize_age', 'type': 'categorical'}]",
    "feature_config": "None",
    "feature_specs": "None",
    "gpu": "3",
    "group_id": "None",
    "label_col": "{'dtype': 'float', 'name': 'label'}",
    "learning_rate": "0.001",
    "loss": "binary_crossentropy",
    "metrics": "['logloss', 'AUC']",
    "min_categr_count": "10",
    "model": "ECN",
    "model_id": "ECN_KKBox_csv_005_a6ea0178",
    "model_root": "./checkpoints/",
    "monitor": "{'AUC': 1, 'logloss': 0}",
    "monitor_mode": "max",
    "net_dropout": "0.2",
    "net_regularizer": "0",
    "num_cross_layers": "6",
    "num_heads": "1",
    "num_workers": "8",
    "optimizer": "adam",
    "pickle_feature_encoder": "True",
    "save_best_only": "True",
    "seed": "2025",
    "shuffle": "True",
    "task": "binary_classification",
    "test_data": "../../../data/KKBox_x1/test.csv",
    "train_data": "../../../data/KKBox_x1/train.csv",
    "use_features": "None",
    "valid_data": "../../../data/KKBox_x1/valid.csv",
    "verbose": "1"
}
2025-05-13 20:20:47,605 P416884 INFO Set up feature processor...
2025-05-13 20:20:47,606 P416884 WARNING Skip rebuilding ../../../data/KKBox_csv/feature_map.json. Please delete it manually if rebuilding is required.
2025-05-13 20:20:47,606 P416884 INFO Load feature_map from json: ../../../data/KKBox_csv/feature_map.json
2025-05-13 20:20:47,606 P416884 INFO Set column index...
2025-05-13 20:20:47,606 P416884 INFO Feature specs: {
    "artist_name": "{'source': '', 'type': 'sequence', 'feature_encoder': 'layers.MaskedAveragePooling()', 'padding_idx': 0, 'oov_idx': 11975, 'vocab_size': 11976, 'max_len': 3}",
    "bd": "{'source': '', 'type': 'categorical', 'padding_idx': 0, 'oov_idx': 8, 'vocab_size': 9}",
    "city": "{'source': '', 'type': 'categorical', 'padding_idx': 0, 'oov_idx': 22, 'vocab_size': 23}",
    "gender": "{'source': '', 'type': 'categorical', 'padding_idx': 0, 'oov_idx': 3, 'vocab_size': 4}",
    "genre_ids": "{'source': '', 'type': 'sequence', 'feature_encoder': 'layers.MaskedAveragePooling()', 'padding_idx': 0, 'oov_idx': 345, 'vocab_size': 346, 'max_len': 3}",
    "isrc": "{'source': '', 'type': 'categorical', 'padding_idx': 0, 'oov_idx': 79, 'vocab_size': 80}",
    "language": "{'source': '', 'type': 'categorical', 'padding_idx': 0, 'oov_idx': 11, 'vocab_size': 12}",
    "msno": "{'source': '', 'type': 'categorical', 'padding_idx': 0, 'oov_idx': 25962, 'vocab_size': 25963}",
    "registered_via": "{'source': '', 'type': 'categorical', 'padding_idx': 0, 'oov_idx': 6, 'vocab_size': 7}",
    "song_id": "{'source': '', 'type': 'categorical', 'padding_idx': 0, 'oov_idx': 53290, 'vocab_size': 53291}",
    "source_screen_name": "{'source': '', 'type': 'categorical', 'padding_idx': 0, 'oov_idx': 20, 'vocab_size': 21}",
    "source_system_tab": "{'source': '', 'type': 'categorical', 'padding_idx': 0, 'oov_idx': 9, 'vocab_size': 10}",
    "source_type": "{'source': '', 'type': 'categorical', 'padding_idx': 0, 'oov_idx': 13, 'vocab_size': 14}"
}
2025-05-13 20:20:51,657 P416884 INFO Total number of parameters: 20073101.
2025-05-13 20:20:51,657 P416884 INFO Loading data...
2025-05-13 20:20:51,657 P416884 INFO Loading data from h5: ../../../data/KKBox_csv/train.h5
2025-05-13 20:20:52,704 P416884 INFO Train samples: total/5901932, blocks/1
2025-05-13 20:20:52,705 P416884 INFO Loading data from h5: ../../../data/KKBox_csv/valid.h5
2025-05-13 20:20:52,833 P416884 INFO Validation samples: total/737743, blocks/1
2025-05-13 20:20:52,833 P416884 INFO Loading train and validation data done.
2025-05-13 20:20:52,833 P416884 INFO Start training: 591 batches/epoch
2025-05-13 20:20:52,833 P416884 INFO ************ Epoch=1 start ************
2025-05-13 20:22:28,573 P416884 INFO Train loss: 0.613884
2025-05-13 20:22:28,573 P416884 INFO Evaluation @epoch 1 - batch 591: 
2025-05-13 20:22:32,275 P416884 INFO ===
2025-05-13 20:22:32,275 P416884 INFO [Metrics] AUC: 0.802785 - logloss: 0.538022
2025-05-13 20:22:32,280 P416884 INFO Save best model: monitor(max)=0.802785
2025-05-13 20:22:32,624 P416884 INFO ************ Epoch=1 end ************
2025-05-13 20:24:08,113 P416884 INFO Train loss: 0.595227
2025-05-13 20:24:08,113 P416884 INFO Evaluation @epoch 2 - batch 591: 
2025-05-13 20:24:11,880 P416884 INFO ===
2025-05-13 20:24:11,880 P416884 INFO [Metrics] AUC: 0.814674 - logloss: 0.524459
2025-05-13 20:24:11,885 P416884 INFO Save best model: monitor(max)=0.814674
2025-05-13 20:24:12,235 P416884 INFO ************ Epoch=2 end ************
2025-05-13 20:25:48,045 P416884 INFO Train loss: 0.593180
2025-05-13 20:25:48,045 P416884 INFO Evaluation @epoch 3 - batch 591: 
2025-05-13 20:25:51,819 P416884 INFO ===
2025-05-13 20:25:51,820 P416884 INFO [Metrics] AUC: 0.820603 - logloss: 0.521996
2025-05-13 20:25:51,825 P416884 INFO Save best model: monitor(max)=0.820603
2025-05-13 20:25:52,186 P416884 INFO ************ Epoch=3 end ************
2025-05-13 20:27:27,952 P416884 INFO Train loss: 0.590768
2025-05-13 20:27:27,953 P416884 INFO Evaluation @epoch 4 - batch 591: 
2025-05-13 20:27:33,233 P416884 INFO ===
2025-05-13 20:27:33,233 P416884 INFO [Metrics] AUC: 0.824348 - logloss: 0.513123
2025-05-13 20:27:33,238 P416884 INFO Save best model: monitor(max)=0.824348
2025-05-13 20:27:33,567 P416884 INFO ************ Epoch=4 end ************
2025-05-13 20:29:09,669 P416884 INFO Train loss: 0.588787
2025-05-13 20:29:09,669 P416884 INFO Evaluation @epoch 5 - batch 591: 
2025-05-13 20:29:13,426 P416884 INFO ===
2025-05-13 20:29:13,426 P416884 INFO [Metrics] AUC: 0.827070 - logloss: 0.509836
2025-05-13 20:29:13,431 P416884 INFO Save best model: monitor(max)=0.827070
2025-05-13 20:29:13,761 P416884 INFO ************ Epoch=5 end ************
2025-05-13 20:30:49,399 P416884 INFO Train loss: 0.586710
2025-05-13 20:30:49,400 P416884 INFO Evaluation @epoch 6 - batch 591: 
2025-05-13 20:30:53,316 P416884 INFO ===
2025-05-13 20:30:53,316 P416884 INFO [Metrics] AUC: 0.827992 - logloss: 0.508253
2025-05-13 20:30:53,322 P416884 INFO Save best model: monitor(max)=0.827992
2025-05-13 20:30:53,664 P416884 INFO ************ Epoch=6 end ************
2025-05-13 20:32:29,811 P416884 INFO Train loss: 0.584924
2025-05-13 20:32:29,812 P416884 INFO Evaluation @epoch 7 - batch 591: 
2025-05-13 20:32:33,523 P416884 INFO ===
2025-05-13 20:32:33,524 P416884 INFO [Metrics] AUC: 0.830551 - logloss: 0.505060
2025-05-13 20:32:33,529 P416884 INFO Save best model: monitor(max)=0.830551
2025-05-13 20:32:33,843 P416884 INFO ************ Epoch=7 end ************
2025-05-13 20:34:09,551 P416884 INFO Train loss: 0.583075
2025-05-13 20:34:09,551 P416884 INFO Evaluation @epoch 8 - batch 591: 
2025-05-13 20:34:13,189 P416884 INFO ===
2025-05-13 20:34:13,189 P416884 INFO [Metrics] AUC: 0.830890 - logloss: 0.504491
2025-05-13 20:34:13,195 P416884 INFO Save best model: monitor(max)=0.830890
2025-05-13 20:34:13,510 P416884 INFO ************ Epoch=8 end ************
2025-05-13 20:35:49,265 P416884 INFO Train loss: 0.581468
2025-05-13 20:35:49,265 P416884 INFO Evaluation @epoch 9 - batch 591: 
2025-05-13 20:35:52,932 P416884 INFO ===
2025-05-13 20:35:52,932 P416884 INFO [Metrics] AUC: 0.832527 - logloss: 0.502332
2025-05-13 20:35:52,937 P416884 INFO Save best model: monitor(max)=0.832527
2025-05-13 20:35:53,259 P416884 INFO ************ Epoch=9 end ************
2025-05-13 20:37:28,827 P416884 INFO Train loss: 0.580395
2025-05-13 20:37:28,827 P416884 INFO Evaluation @epoch 10 - batch 591: 
2025-05-13 20:37:33,532 P416884 INFO ===
2025-05-13 20:37:33,532 P416884 INFO [Metrics] AUC: 0.833460 - logloss: 0.501385
2025-05-13 20:37:33,537 P416884 INFO Save best model: monitor(max)=0.833460
2025-05-13 20:37:33,918 P416884 INFO ************ Epoch=10 end ************
2025-05-13 20:39:08,337 P416884 INFO Train loss: 0.580024
2025-05-13 20:39:08,337 P416884 INFO Evaluation @epoch 11 - batch 591: 
2025-05-13 20:39:11,857 P416884 INFO ===
2025-05-13 20:39:11,857 P416884 INFO [Metrics] AUC: 0.834510 - logloss: 0.499722
2025-05-13 20:39:11,862 P416884 INFO Save best model: monitor(max)=0.834510
2025-05-13 20:39:12,246 P416884 INFO ************ Epoch=11 end ************
2025-05-13 20:40:46,325 P416884 INFO Train loss: 0.578590
2025-05-13 20:40:46,325 P416884 INFO Evaluation @epoch 12 - batch 591: 
2025-05-13 20:40:49,814 P416884 INFO ===
2025-05-13 20:40:49,814 P416884 INFO [Metrics] AUC: 0.834853 - logloss: 0.499288
2025-05-13 20:40:49,819 P416884 INFO Save best model: monitor(max)=0.834853
2025-05-13 20:40:50,127 P416884 INFO ************ Epoch=12 end ************
2025-05-13 20:42:24,408 P416884 INFO Train loss: 0.578228
2025-05-13 20:42:24,408 P416884 INFO Evaluation @epoch 13 - batch 591: 
2025-05-13 20:42:27,904 P416884 INFO ===
2025-05-13 20:42:27,904 P416884 INFO [Metrics] AUC: 0.835973 - logloss: 0.497930
2025-05-13 20:42:27,909 P416884 INFO Save best model: monitor(max)=0.835973
2025-05-13 20:42:28,214 P416884 INFO ************ Epoch=13 end ************
2025-05-13 20:44:02,516 P416884 INFO Train loss: 0.577312
2025-05-13 20:44:02,517 P416884 INFO Evaluation @epoch 14 - batch 591: 
2025-05-13 20:44:06,083 P416884 INFO ===
2025-05-13 20:44:06,083 P416884 INFO [Metrics] AUC: 0.835889 - logloss: 0.497944
2025-05-13 20:44:06,089 P416884 INFO Monitor(max)=0.835889 STOP!
2025-05-13 20:44:06,089 P416884 INFO Reduce learning rate on plateau: 0.000100
2025-05-13 20:44:06,320 P416884 INFO ************ Epoch=14 end ************
2025-05-13 20:45:40,654 P416884 INFO Train loss: 0.513697
2025-05-13 20:45:40,654 P416884 INFO Evaluation @epoch 15 - batch 591: 
2025-05-13 20:45:44,248 P416884 INFO ===
2025-05-13 20:45:44,248 P416884 INFO [Metrics] AUC: 0.850416 - logloss: 0.479756
2025-05-13 20:45:44,253 P416884 INFO Save best model: monitor(max)=0.850416
2025-05-13 20:45:44,579 P416884 INFO ************ Epoch=15 end ************
2025-05-13 20:47:18,998 P416884 INFO Train loss: 0.479916
2025-05-13 20:47:18,999 P416884 INFO Evaluation @epoch 16 - batch 591: 
2025-05-13 20:47:22,561 P416884 INFO ===
2025-05-13 20:47:22,561 P416884 INFO [Metrics] AUC: 0.854048 - logloss: 0.475359
2025-05-13 20:47:22,567 P416884 INFO Save best model: monitor(max)=0.854048
2025-05-13 20:47:22,958 P416884 INFO ************ Epoch=16 end ************
2025-05-13 20:48:56,788 P416884 INFO Train loss: 0.463923
2025-05-13 20:48:56,788 P416884 INFO Evaluation @epoch 17 - batch 591: 
2025-05-13 20:49:00,297 P416884 INFO ===
2025-05-13 20:49:00,297 P416884 INFO [Metrics] AUC: 0.854517 - logloss: 0.476289
2025-05-13 20:49:00,303 P416884 INFO Save best model: monitor(max)=0.854517
2025-05-13 20:49:00,612 P416884 INFO ************ Epoch=17 end ************
2025-05-13 20:50:34,583 P416884 INFO Train loss: 0.451972
2025-05-13 20:50:34,583 P416884 INFO Evaluation @epoch 18 - batch 591: 
2025-05-13 20:50:38,178 P416884 INFO ===
2025-05-13 20:50:38,178 P416884 INFO [Metrics] AUC: 0.854175 - logloss: 0.479298
2025-05-13 20:50:38,184 P416884 INFO Monitor(max)=0.854175 STOP!
2025-05-13 20:50:38,184 P416884 INFO Reduce learning rate on plateau: 0.000010
2025-05-13 20:50:38,402 P416884 INFO ************ Epoch=18 end ************
2025-05-13 20:52:12,308 P416884 INFO Train loss: 0.418025
2025-05-13 20:52:12,308 P416884 INFO Evaluation @epoch 19 - batch 591: 
2025-05-13 20:52:15,866 P416884 INFO ===
2025-05-13 20:52:15,866 P416884 INFO [Metrics] AUC: 0.851738 - logloss: 0.497752
2025-05-13 20:52:15,872 P416884 INFO Monitor(max)=0.851738 STOP!
2025-05-13 20:52:15,872 P416884 INFO Reduce learning rate on plateau: 0.000001
2025-05-13 20:52:15,872 P416884 INFO ********* Epoch==19 early stop *********
2025-05-13 20:52:16,114 P416884 INFO Training finished.
2025-05-13 20:52:16,114 P416884 INFO Load best model: /root/autodl-tmp/model_zoo/DCNv3/DCNv3_torch/checkpoints/KKBox_csv/ECN_KKBox_csv_005_a6ea0178.model
2025-05-13 20:52:16,156 P416884 INFO ****** Validation evaluation ******
2025-05-13 20:52:19,753 P416884 INFO ===
2025-05-13 20:52:19,753 P416884 INFO [Metrics] logloss: 0.476289 - AUC: 0.854517
2025-05-13 20:52:19,860 P416884 INFO ******** Test evaluation ********
2025-05-13 20:52:19,860 P416884 INFO Loading data...
2025-05-13 20:52:19,860 P416884 INFO Loading data from h5: ../../../data/KKBox_csv/test.h5
2025-05-13 20:52:19,960 P416884 INFO Test samples: total/737743, blocks/1
2025-05-13 20:52:19,960 P416884 INFO Loading test data done.
2025-05-13 20:52:23,261 P416884 INFO ===
2025-05-13 20:52:23,261 P416884 INFO [Metrics] logloss: 0.476031 - AUC: 0.854695
