2025-05-13 22:41:49,777 P43192 INFO Params: {
    "batch_norm": "True",
    "batch_size": "10000",
    "data_format": "csv",
    "data_root": "../../../data/",
    "dataset_id": "KKBox_csv",
    "debug_mode": "False",
    "early_stop_patience": "2",
    "embedding_dim": "128",
    "embedding_regularizer": "0.0005",
    "epochs": "100",
    "eval_steps": "None",
    "exp_num_layers": "4",
    "feature_cols": "[{'active': True, 'dtype': 'str', 'name': ['msno', 'song_id', 'source_system_tab', 'source_screen_name', 'source_type', 'city', 'gender', 'registered_via', 'language'], 'type': 'categorical'}, {'active': True, 'dtype': 'str', 'encoder': 'MaskedSumPooling', 'max_len': 3, 'name': 'genre_ids', 'type': 'sequence'}, {'active': True, 'dtype': 'str', 'encoder': 'MaskedSumPooling', 'max_len': 3, 'name': 'artist_name', 'type': 'sequence'}, {'active': True, 'dtype': 'str', 'name': 'isrc', 'preprocess': 'extract_country_code', 'type': 'categorical'}, {'active': True, 'dtype': 'str', 'name': 'bd', 'preprocess': 'bucketize_age', 'type': 'categorical'}]",
    "feature_config": "None",
    "feature_specs": "None",
    "gpu": "0",
    "group_id": "None",
    "label_col": "{'dtype': 'float', 'name': 'label'}",
    "learning_rate": "0.001",
    "lin_num_layers": "2",
    "loss": "binary_crossentropy",
    "metrics": "['logloss', 'AUC']",
    "min_categr_count": "10",
    "model": "FCNv2",
    "model_id": "FCNv2_KKBox_csv_006_85c0821f",
    "model_root": "./checkpoints/",
    "monitor": "{'AUC': 1, 'logloss': 0}",
    "monitor_mode": "max",
    "net_dropout": "0.2",
    "net_regularizer": "0",
    "num_heads": "1",
    "num_workers": "8",
    "optimizer": "adam",
    "pickle_feature_encoder": "True",
    "save_best_only": "True",
    "seed": "2025",
    "shuffle": "True",
    "task": "binary_classification",
    "test_data": "../../../data/KKBox_x1/test.csv",
    "train_data": "../../../data/KKBox_x1/train.csv",
    "use_features": "None",
    "valid_data": "../../../data/KKBox_x1/valid.csv",
    "verbose": "1"
}
2025-05-13 22:41:49,777 P43192 INFO Set up feature processor...
2025-05-13 22:41:49,777 P43192 WARNING Skip rebuilding ../../../data/KKBox_csv/feature_map.json. Please delete it manually if rebuilding is required.
2025-05-13 22:41:49,778 P43192 INFO Load feature_map from json: ../../../data/KKBox_csv/feature_map.json
2025-05-13 22:41:49,778 P43192 INFO Set column index...
2025-05-13 22:41:49,778 P43192 INFO Feature specs: {
    "artist_name": "{'source': '', 'type': 'sequence', 'feature_encoder': 'layers.MaskedAveragePooling()', 'padding_idx': 0, 'oov_idx': 11975, 'vocab_size': 11976, 'max_len': 3}",
    "bd": "{'source': '', 'type': 'categorical', 'padding_idx': 0, 'oov_idx': 8, 'vocab_size': 9}",
    "city": "{'source': '', 'type': 'categorical', 'padding_idx': 0, 'oov_idx': 22, 'vocab_size': 23}",
    "gender": "{'source': '', 'type': 'categorical', 'padding_idx': 0, 'oov_idx': 3, 'vocab_size': 4}",
    "genre_ids": "{'source': '', 'type': 'sequence', 'feature_encoder': 'layers.MaskedAveragePooling()', 'padding_idx': 0, 'oov_idx': 345, 'vocab_size': 346, 'max_len': 3}",
    "isrc": "{'source': '', 'type': 'categorical', 'padding_idx': 0, 'oov_idx': 79, 'vocab_size': 80}",
    "language": "{'source': '', 'type': 'categorical', 'padding_idx': 0, 'oov_idx': 11, 'vocab_size': 12}",
    "msno": "{'source': '', 'type': 'categorical', 'padding_idx': 0, 'oov_idx': 25962, 'vocab_size': 25963}",
    "registered_via": "{'source': '', 'type': 'categorical', 'padding_idx': 0, 'oov_idx': 6, 'vocab_size': 7}",
    "song_id": "{'source': '', 'type': 'categorical', 'padding_idx': 0, 'oov_idx': 53290, 'vocab_size': 53291}",
    "source_screen_name": "{'source': '', 'type': 'categorical', 'padding_idx': 0, 'oov_idx': 20, 'vocab_size': 21}",
    "source_system_tab": "{'source': '', 'type': 'categorical', 'padding_idx': 0, 'oov_idx': 9, 'vocab_size': 10}",
    "source_type": "{'source': '', 'type': 'categorical', 'padding_idx': 0, 'oov_idx': 13, 'vocab_size': 14}"
}
2025-05-13 22:41:53,677 P43192 INFO Total number of parameters: 28401434.
2025-05-13 22:41:53,677 P43192 INFO Loading data...
2025-05-13 22:41:53,677 P43192 INFO Loading data from h5: ../../../data/KKBox_csv/train.h5
2025-05-13 22:41:54,620 P43192 INFO Train samples: total/5901932, blocks/1
2025-05-13 22:41:54,620 P43192 INFO Loading data from h5: ../../../data/KKBox_csv/valid.h5
2025-05-13 22:41:54,745 P43192 INFO Validation samples: total/737743, blocks/1
2025-05-13 22:41:54,745 P43192 INFO Loading train and validation data done.
2025-05-13 22:41:54,745 P43192 INFO Start training: 591 batches/epoch
2025-05-13 22:41:54,745 P43192 INFO ************ Epoch=1 start ************
2025-05-13 22:44:52,174 P43192 INFO Train loss: 0.605932
2025-05-13 22:44:52,174 P43192 INFO Evaluation @epoch 1 - batch 591: 
2025-05-13 22:44:55,969 P43192 INFO ===
2025-05-13 22:44:55,969 P43192 INFO [Metrics] AUC: 0.804793 - logloss: 0.535727
2025-05-13 22:44:55,974 P43192 INFO Save best model: monitor(max)=0.804793
2025-05-13 22:44:56,314 P43192 INFO ************ Epoch=1 end ************
2025-05-13 22:47:53,050 P43192 INFO Train loss: 0.587200
2025-05-13 22:47:53,050 P43192 INFO Evaluation @epoch 2 - batch 591: 
2025-05-13 22:47:56,810 P43192 INFO ===
2025-05-13 22:47:56,810 P43192 INFO [Metrics] AUC: 0.817297 - logloss: 0.521396
2025-05-13 22:47:56,815 P43192 INFO Save best model: monitor(max)=0.817297
2025-05-13 22:47:57,157 P43192 INFO ************ Epoch=2 end ************
2025-05-13 22:50:54,013 P43192 INFO Train loss: 0.581961
2025-05-13 22:50:54,013 P43192 INFO Evaluation @epoch 3 - batch 591: 
2025-05-13 22:50:57,680 P43192 INFO ===
2025-05-13 22:50:57,680 P43192 INFO [Metrics] AUC: 0.823292 - logloss: 0.514237
2025-05-13 22:50:57,680 P43192 INFO Save best model: monitor(max)=0.823292
2025-05-13 22:50:58,043 P43192 INFO ************ Epoch=3 end ************
2025-05-13 22:53:55,298 P43192 INFO Train loss: 0.578042
2025-05-13 22:53:55,298 P43192 INFO Evaluation @epoch 4 - batch 591: 
2025-05-13 22:53:59,684 P43192 INFO ===
2025-05-13 22:53:59,685 P43192 INFO [Metrics] AUC: 0.826574 - logloss: 0.509795
2025-05-13 22:53:59,685 P43192 INFO Save best model: monitor(max)=0.826574
2025-05-13 22:54:00,050 P43192 INFO ************ Epoch=4 end ************
2025-05-13 22:56:57,246 P43192 INFO Train loss: 0.575273
2025-05-13 22:56:57,246 P43192 INFO Evaluation @epoch 5 - batch 591: 
2025-05-13 22:57:00,899 P43192 INFO ===
2025-05-13 22:57:00,899 P43192 INFO [Metrics] AUC: 0.829387 - logloss: 0.506189
2025-05-13 22:57:00,900 P43192 INFO Save best model: monitor(max)=0.829387
2025-05-13 22:57:01,241 P43192 INFO ************ Epoch=5 end ************
2025-05-13 22:59:58,405 P43192 INFO Train loss: 0.573306
2025-05-13 22:59:58,405 P43192 INFO Evaluation @epoch 6 - batch 591: 
2025-05-13 23:00:02,107 P43192 INFO ===
2025-05-13 23:00:02,108 P43192 INFO [Metrics] AUC: 0.831222 - logloss: 0.503891
2025-05-13 23:00:02,113 P43192 INFO Save best model: monitor(max)=0.831222
2025-05-13 23:00:02,475 P43192 INFO ************ Epoch=6 end ************
2025-05-13 23:02:59,520 P43192 INFO Train loss: 0.571897
2025-05-13 23:02:59,520 P43192 INFO Evaluation @epoch 7 - batch 591: 
2025-05-13 23:03:03,190 P43192 INFO ===
2025-05-13 23:03:03,190 P43192 INFO [Metrics] AUC: 0.830709 - logloss: 0.512127
2025-05-13 23:03:03,191 P43192 INFO Monitor(max)=0.830709 STOP!
2025-05-13 23:03:03,191 P43192 INFO Reduce learning rate on plateau: 0.000100
2025-05-13 23:03:03,393 P43192 INFO ************ Epoch=7 end ************
2025-05-13 23:06:01,234 P43192 INFO Train loss: 0.513070
2025-05-13 23:06:01,234 P43192 INFO Evaluation @epoch 8 - batch 591: 
2025-05-13 23:06:04,970 P43192 INFO ===
2025-05-13 23:06:04,970 P43192 INFO [Metrics] AUC: 0.848487 - logloss: 0.481554
2025-05-13 23:06:04,975 P43192 INFO Save best model: monitor(max)=0.848487
2025-05-13 23:06:05,351 P43192 INFO ************ Epoch=8 end ************
2025-05-13 23:09:02,759 P43192 INFO Train loss: 0.483148
2025-05-13 23:09:02,759 P43192 INFO Evaluation @epoch 9 - batch 591: 
2025-05-13 23:09:06,403 P43192 INFO ===
2025-05-13 23:09:06,403 P43192 INFO [Metrics] AUC: 0.681929 - logloss: 0.667131
2025-05-13 23:09:06,403 P43192 INFO Monitor(max)=0.681929 STOP!
2025-05-13 23:09:06,403 P43192 INFO Reduce learning rate on plateau: 0.000010
2025-05-13 23:09:06,614 P43192 INFO ************ Epoch=9 end ************
2025-05-13 23:12:03,841 P43192 INFO Train loss: 0.451674
2025-05-13 23:12:03,842 P43192 INFO Evaluation @epoch 10 - batch 591: 
2025-05-13 23:12:07,462 P43192 INFO ===
2025-05-13 23:12:07,462 P43192 INFO [Metrics] AUC: 0.851739 - logloss: 0.483278
2025-05-13 23:12:07,462 P43192 INFO Save best model: monitor(max)=0.851739
2025-05-13 23:12:07,818 P43192 INFO ************ Epoch=10 end ************
2025-05-13 23:15:04,768 P43192 INFO Train loss: 0.446455
2025-05-13 23:15:04,768 P43192 INFO Evaluation @epoch 11 - batch 591: 
2025-05-13 23:15:08,426 P43192 INFO ===
2025-05-13 23:15:08,426 P43192 INFO [Metrics] AUC: 0.851704 - logloss: 0.484492
2025-05-13 23:15:08,432 P43192 INFO Monitor(max)=0.851704 STOP!
2025-05-13 23:15:08,432 P43192 INFO Reduce learning rate on plateau: 0.000001
2025-05-13 23:15:08,651 P43192 INFO ************ Epoch=11 end ************
2025-05-13 23:18:05,254 P43192 INFO Train loss: 0.441615
2025-05-13 23:18:05,254 P43192 INFO Evaluation @epoch 12 - batch 591: 
2025-05-13 23:18:09,018 P43192 INFO ===
2025-05-13 23:18:09,018 P43192 INFO [Metrics] AUC: 0.851627 - logloss: 0.485442
2025-05-13 23:18:09,023 P43192 INFO Monitor(max)=0.851627 STOP!
2025-05-13 23:18:09,023 P43192 INFO Reduce learning rate on plateau: 0.000001
2025-05-13 23:18:09,023 P43192 INFO ********* Epoch==12 early stop *********
2025-05-13 23:18:09,271 P43192 INFO Training finished.
2025-05-13 23:18:09,271 P43192 INFO Load best model: /root/autodl-tmp/model_zoo/DCNv3/DCNv3_torch/checkpoints/KKBox_csv/FCNv2_KKBox_csv_006_85c0821f.model
2025-05-13 23:18:09,334 P43192 INFO ****** Validation evaluation ******
2025-05-13 23:18:13,046 P43192 INFO ===
2025-05-13 23:18:13,046 P43192 INFO [Metrics] logloss: 0.483278 - AUC: 0.851739
2025-05-13 23:18:13,139 P43192 INFO ******** Test evaluation ********
2025-05-13 23:18:13,139 P43192 INFO Loading data...
2025-05-13 23:18:13,139 P43192 INFO Loading data from h5: ../../../data/KKBox_csv/test.h5
2025-05-13 23:18:13,274 P43192 INFO Test samples: total/737743, blocks/1
2025-05-13 23:18:13,274 P43192 INFO Loading test data done.
2025-05-13 23:18:16,771 P43192 INFO ===
2025-05-13 23:18:16,771 P43192 INFO [Metrics] logloss: 0.482289 - AUC: 0.852235
