2025-05-13 20:36:07,213 P520274 INFO Params: {
    "batch_norm": "True",
    "batch_size": "10000",
    "data_format": "csv",
    "data_root": "../../../data/",
    "dataset_id": "KKBox_csv",
    "debug_mode": "False",
    "early_stop_patience": "2",
    "embedding_dim": "128",
    "embedding_regularizer": "0.0005",
    "epochs": "100",
    "eval_steps": "None",
    "exp_num_layers": "5",
    "feature_cols": "[{'active': True, 'dtype': 'str', 'name': ['msno', 'song_id', 'source_system_tab', 'source_screen_name', 'source_type', 'city', 'gender', 'registered_via', 'language'], 'type': 'categorical'}, {'active': True, 'dtype': 'str', 'encoder': 'MaskedSumPooling', 'max_len': 3, 'name': 'genre_ids', 'type': 'sequence'}, {'active': True, 'dtype': 'str', 'encoder': 'MaskedSumPooling', 'max_len': 3, 'name': 'artist_name', 'type': 'sequence'}, {'active': True, 'dtype': 'str', 'name': 'isrc', 'preprocess': 'extract_country_code', 'type': 'categorical'}, {'active': True, 'dtype': 'str', 'name': 'bd', 'preprocess': 'bucketize_age', 'type': 'categorical'}]",
    "feature_config": "None",
    "feature_specs": "None",
    "gpu": "1",
    "group_id": "None",
    "label_col": "{'dtype': 'float', 'name': 'label'}",
    "learning_rate": "0.001",
    "lin_num_layers": "3",
    "loss": "binary_crossentropy",
    "metrics": "['logloss', 'AUC']",
    "min_categr_count": "10",
    "model": "FCNv1",
    "model_id": "FCNv1_KKBox_csv_005_cce7aa73",
    "model_root": "./checkpoints/",
    "monitor": "{'AUC': 1, 'logloss': 0}",
    "monitor_mode": "max",
    "net_dropout": "0.2",
    "net_regularizer": "0",
    "num_heads": "1",
    "num_workers": "8",
    "optimizer": "adam",
    "pickle_feature_encoder": "True",
    "save_best_only": "True",
    "seed": "2025",
    "shuffle": "True",
    "task": "binary_classification",
    "test_data": "../../../data/KKBox_x1/test.csv",
    "train_data": "../../../data/KKBox_x1/train.csv",
    "use_features": "None",
    "valid_data": "../../../data/KKBox_x1/valid.csv",
    "verbose": "1"
}
2025-05-13 20:36:07,213 P520274 INFO Set up feature processor...
2025-05-13 20:36:07,214 P520274 WARNING Skip rebuilding ../../../data/KKBox_csv/feature_map.json. Please delete it manually if rebuilding is required.
2025-05-13 20:36:07,214 P520274 INFO Load feature_map from json: ../../../data/KKBox_csv/feature_map.json
2025-05-13 20:36:07,214 P520274 INFO Set column index...
2025-05-13 20:36:07,214 P520274 INFO Feature specs: {
    "artist_name": "{'source': '', 'type': 'sequence', 'feature_encoder': 'layers.MaskedAveragePooling()', 'padding_idx': 0, 'oov_idx': 11975, 'vocab_size': 11976, 'max_len': 3}",
    "bd": "{'source': '', 'type': 'categorical', 'padding_idx': 0, 'oov_idx': 8, 'vocab_size': 9}",
    "city": "{'source': '', 'type': 'categorical', 'padding_idx': 0, 'oov_idx': 22, 'vocab_size': 23}",
    "gender": "{'source': '', 'type': 'categorical', 'padding_idx': 0, 'oov_idx': 3, 'vocab_size': 4}",
    "genre_ids": "{'source': '', 'type': 'sequence', 'feature_encoder': 'layers.MaskedAveragePooling()', 'padding_idx': 0, 'oov_idx': 345, 'vocab_size': 346, 'max_len': 3}",
    "isrc": "{'source': '', 'type': 'categorical', 'padding_idx': 0, 'oov_idx': 79, 'vocab_size': 80}",
    "language": "{'source': '', 'type': 'categorical', 'padding_idx': 0, 'oov_idx': 11, 'vocab_size': 12}",
    "msno": "{'source': '', 'type': 'categorical', 'padding_idx': 0, 'oov_idx': 25962, 'vocab_size': 25963}",
    "registered_via": "{'source': '', 'type': 'categorical', 'padding_idx': 0, 'oov_idx': 6, 'vocab_size': 7}",
    "song_id": "{'source': '', 'type': 'categorical', 'padding_idx': 0, 'oov_idx': 53290, 'vocab_size': 53291}",
    "source_screen_name": "{'source': '', 'type': 'categorical', 'padding_idx': 0, 'oov_idx': 20, 'vocab_size': 21}",
    "source_system_tab": "{'source': '', 'type': 'categorical', 'padding_idx': 0, 'oov_idx': 9, 'vocab_size': 10}",
    "source_type": "{'source': '', 'type': 'categorical', 'padding_idx': 0, 'oov_idx': 13, 'vocab_size': 14}"
}
2025-05-13 20:36:11,390 P520274 INFO Total number of parameters: 22850322.
2025-05-13 20:36:11,390 P520274 INFO Loading data...
2025-05-13 20:36:11,390 P520274 INFO Loading data from h5: ../../../data/KKBox_csv/train.h5
2025-05-13 20:36:12,336 P520274 INFO Train samples: total/5901932, blocks/1
2025-05-13 20:36:12,336 P520274 INFO Loading data from h5: ../../../data/KKBox_csv/valid.h5
2025-05-13 20:36:12,459 P520274 INFO Validation samples: total/737743, blocks/1
2025-05-13 20:36:12,459 P520274 INFO Loading train and validation data done.
2025-05-13 20:36:12,459 P520274 INFO Start training: 591 batches/epoch
2025-05-13 20:36:12,459 P520274 INFO ************ Epoch=1 start ************
2025-05-13 20:38:18,189 P520274 INFO Train loss: 0.607123
2025-05-13 20:38:18,189 P520274 INFO Evaluation @epoch 1 - batch 591: 
2025-05-13 20:38:22,076 P520274 INFO ===
2025-05-13 20:38:22,077 P520274 INFO [Metrics] AUC: 0.803715 - logloss: 0.537153
2025-05-13 20:38:22,082 P520274 INFO Save best model: monitor(max)=0.803715
2025-05-13 20:38:22,436 P520274 INFO ************ Epoch=1 end ************
2025-05-13 20:40:27,096 P520274 INFO Train loss: 0.588444
2025-05-13 20:40:27,096 P520274 INFO Evaluation @epoch 2 - batch 591: 
2025-05-13 20:40:30,857 P520274 INFO ===
2025-05-13 20:40:30,857 P520274 INFO [Metrics] AUC: 0.816761 - logloss: 0.522704
2025-05-13 20:40:30,862 P520274 INFO Save best model: monitor(max)=0.816761
2025-05-13 20:40:31,186 P520274 INFO ************ Epoch=2 end ************
2025-05-13 20:42:35,669 P520274 INFO Train loss: 0.582496
2025-05-13 20:42:35,670 P520274 INFO Evaluation @epoch 3 - batch 591: 
2025-05-13 20:42:39,404 P520274 INFO ===
2025-05-13 20:42:39,405 P520274 INFO [Metrics] AUC: 0.823001 - logloss: 0.514836
2025-05-13 20:42:39,411 P520274 INFO Save best model: monitor(max)=0.823001
2025-05-13 20:42:39,736 P520274 INFO ************ Epoch=3 end ************
2025-05-13 20:44:44,282 P520274 INFO Train loss: 0.579300
2025-05-13 20:44:44,282 P520274 INFO Evaluation @epoch 4 - batch 591: 
2025-05-13 20:44:48,070 P520274 INFO ===
2025-05-13 20:44:48,071 P520274 INFO [Metrics] AUC: 0.826360 - logloss: 0.510313
2025-05-13 20:44:48,076 P520274 INFO Save best model: monitor(max)=0.826360
2025-05-13 20:44:48,390 P520274 INFO ************ Epoch=4 end ************
2025-05-13 20:46:52,744 P520274 INFO Train loss: 0.575385
2025-05-13 20:46:52,744 P520274 INFO Evaluation @epoch 5 - batch 591: 
2025-05-13 20:46:56,721 P520274 INFO ===
2025-05-13 20:46:56,721 P520274 INFO [Metrics] AUC: 0.829201 - logloss: 0.506528
2025-05-13 20:46:56,727 P520274 INFO Save best model: monitor(max)=0.829201
2025-05-13 20:46:57,066 P520274 INFO ************ Epoch=5 end ************
2025-05-13 20:49:01,355 P520274 INFO Train loss: 0.573304
2025-05-13 20:49:01,355 P520274 INFO Evaluation @epoch 6 - batch 591: 
2025-05-13 20:49:05,149 P520274 INFO ===
2025-05-13 20:49:05,150 P520274 INFO [Metrics] AUC: 0.830850 - logloss: 0.504696
2025-05-13 20:49:05,155 P520274 INFO Save best model: monitor(max)=0.830850
2025-05-13 20:49:05,532 P520274 INFO ************ Epoch=6 end ************
2025-05-13 20:51:09,878 P520274 INFO Train loss: 0.571478
2025-05-13 20:51:09,878 P520274 INFO Evaluation @epoch 7 - batch 591: 
2025-05-13 20:51:13,681 P520274 INFO ===
2025-05-13 20:51:13,681 P520274 INFO [Metrics] AUC: 0.832261 - logloss: 0.502740
2025-05-13 20:51:13,687 P520274 INFO Save best model: monitor(max)=0.832261
2025-05-13 20:51:14,049 P520274 INFO ************ Epoch=7 end ************
2025-05-13 20:53:18,280 P520274 INFO Train loss: 0.569880
2025-05-13 20:53:18,281 P520274 INFO Evaluation @epoch 8 - batch 591: 
2025-05-13 20:53:21,928 P520274 INFO ===
2025-05-13 20:53:21,929 P520274 INFO [Metrics] AUC: 0.833064 - logloss: 0.501837
2025-05-13 20:53:21,934 P520274 INFO Save best model: monitor(max)=0.833064
2025-05-13 20:53:22,254 P520274 INFO ************ Epoch=8 end ************
2025-05-13 20:55:25,861 P520274 INFO Train loss: 0.568362
2025-05-13 20:55:25,861 P520274 INFO Evaluation @epoch 9 - batch 591: 
2025-05-13 20:55:29,480 P520274 INFO ===
2025-05-13 20:55:29,480 P520274 INFO [Metrics] AUC: 0.835018 - logloss: 0.499137
2025-05-13 20:55:29,486 P520274 INFO Save best model: monitor(max)=0.835018
2025-05-13 20:55:29,862 P520274 INFO ************ Epoch=9 end ************
2025-05-13 20:57:33,738 P520274 INFO Train loss: 0.567338
2025-05-13 20:57:33,739 P520274 INFO Evaluation @epoch 10 - batch 591: 
2025-05-13 20:57:37,373 P520274 INFO ===
2025-05-13 20:57:37,373 P520274 INFO [Metrics] AUC: 0.835916 - logloss: 0.498403
2025-05-13 20:57:37,378 P520274 INFO Save best model: monitor(max)=0.835916
2025-05-13 20:57:37,743 P520274 INFO ************ Epoch=10 end ************
2025-05-13 20:59:41,611 P520274 INFO Train loss: 0.566610
2025-05-13 20:59:41,611 P520274 INFO Evaluation @epoch 11 - batch 591: 
2025-05-13 20:59:45,291 P520274 INFO ===
2025-05-13 20:59:45,291 P520274 INFO [Metrics] AUC: 0.836774 - logloss: 0.496858
2025-05-13 20:59:45,296 P520274 INFO Save best model: monitor(max)=0.836774
2025-05-13 20:59:45,625 P520274 INFO ************ Epoch=11 end ************
2025-05-13 21:01:49,646 P520274 INFO Train loss: 0.565877
2025-05-13 21:01:49,647 P520274 INFO Evaluation @epoch 12 - batch 591: 
2025-05-13 21:01:53,321 P520274 INFO ===
2025-05-13 21:01:53,322 P520274 INFO [Metrics] AUC: 0.837330 - logloss: 0.496202
2025-05-13 21:01:53,327 P520274 INFO Save best model: monitor(max)=0.837330
2025-05-13 21:01:53,701 P520274 INFO ************ Epoch=12 end ************
2025-05-13 21:03:57,527 P520274 INFO Train loss: 0.565087
2025-05-13 21:03:57,527 P520274 INFO Evaluation @epoch 13 - batch 591: 
2025-05-13 21:04:01,237 P520274 INFO ===
2025-05-13 21:04:01,237 P520274 INFO [Metrics] AUC: 0.837799 - logloss: 0.495382
2025-05-13 21:04:01,242 P520274 INFO Save best model: monitor(max)=0.837799
2025-05-13 21:04:01,651 P520274 INFO ************ Epoch=13 end ************
2025-05-13 21:06:05,287 P520274 INFO Train loss: 0.564693
2025-05-13 21:06:05,287 P520274 INFO Evaluation @epoch 14 - batch 591: 
2025-05-13 21:06:08,970 P520274 INFO ===
2025-05-13 21:06:08,970 P520274 INFO [Metrics] AUC: 0.838481 - logloss: 0.494476
2025-05-13 21:06:08,975 P520274 INFO Save best model: monitor(max)=0.838481
2025-05-13 21:06:09,299 P520274 INFO ************ Epoch=14 end ************
2025-05-13 21:08:12,855 P520274 INFO Train loss: 0.563764
2025-05-13 21:08:12,855 P520274 INFO Evaluation @epoch 15 - batch 591: 
2025-05-13 21:08:16,515 P520274 INFO ===
2025-05-13 21:08:16,515 P520274 INFO [Metrics] AUC: 0.838928 - logloss: 0.493937
2025-05-13 21:08:16,520 P520274 INFO Save best model: monitor(max)=0.838928
2025-05-13 21:08:16,868 P520274 INFO ************ Epoch=15 end ************
2025-05-13 21:10:20,779 P520274 INFO Train loss: 0.563132
2025-05-13 21:10:20,779 P520274 INFO Evaluation @epoch 16 - batch 591: 
2025-05-13 21:10:24,482 P520274 INFO ===
2025-05-13 21:10:24,483 P520274 INFO [Metrics] AUC: 0.839546 - logloss: 0.493030
2025-05-13 21:10:24,488 P520274 INFO Save best model: monitor(max)=0.839546
2025-05-13 21:10:24,824 P520274 INFO ************ Epoch=16 end ************
2025-05-13 21:12:28,544 P520274 INFO Train loss: 0.563310
2025-05-13 21:12:28,544 P520274 INFO Evaluation @epoch 17 - batch 591: 
2025-05-13 21:12:32,246 P520274 INFO ===
2025-05-13 21:12:32,246 P520274 INFO [Metrics] AUC: 0.839509 - logloss: 0.493204
2025-05-13 21:12:32,251 P520274 INFO Monitor(max)=0.839509 STOP!
2025-05-13 21:12:32,251 P520274 INFO Reduce learning rate on plateau: 0.000100
2025-05-13 21:12:32,467 P520274 INFO ************ Epoch=17 end ************
2025-05-13 21:14:36,328 P520274 INFO Train loss: 0.498175
2025-05-13 21:14:36,328 P520274 INFO Evaluation @epoch 18 - batch 591: 
2025-05-13 21:14:39,990 P520274 INFO ===
2025-05-13 21:14:39,990 P520274 INFO [Metrics] AUC: 0.852383 - logloss: 0.476902
2025-05-13 21:14:39,995 P520274 INFO Save best model: monitor(max)=0.852383
2025-05-13 21:14:40,326 P520274 INFO ************ Epoch=18 end ************
2025-05-13 21:16:44,085 P520274 INFO Train loss: 0.466804
2025-05-13 21:16:44,086 P520274 INFO Evaluation @epoch 19 - batch 591: 
2025-05-13 21:16:47,721 P520274 INFO ===
2025-05-13 21:16:47,721 P520274 INFO [Metrics] AUC: 0.855175 - logloss: 0.473866
2025-05-13 21:16:47,726 P520274 INFO Save best model: monitor(max)=0.855175
2025-05-13 21:16:48,069 P520274 INFO ************ Epoch=19 end ************
2025-05-13 21:18:51,734 P520274 INFO Train loss: 0.452115
2025-05-13 21:18:51,735 P520274 INFO Evaluation @epoch 20 - batch 591: 
2025-05-13 21:18:55,394 P520274 INFO ===
2025-05-13 21:18:55,395 P520274 INFO [Metrics] AUC: 0.855828 - logloss: 0.474701
2025-05-13 21:18:55,400 P520274 INFO Save best model: monitor(max)=0.855828
2025-05-13 21:18:55,722 P520274 INFO ************ Epoch=20 end ************
2025-05-13 21:20:59,557 P520274 INFO Train loss: 0.441503
2025-05-13 21:20:59,557 P520274 INFO Evaluation @epoch 21 - batch 591: 
2025-05-13 21:21:03,106 P520274 INFO ===
2025-05-13 21:21:03,106 P520274 INFO [Metrics] AUC: 0.855300 - logloss: 0.477359
2025-05-13 21:21:03,111 P520274 INFO Monitor(max)=0.855300 STOP!
2025-05-13 21:21:03,111 P520274 INFO Reduce learning rate on plateau: 0.000010
2025-05-13 21:21:03,338 P520274 INFO ************ Epoch=21 end ************
2025-05-13 21:23:06,891 P520274 INFO Train loss: 0.409780
2025-05-13 21:23:06,892 P520274 INFO Evaluation @epoch 22 - batch 591: 
2025-05-13 21:23:10,509 P520274 INFO ===
2025-05-13 21:23:10,510 P520274 INFO [Metrics] AUC: 0.853680 - logloss: 0.489320
2025-05-13 21:23:10,515 P520274 INFO Monitor(max)=0.853680 STOP!
2025-05-13 21:23:10,515 P520274 INFO Reduce learning rate on plateau: 0.000001
2025-05-13 21:23:10,515 P520274 INFO ********* Epoch==22 early stop *********
2025-05-13 21:23:10,775 P520274 INFO Training finished.
2025-05-13 21:23:10,775 P520274 INFO Load best model: /root/autodl-tmp/model_zoo/DCNv3/DCNv3_torch/checkpoints/KKBox_csv/FCNv1_KKBox_csv_005_cce7aa73.model
2025-05-13 21:23:10,841 P520274 INFO ****** Validation evaluation ******
2025-05-13 21:23:14,450 P520274 INFO ===
2025-05-13 21:23:14,451 P520274 INFO [Metrics] logloss: 0.474701 - AUC: 0.855828
2025-05-13 21:23:14,560 P520274 INFO ******** Test evaluation ********
2025-05-13 21:23:14,560 P520274 INFO Loading data...
2025-05-13 21:23:14,560 P520274 INFO Loading data from h5: ../../../data/KKBox_csv/test.h5
2025-05-13 21:23:14,679 P520274 INFO Test samples: total/737743, blocks/1
2025-05-13 21:23:14,679 P520274 INFO Loading test data done.
2025-05-13 21:23:18,045 P520274 INFO ===
2025-05-13 21:23:18,045 P520274 INFO [Metrics] logloss: 0.474376 - AUC: 0.855975
