2025-05-13 21:34:40,242 P723735 INFO Params: {
    "batch_norm": "True",
    "batch_size": "10000",
    "data_format": "csv",
    "data_root": "../../../data/",
    "dataset_id": "KKBox_csv",
    "debug_mode": "False",
    "early_stop_patience": "2",
    "embedding_dim": "128",
    "embedding_regularizer": "0.0005",
    "epochs": "100",
    "eval_steps": "None",
    "exp_num_layers": "3",
    "feature_cols": "[{'active': True, 'dtype': 'str', 'name': ['msno', 'song_id', 'source_system_tab', 'source_screen_name', 'source_type', 'city', 'gender', 'registered_via', 'language'], 'type': 'categorical'}, {'active': True, 'dtype': 'str', 'encoder': 'MaskedSumPooling', 'max_len': 3, 'name': 'genre_ids', 'type': 'sequence'}, {'active': True, 'dtype': 'str', 'encoder': 'MaskedSumPooling', 'max_len': 3, 'name': 'artist_name', 'type': 'sequence'}, {'active': True, 'dtype': 'str', 'name': 'isrc', 'preprocess': 'extract_country_code', 'type': 'categorical'}, {'active': True, 'dtype': 'str', 'name': 'bd', 'preprocess': 'bucketize_age', 'type': 'categorical'}]",
    "feature_config": "None",
    "feature_specs": "None",
    "gpu": "1",
    "group_id": "None",
    "label_col": "{'dtype': 'float', 'name': 'label'}",
    "learning_rate": "0.001",
    "lin_num_layers": "2",
    "loss": "binary_crossentropy",
    "metrics": "['logloss', 'AUC']",
    "min_categr_count": "10",
    "model": "FCNv2",
    "model_id": "FCNv2_KKBox_csv_002_30dec4fa",
    "model_root": "./checkpoints/",
    "monitor": "{'AUC': 1, 'logloss': 0}",
    "monitor_mode": "max",
    "net_dropout": "0.2",
    "net_regularizer": "0",
    "num_heads": "1",
    "num_workers": "8",
    "optimizer": "adam",
    "pickle_feature_encoder": "True",
    "save_best_only": "True",
    "seed": "2025",
    "shuffle": "True",
    "task": "binary_classification",
    "test_data": "../../../data/KKBox_x1/test.csv",
    "train_data": "../../../data/KKBox_x1/train.csv",
    "use_features": "None",
    "valid_data": "../../../data/KKBox_x1/valid.csv",
    "verbose": "1"
}
2025-05-13 21:34:40,242 P723735 INFO Set up feature processor...
2025-05-13 21:34:40,243 P723735 WARNING Skip rebuilding ../../../data/KKBox_csv/feature_map.json. Please delete it manually if rebuilding is required.
2025-05-13 21:34:40,243 P723735 INFO Load feature_map from json: ../../../data/KKBox_csv/feature_map.json
2025-05-13 21:34:40,243 P723735 INFO Set column index...
2025-05-13 21:34:40,243 P723735 INFO Feature specs: {
    "artist_name": "{'source': '', 'type': 'sequence', 'feature_encoder': 'layers.MaskedAveragePooling()', 'padding_idx': 0, 'oov_idx': 11975, 'vocab_size': 11976, 'max_len': 3}",
    "bd": "{'source': '', 'type': 'categorical', 'padding_idx': 0, 'oov_idx': 8, 'vocab_size': 9}",
    "city": "{'source': '', 'type': 'categorical', 'padding_idx': 0, 'oov_idx': 22, 'vocab_size': 23}",
    "gender": "{'source': '', 'type': 'categorical', 'padding_idx': 0, 'oov_idx': 3, 'vocab_size': 4}",
    "genre_ids": "{'source': '', 'type': 'sequence', 'feature_encoder': 'layers.MaskedAveragePooling()', 'padding_idx': 0, 'oov_idx': 345, 'vocab_size': 346, 'max_len': 3}",
    "isrc": "{'source': '', 'type': 'categorical', 'padding_idx': 0, 'oov_idx': 79, 'vocab_size': 80}",
    "language": "{'source': '', 'type': 'categorical', 'padding_idx': 0, 'oov_idx': 11, 'vocab_size': 12}",
    "msno": "{'source': '', 'type': 'categorical', 'padding_idx': 0, 'oov_idx': 25962, 'vocab_size': 25963}",
    "registered_via": "{'source': '', 'type': 'categorical', 'padding_idx': 0, 'oov_idx': 6, 'vocab_size': 7}",
    "song_id": "{'source': '', 'type': 'categorical', 'padding_idx': 0, 'oov_idx': 53290, 'vocab_size': 53291}",
    "source_screen_name": "{'source': '', 'type': 'categorical', 'padding_idx': 0, 'oov_idx': 20, 'vocab_size': 21}",
    "source_system_tab": "{'source': '', 'type': 'categorical', 'padding_idx': 0, 'oov_idx': 9, 'vocab_size': 10}",
    "source_type": "{'source': '', 'type': 'categorical', 'padding_idx': 0, 'oov_idx': 13, 'vocab_size': 14}"
}
2025-05-13 21:34:44,301 P723735 INFO Total number of parameters: 25625878.
2025-05-13 21:34:44,301 P723735 INFO Loading data...
2025-05-13 21:34:44,301 P723735 INFO Loading data from h5: ../../../data/KKBox_csv/train.h5
2025-05-13 21:34:45,292 P723735 INFO Train samples: total/5901932, blocks/1
2025-05-13 21:34:45,292 P723735 INFO Loading data from h5: ../../../data/KKBox_csv/valid.h5
2025-05-13 21:34:45,414 P723735 INFO Validation samples: total/737743, blocks/1
2025-05-13 21:34:45,415 P723735 INFO Loading train and validation data done.
2025-05-13 21:34:45,415 P723735 INFO Start training: 591 batches/epoch
2025-05-13 21:34:45,415 P723735 INFO ************ Epoch=1 start ************
2025-05-13 21:37:17,451 P723735 INFO Train loss: 0.604667
2025-05-13 21:37:17,451 P723735 INFO Evaluation @epoch 1 - batch 591: 
2025-05-13 21:37:20,489 P723735 INFO ===
2025-05-13 21:37:20,489 P723735 INFO [Metrics] AUC: 0.805507 - logloss: 0.534970
2025-05-13 21:37:20,494 P723735 INFO Save best model: monitor(max)=0.805507
2025-05-13 21:37:20,785 P723735 INFO ************ Epoch=1 end ************
2025-05-13 21:39:52,451 P723735 INFO Train loss: 0.587591
2025-05-13 21:39:52,452 P723735 INFO Evaluation @epoch 2 - batch 591: 
2025-05-13 21:39:55,571 P723735 INFO ===
2025-05-13 21:39:55,571 P723735 INFO [Metrics] AUC: 0.817380 - logloss: 0.520999
2025-05-13 21:39:55,576 P723735 INFO Save best model: monitor(max)=0.817380
2025-05-13 21:39:55,906 P723735 INFO ************ Epoch=2 end ************
2025-05-13 21:42:27,434 P723735 INFO Train loss: 0.583198
2025-05-13 21:42:27,434 P723735 INFO Evaluation @epoch 3 - batch 591: 
2025-05-13 21:42:30,577 P723735 INFO ===
2025-05-13 21:42:30,577 P723735 INFO [Metrics] AUC: 0.823211 - logloss: 0.513973
2025-05-13 21:42:30,577 P723735 INFO Save best model: monitor(max)=0.823211
2025-05-13 21:42:30,858 P723735 INFO ************ Epoch=3 end ************
2025-05-13 21:45:02,415 P723735 INFO Train loss: 0.579158
2025-05-13 21:45:02,415 P723735 INFO Evaluation @epoch 4 - batch 591: 
2025-05-13 21:45:05,992 P723735 INFO ===
2025-05-13 21:45:05,992 P723735 INFO [Metrics] AUC: 0.827058 - logloss: 0.509057
2025-05-13 21:45:05,998 P723735 INFO Save best model: monitor(max)=0.827058
2025-05-13 21:45:06,299 P723735 INFO ************ Epoch=4 end ************
2025-05-13 21:47:37,689 P723735 INFO Train loss: 0.575853
2025-05-13 21:47:37,689 P723735 INFO Evaluation @epoch 5 - batch 591: 
2025-05-13 21:47:40,712 P723735 INFO ===
2025-05-13 21:47:40,712 P723735 INFO [Metrics] AUC: 0.829972 - logloss: 0.505932
2025-05-13 21:47:40,718 P723735 INFO Save best model: monitor(max)=0.829972
2025-05-13 21:47:41,013 P723735 INFO ************ Epoch=5 end ************
2025-05-13 21:50:12,510 P723735 INFO Train loss: 0.573507
2025-05-13 21:50:12,511 P723735 INFO Evaluation @epoch 6 - batch 591: 
2025-05-13 21:50:15,522 P723735 INFO ===
2025-05-13 21:50:15,522 P723735 INFO [Metrics] AUC: 0.831580 - logloss: 0.503454
2025-05-13 21:50:15,527 P723735 INFO Save best model: monitor(max)=0.831580
2025-05-13 21:50:15,799 P723735 INFO ************ Epoch=6 end ************
2025-05-13 21:52:47,094 P723735 INFO Train loss: 0.571574
2025-05-13 21:52:47,094 P723735 INFO Evaluation @epoch 7 - batch 591: 
2025-05-13 21:52:50,657 P723735 INFO ===
2025-05-13 21:52:50,657 P723735 INFO [Metrics] AUC: 0.683988 - logloss: 0.664356
2025-05-13 21:52:50,663 P723735 INFO Monitor(max)=0.683988 STOP!
2025-05-13 21:52:50,663 P723735 INFO Reduce learning rate on plateau: 0.000100
2025-05-13 21:52:50,844 P723735 INFO ************ Epoch=7 end ************
2025-05-13 21:55:22,537 P723735 INFO Train loss: 0.510661
2025-05-13 21:55:22,537 P723735 INFO Evaluation @epoch 8 - batch 591: 
2025-05-13 21:55:26,474 P723735 INFO ===
2025-05-13 21:55:26,474 P723735 INFO [Metrics] AUC: 0.849597 - logloss: 0.479675
2025-05-13 21:55:26,480 P723735 INFO Save best model: monitor(max)=0.849597
2025-05-13 21:55:26,810 P723735 INFO ************ Epoch=8 end ************
2025-05-13 21:57:58,735 P723735 INFO Train loss: 0.479797
2025-05-13 21:57:58,736 P723735 INFO Evaluation @epoch 9 - batch 591: 
2025-05-13 21:58:01,745 P723735 INFO ===
2025-05-13 21:58:01,745 P723735 INFO [Metrics] AUC: 0.853498 - logloss: 0.475046
2025-05-13 21:58:01,751 P723735 INFO Save best model: monitor(max)=0.853498
2025-05-13 21:58:02,075 P723735 INFO ************ Epoch=9 end ************
2025-05-13 22:00:33,961 P723735 INFO Train loss: 0.464742
2025-05-13 22:00:33,961 P723735 INFO Evaluation @epoch 10 - batch 591: 
2025-05-13 22:00:36,971 P723735 INFO ===
2025-05-13 22:00:36,971 P723735 INFO [Metrics] AUC: 0.854440 - logloss: 0.475054
2025-05-13 22:00:36,976 P723735 INFO Save best model: monitor(max)=0.854440
2025-05-13 22:00:37,274 P723735 INFO ************ Epoch=10 end ************
2025-05-13 22:03:08,919 P723735 INFO Train loss: 0.453329
2025-05-13 22:03:08,919 P723735 INFO Evaluation @epoch 11 - batch 591: 
2025-05-13 22:03:11,912 P723735 INFO ===
2025-05-13 22:03:11,913 P723735 INFO [Metrics] AUC: 0.854095 - logloss: 0.477603
2025-05-13 22:03:11,918 P723735 INFO Monitor(max)=0.854095 STOP!
2025-05-13 22:03:11,918 P723735 INFO Reduce learning rate on plateau: 0.000010
2025-05-13 22:03:12,088 P723735 INFO ************ Epoch=11 end ************
2025-05-13 22:05:43,736 P723735 INFO Train loss: 0.417070
2025-05-13 22:05:43,737 P723735 INFO Evaluation @epoch 12 - batch 591: 
2025-05-13 22:05:47,606 P723735 INFO ===
2025-05-13 22:05:47,606 P723735 INFO [Metrics] AUC: 0.851894 - logloss: 0.495540
2025-05-13 22:05:47,612 P723735 INFO Monitor(max)=0.851894 STOP!
2025-05-13 22:05:47,612 P723735 INFO Reduce learning rate on plateau: 0.000001
2025-05-13 22:05:47,612 P723735 INFO ********* Epoch==12 early stop *********
2025-05-13 22:05:47,821 P723735 INFO Training finished.
2025-05-13 22:05:47,821 P723735 INFO Load best model: /root/autodl-tmp/model_zoo/DCNv3/DCNv3_torch/checkpoints/KKBox_csv/FCNv2_KKBox_csv_002_30dec4fa.model
2025-05-13 22:05:47,891 P723735 INFO ****** Validation evaluation ******
2025-05-13 22:05:51,318 P723735 INFO ===
2025-05-13 22:05:51,318 P723735 INFO [Metrics] logloss: 0.475054 - AUC: 0.854440
2025-05-13 22:05:51,397 P723735 INFO ******** Test evaluation ********
2025-05-13 22:05:51,397 P723735 INFO Loading data...
2025-05-13 22:05:51,397 P723735 INFO Loading data from h5: ../../../data/KKBox_csv/test.h5
2025-05-13 22:05:51,523 P723735 INFO Test samples: total/737743, blocks/1
2025-05-13 22:05:51,524 P723735 INFO Loading test data done.
2025-05-13 22:05:54,428 P723735 INFO ===
2025-05-13 22:05:54,428 P723735 INFO [Metrics] logloss: 0.474587 - AUC: 0.854711
