2025-05-13 23:11:15,338 P172195 INFO Params: {
    "batch_norm": "True",
    "batch_size": "10000",
    "data_format": "csv",
    "data_root": "../../../data/",
    "dataset_id": "KKBox_csv",
    "debug_mode": "False",
    "early_stop_patience": "2",
    "embedding_dim": "128",
    "embedding_regularizer": "0.0005",
    "epochs": "100",
    "eval_steps": "None",
    "exp_num_layers": "5",
    "feature_cols": "[{'active': True, 'dtype': 'str', 'name': ['msno', 'song_id', 'source_system_tab', 'source_screen_name', 'source_type', 'city', 'gender', 'registered_via', 'language'], 'type': 'categorical'}, {'active': True, 'dtype': 'str', 'encoder': 'MaskedSumPooling', 'max_len': 3, 'name': 'genre_ids', 'type': 'sequence'}, {'active': True, 'dtype': 'str', 'encoder': 'MaskedSumPooling', 'max_len': 3, 'name': 'artist_name', 'type': 'sequence'}, {'active': True, 'dtype': 'str', 'name': 'isrc', 'preprocess': 'extract_country_code', 'type': 'categorical'}, {'active': True, 'dtype': 'str', 'name': 'bd', 'preprocess': 'bucketize_age', 'type': 'categorical'}]",
    "feature_config": "None",
    "feature_specs": "None",
    "gpu": "2",
    "group_id": "None",
    "label_col": "{'dtype': 'float', 'name': 'label'}",
    "learning_rate": "0.001",
    "lin_num_layers": "1",
    "loss": "binary_crossentropy",
    "metrics": "['logloss', 'AUC']",
    "min_categr_count": "10",
    "model": "FCNv2",
    "model_id": "FCNv2_KKBox_csv_009_03f031c8",
    "model_root": "./checkpoints/",
    "monitor": "{'AUC': 1, 'logloss': 0}",
    "monitor_mode": "max",
    "net_dropout": "0.2",
    "net_regularizer": "0",
    "num_heads": "1",
    "num_workers": "8",
    "optimizer": "adam",
    "pickle_feature_encoder": "True",
    "save_best_only": "True",
    "seed": "2025",
    "shuffle": "True",
    "task": "binary_classification",
    "test_data": "../../../data/KKBox_x1/test.csv",
    "train_data": "../../../data/KKBox_x1/train.csv",
    "use_features": "None",
    "valid_data": "../../../data/KKBox_x1/valid.csv",
    "verbose": "1"
}
2025-05-13 23:11:15,339 P172195 INFO Set up feature processor...
2025-05-13 23:11:15,339 P172195 WARNING Skip rebuilding ../../../data/KKBox_csv/feature_map.json. Please delete it manually if rebuilding is required.
2025-05-13 23:11:15,339 P172195 INFO Load feature_map from json: ../../../data/KKBox_csv/feature_map.json
2025-05-13 23:11:15,339 P172195 INFO Set column index...
2025-05-13 23:11:15,339 P172195 INFO Feature specs: {
    "artist_name": "{'source': '', 'type': 'sequence', 'feature_encoder': 'layers.MaskedAveragePooling()', 'padding_idx': 0, 'oov_idx': 11975, 'vocab_size': 11976, 'max_len': 3}",
    "bd": "{'source': '', 'type': 'categorical', 'padding_idx': 0, 'oov_idx': 8, 'vocab_size': 9}",
    "city": "{'source': '', 'type': 'categorical', 'padding_idx': 0, 'oov_idx': 22, 'vocab_size': 23}",
    "gender": "{'source': '', 'type': 'categorical', 'padding_idx': 0, 'oov_idx': 3, 'vocab_size': 4}",
    "genre_ids": "{'source': '', 'type': 'sequence', 'feature_encoder': 'layers.MaskedAveragePooling()', 'padding_idx': 0, 'oov_idx': 345, 'vocab_size': 346, 'max_len': 3}",
    "isrc": "{'source': '', 'type': 'categorical', 'padding_idx': 0, 'oov_idx': 79, 'vocab_size': 80}",
    "language": "{'source': '', 'type': 'categorical', 'padding_idx': 0, 'oov_idx': 11, 'vocab_size': 12}",
    "msno": "{'source': '', 'type': 'categorical', 'padding_idx': 0, 'oov_idx': 25962, 'vocab_size': 25963}",
    "registered_via": "{'source': '', 'type': 'categorical', 'padding_idx': 0, 'oov_idx': 6, 'vocab_size': 7}",
    "song_id": "{'source': '', 'type': 'categorical', 'padding_idx': 0, 'oov_idx': 53290, 'vocab_size': 53291}",
    "source_screen_name": "{'source': '', 'type': 'categorical', 'padding_idx': 0, 'oov_idx': 20, 'vocab_size': 21}",
    "source_system_tab": "{'source': '', 'type': 'categorical', 'padding_idx': 0, 'oov_idx': 9, 'vocab_size': 10}",
    "source_type": "{'source': '', 'type': 'categorical', 'padding_idx': 0, 'oov_idx': 13, 'vocab_size': 14}"
}
2025-05-13 23:11:19,187 P172195 INFO Total number of parameters: 28401434.
2025-05-13 23:11:19,187 P172195 INFO Loading data...
2025-05-13 23:11:19,187 P172195 INFO Loading data from h5: ../../../data/KKBox_csv/train.h5
2025-05-13 23:11:20,137 P172195 INFO Train samples: total/5901932, blocks/1
2025-05-13 23:11:20,138 P172195 INFO Loading data from h5: ../../../data/KKBox_csv/valid.h5
2025-05-13 23:11:20,265 P172195 INFO Validation samples: total/737743, blocks/1
2025-05-13 23:11:20,265 P172195 INFO Loading train and validation data done.
2025-05-13 23:11:20,266 P172195 INFO Start training: 591 batches/epoch
2025-05-13 23:11:20,266 P172195 INFO ************ Epoch=1 start ************
2025-05-13 23:14:16,969 P172195 INFO Train loss: 0.608168
2025-05-13 23:14:16,970 P172195 INFO Evaluation @epoch 1 - batch 591: 
2025-05-13 23:14:20,447 P172195 INFO ===
2025-05-13 23:14:20,447 P172195 INFO [Metrics] AUC: 0.803542 - logloss: 0.537141
2025-05-13 23:14:20,452 P172195 INFO Save best model: monitor(max)=0.803542
2025-05-13 23:14:20,772 P172195 INFO ************ Epoch=1 end ************
2025-05-13 23:17:17,321 P172195 INFO Train loss: 0.587986
2025-05-13 23:17:17,321 P172195 INFO Evaluation @epoch 2 - batch 591: 
2025-05-13 23:17:20,838 P172195 INFO ===
2025-05-13 23:17:20,838 P172195 INFO [Metrics] AUC: 0.816374 - logloss: 0.522568
2025-05-13 23:17:20,838 P172195 INFO Save best model: monitor(max)=0.816374
2025-05-13 23:17:21,149 P172195 INFO ************ Epoch=2 end ************
2025-05-13 23:20:18,384 P172195 INFO Train loss: 0.582967
2025-05-13 23:20:18,385 P172195 INFO Evaluation @epoch 3 - batch 591: 
2025-05-13 23:20:21,975 P172195 INFO ===
2025-05-13 23:20:21,976 P172195 INFO [Metrics] AUC: 0.822846 - logloss: 0.515734
2025-05-13 23:20:21,981 P172195 INFO Save best model: monitor(max)=0.822846
2025-05-13 23:20:22,325 P172195 INFO ************ Epoch=3 end ************
2025-05-13 23:23:19,592 P172195 INFO Train loss: 0.578585
2025-05-13 23:23:19,593 P172195 INFO Evaluation @epoch 4 - batch 591: 
2025-05-13 23:23:23,075 P172195 INFO ===
2025-05-13 23:23:23,075 P172195 INFO [Metrics] AUC: 0.826054 - logloss: 0.510680
2025-05-13 23:23:23,075 P172195 INFO Save best model: monitor(max)=0.826054
2025-05-13 23:23:23,399 P172195 INFO ************ Epoch=4 end ************
2025-05-13 23:26:20,361 P172195 INFO Train loss: 0.576702
2025-05-13 23:26:20,361 P172195 INFO Evaluation @epoch 5 - batch 591: 
2025-05-13 23:26:23,882 P172195 INFO ===
2025-05-13 23:26:23,882 P172195 INFO [Metrics] AUC: 0.683150 - logloss: 0.663041
2025-05-13 23:26:23,882 P172195 INFO Monitor(max)=0.683150 STOP!
2025-05-13 23:26:23,882 P172195 INFO Reduce learning rate on plateau: 0.000100
2025-05-13 23:26:24,065 P172195 INFO ************ Epoch=5 end ************
2025-05-13 23:29:21,321 P172195 INFO Train loss: 0.518882
2025-05-13 23:29:21,321 P172195 INFO Evaluation @epoch 6 - batch 591: 
2025-05-13 23:29:24,799 P172195 INFO ===
2025-05-13 23:29:24,799 P172195 INFO [Metrics] AUC: 0.846333 - logloss: 0.484368
2025-05-13 23:29:24,804 P172195 INFO Save best model: monitor(max)=0.846333
2025-05-13 23:29:25,137 P172195 INFO ************ Epoch=6 end ************
2025-05-13 23:32:22,214 P172195 INFO Train loss: 0.488965
2025-05-13 23:32:22,214 P172195 INFO Evaluation @epoch 7 - batch 591: 
2025-05-13 23:32:25,760 P172195 INFO ===
2025-05-13 23:32:25,761 P172195 INFO [Metrics] AUC: 0.850616 - logloss: 0.478791
2025-05-13 23:32:25,761 P172195 INFO Save best model: monitor(max)=0.850616
2025-05-13 23:32:26,084 P172195 INFO ************ Epoch=7 end ************
2025-05-13 23:35:22,975 P172195 INFO Train loss: 0.474184
2025-05-13 23:35:22,975 P172195 INFO Evaluation @epoch 8 - batch 591: 
2025-05-13 23:35:26,411 P172195 INFO ===
2025-05-13 23:35:26,411 P172195 INFO [Metrics] AUC: 0.852067 - logloss: 0.477258
2025-05-13 23:35:26,411 P172195 INFO Save best model: monitor(max)=0.852067
2025-05-13 23:35:26,717 P172195 INFO ************ Epoch=8 end ************
2025-05-13 23:38:23,732 P172195 INFO Train loss: 0.462462
2025-05-13 23:38:23,732 P172195 INFO Evaluation @epoch 9 - batch 591: 
2025-05-13 23:38:27,175 P172195 INFO ===
2025-05-13 23:38:27,175 P172195 INFO [Metrics] AUC: 0.851931 - logloss: 0.479614
2025-05-13 23:38:27,175 P172195 INFO Monitor(max)=0.851931 STOP!
2025-05-13 23:38:27,175 P172195 INFO Reduce learning rate on plateau: 0.000010
2025-05-13 23:38:27,376 P172195 INFO ************ Epoch=9 end ************
2025-05-13 23:41:24,431 P172195 INFO Train loss: 0.424434
2025-05-13 23:41:24,432 P172195 INFO Evaluation @epoch 10 - batch 591: 
2025-05-13 23:41:27,919 P172195 INFO ===
2025-05-13 23:41:27,919 P172195 INFO [Metrics] AUC: 0.849859 - logloss: 0.494830
2025-05-13 23:41:27,919 P172195 INFO Monitor(max)=0.849859 STOP!
2025-05-13 23:41:27,919 P172195 INFO Reduce learning rate on plateau: 0.000001
2025-05-13 23:41:27,919 P172195 INFO ********* Epoch==10 early stop *********
2025-05-13 23:41:28,115 P172195 INFO Training finished.
2025-05-13 23:41:28,115 P172195 INFO Load best model: /root/autodl-tmp/model_zoo/DCNv3/DCNv3_torch/checkpoints/KKBox_csv/FCNv2_KKBox_csv_009_03f031c8.model
2025-05-13 23:41:28,168 P172195 INFO ****** Validation evaluation ******
2025-05-13 23:41:31,611 P172195 INFO ===
2025-05-13 23:41:31,611 P172195 INFO [Metrics] logloss: 0.477258 - AUC: 0.852067
2025-05-13 23:41:31,685 P172195 INFO ******** Test evaluation ********
2025-05-13 23:41:31,685 P172195 INFO Loading data...
2025-05-13 23:41:31,685 P172195 INFO Loading data from h5: ../../../data/KKBox_csv/test.h5
2025-05-13 23:41:31,796 P172195 INFO Test samples: total/737743, blocks/1
2025-05-13 23:41:31,796 P172195 INFO Loading test data done.
2025-05-13 23:41:35,020 P172195 INFO ===
2025-05-13 23:41:35,021 P172195 INFO [Metrics] logloss: 0.476602 - AUC: 0.852497
