2025-05-13 19:41:28,247 P134610 INFO Params: {
    "batch_norm": "True",
    "batch_size": "10000",
    "data_format": "csv",
    "data_root": "../../../data/",
    "dataset_id": "KKBox_csv",
    "debug_mode": "False",
    "early_stop_patience": "2",
    "embedding_dim": "128",
    "embedding_regularizer": "0.0005",
    "epochs": "100",
    "eval_steps": "None",
    "exp_num_layers": "4",
    "feature_cols": "[{'active': True, 'dtype': 'str', 'name': ['msno', 'song_id', 'source_system_tab', 'source_screen_name', 'source_type', 'city', 'gender', 'registered_via', 'language'], 'type': 'categorical'}, {'active': True, 'dtype': 'str', 'encoder': 'MaskedSumPooling', 'max_len': 3, 'name': 'genre_ids', 'type': 'sequence'}, {'active': True, 'dtype': 'str', 'encoder': 'MaskedSumPooling', 'max_len': 3, 'name': 'artist_name', 'type': 'sequence'}, {'active': True, 'dtype': 'str', 'name': 'isrc', 'preprocess': 'extract_country_code', 'type': 'categorical'}, {'active': True, 'dtype': 'str', 'name': 'bd', 'preprocess': 'bucketize_age', 'type': 'categorical'}]",
    "feature_config": "None",
    "feature_specs": "None",
    "gpu": "1",
    "group_id": "None",
    "label_col": "{'dtype': 'float', 'name': 'label'}",
    "learning_rate": "0.001",
    "lin_num_layers": "3",
    "loss": "binary_crossentropy",
    "metrics": "['logloss', 'AUC']",
    "min_categr_count": "10",
    "model": "FCNv1",
    "model_id": "FCNv1_KKBox_csv_002_880af058",
    "model_root": "./checkpoints/",
    "monitor": "{'AUC': 1, 'logloss': 0}",
    "monitor_mode": "max",
    "net_dropout": "0.2",
    "net_regularizer": "0",
    "num_heads": "1",
    "num_workers": "8",
    "optimizer": "adam",
    "pickle_feature_encoder": "True",
    "save_best_only": "True",
    "seed": "2025",
    "shuffle": "True",
    "task": "binary_classification",
    "test_data": "../../../data/KKBox_x1/test.csv",
    "train_data": "../../../data/KKBox_x1/train.csv",
    "use_features": "None",
    "valid_data": "../../../data/KKBox_x1/valid.csv",
    "verbose": "1"
}
2025-05-13 19:41:28,247 P134610 INFO Set up feature processor...
2025-05-13 19:41:28,247 P134610 WARNING Skip rebuilding ../../../data/KKBox_csv/feature_map.json. Please delete it manually if rebuilding is required.
2025-05-13 19:41:28,247 P134610 INFO Load feature_map from json: ../../../data/KKBox_csv/feature_map.json
2025-05-13 19:41:28,248 P134610 INFO Set column index...
2025-05-13 19:41:28,248 P134610 INFO Feature specs: {
    "artist_name": "{'source': '', 'type': 'sequence', 'feature_encoder': 'layers.MaskedAveragePooling()', 'padding_idx': 0, 'oov_idx': 11975, 'vocab_size': 11976, 'max_len': 3}",
    "bd": "{'source': '', 'type': 'categorical', 'padding_idx': 0, 'oov_idx': 8, 'vocab_size': 9}",
    "city": "{'source': '', 'type': 'categorical', 'padding_idx': 0, 'oov_idx': 22, 'vocab_size': 23}",
    "gender": "{'source': '', 'type': 'categorical', 'padding_idx': 0, 'oov_idx': 3, 'vocab_size': 4}",
    "genre_ids": "{'source': '', 'type': 'sequence', 'feature_encoder': 'layers.MaskedAveragePooling()', 'padding_idx': 0, 'oov_idx': 345, 'vocab_size': 346, 'max_len': 3}",
    "isrc": "{'source': '', 'type': 'categorical', 'padding_idx': 0, 'oov_idx': 79, 'vocab_size': 80}",
    "language": "{'source': '', 'type': 'categorical', 'padding_idx': 0, 'oov_idx': 11, 'vocab_size': 12}",
    "msno": "{'source': '', 'type': 'categorical', 'padding_idx': 0, 'oov_idx': 25962, 'vocab_size': 25963}",
    "registered_via": "{'source': '', 'type': 'categorical', 'padding_idx': 0, 'oov_idx': 6, 'vocab_size': 7}",
    "song_id": "{'source': '', 'type': 'categorical', 'padding_idx': 0, 'oov_idx': 53290, 'vocab_size': 53291}",
    "source_screen_name": "{'source': '', 'type': 'categorical', 'padding_idx': 0, 'oov_idx': 20, 'vocab_size': 21}",
    "source_system_tab": "{'source': '', 'type': 'categorical', 'padding_idx': 0, 'oov_idx': 9, 'vocab_size': 10}",
    "source_type": "{'source': '', 'type': 'categorical', 'padding_idx': 0, 'oov_idx': 13, 'vocab_size': 14}"
}
2025-05-13 19:41:32,500 P134610 INFO Total number of parameters: 21462544.
2025-05-13 19:41:32,500 P134610 INFO Loading data...
2025-05-13 19:41:32,500 P134610 INFO Loading data from h5: ../../../data/KKBox_csv/train.h5
2025-05-13 19:41:33,598 P134610 INFO Train samples: total/5901932, blocks/1
2025-05-13 19:41:33,598 P134610 INFO Loading data from h5: ../../../data/KKBox_csv/valid.h5
2025-05-13 19:41:33,732 P134610 INFO Validation samples: total/737743, blocks/1
2025-05-13 19:41:33,732 P134610 INFO Loading train and validation data done.
2025-05-13 19:41:33,732 P134610 INFO Start training: 591 batches/epoch
2025-05-13 19:41:33,732 P134610 INFO ************ Epoch=1 start ************
2025-05-13 19:43:26,664 P134610 INFO Train loss: 0.604210
2025-05-13 19:43:26,664 P134610 INFO Evaluation @epoch 1 - batch 591: 
2025-05-13 19:43:30,716 P134610 INFO ===
2025-05-13 19:43:30,716 P134610 INFO [Metrics] AUC: 0.803785 - logloss: 0.536767
2025-05-13 19:43:30,721 P134610 INFO Save best model: monitor(max)=0.803785
2025-05-13 19:43:31,054 P134610 INFO ************ Epoch=1 end ************
2025-05-13 19:45:23,153 P134610 INFO Train loss: 0.588661
2025-05-13 19:45:23,154 P134610 INFO Evaluation @epoch 2 - batch 591: 
2025-05-13 19:45:27,104 P134610 INFO ===
2025-05-13 19:45:27,104 P134610 INFO [Metrics] AUC: 0.816729 - logloss: 0.522113
2025-05-13 19:45:27,109 P134610 INFO Save best model: monitor(max)=0.816729
2025-05-13 19:45:27,421 P134610 INFO ************ Epoch=2 end ************
2025-05-13 19:47:19,714 P134610 INFO Train loss: 0.582753
2025-05-13 19:47:19,714 P134610 INFO Evaluation @epoch 3 - batch 591: 
2025-05-13 19:47:23,631 P134610 INFO ===
2025-05-13 19:47:23,631 P134610 INFO [Metrics] AUC: 0.822002 - logloss: 0.515551
2025-05-13 19:47:23,636 P134610 INFO Save best model: monitor(max)=0.822002
2025-05-13 19:47:23,991 P134610 INFO ************ Epoch=3 end ************
2025-05-13 19:49:16,430 P134610 INFO Train loss: 0.577655
2025-05-13 19:49:16,430 P134610 INFO Evaluation @epoch 4 - batch 591: 
2025-05-13 19:49:20,342 P134610 INFO ===
2025-05-13 19:49:20,342 P134610 INFO [Metrics] AUC: 0.826692 - logloss: 0.510026
2025-05-13 19:49:20,343 P134610 INFO Save best model: monitor(max)=0.826692
2025-05-13 19:49:20,675 P134610 INFO ************ Epoch=4 end ************
2025-05-13 19:51:13,646 P134610 INFO Train loss: 0.574423
2025-05-13 19:51:13,647 P134610 INFO Evaluation @epoch 5 - batch 591: 
2025-05-13 19:51:17,589 P134610 INFO ===
2025-05-13 19:51:17,589 P134610 INFO [Metrics] AUC: 0.828940 - logloss: 0.507113
2025-05-13 19:51:17,589 P134610 INFO Save best model: monitor(max)=0.828940
2025-05-13 19:51:17,890 P134610 INFO ************ Epoch=5 end ************
2025-05-13 19:53:10,455 P134610 INFO Train loss: 0.571761
2025-05-13 19:53:10,456 P134610 INFO Evaluation @epoch 6 - batch 591: 
2025-05-13 19:53:14,343 P134610 INFO ===
2025-05-13 19:53:14,344 P134610 INFO [Metrics] AUC: 0.831511 - logloss: 0.503643
2025-05-13 19:53:14,344 P134610 INFO Save best model: monitor(max)=0.831511
2025-05-13 19:53:14,698 P134610 INFO ************ Epoch=6 end ************
2025-05-13 19:55:07,642 P134610 INFO Train loss: 0.570103
2025-05-13 19:55:07,642 P134610 INFO Evaluation @epoch 7 - batch 591: 
2025-05-13 19:55:11,481 P134610 INFO ===
2025-05-13 19:55:11,481 P134610 INFO [Metrics] AUC: 0.832723 - logloss: 0.502093
2025-05-13 19:55:11,487 P134610 INFO Save best model: monitor(max)=0.832723
2025-05-13 19:55:11,824 P134610 INFO ************ Epoch=7 end ************
2025-05-13 19:57:04,497 P134610 INFO Train loss: 0.567788
2025-05-13 19:57:04,497 P134610 INFO Evaluation @epoch 8 - batch 591: 
2025-05-13 19:57:08,258 P134610 INFO ===
2025-05-13 19:57:08,258 P134610 INFO [Metrics] AUC: 0.834375 - logloss: 0.500069
2025-05-13 19:57:08,264 P134610 INFO Save best model: monitor(max)=0.834375
2025-05-13 19:57:08,629 P134610 INFO ************ Epoch=8 end ************
2025-05-13 19:59:01,498 P134610 INFO Train loss: 0.566372
2025-05-13 19:59:01,498 P134610 INFO Evaluation @epoch 9 - batch 591: 
2025-05-13 19:59:05,401 P134610 INFO ===
2025-05-13 19:59:05,401 P134610 INFO [Metrics] AUC: 0.835714 - logloss: 0.498164
2025-05-13 19:59:05,404 P134610 INFO Save best model: monitor(max)=0.835714
2025-05-13 19:59:05,737 P134610 INFO ************ Epoch=9 end ************
2025-05-13 20:00:58,308 P134610 INFO Train loss: 0.565272
2025-05-13 20:00:58,308 P134610 INFO Evaluation @epoch 10 - batch 591: 
2025-05-13 20:01:01,973 P134610 INFO ===
2025-05-13 20:01:01,974 P134610 INFO [Metrics] AUC: 0.836027 - logloss: 0.497773
2025-05-13 20:01:01,978 P134610 INFO Save best model: monitor(max)=0.836027
2025-05-13 20:01:02,322 P134610 INFO ************ Epoch=10 end ************
2025-05-13 20:02:54,333 P134610 INFO Train loss: 0.564254
2025-05-13 20:02:54,334 P134610 INFO Evaluation @epoch 11 - batch 591: 
2025-05-13 20:02:58,038 P134610 INFO ===
2025-05-13 20:02:58,038 P134610 INFO [Metrics] AUC: 0.837191 - logloss: 0.496458
2025-05-13 20:02:58,042 P134610 INFO Save best model: monitor(max)=0.837191
2025-05-13 20:02:58,377 P134610 INFO ************ Epoch=11 end ************
2025-05-13 20:04:51,113 P134610 INFO Train loss: 0.563220
2025-05-13 20:04:51,113 P134610 INFO Evaluation @epoch 12 - batch 591: 
2025-05-13 20:04:54,953 P134610 INFO ===
2025-05-13 20:04:54,953 P134610 INFO [Metrics] AUC: 0.837925 - logloss: 0.495329
2025-05-13 20:04:54,957 P134610 INFO Save best model: monitor(max)=0.837925
2025-05-13 20:04:55,314 P134610 INFO ************ Epoch=12 end ************
2025-05-13 20:06:47,346 P134610 INFO Train loss: 0.562442
2025-05-13 20:06:47,347 P134610 INFO Evaluation @epoch 13 - batch 591: 
2025-05-13 20:06:51,218 P134610 INFO ===
2025-05-13 20:06:51,218 P134610 INFO [Metrics] AUC: 0.838642 - logloss: 0.494290
2025-05-13 20:06:51,223 P134610 INFO Save best model: monitor(max)=0.838642
2025-05-13 20:06:51,548 P134610 INFO ************ Epoch=13 end ************
2025-05-13 20:08:43,760 P134610 INFO Train loss: 0.561312
2025-05-13 20:08:43,761 P134610 INFO Evaluation @epoch 14 - batch 591: 
2025-05-13 20:08:47,471 P134610 INFO ===
2025-05-13 20:08:47,471 P134610 INFO [Metrics] AUC: 0.839207 - logloss: 0.493673
2025-05-13 20:08:47,477 P134610 INFO Save best model: monitor(max)=0.839207
2025-05-13 20:08:47,808 P134610 INFO ************ Epoch=14 end ************
2025-05-13 20:10:39,902 P134610 INFO Train loss: 0.560604
2025-05-13 20:10:39,902 P134610 INFO Evaluation @epoch 15 - batch 591: 
2025-05-13 20:10:43,731 P134610 INFO ===
2025-05-13 20:10:43,731 P134610 INFO [Metrics] AUC: 0.839620 - logloss: 0.493141
2025-05-13 20:10:43,737 P134610 INFO Save best model: monitor(max)=0.839620
2025-05-13 20:10:44,068 P134610 INFO ************ Epoch=15 end ************
2025-05-13 20:12:36,065 P134610 INFO Train loss: 0.560259
2025-05-13 20:12:36,066 P134610 INFO Evaluation @epoch 16 - batch 591: 
2025-05-13 20:12:39,749 P134610 INFO ===
2025-05-13 20:12:39,749 P134610 INFO [Metrics] AUC: 0.839892 - logloss: 0.492727
2025-05-13 20:12:39,755 P134610 INFO Save best model: monitor(max)=0.839892
2025-05-13 20:12:40,121 P134610 INFO ************ Epoch=16 end ************
2025-05-13 20:14:32,334 P134610 INFO Train loss: 0.559590
2025-05-13 20:14:32,335 P134610 INFO Evaluation @epoch 17 - batch 591: 
2025-05-13 20:14:36,118 P134610 INFO ===
2025-05-13 20:14:36,118 P134610 INFO [Metrics] AUC: 0.840295 - logloss: 0.492287
2025-05-13 20:14:36,123 P134610 INFO Save best model: monitor(max)=0.840295
2025-05-13 20:14:36,522 P134610 INFO ************ Epoch=17 end ************
2025-05-13 20:16:28,807 P134610 INFO Train loss: 0.559365
2025-05-13 20:16:28,807 P134610 INFO Evaluation @epoch 18 - batch 591: 
2025-05-13 20:16:32,570 P134610 INFO ===
2025-05-13 20:16:32,570 P134610 INFO [Metrics] AUC: 0.840523 - logloss: 0.492044
2025-05-13 20:16:32,576 P134610 INFO Save best model: monitor(max)=0.840523
2025-05-13 20:16:32,957 P134610 INFO ************ Epoch=18 end ************
2025-05-13 20:18:25,198 P134610 INFO Train loss: 0.558613
2025-05-13 20:18:25,198 P134610 INFO Evaluation @epoch 19 - batch 591: 
2025-05-13 20:18:29,038 P134610 INFO ===
2025-05-13 20:18:29,039 P134610 INFO [Metrics] AUC: 0.841155 - logloss: 0.491128
2025-05-13 20:18:29,044 P134610 INFO Save best model: monitor(max)=0.841155
2025-05-13 20:18:29,403 P134610 INFO ************ Epoch=19 end ************
2025-05-13 20:20:21,775 P134610 INFO Train loss: 0.557989
2025-05-13 20:20:21,775 P134610 INFO Evaluation @epoch 20 - batch 591: 
2025-05-13 20:20:25,663 P134610 INFO ===
2025-05-13 20:20:25,663 P134610 INFO [Metrics] AUC: 0.841277 - logloss: 0.491164
2025-05-13 20:20:25,669 P134610 INFO Save best model: monitor(max)=0.841277
2025-05-13 20:20:26,031 P134610 INFO ************ Epoch=20 end ************
2025-05-13 20:22:17,874 P134610 INFO Train loss: 0.557665
2025-05-13 20:22:17,874 P134610 INFO Evaluation @epoch 21 - batch 591: 
2025-05-13 20:22:21,681 P134610 INFO ===
2025-05-13 20:22:21,681 P134610 INFO [Metrics] AUC: 0.841525 - logloss: 0.490608
2025-05-13 20:22:21,687 P134610 INFO Save best model: monitor(max)=0.841525
2025-05-13 20:22:22,092 P134610 INFO ************ Epoch=21 end ************
2025-05-13 20:24:14,174 P134610 INFO Train loss: 0.557323
2025-05-13 20:24:14,175 P134610 INFO Evaluation @epoch 22 - batch 591: 
2025-05-13 20:24:17,934 P134610 INFO ===
2025-05-13 20:24:17,935 P134610 INFO [Metrics] AUC: 0.841983 - logloss: 0.489940
2025-05-13 20:24:17,940 P134610 INFO Save best model: monitor(max)=0.841983
2025-05-13 20:24:18,307 P134610 INFO ************ Epoch=22 end ************
2025-05-13 20:26:10,395 P134610 INFO Train loss: 0.556532
2025-05-13 20:26:10,396 P134610 INFO Evaluation @epoch 23 - batch 591: 
2025-05-13 20:26:14,150 P134610 INFO ===
2025-05-13 20:26:14,150 P134610 INFO [Metrics] AUC: 0.841741 - logloss: 0.490320
2025-05-13 20:26:14,156 P134610 INFO Monitor(max)=0.841741 STOP!
2025-05-13 20:26:14,156 P134610 INFO Reduce learning rate on plateau: 0.000100
2025-05-13 20:26:14,423 P134610 INFO ************ Epoch=23 end ************
2025-05-13 20:28:07,703 P134610 INFO Train loss: 0.491762
2025-05-13 20:28:07,703 P134610 INFO Evaluation @epoch 24 - batch 591: 
2025-05-13 20:28:11,465 P134610 INFO ===
2025-05-13 20:28:11,465 P134610 INFO [Metrics] AUC: 0.853090 - logloss: 0.476668
2025-05-13 20:28:11,471 P134610 INFO Save best model: monitor(max)=0.853090
2025-05-13 20:28:11,874 P134610 INFO ************ Epoch=24 end ************
2025-05-13 20:30:04,291 P134610 INFO Train loss: 0.459933
2025-05-13 20:30:04,291 P134610 INFO Evaluation @epoch 25 - batch 591: 
2025-05-13 20:30:07,947 P134610 INFO ===
2025-05-13 20:30:07,948 P134610 INFO [Metrics] AUC: 0.855636 - logloss: 0.474562
2025-05-13 20:30:07,953 P134610 INFO Save best model: monitor(max)=0.855636
2025-05-13 20:30:08,289 P134610 INFO ************ Epoch=25 end ************
2025-05-13 20:32:00,288 P134610 INFO Train loss: 0.445857
2025-05-13 20:32:00,288 P134610 INFO Evaluation @epoch 26 - batch 591: 
2025-05-13 20:32:03,873 P134610 INFO ===
2025-05-13 20:32:03,874 P134610 INFO [Metrics] AUC: 0.856105 - logloss: 0.475380
2025-05-13 20:32:03,879 P134610 INFO Save best model: monitor(max)=0.856105
2025-05-13 20:32:04,256 P134610 INFO ************ Epoch=26 end ************
2025-05-13 20:33:56,154 P134610 INFO Train loss: 0.436050
2025-05-13 20:33:56,154 P134610 INFO Evaluation @epoch 27 - batch 591: 
2025-05-13 20:33:59,867 P134610 INFO ===
2025-05-13 20:33:59,867 P134610 INFO [Metrics] AUC: 0.855823 - logloss: 0.477721
2025-05-13 20:33:59,873 P134610 INFO Monitor(max)=0.855823 STOP!
2025-05-13 20:33:59,873 P134610 INFO Reduce learning rate on plateau: 0.000010
2025-05-13 20:34:00,128 P134610 INFO ************ Epoch=27 end ************
2025-05-13 20:35:51,852 P134610 INFO Train loss: 0.407791
2025-05-13 20:35:51,853 P134610 INFO Evaluation @epoch 28 - batch 591: 
2025-05-13 20:35:55,722 P134610 INFO ===
2025-05-13 20:35:55,722 P134610 INFO [Metrics] AUC: 0.854675 - logloss: 0.487385
2025-05-13 20:35:55,728 P134610 INFO Monitor(max)=0.854675 STOP!
2025-05-13 20:35:55,728 P134610 INFO Reduce learning rate on plateau: 0.000001
2025-05-13 20:35:55,728 P134610 INFO ********* Epoch==28 early stop *********
2025-05-13 20:35:55,969 P134610 INFO Training finished.
2025-05-13 20:35:55,969 P134610 INFO Load best model: /root/autodl-tmp/model_zoo/DCNv3/DCNv3_torch/checkpoints/KKBox_csv/FCNv1_KKBox_csv_002_880af058.model
2025-05-13 20:35:56,020 P134610 INFO ****** Validation evaluation ******
2025-05-13 20:35:59,693 P134610 INFO ===
2025-05-13 20:35:59,693 P134610 INFO [Metrics] logloss: 0.475380 - AUC: 0.856105
2025-05-13 20:35:59,802 P134610 INFO ******** Test evaluation ********
2025-05-13 20:35:59,802 P134610 INFO Loading data...
2025-05-13 20:35:59,802 P134610 INFO Loading data from h5: ../../../data/KKBox_csv/test.h5
2025-05-13 20:35:59,925 P134610 INFO Test samples: total/737743, blocks/1
2025-05-13 20:35:59,925 P134610 INFO Loading test data done.
2025-05-13 20:36:03,375 P134610 INFO ===
2025-05-13 20:36:03,375 P134610 INFO [Metrics] logloss: 0.474961 - AUC: 0.856334
