2025-05-13 22:05:56,789 P873261 INFO Params: {
    "batch_norm": "True",
    "batch_size": "10000",
    "data_format": "csv",
    "data_root": "../../../data/",
    "dataset_id": "KKBox_csv",
    "debug_mode": "False",
    "early_stop_patience": "2",
    "embedding_dim": "128",
    "embedding_regularizer": "0.0005",
    "epochs": "100",
    "eval_steps": "None",
    "exp_num_layers": "4",
    "feature_cols": "[{'active': True, 'dtype': 'str', 'name': ['msno', 'song_id', 'source_system_tab', 'source_screen_name', 'source_type', 'city', 'gender', 'registered_via', 'language'], 'type': 'categorical'}, {'active': True, 'dtype': 'str', 'encoder': 'MaskedSumPooling', 'max_len': 3, 'name': 'genre_ids', 'type': 'sequence'}, {'active': True, 'dtype': 'str', 'encoder': 'MaskedSumPooling', 'max_len': 3, 'name': 'artist_name', 'type': 'sequence'}, {'active': True, 'dtype': 'str', 'name': 'isrc', 'preprocess': 'extract_country_code', 'type': 'categorical'}, {'active': True, 'dtype': 'str', 'name': 'bd', 'preprocess': 'bucketize_age', 'type': 'categorical'}]",
    "feature_config": "None",
    "feature_specs": "None",
    "gpu": "1",
    "group_id": "None",
    "label_col": "{'dtype': 'float', 'name': 'label'}",
    "learning_rate": "0.001",
    "lin_num_layers": "1",
    "loss": "binary_crossentropy",
    "metrics": "['logloss', 'AUC']",
    "min_categr_count": "10",
    "model": "FCNv2",
    "model_id": "FCNv2_KKBox_csv_005_1d9b7006",
    "model_root": "./checkpoints/",
    "monitor": "{'AUC': 1, 'logloss': 0}",
    "monitor_mode": "max",
    "net_dropout": "0.2",
    "net_regularizer": "0",
    "num_heads": "1",
    "num_workers": "8",
    "optimizer": "adam",
    "pickle_feature_encoder": "True",
    "save_best_only": "True",
    "seed": "2025",
    "shuffle": "True",
    "task": "binary_classification",
    "test_data": "../../../data/KKBox_x1/test.csv",
    "train_data": "../../../data/KKBox_x1/train.csv",
    "use_features": "None",
    "valid_data": "../../../data/KKBox_x1/valid.csv",
    "verbose": "1"
}
2025-05-13 22:05:56,790 P873261 INFO Set up feature processor...
2025-05-13 22:05:56,790 P873261 WARNING Skip rebuilding ../../../data/KKBox_csv/feature_map.json. Please delete it manually if rebuilding is required.
2025-05-13 22:05:56,790 P873261 INFO Load feature_map from json: ../../../data/KKBox_csv/feature_map.json
2025-05-13 22:05:56,790 P873261 INFO Set column index...
2025-05-13 22:05:56,790 P873261 INFO Feature specs: {
    "artist_name": "{'source': '', 'type': 'sequence', 'feature_encoder': 'layers.MaskedAveragePooling()', 'padding_idx': 0, 'oov_idx': 11975, 'vocab_size': 11976, 'max_len': 3}",
    "bd": "{'source': '', 'type': 'categorical', 'padding_idx': 0, 'oov_idx': 8, 'vocab_size': 9}",
    "city": "{'source': '', 'type': 'categorical', 'padding_idx': 0, 'oov_idx': 22, 'vocab_size': 23}",
    "gender": "{'source': '', 'type': 'categorical', 'padding_idx': 0, 'oov_idx': 3, 'vocab_size': 4}",
    "genre_ids": "{'source': '', 'type': 'sequence', 'feature_encoder': 'layers.MaskedAveragePooling()', 'padding_idx': 0, 'oov_idx': 345, 'vocab_size': 346, 'max_len': 3}",
    "isrc": "{'source': '', 'type': 'categorical', 'padding_idx': 0, 'oov_idx': 79, 'vocab_size': 80}",
    "language": "{'source': '', 'type': 'categorical', 'padding_idx': 0, 'oov_idx': 11, 'vocab_size': 12}",
    "msno": "{'source': '', 'type': 'categorical', 'padding_idx': 0, 'oov_idx': 25962, 'vocab_size': 25963}",
    "registered_via": "{'source': '', 'type': 'categorical', 'padding_idx': 0, 'oov_idx': 6, 'vocab_size': 7}",
    "song_id": "{'source': '', 'type': 'categorical', 'padding_idx': 0, 'oov_idx': 53290, 'vocab_size': 53291}",
    "source_screen_name": "{'source': '', 'type': 'categorical', 'padding_idx': 0, 'oov_idx': 20, 'vocab_size': 21}",
    "source_system_tab": "{'source': '', 'type': 'categorical', 'padding_idx': 0, 'oov_idx': 9, 'vocab_size': 10}",
    "source_type": "{'source': '', 'type': 'categorical', 'padding_idx': 0, 'oov_idx': 13, 'vocab_size': 14}"
}
2025-05-13 22:06:00,744 P873261 INFO Total number of parameters: 25625878.
2025-05-13 22:06:00,744 P873261 INFO Loading data...
2025-05-13 22:06:00,744 P873261 INFO Loading data from h5: ../../../data/KKBox_csv/train.h5
2025-05-13 22:06:01,695 P873261 INFO Train samples: total/5901932, blocks/1
2025-05-13 22:06:01,695 P873261 INFO Loading data from h5: ../../../data/KKBox_csv/valid.h5
2025-05-13 22:06:01,818 P873261 INFO Validation samples: total/737743, blocks/1
2025-05-13 22:06:01,818 P873261 INFO Loading train and validation data done.
2025-05-13 22:06:01,818 P873261 INFO Start training: 591 batches/epoch
2025-05-13 22:06:01,818 P873261 INFO ************ Epoch=1 start ************
2025-05-13 22:08:33,783 P873261 INFO Train loss: 0.606115
2025-05-13 22:08:33,783 P873261 INFO Evaluation @epoch 1 - batch 591: 
2025-05-13 22:08:37,409 P873261 INFO ===
2025-05-13 22:08:37,409 P873261 INFO [Metrics] AUC: 0.804621 - logloss: 0.536065
2025-05-13 22:08:37,414 P873261 INFO Save best model: monitor(max)=0.804621
2025-05-13 22:08:37,762 P873261 INFO ************ Epoch=1 end ************
2025-05-13 22:11:09,531 P873261 INFO Train loss: 0.588975
2025-05-13 22:11:09,531 P873261 INFO Evaluation @epoch 2 - batch 591: 
2025-05-13 22:11:13,261 P873261 INFO ===
2025-05-13 22:11:13,262 P873261 INFO [Metrics] AUC: 0.816801 - logloss: 0.521957
2025-05-13 22:11:13,267 P873261 INFO Save best model: monitor(max)=0.816801
2025-05-13 22:11:13,609 P873261 INFO ************ Epoch=2 end ************
2025-05-13 22:13:45,305 P873261 INFO Train loss: 0.584536
2025-05-13 22:13:45,306 P873261 INFO Evaluation @epoch 3 - batch 591: 
2025-05-13 22:13:48,942 P873261 INFO ===
2025-05-13 22:13:48,943 P873261 INFO [Metrics] AUC: 0.822448 - logloss: 0.515253
2025-05-13 22:13:48,943 P873261 INFO Save best model: monitor(max)=0.822448
2025-05-13 22:13:49,295 P873261 INFO ************ Epoch=3 end ************
2025-05-13 22:16:21,466 P873261 INFO Train loss: 0.580388
2025-05-13 22:16:21,466 P873261 INFO Evaluation @epoch 4 - batch 591: 
2025-05-13 22:16:25,079 P873261 INFO ===
2025-05-13 22:16:25,079 P873261 INFO [Metrics] AUC: 0.826353 - logloss: 0.510176
2025-05-13 22:16:25,084 P873261 INFO Save best model: monitor(max)=0.826353
2025-05-13 22:16:25,434 P873261 INFO ************ Epoch=4 end ************
2025-05-13 22:18:57,627 P873261 INFO Train loss: 0.577483
2025-05-13 22:18:57,628 P873261 INFO Evaluation @epoch 5 - batch 591: 
2025-05-13 22:19:01,224 P873261 INFO ===
2025-05-13 22:19:01,224 P873261 INFO [Metrics] AUC: 0.829082 - logloss: 0.506924
2025-05-13 22:19:01,224 P873261 INFO Save best model: monitor(max)=0.829082
2025-05-13 22:19:01,562 P873261 INFO ************ Epoch=5 end ************
2025-05-13 22:21:33,904 P873261 INFO Train loss: 0.575688
2025-05-13 22:21:33,904 P873261 INFO Evaluation @epoch 6 - batch 591: 
2025-05-13 22:21:37,506 P873261 INFO ===
2025-05-13 22:21:37,506 P873261 INFO [Metrics] AUC: 0.829890 - logloss: 0.507706
2025-05-13 22:21:37,506 P873261 INFO Save best model: monitor(max)=0.829890
2025-05-13 22:21:37,859 P873261 INFO ************ Epoch=6 end ************
2025-05-13 22:24:10,354 P873261 INFO Train loss: 0.573299
2025-05-13 22:24:10,355 P873261 INFO Evaluation @epoch 7 - batch 591: 
2025-05-13 22:24:13,968 P873261 INFO ===
2025-05-13 22:24:13,968 P873261 INFO [Metrics] AUC: 0.832816 - logloss: 0.502273
2025-05-13 22:24:13,974 P873261 INFO Save best model: monitor(max)=0.832816
2025-05-13 22:24:14,304 P873261 INFO ************ Epoch=7 end ************
2025-05-13 22:26:46,563 P873261 INFO Train loss: 0.572216
2025-05-13 22:26:46,563 P873261 INFO Evaluation @epoch 8 - batch 591: 
2025-05-13 22:26:50,211 P873261 INFO ===
2025-05-13 22:26:50,211 P873261 INFO [Metrics] AUC: 0.833913 - logloss: 0.500245
2025-05-13 22:26:50,217 P873261 INFO Save best model: monitor(max)=0.833913
2025-05-13 22:26:50,578 P873261 INFO ************ Epoch=8 end ************
2025-05-13 22:29:22,824 P873261 INFO Train loss: 0.570686
2025-05-13 22:29:22,824 P873261 INFO Evaluation @epoch 9 - batch 591: 
2025-05-13 22:29:26,383 P873261 INFO ===
2025-05-13 22:29:26,383 P873261 INFO [Metrics] AUC: 0.834705 - logloss: 0.499560
2025-05-13 22:29:26,388 P873261 INFO Save best model: monitor(max)=0.834705
2025-05-13 22:29:26,764 P873261 INFO ************ Epoch=9 end ************
2025-05-13 22:31:59,450 P873261 INFO Train loss: 0.569879
2025-05-13 22:31:59,451 P873261 INFO Evaluation @epoch 10 - batch 591: 
2025-05-13 22:32:03,213 P873261 INFO ===
2025-05-13 22:32:03,213 P873261 INFO [Metrics] AUC: 0.835611 - logloss: 0.498066
2025-05-13 22:32:03,219 P873261 INFO Save best model: monitor(max)=0.835611
2025-05-13 22:32:03,579 P873261 INFO ************ Epoch=10 end ************
2025-05-13 22:34:36,194 P873261 INFO Train loss: 0.568695
2025-05-13 22:34:36,194 P873261 INFO Evaluation @epoch 11 - batch 591: 
2025-05-13 22:34:39,838 P873261 INFO ===
2025-05-13 22:34:39,838 P873261 INFO [Metrics] AUC: 0.837050 - logloss: 0.496281
2025-05-13 22:34:39,844 P873261 INFO Save best model: monitor(max)=0.837050
2025-05-13 22:34:40,195 P873261 INFO ************ Epoch=11 end ************
2025-05-13 22:37:12,714 P873261 INFO Train loss: 0.567798
2025-05-13 22:37:12,715 P873261 INFO Evaluation @epoch 12 - batch 591: 
2025-05-13 22:37:16,458 P873261 INFO ===
2025-05-13 22:37:16,458 P873261 INFO [Metrics] AUC: 0.837485 - logloss: 0.495827
2025-05-13 22:37:16,463 P873261 INFO Save best model: monitor(max)=0.837485
2025-05-13 22:37:16,807 P873261 INFO ************ Epoch=12 end ************
2025-05-13 22:39:49,271 P873261 INFO Train loss: 0.567021
2025-05-13 22:39:49,271 P873261 INFO Evaluation @epoch 13 - batch 591: 
2025-05-13 22:39:52,809 P873261 INFO ===
2025-05-13 22:39:52,810 P873261 INFO [Metrics] AUC: 0.838552 - logloss: 0.494262
2025-05-13 22:39:52,816 P873261 INFO Save best model: monitor(max)=0.838552
2025-05-13 22:39:53,159 P873261 INFO ************ Epoch=13 end ************
2025-05-13 22:42:25,630 P873261 INFO Train loss: 0.566406
2025-05-13 22:42:25,630 P873261 INFO Evaluation @epoch 14 - batch 591: 
2025-05-13 22:42:29,202 P873261 INFO ===
2025-05-13 22:42:29,202 P873261 INFO [Metrics] AUC: 0.838812 - logloss: 0.493744
2025-05-13 22:42:29,207 P873261 INFO Save best model: monitor(max)=0.838812
2025-05-13 22:42:29,554 P873261 INFO ************ Epoch=14 end ************
2025-05-13 22:45:01,738 P873261 INFO Train loss: 0.565574
2025-05-13 22:45:01,738 P873261 INFO Evaluation @epoch 15 - batch 591: 
2025-05-13 22:45:05,310 P873261 INFO ===
2025-05-13 22:45:05,310 P873261 INFO [Metrics] AUC: 0.839204 - logloss: 0.493521
2025-05-13 22:45:05,314 P873261 INFO Save best model: monitor(max)=0.839204
2025-05-13 22:45:05,679 P873261 INFO ************ Epoch=15 end ************
2025-05-13 22:47:37,403 P873261 INFO Train loss: 0.564932
2025-05-13 22:47:37,404 P873261 INFO Evaluation @epoch 16 - batch 591: 
2025-05-13 22:47:40,921 P873261 INFO ===
2025-05-13 22:47:40,921 P873261 INFO [Metrics] AUC: 0.839900 - logloss: 0.492497
2025-05-13 22:47:40,927 P873261 INFO Save best model: monitor(max)=0.839900
2025-05-13 22:47:41,303 P873261 INFO ************ Epoch=16 end ************
2025-05-13 22:50:13,115 P873261 INFO Train loss: 0.564147
2025-05-13 22:50:13,115 P873261 INFO Evaluation @epoch 17 - batch 591: 
2025-05-13 22:50:16,707 P873261 INFO ===
2025-05-13 22:50:16,708 P873261 INFO [Metrics] AUC: 0.840384 - logloss: 0.491800
2025-05-13 22:50:16,713 P873261 INFO Save best model: monitor(max)=0.840384
2025-05-13 22:50:17,112 P873261 INFO ************ Epoch=17 end ************
2025-05-13 22:52:48,968 P873261 INFO Train loss: 0.563835
2025-05-13 22:52:48,968 P873261 INFO Evaluation @epoch 18 - batch 591: 
2025-05-13 22:52:52,466 P873261 INFO ===
2025-05-13 22:52:52,467 P873261 INFO [Metrics] AUC: 0.840763 - logloss: 0.491288
2025-05-13 22:52:52,472 P873261 INFO Save best model: monitor(max)=0.840763
2025-05-13 22:52:52,817 P873261 INFO ************ Epoch=18 end ************
2025-05-13 22:55:25,543 P873261 INFO Train loss: 0.563402
2025-05-13 22:55:25,543 P873261 INFO Evaluation @epoch 19 - batch 591: 
2025-05-13 22:55:29,037 P873261 INFO ===
2025-05-13 22:55:29,037 P873261 INFO [Metrics] AUC: 0.840726 - logloss: 0.491363
2025-05-13 22:55:29,042 P873261 INFO Monitor(max)=0.840726 STOP!
2025-05-13 22:55:29,042 P873261 INFO Reduce learning rate on plateau: 0.000100
2025-05-13 22:55:29,275 P873261 INFO ************ Epoch=19 end ************
2025-05-13 22:58:01,443 P873261 INFO Train loss: 0.499232
2025-05-13 22:58:01,443 P873261 INFO Evaluation @epoch 20 - batch 591: 
2025-05-13 22:58:04,972 P873261 INFO ===
2025-05-13 22:58:04,972 P873261 INFO [Metrics] AUC: 0.853696 - logloss: 0.475405
2025-05-13 22:58:04,978 P873261 INFO Save best model: monitor(max)=0.853696
2025-05-13 22:58:05,332 P873261 INFO ************ Epoch=20 end ************
2025-05-13 23:00:37,332 P873261 INFO Train loss: 0.466558
2025-05-13 23:00:37,333 P873261 INFO Evaluation @epoch 21 - batch 591: 
2025-05-13 23:00:40,851 P873261 INFO ===
2025-05-13 23:00:40,851 P873261 INFO [Metrics] AUC: 0.856457 - logloss: 0.472735
2025-05-13 23:00:40,857 P873261 INFO Save best model: monitor(max)=0.856457
2025-05-13 23:00:41,226 P873261 INFO ************ Epoch=21 end ************
2025-05-13 23:03:13,388 P873261 INFO Train loss: 0.451184
2025-05-13 23:03:13,388 P873261 INFO Evaluation @epoch 22 - batch 591: 
2025-05-13 23:03:16,952 P873261 INFO ===
2025-05-13 23:03:16,952 P873261 INFO [Metrics] AUC: 0.856873 - logloss: 0.474170
2025-05-13 23:03:16,958 P873261 INFO Save best model: monitor(max)=0.856873
2025-05-13 23:03:17,301 P873261 INFO ************ Epoch=22 end ************
2025-05-13 23:05:49,786 P873261 INFO Train loss: 0.440055
2025-05-13 23:05:49,787 P873261 INFO Evaluation @epoch 23 - batch 591: 
2025-05-13 23:05:53,288 P873261 INFO ===
2025-05-13 23:05:53,288 P873261 INFO [Metrics] AUC: 0.856414 - logloss: 0.477164
2025-05-13 23:05:53,294 P873261 INFO Monitor(max)=0.856414 STOP!
2025-05-13 23:05:53,294 P873261 INFO Reduce learning rate on plateau: 0.000010
2025-05-13 23:05:53,535 P873261 INFO ************ Epoch=23 end ************
2025-05-13 23:08:25,930 P873261 INFO Train loss: 0.406100
2025-05-13 23:08:25,931 P873261 INFO Evaluation @epoch 24 - batch 591: 
2025-05-13 23:08:29,463 P873261 INFO ===
2025-05-13 23:08:29,463 P873261 INFO [Metrics] AUC: 0.853977 - logloss: 0.495888
2025-05-13 23:08:29,468 P873261 INFO Monitor(max)=0.853977 STOP!
2025-05-13 23:08:29,468 P873261 INFO Reduce learning rate on plateau: 0.000001
2025-05-13 23:08:29,468 P873261 INFO ********* Epoch==24 early stop *********
2025-05-13 23:08:29,673 P873261 INFO Training finished.
2025-05-13 23:08:29,673 P873261 INFO Load best model: /root/autodl-tmp/model_zoo/DCNv3/DCNv3_torch/checkpoints/KKBox_csv/FCNv2_KKBox_csv_005_1d9b7006.model
2025-05-13 23:08:29,743 P873261 INFO ****** Validation evaluation ******
2025-05-13 23:08:33,220 P873261 INFO ===
2025-05-13 23:08:33,220 P873261 INFO [Metrics] logloss: 0.474170 - AUC: 0.856873
2025-05-13 23:08:33,305 P873261 INFO ******** Test evaluation ********
2025-05-13 23:08:33,305 P873261 INFO Loading data...
2025-05-13 23:08:33,305 P873261 INFO Loading data from h5: ../../../data/KKBox_csv/test.h5
2025-05-13 23:08:33,430 P873261 INFO Test samples: total/737743, blocks/1
2025-05-13 23:08:33,430 P873261 INFO Loading test data done.
2025-05-13 23:08:36,799 P873261 INFO ===
2025-05-13 23:08:36,799 P873261 INFO [Metrics] logloss: 0.474100 - AUC: 0.856965
