2025-05-13 13:41:06,075 P272114 INFO Params: {
    "batch_norm": "False",
    "batch_size": "8192",
    "data_format": "h5",
    "data_root": "../../../data/",
    "dataset_id": "Criteo_x4_10_h5",
    "debug_mode": "False",
    "early_stop_patience": "2",
    "embedding_dim": "16",
    "embedding_regularizer": "1e-05",
    "epochs": "100",
    "eval_steps": "None",
    "feature_cols": "[{'active': True, 'dtype': 'float', 'fill_na': 0, 'na_value': 0, 'name': ['I1', 'I2', 'I3', 'I4', 'I5', 'I6', 'I7', 'I8', 'I9', 'I10', 'I11', 'I12', 'I13'], 'preprocess': 'convert_to_bucket', 'type': 'categorical'}, {'active': True, 'dtype': 'str', 'fill_na': '', 'na_value': '', 'name': ['C1', 'C2', 'C3', 'C4', 'C5', 'C6', 'C7', 'C8', 'C9', 'C10', 'C11', 'C12', 'C13', 'C14', 'C15', 'C16', 'C17', 'C18', 'C19', 'C20', 'C21', 'C22', 'C23', 'C24', 'C25', 'C26'], 'type': 'categorical'}]",
    "feature_config": "None",
    "feature_specs": "None",
    "gpu": "1",
    "group_id": "None",
    "label_col": "{'dtype': 'float', 'name': 'Label'}",
    "learning_rate": "0.001",
    "loss": "binary_crossentropy",
    "metrics": "['logloss', 'AUC']",
    "min_categr_count": "10",
    "model": "ECN",
    "model_id": "ECN_Criteo_003_ec16c36b",
    "model_root": "./checkpoints/",
    "monitor": "{'AUC': 1, 'logloss': 0}",
    "monitor_mode": "max",
    "net_dropout": "0.1",
    "net_regularizer": "0",
    "num_cross_layers": "3",
    "num_heads": "1",
    "num_workers": "8",
    "optimizer": "adam",
    "pickle_feature_encoder": "True",
    "save_best_only": "True",
    "seed": "2025",
    "shuffle": "True",
    "task": "binary_classification",
    "test_data": "../../../data/Criteo_x4_10_h5/test.h5",
    "train_data": "../../../data/Criteo_x4_10_h5/train.h5",
    "use_features": "None",
    "valid_data": "../../../data/Criteo_x4_10_h5/valid.h5",
    "verbose": "1"
}
2025-05-13 13:41:06,076 P272114 INFO Load feature_map from json: ../../../data/Criteo_x4_10_h5/feature_map.json
2025-05-13 13:41:06,076 P272114 INFO Set column index...
2025-05-13 13:41:06,076 P272114 INFO Feature specs: {
    "C1": "{'source': '', 'type': 'categorical', 'padding_idx': 0, 'oov_idx': 1445, 'vocab_size': 1446}",
    "C10": "{'source': '', 'type': 'categorical', 'padding_idx': 0, 'oov_idx': 39529, 'vocab_size': 39530}",
    "C11": "{'source': '', 'type': 'categorical', 'padding_idx': 0, 'oov_idx': 5130, 'vocab_size': 5131}",
    "C12": "{'source': '', 'type': 'categorical', 'padding_idx': 0, 'oov_idx': 156655, 'vocab_size': 156656}",
    "C13": "{'source': '', 'type': 'categorical', 'padding_idx': 0, 'oov_idx': 3175, 'vocab_size': 3176}",
    "C14": "{'source': '', 'type': 'categorical', 'padding_idx': 0, 'oov_idx': 27, 'vocab_size': 28}",
    "C15": "{'source': '', 'type': 'categorical', 'padding_idx': 0, 'oov_idx': 11042, 'vocab_size': 11043}",
    "C16": "{'source': '', 'type': 'categorical', 'padding_idx': 0, 'oov_idx': 148912, 'vocab_size': 148913}",
    "C17": "{'source': '', 'type': 'categorical', 'padding_idx': 0, 'oov_idx': 11, 'vocab_size': 12}",
    "C18": "{'source': '', 'type': 'categorical', 'padding_idx': 0, 'oov_idx': 4559, 'vocab_size': 4560}",
    "C19": "{'source': '', 'type': 'categorical', 'padding_idx': 0, 'oov_idx': 2002, 'vocab_size': 2003}",
    "C2": "{'source': '', 'type': 'categorical', 'padding_idx': 0, 'oov_idx': 553, 'vocab_size': 554}",
    "C20": "{'source': '', 'type': 'categorical', 'padding_idx': 0, 'oov_idx': 4, 'vocab_size': 5}",
    "C21": "{'source': '', 'type': 'categorical', 'padding_idx': 0, 'oov_idx': 154563, 'vocab_size': 154564}",
    "C22": "{'source': '', 'type': 'categorical', 'padding_idx': 0, 'oov_idx': 17, 'vocab_size': 18}",
    "C23": "{'source': '', 'type': 'categorical', 'padding_idx': 0, 'oov_idx': 16, 'vocab_size': 17}",
    "C24": "{'source': '', 'type': 'categorical', 'padding_idx': 0, 'oov_idx': 53030, 'vocab_size': 53031}",
    "C25": "{'source': '', 'type': 'categorical', 'padding_idx': 0, 'oov_idx': 81, 'vocab_size': 82}",
    "C26": "{'source': '', 'type': 'categorical', 'padding_idx': 0, 'oov_idx': 40954, 'vocab_size': 40955}",
    "C3": "{'source': '', 'type': 'categorical', 'padding_idx': 0, 'oov_idx': 157338, 'vocab_size': 157339}",
    "C4": "{'source': '', 'type': 'categorical', 'padding_idx': 0, 'oov_idx': 117821, 'vocab_size': 117822}",
    "C5": "{'source': '', 'type': 'categorical', 'padding_idx': 0, 'oov_idx': 305, 'vocab_size': 306}",
    "C6": "{'source': '', 'type': 'categorical', 'padding_idx': 0, 'oov_idx': 17, 'vocab_size': 18}",
    "C7": "{'source': '', 'type': 'categorical', 'padding_idx': 0, 'oov_idx': 11881, 'vocab_size': 11882}",
    "C8": "{'source': '', 'type': 'categorical', 'padding_idx': 0, 'oov_idx': 629, 'vocab_size': 630}",
    "C9": "{'source': '', 'type': 'categorical', 'padding_idx': 0, 'oov_idx': 4, 'vocab_size': 5}",
    "I1": "{'source': '', 'type': 'categorical', 'padding_idx': 0, 'oov_idx': 43, 'vocab_size': 44}",
    "I10": "{'source': '', 'type': 'categorical', 'padding_idx': 0, 'oov_idx': 5, 'vocab_size': 6}",
    "I11": "{'source': '', 'type': 'categorical', 'padding_idx': 0, 'oov_idx': 26, 'vocab_size': 27}",
    "I12": "{'source': '', 'type': 'categorical', 'padding_idx': 0, 'oov_idx': 36, 'vocab_size': 37}",
    "I13": "{'source': '', 'type': 'categorical', 'padding_idx': 0, 'oov_idx': 71, 'vocab_size': 72}",
    "I2": "{'source': '', 'type': 'categorical', 'padding_idx': 0, 'oov_idx': 98, 'vocab_size': 99}",
    "I3": "{'source': '', 'type': 'categorical', 'padding_idx': 0, 'oov_idx': 121, 'vocab_size': 122}",
    "I4": "{'source': '', 'type': 'categorical', 'padding_idx': 0, 'oov_idx': 40, 'vocab_size': 41}",
    "I5": "{'source': '', 'type': 'categorical', 'padding_idx': 0, 'oov_idx': 219, 'vocab_size': 220}",
    "I6": "{'source': '', 'type': 'categorical', 'padding_idx': 0, 'oov_idx': 111, 'vocab_size': 112}",
    "I7": "{'source': '', 'type': 'categorical', 'padding_idx': 0, 'oov_idx': 79, 'vocab_size': 80}",
    "I8": "{'source': '', 'type': 'categorical', 'padding_idx': 0, 'oov_idx': 68, 'vocab_size': 69}",
    "I9": "{'source': '', 'type': 'categorical', 'padding_idx': 0, 'oov_idx': 91, 'vocab_size': 92}"
}
2025-05-13 13:41:09,907 P272114 INFO Total number of parameters: 15160385.
2025-05-13 13:41:09,907 P272114 INFO Loading data...
2025-05-13 13:41:09,907 P272114 INFO Loading data from h5: ../../../data/Criteo_x4_10_h5/train.h5
2025-05-13 13:41:26,009 P272114 INFO Train samples: total/36672493, blocks/1
2025-05-13 13:41:26,009 P272114 INFO Loading data from h5: ../../../data/Criteo_x4_10_h5/valid.h5
2025-05-13 13:41:28,141 P272114 INFO Validation samples: total/4584062, blocks/1
2025-05-13 13:41:28,141 P272114 INFO Loading train and validation data done.
2025-05-13 13:41:28,141 P272114 INFO Start training: 4477 batches/epoch
2025-05-13 13:41:28,141 P272114 INFO ************ Epoch=1 start ************
2025-05-13 13:43:53,587 P272114 INFO Train loss: 0.462145
2025-05-13 13:43:53,587 P272114 INFO Evaluation @epoch 1 - batch 4477: 
2025-05-13 13:44:05,600 P272114 INFO ===
2025-05-13 13:44:05,600 P272114 INFO [Metrics] AUC: 0.804793 - logloss: 0.446386
2025-05-13 13:44:05,607 P272114 INFO Save best model: monitor(max)=0.804793
2025-05-13 13:44:06,306 P272114 INFO ************ Epoch=1 end ************
2025-05-13 13:46:32,551 P272114 INFO Train loss: 0.455609
2025-05-13 13:46:32,551 P272114 INFO Evaluation @epoch 2 - batch 4477: 
2025-05-13 13:46:44,625 P272114 INFO ===
2025-05-13 13:46:44,626 P272114 INFO [Metrics] AUC: 0.807666 - logloss: 0.443674
2025-05-13 13:46:44,635 P272114 INFO Save best model: monitor(max)=0.807666
2025-05-13 13:46:45,306 P272114 INFO ************ Epoch=2 end ************
2025-05-13 13:49:10,517 P272114 INFO Train loss: 0.453520
2025-05-13 13:49:10,518 P272114 INFO Evaluation @epoch 3 - batch 4477: 
2025-05-13 13:49:22,906 P272114 INFO ===
2025-05-13 13:49:22,906 P272114 INFO [Metrics] AUC: 0.809267 - logloss: 0.442271
2025-05-13 13:49:22,916 P272114 INFO Save best model: monitor(max)=0.809267
2025-05-13 13:49:23,592 P272114 INFO ************ Epoch=3 end ************
2025-05-13 13:51:51,114 P272114 INFO Train loss: 0.452362
2025-05-13 13:51:51,114 P272114 INFO Evaluation @epoch 4 - batch 4477: 
2025-05-13 13:52:03,299 P272114 INFO ===
2025-05-13 13:52:03,299 P272114 INFO [Metrics] AUC: 0.809946 - logloss: 0.441600
2025-05-13 13:52:03,309 P272114 INFO Save best model: monitor(max)=0.809946
2025-05-13 13:52:03,958 P272114 INFO ************ Epoch=4 end ************
2025-05-13 13:54:36,700 P272114 INFO Train loss: 0.451599
2025-05-13 13:54:36,700 P272114 INFO Evaluation @epoch 5 - batch 4477: 
2025-05-13 13:54:51,789 P272114 INFO ===
2025-05-13 13:54:51,789 P272114 INFO [Metrics] AUC: 0.810463 - logloss: 0.441247
2025-05-13 13:54:51,800 P272114 INFO Save best model: monitor(max)=0.810463
2025-05-13 13:54:52,718 P272114 INFO ************ Epoch=5 end ************
2025-05-13 13:57:45,362 P272114 INFO Train loss: 0.451122
2025-05-13 13:57:45,362 P272114 INFO Evaluation @epoch 6 - batch 4477: 
2025-05-13 13:57:58,161 P272114 INFO ===
2025-05-13 13:57:58,161 P272114 INFO [Metrics] AUC: 0.810865 - logloss: 0.440833
2025-05-13 13:57:58,171 P272114 INFO Save best model: monitor(max)=0.810865
2025-05-13 13:57:58,934 P272114 INFO ************ Epoch=6 end ************
2025-05-13 14:00:44,474 P272114 INFO Train loss: 0.450718
2025-05-13 14:00:44,474 P272114 INFO Evaluation @epoch 7 - batch 4477: 
2025-05-13 14:00:59,311 P272114 INFO ===
2025-05-13 14:00:59,311 P272114 INFO [Metrics] AUC: 0.811085 - logloss: 0.440577
2025-05-13 14:00:59,321 P272114 INFO Save best model: monitor(max)=0.811085
2025-05-13 14:01:00,240 P272114 INFO ************ Epoch=7 end ************
2025-05-13 14:03:44,334 P272114 INFO Train loss: 0.450425
2025-05-13 14:03:44,334 P272114 INFO Evaluation @epoch 8 - batch 4477: 
2025-05-13 14:03:58,184 P272114 INFO ===
2025-05-13 14:03:58,184 P272114 INFO [Metrics] AUC: 0.811294 - logloss: 0.440381
2025-05-13 14:03:58,194 P272114 INFO Save best model: monitor(max)=0.811294
2025-05-13 14:03:58,843 P272114 INFO ************ Epoch=8 end ************
2025-05-13 14:06:43,351 P272114 INFO Train loss: 0.450133
2025-05-13 14:06:43,351 P272114 INFO Evaluation @epoch 9 - batch 4477: 
2025-05-13 14:06:56,852 P272114 INFO ===
2025-05-13 14:06:56,852 P272114 INFO [Metrics] AUC: 0.811382 - logloss: 0.440260
2025-05-13 14:06:56,864 P272114 INFO Save best model: monitor(max)=0.811382
2025-05-13 14:06:57,534 P272114 INFO ************ Epoch=9 end ************
2025-05-13 14:09:39,434 P272114 INFO Train loss: 0.449961
2025-05-13 14:09:39,434 P272114 INFO Evaluation @epoch 10 - batch 4477: 
2025-05-13 14:09:52,375 P272114 INFO ===
2025-05-13 14:09:52,376 P272114 INFO [Metrics] AUC: 0.811558 - logloss: 0.440223
2025-05-13 14:09:52,387 P272114 INFO Save best model: monitor(max)=0.811558
2025-05-13 14:09:53,181 P272114 INFO ************ Epoch=10 end ************
2025-05-13 14:12:35,314 P272114 INFO Train loss: 0.449746
2025-05-13 14:12:35,314 P272114 INFO Evaluation @epoch 11 - batch 4477: 
2025-05-13 14:12:49,100 P272114 INFO ===
2025-05-13 14:12:49,100 P272114 INFO [Metrics] AUC: 0.811538 - logloss: 0.440182
2025-05-13 14:12:49,111 P272114 INFO Monitor(max)=0.811538 STOP!
2025-05-13 14:12:49,111 P272114 INFO Reduce learning rate on plateau: 0.000100
2025-05-13 14:12:49,704 P272114 INFO ************ Epoch=11 end ************
2025-05-13 14:15:31,888 P272114 INFO Train loss: 0.439980
2025-05-13 14:15:31,888 P272114 INFO Evaluation @epoch 12 - batch 4477: 
2025-05-13 14:15:45,207 P272114 INFO ===
2025-05-13 14:15:45,207 P272114 INFO [Metrics] AUC: 0.814474 - logloss: 0.437496
2025-05-13 14:15:45,219 P272114 INFO Save best model: monitor(max)=0.814474
2025-05-13 14:15:45,861 P272114 INFO ************ Epoch=12 end ************
2025-05-13 14:18:22,436 P272114 INFO Train loss: 0.436318
2025-05-13 14:18:22,437 P272114 INFO Evaluation @epoch 13 - batch 4477: 
2025-05-13 14:18:35,906 P272114 INFO ===
2025-05-13 14:18:35,906 P272114 INFO [Metrics] AUC: 0.814936 - logloss: 0.437103
2025-05-13 14:18:35,914 P272114 INFO Save best model: monitor(max)=0.814936
2025-05-13 14:18:36,558 P272114 INFO ************ Epoch=13 end ************
2025-05-13 14:21:17,864 P272114 INFO Train loss: 0.434679
2025-05-13 14:21:17,864 P272114 INFO Evaluation @epoch 14 - batch 4477: 
2025-05-13 14:21:30,544 P272114 INFO ===
2025-05-13 14:21:30,544 P272114 INFO [Metrics] AUC: 0.815071 - logloss: 0.436989
2025-05-13 14:21:30,553 P272114 INFO Save best model: monitor(max)=0.815071
2025-05-13 14:21:31,293 P272114 INFO ************ Epoch=14 end ************
2025-05-13 14:24:07,192 P272114 INFO Train loss: 0.433460
2025-05-13 14:24:07,192 P272114 INFO Evaluation @epoch 15 - batch 4477: 
2025-05-13 14:24:19,580 P272114 INFO ===
2025-05-13 14:24:19,580 P272114 INFO [Metrics] AUC: 0.815021 - logloss: 0.437111
2025-05-13 14:24:19,590 P272114 INFO Monitor(max)=0.815021 STOP!
2025-05-13 14:24:19,591 P272114 INFO Reduce learning rate on plateau: 0.000010
2025-05-13 14:24:20,162 P272114 INFO ************ Epoch=15 end ************
2025-05-13 14:26:47,457 P272114 INFO Train loss: 0.429923
2025-05-13 14:26:47,457 P272114 INFO Evaluation @epoch 16 - batch 4477: 
2025-05-13 14:26:59,740 P272114 INFO ===
2025-05-13 14:26:59,740 P272114 INFO [Metrics] AUC: 0.814778 - logloss: 0.437615
2025-05-13 14:26:59,750 P272114 INFO Monitor(max)=0.814778 STOP!
2025-05-13 14:26:59,750 P272114 INFO Reduce learning rate on plateau: 0.000001
2025-05-13 14:26:59,750 P272114 INFO ********* Epoch==16 early stop *********
2025-05-13 14:27:00,332 P272114 INFO Training finished.
2025-05-13 14:27:00,332 P272114 INFO Load best model: /root/autodl-tmp/model_zoo/DCNv3/DCNv3_torch/checkpoints/Criteo_x4_10_h5/ECN_Criteo_003_ec16c36b.model
2025-05-13 14:27:00,369 P272114 INFO ****** Validation evaluation ******
2025-05-13 14:27:12,228 P272114 INFO ===
2025-05-13 14:27:12,228 P272114 INFO [Metrics] logloss: 0.436989 - AUC: 0.815071
2025-05-13 14:27:12,936 P272114 INFO ******** Test evaluation ********
2025-05-13 14:27:12,936 P272114 INFO Loading data...
2025-05-13 14:27:12,937 P272114 INFO Loading data from h5: ../../../data/Criteo_x4_10_h5/test.h5
2025-05-13 14:27:15,000 P272114 INFO Test samples: total/4584062, blocks/1
2025-05-13 14:27:15,000 P272114 INFO Loading test data done.
2025-05-13 14:27:25,619 P272114 INFO ===
2025-05-13 14:27:25,620 P272114 INFO [Metrics] logloss: 0.436515 - AUC: 0.815595
