2025-05-13 14:38:15,236 P431756 INFO Params: {
    "batch_norm": "False",
    "batch_size": "8192",
    "data_format": "h5",
    "data_root": "../../../data/",
    "dataset_id": "Criteo_x4_10_h5",
    "debug_mode": "False",
    "early_stop_patience": "2",
    "embedding_dim": "16",
    "embedding_regularizer": "1e-05",
    "epochs": "100",
    "eval_steps": "None",
    "feature_cols": "[{'active': True, 'dtype': 'float', 'fill_na': 0, 'na_value': 0, 'name': ['I1', 'I2', 'I3', 'I4', 'I5', 'I6', 'I7', 'I8', 'I9', 'I10', 'I11', 'I12', 'I13'], 'preprocess': 'convert_to_bucket', 'type': 'categorical'}, {'active': True, 'dtype': 'str', 'fill_na': '', 'na_value': '', 'name': ['C1', 'C2', 'C3', 'C4', 'C5', 'C6', 'C7', 'C8', 'C9', 'C10', 'C11', 'C12', 'C13', 'C14', 'C15', 'C16', 'C17', 'C18', 'C19', 'C20', 'C21', 'C22', 'C23', 'C24', 'C25', 'C26'], 'type': 'categorical'}]",
    "feature_config": "None",
    "feature_specs": "None",
    "gpu": "0",
    "group_id": "None",
    "label_col": "{'dtype': 'float', 'name': 'Label'}",
    "learning_rate": "0.001",
    "loss": "binary_crossentropy",
    "metrics": "['logloss', 'AUC']",
    "min_categr_count": "10",
    "model": "ECN",
    "model_id": "ECN_Criteo_006_ea5890e7",
    "model_root": "./checkpoints/",
    "monitor": "{'AUC': 1, 'logloss': 0}",
    "monitor_mode": "max",
    "net_dropout": "0.1",
    "net_regularizer": "0",
    "num_cross_layers": "6",
    "num_heads": "1",
    "num_workers": "8",
    "optimizer": "adam",
    "pickle_feature_encoder": "True",
    "save_best_only": "True",
    "seed": "2025",
    "shuffle": "True",
    "task": "binary_classification",
    "test_data": "../../../data/Criteo_x4_10_h5/test.h5",
    "train_data": "../../../data/Criteo_x4_10_h5/train.h5",
    "use_features": "None",
    "valid_data": "../../../data/Criteo_x4_10_h5/valid.h5",
    "verbose": "1"
}
2025-05-13 14:38:15,237 P431756 INFO Load feature_map from json: ../../../data/Criteo_x4_10_h5/feature_map.json
2025-05-13 14:38:15,237 P431756 INFO Set column index...
2025-05-13 14:38:15,237 P431756 INFO Feature specs: {
    "C1": "{'source': '', 'type': 'categorical', 'padding_idx': 0, 'oov_idx': 1445, 'vocab_size': 1446}",
    "C10": "{'source': '', 'type': 'categorical', 'padding_idx': 0, 'oov_idx': 39529, 'vocab_size': 39530}",
    "C11": "{'source': '', 'type': 'categorical', 'padding_idx': 0, 'oov_idx': 5130, 'vocab_size': 5131}",
    "C12": "{'source': '', 'type': 'categorical', 'padding_idx': 0, 'oov_idx': 156655, 'vocab_size': 156656}",
    "C13": "{'source': '', 'type': 'categorical', 'padding_idx': 0, 'oov_idx': 3175, 'vocab_size': 3176}",
    "C14": "{'source': '', 'type': 'categorical', 'padding_idx': 0, 'oov_idx': 27, 'vocab_size': 28}",
    "C15": "{'source': '', 'type': 'categorical', 'padding_idx': 0, 'oov_idx': 11042, 'vocab_size': 11043}",
    "C16": "{'source': '', 'type': 'categorical', 'padding_idx': 0, 'oov_idx': 148912, 'vocab_size': 148913}",
    "C17": "{'source': '', 'type': 'categorical', 'padding_idx': 0, 'oov_idx': 11, 'vocab_size': 12}",
    "C18": "{'source': '', 'type': 'categorical', 'padding_idx': 0, 'oov_idx': 4559, 'vocab_size': 4560}",
    "C19": "{'source': '', 'type': 'categorical', 'padding_idx': 0, 'oov_idx': 2002, 'vocab_size': 2003}",
    "C2": "{'source': '', 'type': 'categorical', 'padding_idx': 0, 'oov_idx': 553, 'vocab_size': 554}",
    "C20": "{'source': '', 'type': 'categorical', 'padding_idx': 0, 'oov_idx': 4, 'vocab_size': 5}",
    "C21": "{'source': '', 'type': 'categorical', 'padding_idx': 0, 'oov_idx': 154563, 'vocab_size': 154564}",
    "C22": "{'source': '', 'type': 'categorical', 'padding_idx': 0, 'oov_idx': 17, 'vocab_size': 18}",
    "C23": "{'source': '', 'type': 'categorical', 'padding_idx': 0, 'oov_idx': 16, 'vocab_size': 17}",
    "C24": "{'source': '', 'type': 'categorical', 'padding_idx': 0, 'oov_idx': 53030, 'vocab_size': 53031}",
    "C25": "{'source': '', 'type': 'categorical', 'padding_idx': 0, 'oov_idx': 81, 'vocab_size': 82}",
    "C26": "{'source': '', 'type': 'categorical', 'padding_idx': 0, 'oov_idx': 40954, 'vocab_size': 40955}",
    "C3": "{'source': '', 'type': 'categorical', 'padding_idx': 0, 'oov_idx': 157338, 'vocab_size': 157339}",
    "C4": "{'source': '', 'type': 'categorical', 'padding_idx': 0, 'oov_idx': 117821, 'vocab_size': 117822}",
    "C5": "{'source': '', 'type': 'categorical', 'padding_idx': 0, 'oov_idx': 305, 'vocab_size': 306}",
    "C6": "{'source': '', 'type': 'categorical', 'padding_idx': 0, 'oov_idx': 17, 'vocab_size': 18}",
    "C7": "{'source': '', 'type': 'categorical', 'padding_idx': 0, 'oov_idx': 11881, 'vocab_size': 11882}",
    "C8": "{'source': '', 'type': 'categorical', 'padding_idx': 0, 'oov_idx': 629, 'vocab_size': 630}",
    "C9": "{'source': '', 'type': 'categorical', 'padding_idx': 0, 'oov_idx': 4, 'vocab_size': 5}",
    "I1": "{'source': '', 'type': 'categorical', 'padding_idx': 0, 'oov_idx': 43, 'vocab_size': 44}",
    "I10": "{'source': '', 'type': 'categorical', 'padding_idx': 0, 'oov_idx': 5, 'vocab_size': 6}",
    "I11": "{'source': '', 'type': 'categorical', 'padding_idx': 0, 'oov_idx': 26, 'vocab_size': 27}",
    "I12": "{'source': '', 'type': 'categorical', 'padding_idx': 0, 'oov_idx': 36, 'vocab_size': 37}",
    "I13": "{'source': '', 'type': 'categorical', 'padding_idx': 0, 'oov_idx': 71, 'vocab_size': 72}",
    "I2": "{'source': '', 'type': 'categorical', 'padding_idx': 0, 'oov_idx': 98, 'vocab_size': 99}",
    "I3": "{'source': '', 'type': 'categorical', 'padding_idx': 0, 'oov_idx': 121, 'vocab_size': 122}",
    "I4": "{'source': '', 'type': 'categorical', 'padding_idx': 0, 'oov_idx': 40, 'vocab_size': 41}",
    "I5": "{'source': '', 'type': 'categorical', 'padding_idx': 0, 'oov_idx': 219, 'vocab_size': 220}",
    "I6": "{'source': '', 'type': 'categorical', 'padding_idx': 0, 'oov_idx': 111, 'vocab_size': 112}",
    "I7": "{'source': '', 'type': 'categorical', 'padding_idx': 0, 'oov_idx': 79, 'vocab_size': 80}",
    "I8": "{'source': '', 'type': 'categorical', 'padding_idx': 0, 'oov_idx': 68, 'vocab_size': 69}",
    "I9": "{'source': '', 'type': 'categorical', 'padding_idx': 0, 'oov_idx': 91, 'vocab_size': 92}"
}
2025-05-13 14:38:19,590 P431756 INFO Total number of parameters: 15748193.
2025-05-13 14:38:19,590 P431756 INFO Loading data...
2025-05-13 14:38:19,590 P431756 INFO Loading data from h5: ../../../data/Criteo_x4_10_h5/train.h5
2025-05-13 14:38:37,687 P431756 INFO Train samples: total/36672493, blocks/1
2025-05-13 14:38:37,687 P431756 INFO Loading data from h5: ../../../data/Criteo_x4_10_h5/valid.h5
2025-05-13 14:38:40,170 P431756 INFO Validation samples: total/4584062, blocks/1
2025-05-13 14:38:40,170 P431756 INFO Loading train and validation data done.
2025-05-13 14:38:40,170 P431756 INFO Start training: 4477 batches/epoch
2025-05-13 14:38:40,170 P431756 INFO ************ Epoch=1 start ************
2025-05-13 14:41:42,041 P431756 INFO Train loss: 0.462644
2025-05-13 14:41:42,041 P431756 INFO Evaluation @epoch 1 - batch 4477: 
2025-05-13 14:41:54,845 P431756 INFO ===
2025-05-13 14:41:54,845 P431756 INFO [Metrics] AUC: 0.804685 - logloss: 0.446436
2025-05-13 14:41:54,852 P431756 INFO Save best model: monitor(max)=0.804685
2025-05-13 14:41:55,616 P431756 INFO ************ Epoch=1 end ************
2025-05-13 14:45:02,309 P431756 INFO Train loss: 0.455898
2025-05-13 14:45:02,309 P431756 INFO Evaluation @epoch 2 - batch 4477: 
2025-05-13 14:45:15,559 P431756 INFO ===
2025-05-13 14:45:15,559 P431756 INFO [Metrics] AUC: 0.807804 - logloss: 0.443579
2025-05-13 14:45:15,570 P431756 INFO Save best model: monitor(max)=0.807804
2025-05-13 14:45:16,173 P431756 INFO ************ Epoch=2 end ************
2025-05-13 14:48:22,978 P431756 INFO Train loss: 0.453778
2025-05-13 14:48:22,978 P431756 INFO Evaluation @epoch 3 - batch 4477: 
2025-05-13 14:48:36,204 P431756 INFO ===
2025-05-13 14:48:36,205 P431756 INFO [Metrics] AUC: 0.809420 - logloss: 0.442115
2025-05-13 14:48:36,215 P431756 INFO Save best model: monitor(max)=0.809420
2025-05-13 14:48:36,887 P431756 INFO ************ Epoch=3 end ************
2025-05-13 14:51:39,497 P431756 INFO Train loss: 0.452621
2025-05-13 14:51:39,497 P431756 INFO Evaluation @epoch 4 - batch 4477: 
2025-05-13 14:51:51,553 P431756 INFO ===
2025-05-13 14:51:51,553 P431756 INFO [Metrics] AUC: 0.810056 - logloss: 0.441532
2025-05-13 14:51:51,590 P431756 INFO Save best model: monitor(max)=0.810056
2025-05-13 14:51:52,348 P431756 INFO ************ Epoch=4 end ************
2025-05-13 14:54:58,657 P431756 INFO Train loss: 0.451908
2025-05-13 14:54:58,657 P431756 INFO Evaluation @epoch 5 - batch 4477: 
2025-05-13 14:55:12,792 P431756 INFO ===
2025-05-13 14:55:12,792 P431756 INFO [Metrics] AUC: 0.810489 - logloss: 0.441171
2025-05-13 14:55:12,804 P431756 INFO Save best model: monitor(max)=0.810489
2025-05-13 14:55:13,335 P431756 INFO ************ Epoch=5 end ************
2025-05-13 14:58:17,899 P431756 INFO Train loss: 0.451455
2025-05-13 14:58:17,900 P431756 INFO Evaluation @epoch 6 - batch 4477: 
2025-05-13 14:58:31,103 P431756 INFO ===
2025-05-13 14:58:31,103 P431756 INFO [Metrics] AUC: 0.810825 - logloss: 0.440850
2025-05-13 14:58:31,114 P431756 INFO Save best model: monitor(max)=0.810825
2025-05-13 14:58:31,756 P431756 INFO ************ Epoch=6 end ************
2025-05-13 15:01:20,971 P431756 INFO Train loss: 0.451072
2025-05-13 15:01:20,971 P431756 INFO Evaluation @epoch 7 - batch 4477: 
2025-05-13 15:01:32,444 P431756 INFO ===
2025-05-13 15:01:32,444 P431756 INFO [Metrics] AUC: 0.811167 - logloss: 0.440551
2025-05-13 15:01:32,454 P431756 INFO Save best model: monitor(max)=0.811167
2025-05-13 15:01:33,075 P431756 INFO ************ Epoch=7 end ************
2025-05-13 15:04:14,972 P431756 INFO Train loss: 0.450769
2025-05-13 15:04:14,972 P431756 INFO Evaluation @epoch 8 - batch 4477: 
2025-05-13 15:04:26,586 P431756 INFO ===
2025-05-13 15:04:26,586 P431756 INFO [Metrics] AUC: 0.811322 - logloss: 0.440367
2025-05-13 15:04:26,596 P431756 INFO Save best model: monitor(max)=0.811322
2025-05-13 15:04:27,190 P431756 INFO ************ Epoch=8 end ************
2025-05-13 15:07:07,815 P431756 INFO Train loss: 0.450625
2025-05-13 15:07:07,815 P431756 INFO Evaluation @epoch 9 - batch 4477: 
2025-05-13 15:07:19,241 P431756 INFO ===
2025-05-13 15:07:19,242 P431756 INFO [Metrics] AUC: 0.811337 - logloss: 0.440330
2025-05-13 15:07:19,252 P431756 INFO Save best model: monitor(max)=0.811337
2025-05-13 15:07:19,864 P431756 INFO ************ Epoch=9 end ************
2025-05-13 15:09:59,283 P431756 INFO Train loss: 0.450394
2025-05-13 15:09:59,283 P431756 INFO Evaluation @epoch 10 - batch 4477: 
2025-05-13 15:10:10,645 P431756 INFO ===
2025-05-13 15:10:10,646 P431756 INFO [Metrics] AUC: 0.811464 - logloss: 0.440216
2025-05-13 15:10:10,656 P431756 INFO Save best model: monitor(max)=0.811464
2025-05-13 15:10:11,275 P431756 INFO ************ Epoch=10 end ************
2025-05-13 15:12:51,718 P431756 INFO Train loss: 0.450253
2025-05-13 15:12:51,718 P431756 INFO Evaluation @epoch 11 - batch 4477: 
2025-05-13 15:13:03,202 P431756 INFO ===
2025-05-13 15:13:03,202 P431756 INFO [Metrics] AUC: 0.811712 - logloss: 0.440046
2025-05-13 15:13:03,213 P431756 INFO Save best model: monitor(max)=0.811712
2025-05-13 15:13:03,763 P431756 INFO ************ Epoch=11 end ************
2025-05-13 15:15:45,189 P431756 INFO Train loss: 0.450072
2025-05-13 15:15:45,190 P431756 INFO Evaluation @epoch 12 - batch 4477: 
2025-05-13 15:15:56,716 P431756 INFO ===
2025-05-13 15:15:56,716 P431756 INFO [Metrics] AUC: 0.811676 - logloss: 0.440014
2025-05-13 15:15:56,726 P431756 INFO Monitor(max)=0.811676 STOP!
2025-05-13 15:15:56,726 P431756 INFO Reduce learning rate on plateau: 0.000100
2025-05-13 15:15:57,299 P431756 INFO ************ Epoch=12 end ************
2025-05-13 15:18:37,310 P431756 INFO Train loss: 0.440009
2025-05-13 15:18:37,310 P431756 INFO Evaluation @epoch 13 - batch 4477: 
2025-05-13 15:18:48,850 P431756 INFO ===
2025-05-13 15:18:48,851 P431756 INFO [Metrics] AUC: 0.814519 - logloss: 0.437444
2025-05-13 15:18:48,861 P431756 INFO Save best model: monitor(max)=0.814519
2025-05-13 15:18:49,385 P431756 INFO ************ Epoch=13 end ************
2025-05-13 15:21:30,871 P431756 INFO Train loss: 0.436226
2025-05-13 15:21:30,871 P431756 INFO Evaluation @epoch 14 - batch 4477: 
2025-05-13 15:21:42,387 P431756 INFO ===
2025-05-13 15:21:42,387 P431756 INFO [Metrics] AUC: 0.814950 - logloss: 0.437017
2025-05-13 15:21:42,397 P431756 INFO Save best model: monitor(max)=0.814950
2025-05-13 15:21:42,978 P431756 INFO ************ Epoch=14 end ************
2025-05-13 15:24:24,750 P431756 INFO Train loss: 0.434537
2025-05-13 15:24:24,751 P431756 INFO Evaluation @epoch 15 - batch 4477: 
2025-05-13 15:24:37,050 P431756 INFO ===
2025-05-13 15:24:37,050 P431756 INFO [Metrics] AUC: 0.814975 - logloss: 0.437094
2025-05-13 15:24:37,060 P431756 INFO Save best model: monitor(max)=0.814975
2025-05-13 15:24:37,670 P431756 INFO ************ Epoch=15 end ************
2025-05-13 15:27:18,688 P431756 INFO Train loss: 0.433248
2025-05-13 15:27:18,688 P431756 INFO Evaluation @epoch 16 - batch 4477: 
2025-05-13 15:27:31,096 P431756 INFO ===
2025-05-13 15:27:31,096 P431756 INFO [Metrics] AUC: 0.814907 - logloss: 0.437164
2025-05-13 15:27:31,108 P431756 INFO Monitor(max)=0.814907 STOP!
2025-05-13 15:27:31,108 P431756 INFO Reduce learning rate on plateau: 0.000010
2025-05-13 15:27:31,664 P431756 INFO ************ Epoch=16 end ************
2025-05-13 15:30:13,447 P431756 INFO Train loss: 0.429482
2025-05-13 15:30:13,447 P431756 INFO Evaluation @epoch 17 - batch 4477: 
2025-05-13 15:30:25,911 P431756 INFO ===
2025-05-13 15:30:25,911 P431756 INFO [Metrics] AUC: 0.814406 - logloss: 0.437929
2025-05-13 15:30:25,922 P431756 INFO Monitor(max)=0.814406 STOP!
2025-05-13 15:30:25,922 P431756 INFO Reduce learning rate on plateau: 0.000001
2025-05-13 15:30:25,922 P431756 INFO ********* Epoch==17 early stop *********
2025-05-13 15:30:26,461 P431756 INFO Training finished.
2025-05-13 15:30:26,461 P431756 INFO Load best model: /root/autodl-tmp/model_zoo/DCNv3/DCNv3_torch/checkpoints/Criteo_x4_10_h5/ECN_Criteo_006_ea5890e7.model
2025-05-13 15:30:26,496 P431756 INFO ****** Validation evaluation ******
2025-05-13 15:30:38,924 P431756 INFO ===
2025-05-13 15:30:38,924 P431756 INFO [Metrics] logloss: 0.437094 - AUC: 0.814975
2025-05-13 15:30:39,631 P431756 INFO ******** Test evaluation ********
2025-05-13 15:30:39,631 P431756 INFO Loading data...
2025-05-13 15:30:39,631 P431756 INFO Loading data from h5: ../../../data/Criteo_x4_10_h5/test.h5
2025-05-13 15:30:41,704 P431756 INFO Test samples: total/4584062, blocks/1
2025-05-13 15:30:41,704 P431756 INFO Loading test data done.
2025-05-13 15:30:52,447 P431756 INFO ===
2025-05-13 15:30:52,447 P431756 INFO [Metrics] logloss: 0.436734 - AUC: 0.815360
