2025-05-13 12:57:24,759 P122884 INFO Params: {
    "batch_norm": "False",
    "batch_size": "8192",
    "data_format": "h5",
    "data_root": "../../../data/",
    "dataset_id": "Criteo_x4_10_h5",
    "debug_mode": "False",
    "early_stop_patience": "2",
    "embedding_dim": "16",
    "embedding_regularizer": "1e-05",
    "epochs": "100",
    "eval_steps": "None",
    "feature_cols": "[{'active': True, 'dtype': 'float', 'fill_na': 0, 'na_value': 0, 'name': ['I1', 'I2', 'I3', 'I4', 'I5', 'I6', 'I7', 'I8', 'I9', 'I10', 'I11', 'I12', 'I13'], 'preprocess': 'convert_to_bucket', 'type': 'categorical'}, {'active': True, 'dtype': 'str', 'fill_na': '', 'na_value': '', 'name': ['C1', 'C2', 'C3', 'C4', 'C5', 'C6', 'C7', 'C8', 'C9', 'C10', 'C11', 'C12', 'C13', 'C14', 'C15', 'C16', 'C17', 'C18', 'C19', 'C20', 'C21', 'C22', 'C23', 'C24', 'C25', 'C26'], 'type': 'categorical'}]",
    "feature_config": "None",
    "feature_specs": "None",
    "gpu": "0",
    "group_id": "None",
    "label_col": "{'dtype': 'float', 'name': 'Label'}",
    "learning_rate": "0.001",
    "loss": "binary_crossentropy",
    "metrics": "['logloss', 'AUC']",
    "min_categr_count": "10",
    "model": "ECN",
    "model_id": "ECN_Criteo_001_00322f5d",
    "model_root": "./checkpoints/",
    "monitor": "{'AUC': 1, 'logloss': 0}",
    "monitor_mode": "max",
    "net_dropout": "0.1",
    "net_regularizer": "0",
    "num_cross_layers": "1",
    "num_heads": "1",
    "num_workers": "8",
    "optimizer": "adam",
    "pickle_feature_encoder": "True",
    "save_best_only": "True",
    "seed": "2025",
    "shuffle": "True",
    "task": "binary_classification",
    "test_data": "../../../data/Criteo_x4_10_h5/test.h5",
    "train_data": "../../../data/Criteo_x4_10_h5/train.h5",
    "use_features": "None",
    "valid_data": "../../../data/Criteo_x4_10_h5/valid.h5",
    "verbose": "1"
}
2025-05-13 12:57:24,760 P122884 INFO Load feature_map from json: ../../../data/Criteo_x4_10_h5/feature_map.json
2025-05-13 12:57:24,760 P122884 INFO Set column index...
2025-05-13 12:57:24,760 P122884 INFO Feature specs: {
    "C1": "{'source': '', 'type': 'categorical', 'padding_idx': 0, 'oov_idx': 1445, 'vocab_size': 1446}",
    "C10": "{'source': '', 'type': 'categorical', 'padding_idx': 0, 'oov_idx': 39529, 'vocab_size': 39530}",
    "C11": "{'source': '', 'type': 'categorical', 'padding_idx': 0, 'oov_idx': 5130, 'vocab_size': 5131}",
    "C12": "{'source': '', 'type': 'categorical', 'padding_idx': 0, 'oov_idx': 156655, 'vocab_size': 156656}",
    "C13": "{'source': '', 'type': 'categorical', 'padding_idx': 0, 'oov_idx': 3175, 'vocab_size': 3176}",
    "C14": "{'source': '', 'type': 'categorical', 'padding_idx': 0, 'oov_idx': 27, 'vocab_size': 28}",
    "C15": "{'source': '', 'type': 'categorical', 'padding_idx': 0, 'oov_idx': 11042, 'vocab_size': 11043}",
    "C16": "{'source': '', 'type': 'categorical', 'padding_idx': 0, 'oov_idx': 148912, 'vocab_size': 148913}",
    "C17": "{'source': '', 'type': 'categorical', 'padding_idx': 0, 'oov_idx': 11, 'vocab_size': 12}",
    "C18": "{'source': '', 'type': 'categorical', 'padding_idx': 0, 'oov_idx': 4559, 'vocab_size': 4560}",
    "C19": "{'source': '', 'type': 'categorical', 'padding_idx': 0, 'oov_idx': 2002, 'vocab_size': 2003}",
    "C2": "{'source': '', 'type': 'categorical', 'padding_idx': 0, 'oov_idx': 553, 'vocab_size': 554}",
    "C20": "{'source': '', 'type': 'categorical', 'padding_idx': 0, 'oov_idx': 4, 'vocab_size': 5}",
    "C21": "{'source': '', 'type': 'categorical', 'padding_idx': 0, 'oov_idx': 154563, 'vocab_size': 154564}",
    "C22": "{'source': '', 'type': 'categorical', 'padding_idx': 0, 'oov_idx': 17, 'vocab_size': 18}",
    "C23": "{'source': '', 'type': 'categorical', 'padding_idx': 0, 'oov_idx': 16, 'vocab_size': 17}",
    "C24": "{'source': '', 'type': 'categorical', 'padding_idx': 0, 'oov_idx': 53030, 'vocab_size': 53031}",
    "C25": "{'source': '', 'type': 'categorical', 'padding_idx': 0, 'oov_idx': 81, 'vocab_size': 82}",
    "C26": "{'source': '', 'type': 'categorical', 'padding_idx': 0, 'oov_idx': 40954, 'vocab_size': 40955}",
    "C3": "{'source': '', 'type': 'categorical', 'padding_idx': 0, 'oov_idx': 157338, 'vocab_size': 157339}",
    "C4": "{'source': '', 'type': 'categorical', 'padding_idx': 0, 'oov_idx': 117821, 'vocab_size': 117822}",
    "C5": "{'source': '', 'type': 'categorical', 'padding_idx': 0, 'oov_idx': 305, 'vocab_size': 306}",
    "C6": "{'source': '', 'type': 'categorical', 'padding_idx': 0, 'oov_idx': 17, 'vocab_size': 18}",
    "C7": "{'source': '', 'type': 'categorical', 'padding_idx': 0, 'oov_idx': 11881, 'vocab_size': 11882}",
    "C8": "{'source': '', 'type': 'categorical', 'padding_idx': 0, 'oov_idx': 629, 'vocab_size': 630}",
    "C9": "{'source': '', 'type': 'categorical', 'padding_idx': 0, 'oov_idx': 4, 'vocab_size': 5}",
    "I1": "{'source': '', 'type': 'categorical', 'padding_idx': 0, 'oov_idx': 43, 'vocab_size': 44}",
    "I10": "{'source': '', 'type': 'categorical', 'padding_idx': 0, 'oov_idx': 5, 'vocab_size': 6}",
    "I11": "{'source': '', 'type': 'categorical', 'padding_idx': 0, 'oov_idx': 26, 'vocab_size': 27}",
    "I12": "{'source': '', 'type': 'categorical', 'padding_idx': 0, 'oov_idx': 36, 'vocab_size': 37}",
    "I13": "{'source': '', 'type': 'categorical', 'padding_idx': 0, 'oov_idx': 71, 'vocab_size': 72}",
    "I2": "{'source': '', 'type': 'categorical', 'padding_idx': 0, 'oov_idx': 98, 'vocab_size': 99}",
    "I3": "{'source': '', 'type': 'categorical', 'padding_idx': 0, 'oov_idx': 121, 'vocab_size': 122}",
    "I4": "{'source': '', 'type': 'categorical', 'padding_idx': 0, 'oov_idx': 40, 'vocab_size': 41}",
    "I5": "{'source': '', 'type': 'categorical', 'padding_idx': 0, 'oov_idx': 219, 'vocab_size': 220}",
    "I6": "{'source': '', 'type': 'categorical', 'padding_idx': 0, 'oov_idx': 111, 'vocab_size': 112}",
    "I7": "{'source': '', 'type': 'categorical', 'padding_idx': 0, 'oov_idx': 79, 'vocab_size': 80}",
    "I8": "{'source': '', 'type': 'categorical', 'padding_idx': 0, 'oov_idx': 68, 'vocab_size': 69}",
    "I9": "{'source': '', 'type': 'categorical', 'padding_idx': 0, 'oov_idx': 91, 'vocab_size': 92}"
}
2025-05-13 12:57:28,658 P122884 INFO Total number of parameters: 14768513.
2025-05-13 12:57:28,658 P122884 INFO Loading data...
2025-05-13 12:57:28,658 P122884 INFO Loading data from h5: ../../../data/Criteo_x4_10_h5/train.h5
2025-05-13 12:57:44,645 P122884 INFO Train samples: total/36672493, blocks/1
2025-05-13 12:57:44,645 P122884 INFO Loading data from h5: ../../../data/Criteo_x4_10_h5/valid.h5
2025-05-13 12:57:46,800 P122884 INFO Validation samples: total/4584062, blocks/1
2025-05-13 12:57:46,800 P122884 INFO Loading train and validation data done.
2025-05-13 12:57:46,800 P122884 INFO Start training: 4477 batches/epoch
2025-05-13 12:57:46,800 P122884 INFO ************ Epoch=1 start ************
2025-05-13 12:59:56,618 P122884 INFO Train loss: 0.463889
2025-05-13 12:59:56,618 P122884 INFO Evaluation @epoch 1 - batch 4477: 
2025-05-13 13:00:07,312 P122884 INFO ===
2025-05-13 13:00:07,312 P122884 INFO [Metrics] AUC: 0.802008 - logloss: 0.448904
2025-05-13 13:00:07,319 P122884 INFO Save best model: monitor(max)=0.802008
2025-05-13 13:00:07,937 P122884 INFO ************ Epoch=1 end ************
2025-05-13 13:02:18,066 P122884 INFO Train loss: 0.455571
2025-05-13 13:02:18,066 P122884 INFO Evaluation @epoch 2 - batch 4477: 
2025-05-13 13:02:28,561 P122884 INFO ===
2025-05-13 13:02:28,561 P122884 INFO [Metrics] AUC: 0.805463 - logloss: 0.445876
2025-05-13 13:02:28,571 P122884 INFO Save best model: monitor(max)=0.805463
2025-05-13 13:02:29,103 P122884 INFO ************ Epoch=2 end ************
2025-05-13 13:04:38,861 P122884 INFO Train loss: 0.453702
2025-05-13 13:04:38,861 P122884 INFO Evaluation @epoch 3 - batch 4477: 
2025-05-13 13:04:49,674 P122884 INFO ===
2025-05-13 13:04:49,674 P122884 INFO [Metrics] AUC: 0.806724 - logloss: 0.444731
2025-05-13 13:04:49,684 P122884 INFO Save best model: monitor(max)=0.806724
2025-05-13 13:04:50,255 P122884 INFO ************ Epoch=3 end ************
2025-05-13 13:06:59,739 P122884 INFO Train loss: 0.452959
2025-05-13 13:06:59,740 P122884 INFO Evaluation @epoch 4 - batch 4477: 
2025-05-13 13:07:10,569 P122884 INFO ===
2025-05-13 13:07:10,569 P122884 INFO [Metrics] AUC: 0.807220 - logloss: 0.444309
2025-05-13 13:07:10,580 P122884 INFO Save best model: monitor(max)=0.807220
2025-05-13 13:07:11,144 P122884 INFO ************ Epoch=4 end ************
2025-05-13 13:09:21,355 P122884 INFO Train loss: 0.452565
2025-05-13 13:09:21,356 P122884 INFO Evaluation @epoch 5 - batch 4477: 
2025-05-13 13:09:32,015 P122884 INFO ===
2025-05-13 13:09:32,015 P122884 INFO [Metrics] AUC: 0.807749 - logloss: 0.443784
2025-05-13 13:09:32,025 P122884 INFO Save best model: monitor(max)=0.807749
2025-05-13 13:09:32,578 P122884 INFO ************ Epoch=5 end ************
2025-05-13 13:11:42,972 P122884 INFO Train loss: 0.452283
2025-05-13 13:11:42,972 P122884 INFO Evaluation @epoch 6 - batch 4477: 
2025-05-13 13:11:53,983 P122884 INFO ===
2025-05-13 13:11:53,983 P122884 INFO [Metrics] AUC: 0.807990 - logloss: 0.443504
2025-05-13 13:11:53,993 P122884 INFO Save best model: monitor(max)=0.807990
2025-05-13 13:11:54,567 P122884 INFO ************ Epoch=6 end ************
2025-05-13 13:14:03,425 P122884 INFO Train loss: 0.452095
2025-05-13 13:14:03,426 P122884 INFO Evaluation @epoch 7 - batch 4477: 
2025-05-13 13:14:14,079 P122884 INFO ===
2025-05-13 13:14:14,079 P122884 INFO [Metrics] AUC: 0.808097 - logloss: 0.443462
2025-05-13 13:14:14,089 P122884 INFO Save best model: monitor(max)=0.808097
2025-05-13 13:14:14,607 P122884 INFO ************ Epoch=7 end ************
2025-05-13 13:16:24,655 P122884 INFO Train loss: 0.451939
2025-05-13 13:16:24,655 P122884 INFO Evaluation @epoch 8 - batch 4477: 
2025-05-13 13:16:35,363 P122884 INFO ===
2025-05-13 13:16:35,363 P122884 INFO [Metrics] AUC: 0.808351 - logloss: 0.443206
2025-05-13 13:16:35,373 P122884 INFO Save best model: monitor(max)=0.808351
2025-05-13 13:16:35,988 P122884 INFO ************ Epoch=8 end ************
2025-05-13 13:18:45,676 P122884 INFO Train loss: 0.451828
2025-05-13 13:18:45,676 P122884 INFO Evaluation @epoch 9 - batch 4477: 
2025-05-13 13:18:56,149 P122884 INFO ===
2025-05-13 13:18:56,149 P122884 INFO [Metrics] AUC: 0.808412 - logloss: 0.443112
2025-05-13 13:18:56,159 P122884 INFO Save best model: monitor(max)=0.808412
2025-05-13 13:18:56,737 P122884 INFO ************ Epoch=9 end ************
2025-05-13 13:21:06,722 P122884 INFO Train loss: 0.451718
2025-05-13 13:21:06,722 P122884 INFO Evaluation @epoch 10 - batch 4477: 
2025-05-13 13:21:17,214 P122884 INFO ===
2025-05-13 13:21:17,214 P122884 INFO [Metrics] AUC: 0.808503 - logloss: 0.443096
2025-05-13 13:21:17,224 P122884 INFO Save best model: monitor(max)=0.808503
2025-05-13 13:21:17,714 P122884 INFO ************ Epoch=10 end ************
2025-05-13 13:23:28,540 P122884 INFO Train loss: 0.451646
2025-05-13 13:23:28,540 P122884 INFO Evaluation @epoch 11 - batch 4477: 
2025-05-13 13:23:38,973 P122884 INFO ===
2025-05-13 13:23:38,973 P122884 INFO [Metrics] AUC: 0.808552 - logloss: 0.443007
2025-05-13 13:23:38,983 P122884 INFO Save best model: monitor(max)=0.808552
2025-05-13 13:23:39,577 P122884 INFO ************ Epoch=11 end ************
2025-05-13 13:25:49,278 P122884 INFO Train loss: 0.451593
2025-05-13 13:25:49,278 P122884 INFO Evaluation @epoch 12 - batch 4477: 
2025-05-13 13:25:59,789 P122884 INFO ===
2025-05-13 13:25:59,789 P122884 INFO [Metrics] AUC: 0.808651 - logloss: 0.442959
2025-05-13 13:25:59,799 P122884 INFO Save best model: monitor(max)=0.808651
2025-05-13 13:26:00,392 P122884 INFO ************ Epoch=12 end ************
2025-05-13 13:28:10,317 P122884 INFO Train loss: 0.451530
2025-05-13 13:28:10,317 P122884 INFO Evaluation @epoch 13 - batch 4477: 
2025-05-13 13:28:20,765 P122884 INFO ===
2025-05-13 13:28:20,765 P122884 INFO [Metrics] AUC: 0.808558 - logloss: 0.443064
2025-05-13 13:28:20,775 P122884 INFO Monitor(max)=0.808558 STOP!
2025-05-13 13:28:20,775 P122884 INFO Reduce learning rate on plateau: 0.000100
2025-05-13 13:28:21,282 P122884 INFO ************ Epoch=13 end ************
2025-05-13 13:30:31,940 P122884 INFO Train loss: 0.442475
2025-05-13 13:30:31,940 P122884 INFO Evaluation @epoch 14 - batch 4477: 
2025-05-13 13:30:44,524 P122884 INFO ===
2025-05-13 13:30:44,524 P122884 INFO [Metrics] AUC: 0.811491 - logloss: 0.440363
2025-05-13 13:30:44,535 P122884 INFO Save best model: monitor(max)=0.811491
2025-05-13 13:30:45,174 P122884 INFO ************ Epoch=14 end ************
2025-05-13 13:32:57,411 P122884 INFO Train loss: 0.439275
2025-05-13 13:32:57,411 P122884 INFO Evaluation @epoch 15 - batch 4477: 
2025-05-13 13:33:09,754 P122884 INFO ===
2025-05-13 13:33:09,754 P122884 INFO [Metrics] AUC: 0.811982 - logloss: 0.439936
2025-05-13 13:33:09,764 P122884 INFO Save best model: monitor(max)=0.811982
2025-05-13 13:33:10,364 P122884 INFO ************ Epoch=15 end ************
2025-05-13 13:35:22,731 P122884 INFO Train loss: 0.437805
2025-05-13 13:35:22,731 P122884 INFO Evaluation @epoch 16 - batch 4477: 
2025-05-13 13:35:35,331 P122884 INFO ===
2025-05-13 13:35:35,331 P122884 INFO [Metrics] AUC: 0.812160 - logloss: 0.439808
2025-05-13 13:35:35,341 P122884 INFO Save best model: monitor(max)=0.812160
2025-05-13 13:35:36,025 P122884 INFO ************ Epoch=16 end ************
2025-05-13 13:37:47,740 P122884 INFO Train loss: 0.436738
2025-05-13 13:37:47,740 P122884 INFO Evaluation @epoch 17 - batch 4477: 
2025-05-13 13:38:00,096 P122884 INFO ===
2025-05-13 13:38:00,097 P122884 INFO [Metrics] AUC: 0.812173 - logloss: 0.439804
2025-05-13 13:38:00,103 P122884 INFO Save best model: monitor(max)=0.812173
2025-05-13 13:38:00,739 P122884 INFO ************ Epoch=17 end ************
2025-05-13 13:40:13,006 P122884 INFO Train loss: 0.435816
2025-05-13 13:40:13,006 P122884 INFO Evaluation @epoch 18 - batch 4477: 
2025-05-13 13:40:25,179 P122884 INFO ===
2025-05-13 13:40:25,179 P122884 INFO [Metrics] AUC: 0.812135 - logloss: 0.439891
2025-05-13 13:40:25,186 P122884 INFO Monitor(max)=0.812135 STOP!
2025-05-13 13:40:25,186 P122884 INFO Reduce learning rate on plateau: 0.000010
2025-05-13 13:40:25,766 P122884 INFO ************ Epoch=18 end ************
2025-05-13 13:42:38,331 P122884 INFO Train loss: 0.432565
2025-05-13 13:42:38,332 P122884 INFO Evaluation @epoch 19 - batch 4477: 
2025-05-13 13:42:50,593 P122884 INFO ===
2025-05-13 13:42:50,594 P122884 INFO [Metrics] AUC: 0.812127 - logloss: 0.439991
2025-05-13 13:42:50,600 P122884 INFO Monitor(max)=0.812127 STOP!
2025-05-13 13:42:50,600 P122884 INFO Reduce learning rate on plateau: 0.000001
2025-05-13 13:42:50,600 P122884 INFO ********* Epoch==19 early stop *********
2025-05-13 13:42:51,239 P122884 INFO Training finished.
2025-05-13 13:42:51,239 P122884 INFO Load best model: /root/autodl-tmp/model_zoo/DCNv3/DCNv3_torch/checkpoints/Criteo_x4_10_h5/ECN_Criteo_001_00322f5d.model
2025-05-13 13:42:51,268 P122884 INFO ****** Validation evaluation ******
2025-05-13 13:43:03,579 P122884 INFO ===
2025-05-13 13:43:03,579 P122884 INFO [Metrics] logloss: 0.439804 - AUC: 0.812173
2025-05-13 13:43:04,421 P122884 INFO ******** Test evaluation ********
2025-05-13 13:43:04,421 P122884 INFO Loading data...
2025-05-13 13:43:04,421 P122884 INFO Loading data from h5: ../../../data/Criteo_x4_10_h5/test.h5
2025-05-13 13:43:06,381 P122884 INFO Test samples: total/4584062, blocks/1
2025-05-13 13:43:06,381 P122884 INFO Loading test data done.
2025-05-13 13:43:16,187 P122884 INFO ===
2025-05-13 13:43:16,188 P122884 INFO [Metrics] logloss: 0.439452 - AUC: 0.812572
