2025-05-13 13:43:21,192 P278612 INFO Params: {
    "batch_norm": "False",
    "batch_size": "8192",
    "data_format": "h5",
    "data_root": "../../../data/",
    "dataset_id": "Criteo_x4_10_h5",
    "debug_mode": "False",
    "early_stop_patience": "2",
    "embedding_dim": "16",
    "embedding_regularizer": "1e-05",
    "epochs": "100",
    "eval_steps": "None",
    "feature_cols": "[{'active': True, 'dtype': 'float', 'fill_na': 0, 'na_value': 0, 'name': ['I1', 'I2', 'I3', 'I4', 'I5', 'I6', 'I7', 'I8', 'I9', 'I10', 'I11', 'I12', 'I13'], 'preprocess': 'convert_to_bucket', 'type': 'categorical'}, {'active': True, 'dtype': 'str', 'fill_na': '', 'na_value': '', 'name': ['C1', 'C2', 'C3', 'C4', 'C5', 'C6', 'C7', 'C8', 'C9', 'C10', 'C11', 'C12', 'C13', 'C14', 'C15', 'C16', 'C17', 'C18', 'C19', 'C20', 'C21', 'C22', 'C23', 'C24', 'C25', 'C26'], 'type': 'categorical'}]",
    "feature_config": "None",
    "feature_specs": "None",
    "gpu": "0",
    "group_id": "None",
    "label_col": "{'dtype': 'float', 'name': 'Label'}",
    "learning_rate": "0.001",
    "loss": "binary_crossentropy",
    "metrics": "['logloss', 'AUC']",
    "min_categr_count": "10",
    "model": "ECN",
    "model_id": "ECN_Criteo_004_eb94d575",
    "model_root": "./checkpoints/",
    "monitor": "{'AUC': 1, 'logloss': 0}",
    "monitor_mode": "max",
    "net_dropout": "0.1",
    "net_regularizer": "0",
    "num_cross_layers": "4",
    "num_heads": "1",
    "num_workers": "8",
    "optimizer": "adam",
    "pickle_feature_encoder": "True",
    "save_best_only": "True",
    "seed": "2025",
    "shuffle": "True",
    "task": "binary_classification",
    "test_data": "../../../data/Criteo_x4_10_h5/test.h5",
    "train_data": "../../../data/Criteo_x4_10_h5/train.h5",
    "use_features": "None",
    "valid_data": "../../../data/Criteo_x4_10_h5/valid.h5",
    "verbose": "1"
}
2025-05-13 13:43:21,192 P278612 INFO Load feature_map from json: ../../../data/Criteo_x4_10_h5/feature_map.json
2025-05-13 13:43:21,192 P278612 INFO Set column index...
2025-05-13 13:43:21,192 P278612 INFO Feature specs: {
    "C1": "{'source': '', 'type': 'categorical', 'padding_idx': 0, 'oov_idx': 1445, 'vocab_size': 1446}",
    "C10": "{'source': '', 'type': 'categorical', 'padding_idx': 0, 'oov_idx': 39529, 'vocab_size': 39530}",
    "C11": "{'source': '', 'type': 'categorical', 'padding_idx': 0, 'oov_idx': 5130, 'vocab_size': 5131}",
    "C12": "{'source': '', 'type': 'categorical', 'padding_idx': 0, 'oov_idx': 156655, 'vocab_size': 156656}",
    "C13": "{'source': '', 'type': 'categorical', 'padding_idx': 0, 'oov_idx': 3175, 'vocab_size': 3176}",
    "C14": "{'source': '', 'type': 'categorical', 'padding_idx': 0, 'oov_idx': 27, 'vocab_size': 28}",
    "C15": "{'source': '', 'type': 'categorical', 'padding_idx': 0, 'oov_idx': 11042, 'vocab_size': 11043}",
    "C16": "{'source': '', 'type': 'categorical', 'padding_idx': 0, 'oov_idx': 148912, 'vocab_size': 148913}",
    "C17": "{'source': '', 'type': 'categorical', 'padding_idx': 0, 'oov_idx': 11, 'vocab_size': 12}",
    "C18": "{'source': '', 'type': 'categorical', 'padding_idx': 0, 'oov_idx': 4559, 'vocab_size': 4560}",
    "C19": "{'source': '', 'type': 'categorical', 'padding_idx': 0, 'oov_idx': 2002, 'vocab_size': 2003}",
    "C2": "{'source': '', 'type': 'categorical', 'padding_idx': 0, 'oov_idx': 553, 'vocab_size': 554}",
    "C20": "{'source': '', 'type': 'categorical', 'padding_idx': 0, 'oov_idx': 4, 'vocab_size': 5}",
    "C21": "{'source': '', 'type': 'categorical', 'padding_idx': 0, 'oov_idx': 154563, 'vocab_size': 154564}",
    "C22": "{'source': '', 'type': 'categorical', 'padding_idx': 0, 'oov_idx': 17, 'vocab_size': 18}",
    "C23": "{'source': '', 'type': 'categorical', 'padding_idx': 0, 'oov_idx': 16, 'vocab_size': 17}",
    "C24": "{'source': '', 'type': 'categorical', 'padding_idx': 0, 'oov_idx': 53030, 'vocab_size': 53031}",
    "C25": "{'source': '', 'type': 'categorical', 'padding_idx': 0, 'oov_idx': 81, 'vocab_size': 82}",
    "C26": "{'source': '', 'type': 'categorical', 'padding_idx': 0, 'oov_idx': 40954, 'vocab_size': 40955}",
    "C3": "{'source': '', 'type': 'categorical', 'padding_idx': 0, 'oov_idx': 157338, 'vocab_size': 157339}",
    "C4": "{'source': '', 'type': 'categorical', 'padding_idx': 0, 'oov_idx': 117821, 'vocab_size': 117822}",
    "C5": "{'source': '', 'type': 'categorical', 'padding_idx': 0, 'oov_idx': 305, 'vocab_size': 306}",
    "C6": "{'source': '', 'type': 'categorical', 'padding_idx': 0, 'oov_idx': 17, 'vocab_size': 18}",
    "C7": "{'source': '', 'type': 'categorical', 'padding_idx': 0, 'oov_idx': 11881, 'vocab_size': 11882}",
    "C8": "{'source': '', 'type': 'categorical', 'padding_idx': 0, 'oov_idx': 629, 'vocab_size': 630}",
    "C9": "{'source': '', 'type': 'categorical', 'padding_idx': 0, 'oov_idx': 4, 'vocab_size': 5}",
    "I1": "{'source': '', 'type': 'categorical', 'padding_idx': 0, 'oov_idx': 43, 'vocab_size': 44}",
    "I10": "{'source': '', 'type': 'categorical', 'padding_idx': 0, 'oov_idx': 5, 'vocab_size': 6}",
    "I11": "{'source': '', 'type': 'categorical', 'padding_idx': 0, 'oov_idx': 26, 'vocab_size': 27}",
    "I12": "{'source': '', 'type': 'categorical', 'padding_idx': 0, 'oov_idx': 36, 'vocab_size': 37}",
    "I13": "{'source': '', 'type': 'categorical', 'padding_idx': 0, 'oov_idx': 71, 'vocab_size': 72}",
    "I2": "{'source': '', 'type': 'categorical', 'padding_idx': 0, 'oov_idx': 98, 'vocab_size': 99}",
    "I3": "{'source': '', 'type': 'categorical', 'padding_idx': 0, 'oov_idx': 121, 'vocab_size': 122}",
    "I4": "{'source': '', 'type': 'categorical', 'padding_idx': 0, 'oov_idx': 40, 'vocab_size': 41}",
    "I5": "{'source': '', 'type': 'categorical', 'padding_idx': 0, 'oov_idx': 219, 'vocab_size': 220}",
    "I6": "{'source': '', 'type': 'categorical', 'padding_idx': 0, 'oov_idx': 111, 'vocab_size': 112}",
    "I7": "{'source': '', 'type': 'categorical', 'padding_idx': 0, 'oov_idx': 79, 'vocab_size': 80}",
    "I8": "{'source': '', 'type': 'categorical', 'padding_idx': 0, 'oov_idx': 68, 'vocab_size': 69}",
    "I9": "{'source': '', 'type': 'categorical', 'padding_idx': 0, 'oov_idx': 91, 'vocab_size': 92}"
}
2025-05-13 13:43:25,020 P278612 INFO Total number of parameters: 15356321.
2025-05-13 13:43:25,020 P278612 INFO Loading data...
2025-05-13 13:43:25,020 P278612 INFO Loading data from h5: ../../../data/Criteo_x4_10_h5/train.h5
2025-05-13 13:43:41,246 P278612 INFO Train samples: total/36672493, blocks/1
2025-05-13 13:43:41,246 P278612 INFO Loading data from h5: ../../../data/Criteo_x4_10_h5/valid.h5
2025-05-13 13:43:43,344 P278612 INFO Validation samples: total/4584062, blocks/1
2025-05-13 13:43:43,344 P278612 INFO Loading train and validation data done.
2025-05-13 13:43:43,344 P278612 INFO Start training: 4477 batches/epoch
2025-05-13 13:43:43,344 P278612 INFO ************ Epoch=1 start ************
2025-05-13 13:46:13,306 P278612 INFO Train loss: 0.462341
2025-05-13 13:46:13,306 P278612 INFO Evaluation @epoch 1 - batch 4477: 
2025-05-13 13:46:26,176 P278612 INFO ===
2025-05-13 13:46:26,177 P278612 INFO [Metrics] AUC: 0.804552 - logloss: 0.446705
2025-05-13 13:46:26,183 P278612 INFO Save best model: monitor(max)=0.804552
2025-05-13 13:46:26,827 P278612 INFO ************ Epoch=1 end ************
2025-05-13 13:48:56,563 P278612 INFO Train loss: 0.455991
2025-05-13 13:48:56,563 P278612 INFO Evaluation @epoch 2 - batch 4477: 
2025-05-13 13:49:09,144 P278612 INFO ===
2025-05-13 13:49:09,144 P278612 INFO [Metrics] AUC: 0.807683 - logloss: 0.443728
2025-05-13 13:49:09,154 P278612 INFO Save best model: monitor(max)=0.807683
2025-05-13 13:49:09,876 P278612 INFO ************ Epoch=2 end ************
2025-05-13 13:51:40,176 P278612 INFO Train loss: 0.453834
2025-05-13 13:51:40,177 P278612 INFO Evaluation @epoch 3 - batch 4477: 
2025-05-13 13:51:53,572 P278612 INFO ===
2025-05-13 13:51:53,572 P278612 INFO [Metrics] AUC: 0.809110 - logloss: 0.442324
2025-05-13 13:51:53,582 P278612 INFO Save best model: monitor(max)=0.809110
2025-05-13 13:51:54,234 P278612 INFO ************ Epoch=3 end ************
2025-05-13 13:54:29,519 P278612 INFO Train loss: 0.452542
2025-05-13 13:54:29,519 P278612 INFO Evaluation @epoch 4 - batch 4477: 
2025-05-13 13:54:44,798 P278612 INFO ===
2025-05-13 13:54:44,799 P278612 INFO [Metrics] AUC: 0.810017 - logloss: 0.441592
2025-05-13 13:54:44,810 P278612 INFO Save best model: monitor(max)=0.810017
2025-05-13 13:54:45,815 P278612 INFO ************ Epoch=4 end ************
2025-05-13 13:57:44,455 P278612 INFO Train loss: 0.451719
2025-05-13 13:57:44,456 P278612 INFO Evaluation @epoch 5 - batch 4477: 
2025-05-13 13:57:58,057 P278612 INFO ===
2025-05-13 13:57:58,058 P278612 INFO [Metrics] AUC: 0.810609 - logloss: 0.440964
2025-05-13 13:57:58,068 P278612 INFO Save best model: monitor(max)=0.810609
2025-05-13 13:57:58,748 P278612 INFO ************ Epoch=5 end ************
2025-05-13 14:00:49,503 P278612 INFO Train loss: 0.451062
2025-05-13 14:00:49,503 P278612 INFO Evaluation @epoch 6 - batch 4477: 
2025-05-13 14:01:05,403 P278612 INFO ===
2025-05-13 14:01:05,403 P278612 INFO [Metrics] AUC: 0.810958 - logloss: 0.440731
2025-05-13 14:01:05,414 P278612 INFO Save best model: monitor(max)=0.810958
2025-05-13 14:01:06,307 P278612 INFO ************ Epoch=6 end ************
2025-05-13 14:03:54,132 P278612 INFO Train loss: 0.450688
2025-05-13 14:03:54,133 P278612 INFO Evaluation @epoch 7 - batch 4477: 
2025-05-13 14:04:07,705 P278612 INFO ===
2025-05-13 14:04:07,706 P278612 INFO [Metrics] AUC: 0.811289 - logloss: 0.440583
2025-05-13 14:04:07,715 P278612 INFO Save best model: monitor(max)=0.811289
2025-05-13 14:04:08,473 P278612 INFO ************ Epoch=7 end ************
2025-05-13 14:06:58,035 P278612 INFO Train loss: 0.450345
2025-05-13 14:06:58,035 P278612 INFO Evaluation @epoch 8 - batch 4477: 
2025-05-13 14:07:12,211 P278612 INFO ===
2025-05-13 14:07:12,211 P278612 INFO [Metrics] AUC: 0.811522 - logloss: 0.440133
2025-05-13 14:07:12,221 P278612 INFO Save best model: monitor(max)=0.811522
2025-05-13 14:07:13,032 P278612 INFO ************ Epoch=8 end ************
2025-05-13 14:09:58,276 P278612 INFO Train loss: 0.450051
2025-05-13 14:09:58,276 P278612 INFO Evaluation @epoch 9 - batch 4477: 
2025-05-13 14:10:12,034 P278612 INFO ===
2025-05-13 14:10:12,034 P278612 INFO [Metrics] AUC: 0.811617 - logloss: 0.440076
2025-05-13 14:10:12,044 P278612 INFO Save best model: monitor(max)=0.811617
2025-05-13 14:10:12,709 P278612 INFO ************ Epoch=9 end ************
2025-05-13 14:12:59,543 P278612 INFO Train loss: 0.449848
2025-05-13 14:12:59,543 P278612 INFO Evaluation @epoch 10 - batch 4477: 
2025-05-13 14:13:13,702 P278612 INFO ===
2025-05-13 14:13:13,702 P278612 INFO [Metrics] AUC: 0.811738 - logloss: 0.439983
2025-05-13 14:13:13,713 P278612 INFO Save best model: monitor(max)=0.811738
2025-05-13 14:13:14,387 P278612 INFO ************ Epoch=10 end ************
2025-05-13 14:16:00,889 P278612 INFO Train loss: 0.449656
2025-05-13 14:16:00,889 P278612 INFO Evaluation @epoch 11 - batch 4477: 
2025-05-13 14:16:14,576 P278612 INFO ===
2025-05-13 14:16:14,576 P278612 INFO [Metrics] AUC: 0.811788 - logloss: 0.439923
2025-05-13 14:16:14,585 P278612 INFO Save best model: monitor(max)=0.811788
2025-05-13 14:16:15,377 P278612 INFO ************ Epoch=11 end ************
2025-05-13 14:18:58,057 P278612 INFO Train loss: 0.449496
2025-05-13 14:18:58,057 P278612 INFO Evaluation @epoch 12 - batch 4477: 
2025-05-13 14:19:12,561 P278612 INFO ===
2025-05-13 14:19:12,561 P278612 INFO [Metrics] AUC: 0.811955 - logloss: 0.439869
2025-05-13 14:19:12,570 P278612 INFO Save best model: monitor(max)=0.811955
2025-05-13 14:19:13,220 P278612 INFO ************ Epoch=12 end ************
2025-05-13 14:21:55,564 P278612 INFO Train loss: 0.449367
2025-05-13 14:21:55,564 P278612 INFO Evaluation @epoch 13 - batch 4477: 
2025-05-13 14:22:09,474 P278612 INFO ===
2025-05-13 14:22:09,474 P278612 INFO [Metrics] AUC: 0.811841 - logloss: 0.439854
2025-05-13 14:22:09,484 P278612 INFO Monitor(max)=0.811841 STOP!
2025-05-13 14:22:09,485 P278612 INFO Reduce learning rate on plateau: 0.000100
2025-05-13 14:22:10,092 P278612 INFO ************ Epoch=13 end ************
2025-05-13 14:24:47,949 P278612 INFO Train loss: 0.439236
2025-05-13 14:24:47,949 P278612 INFO Evaluation @epoch 14 - batch 4477: 
2025-05-13 14:25:00,727 P278612 INFO ===
2025-05-13 14:25:00,727 P278612 INFO [Metrics] AUC: 0.814639 - logloss: 0.437377
2025-05-13 14:25:00,737 P278612 INFO Save best model: monitor(max)=0.814639
2025-05-13 14:25:01,401 P278612 INFO ************ Epoch=14 end ************
2025-05-13 14:27:33,264 P278612 INFO Train loss: 0.435494
2025-05-13 14:27:33,265 P278612 INFO Evaluation @epoch 15 - batch 4477: 
2025-05-13 14:27:45,790 P278612 INFO ===
2025-05-13 14:27:45,791 P278612 INFO [Metrics] AUC: 0.815051 - logloss: 0.437035
2025-05-13 14:27:45,799 P278612 INFO Save best model: monitor(max)=0.815051
2025-05-13 14:27:46,519 P278612 INFO ************ Epoch=15 end ************
2025-05-13 14:30:52,501 P278612 INFO Train loss: 0.433798
2025-05-13 14:30:52,501 P278612 INFO Evaluation @epoch 16 - batch 4477: 
2025-05-13 14:31:10,120 P278612 INFO ===
2025-05-13 14:31:10,120 P278612 INFO [Metrics] AUC: 0.815112 - logloss: 0.437056
2025-05-13 14:31:10,131 P278612 INFO Save best model: monitor(max)=0.815112
2025-05-13 14:31:10,986 P278612 INFO ************ Epoch=16 end ************
2025-05-13 14:34:11,027 P278612 INFO Train loss: 0.432593
2025-05-13 14:34:11,027 P278612 INFO Evaluation @epoch 17 - batch 4477: 
2025-05-13 14:34:25,474 P278612 INFO ===
2025-05-13 14:34:25,474 P278612 INFO [Metrics] AUC: 0.815010 - logloss: 0.437160
2025-05-13 14:34:25,496 P278612 INFO Monitor(max)=0.815010 STOP!
2025-05-13 14:34:25,497 P278612 INFO Reduce learning rate on plateau: 0.000010
2025-05-13 14:34:26,167 P278612 INFO ************ Epoch=17 end ************
2025-05-13 14:37:23,644 P278612 INFO Train loss: 0.428976
2025-05-13 14:37:23,645 P278612 INFO Evaluation @epoch 18 - batch 4477: 
2025-05-13 14:37:39,195 P278612 INFO ===
2025-05-13 14:37:39,195 P278612 INFO [Metrics] AUC: 0.814667 - logloss: 0.437812
2025-05-13 14:37:39,204 P278612 INFO Monitor(max)=0.814667 STOP!
2025-05-13 14:37:39,204 P278612 INFO Reduce learning rate on plateau: 0.000001
2025-05-13 14:37:39,204 P278612 INFO ********* Epoch==18 early stop *********
2025-05-13 14:37:39,957 P278612 INFO Training finished.
2025-05-13 14:37:39,957 P278612 INFO Load best model: /root/autodl-tmp/model_zoo/DCNv3/DCNv3_torch/checkpoints/Criteo_x4_10_h5/ECN_Criteo_004_eb94d575.model
2025-05-13 14:37:39,990 P278612 INFO ****** Validation evaluation ******
2025-05-13 14:37:55,288 P278612 INFO ===
2025-05-13 14:37:55,288 P278612 INFO [Metrics] logloss: 0.437056 - AUC: 0.815112
2025-05-13 14:37:56,358 P278612 INFO ******** Test evaluation ********
2025-05-13 14:37:56,358 P278612 INFO Loading data...
2025-05-13 14:37:56,358 P278612 INFO Loading data from h5: ../../../data/Criteo_x4_10_h5/test.h5
2025-05-13 14:37:58,808 P278612 INFO Test samples: total/4584062, blocks/1
2025-05-13 14:37:58,808 P278612 INFO Loading test data done.
2025-05-13 14:38:11,081 P278612 INFO ===
2025-05-13 14:38:11,081 P278612 INFO [Metrics] logloss: 0.436589 - AUC: 0.815620
