2025-05-13 14:27:29,516 P806050 INFO Params: {
    "batch_norm": "False",
    "batch_size": "8192",
    "data_format": "h5",
    "data_root": "../../../data/",
    "dataset_id": "Criteo_x4_10_h5",
    "debug_mode": "False",
    "early_stop_patience": "2",
    "embedding_dim": "16",
    "embedding_regularizer": "1e-05",
    "epochs": "100",
    "eval_steps": "None",
    "feature_cols": "[{'active': True, 'dtype': 'float', 'fill_na': 0, 'na_value': 0, 'name': ['I1', 'I2', 'I3', 'I4', 'I5', 'I6', 'I7', 'I8', 'I9', 'I10', 'I11', 'I12', 'I13'], 'preprocess': 'convert_to_bucket', 'type': 'categorical'}, {'active': True, 'dtype': 'str', 'fill_na': '', 'na_value': '', 'name': ['C1', 'C2', 'C3', 'C4', 'C5', 'C6', 'C7', 'C8', 'C9', 'C10', 'C11', 'C12', 'C13', 'C14', 'C15', 'C16', 'C17', 'C18', 'C19', 'C20', 'C21', 'C22', 'C23', 'C24', 'C25', 'C26'], 'type': 'categorical'}]",
    "feature_config": "None",
    "feature_specs": "None",
    "gpu": "1",
    "group_id": "None",
    "label_col": "{'dtype': 'float', 'name': 'Label'}",
    "learning_rate": "0.001",
    "loss": "binary_crossentropy",
    "metrics": "['logloss', 'AUC']",
    "min_categr_count": "10",
    "model": "ECN",
    "model_id": "ECN_Criteo_005_d3b0b921",
    "model_root": "./checkpoints/",
    "monitor": "{'AUC': 1, 'logloss': 0}",
    "monitor_mode": "max",
    "net_dropout": "0.1",
    "net_regularizer": "0",
    "num_cross_layers": "5",
    "num_heads": "1",
    "num_workers": "8",
    "optimizer": "adam",
    "pickle_feature_encoder": "True",
    "save_best_only": "True",
    "seed": "2025",
    "shuffle": "True",
    "task": "binary_classification",
    "test_data": "../../../data/Criteo_x4_10_h5/test.h5",
    "train_data": "../../../data/Criteo_x4_10_h5/train.h5",
    "use_features": "None",
    "valid_data": "../../../data/Criteo_x4_10_h5/valid.h5",
    "verbose": "1"
}
2025-05-13 14:27:29,516 P806050 INFO Load feature_map from json: ../../../data/Criteo_x4_10_h5/feature_map.json
2025-05-13 14:27:29,516 P806050 INFO Set column index...
2025-05-13 14:27:29,516 P806050 INFO Feature specs: {
    "C1": "{'source': '', 'type': 'categorical', 'padding_idx': 0, 'oov_idx': 1445, 'vocab_size': 1446}",
    "C10": "{'source': '', 'type': 'categorical', 'padding_idx': 0, 'oov_idx': 39529, 'vocab_size': 39530}",
    "C11": "{'source': '', 'type': 'categorical', 'padding_idx': 0, 'oov_idx': 5130, 'vocab_size': 5131}",
    "C12": "{'source': '', 'type': 'categorical', 'padding_idx': 0, 'oov_idx': 156655, 'vocab_size': 156656}",
    "C13": "{'source': '', 'type': 'categorical', 'padding_idx': 0, 'oov_idx': 3175, 'vocab_size': 3176}",
    "C14": "{'source': '', 'type': 'categorical', 'padding_idx': 0, 'oov_idx': 27, 'vocab_size': 28}",
    "C15": "{'source': '', 'type': 'categorical', 'padding_idx': 0, 'oov_idx': 11042, 'vocab_size': 11043}",
    "C16": "{'source': '', 'type': 'categorical', 'padding_idx': 0, 'oov_idx': 148912, 'vocab_size': 148913}",
    "C17": "{'source': '', 'type': 'categorical', 'padding_idx': 0, 'oov_idx': 11, 'vocab_size': 12}",
    "C18": "{'source': '', 'type': 'categorical', 'padding_idx': 0, 'oov_idx': 4559, 'vocab_size': 4560}",
    "C19": "{'source': '', 'type': 'categorical', 'padding_idx': 0, 'oov_idx': 2002, 'vocab_size': 2003}",
    "C2": "{'source': '', 'type': 'categorical', 'padding_idx': 0, 'oov_idx': 553, 'vocab_size': 554}",
    "C20": "{'source': '', 'type': 'categorical', 'padding_idx': 0, 'oov_idx': 4, 'vocab_size': 5}",
    "C21": "{'source': '', 'type': 'categorical', 'padding_idx': 0, 'oov_idx': 154563, 'vocab_size': 154564}",
    "C22": "{'source': '', 'type': 'categorical', 'padding_idx': 0, 'oov_idx': 17, 'vocab_size': 18}",
    "C23": "{'source': '', 'type': 'categorical', 'padding_idx': 0, 'oov_idx': 16, 'vocab_size': 17}",
    "C24": "{'source': '', 'type': 'categorical', 'padding_idx': 0, 'oov_idx': 53030, 'vocab_size': 53031}",
    "C25": "{'source': '', 'type': 'categorical', 'padding_idx': 0, 'oov_idx': 81, 'vocab_size': 82}",
    "C26": "{'source': '', 'type': 'categorical', 'padding_idx': 0, 'oov_idx': 40954, 'vocab_size': 40955}",
    "C3": "{'source': '', 'type': 'categorical', 'padding_idx': 0, 'oov_idx': 157338, 'vocab_size': 157339}",
    "C4": "{'source': '', 'type': 'categorical', 'padding_idx': 0, 'oov_idx': 117821, 'vocab_size': 117822}",
    "C5": "{'source': '', 'type': 'categorical', 'padding_idx': 0, 'oov_idx': 305, 'vocab_size': 306}",
    "C6": "{'source': '', 'type': 'categorical', 'padding_idx': 0, 'oov_idx': 17, 'vocab_size': 18}",
    "C7": "{'source': '', 'type': 'categorical', 'padding_idx': 0, 'oov_idx': 11881, 'vocab_size': 11882}",
    "C8": "{'source': '', 'type': 'categorical', 'padding_idx': 0, 'oov_idx': 629, 'vocab_size': 630}",
    "C9": "{'source': '', 'type': 'categorical', 'padding_idx': 0, 'oov_idx': 4, 'vocab_size': 5}",
    "I1": "{'source': '', 'type': 'categorical', 'padding_idx': 0, 'oov_idx': 43, 'vocab_size': 44}",
    "I10": "{'source': '', 'type': 'categorical', 'padding_idx': 0, 'oov_idx': 5, 'vocab_size': 6}",
    "I11": "{'source': '', 'type': 'categorical', 'padding_idx': 0, 'oov_idx': 26, 'vocab_size': 27}",
    "I12": "{'source': '', 'type': 'categorical', 'padding_idx': 0, 'oov_idx': 36, 'vocab_size': 37}",
    "I13": "{'source': '', 'type': 'categorical', 'padding_idx': 0, 'oov_idx': 71, 'vocab_size': 72}",
    "I2": "{'source': '', 'type': 'categorical', 'padding_idx': 0, 'oov_idx': 98, 'vocab_size': 99}",
    "I3": "{'source': '', 'type': 'categorical', 'padding_idx': 0, 'oov_idx': 121, 'vocab_size': 122}",
    "I4": "{'source': '', 'type': 'categorical', 'padding_idx': 0, 'oov_idx': 40, 'vocab_size': 41}",
    "I5": "{'source': '', 'type': 'categorical', 'padding_idx': 0, 'oov_idx': 219, 'vocab_size': 220}",
    "I6": "{'source': '', 'type': 'categorical', 'padding_idx': 0, 'oov_idx': 111, 'vocab_size': 112}",
    "I7": "{'source': '', 'type': 'categorical', 'padding_idx': 0, 'oov_idx': 79, 'vocab_size': 80}",
    "I8": "{'source': '', 'type': 'categorical', 'padding_idx': 0, 'oov_idx': 68, 'vocab_size': 69}",
    "I9": "{'source': '', 'type': 'categorical', 'padding_idx': 0, 'oov_idx': 91, 'vocab_size': 92}"
}
2025-05-13 14:27:33,426 P806050 INFO Total number of parameters: 15552257.
2025-05-13 14:27:33,426 P806050 INFO Loading data...
2025-05-13 14:27:33,426 P806050 INFO Loading data from h5: ../../../data/Criteo_x4_10_h5/train.h5
2025-05-13 14:27:49,802 P806050 INFO Train samples: total/36672493, blocks/1
2025-05-13 14:27:49,802 P806050 INFO Loading data from h5: ../../../data/Criteo_x4_10_h5/valid.h5
2025-05-13 14:27:51,914 P806050 INFO Validation samples: total/4584062, blocks/1
2025-05-13 14:27:51,914 P806050 INFO Loading train and validation data done.
2025-05-13 14:27:51,914 P806050 INFO Start training: 4477 batches/epoch
2025-05-13 14:27:51,914 P806050 INFO ************ Epoch=1 start ************
2025-05-13 14:31:08,798 P806050 INFO Train loss: 0.462396
2025-05-13 14:31:08,798 P806050 INFO Evaluation @epoch 1 - batch 4477: 
2025-05-13 14:31:25,014 P806050 INFO ===
2025-05-13 14:31:25,015 P806050 INFO [Metrics] AUC: 0.804556 - logloss: 0.446491
2025-05-13 14:31:25,021 P806050 INFO Save best model: monitor(max)=0.804556
2025-05-13 14:31:25,651 P806050 INFO ************ Epoch=1 end ************
2025-05-13 14:34:31,219 P806050 INFO Train loss: 0.455941
2025-05-13 14:34:31,219 P806050 INFO Evaluation @epoch 2 - batch 4477: 
2025-05-13 14:34:45,897 P806050 INFO ===
2025-05-13 14:34:45,897 P806050 INFO [Metrics] AUC: 0.807928 - logloss: 0.443463
2025-05-13 14:34:45,907 P806050 INFO Save best model: monitor(max)=0.807928
2025-05-13 14:34:46,788 P806050 INFO ************ Epoch=2 end ************
2025-05-13 14:37:53,935 P806050 INFO Train loss: 0.453752
2025-05-13 14:37:53,935 P806050 INFO Evaluation @epoch 3 - batch 4477: 
2025-05-13 14:38:08,503 P806050 INFO ===
2025-05-13 14:38:08,503 P806050 INFO [Metrics] AUC: 0.809259 - logloss: 0.442281
2025-05-13 14:38:08,513 P806050 INFO Save best model: monitor(max)=0.809259
2025-05-13 14:38:09,217 P806050 INFO ************ Epoch=3 end ************
2025-05-13 14:41:08,730 P806050 INFO Train loss: 0.452547
2025-05-13 14:41:08,731 P806050 INFO Evaluation @epoch 4 - batch 4477: 
2025-05-13 14:41:22,828 P806050 INFO ===
2025-05-13 14:41:22,828 P806050 INFO [Metrics] AUC: 0.809995 - logloss: 0.441595
2025-05-13 14:41:22,838 P806050 INFO Save best model: monitor(max)=0.809995
2025-05-13 14:41:23,537 P806050 INFO ************ Epoch=4 end ************
2025-05-13 14:44:24,330 P806050 INFO Train loss: 0.451800
2025-05-13 14:44:24,330 P806050 INFO Evaluation @epoch 5 - batch 4477: 
2025-05-13 14:44:39,269 P806050 INFO ===
2025-05-13 14:44:39,270 P806050 INFO [Metrics] AUC: 0.810361 - logloss: 0.441214
2025-05-13 14:44:39,290 P806050 INFO Save best model: monitor(max)=0.810361
2025-05-13 14:44:40,061 P806050 INFO ************ Epoch=5 end ************
2025-05-13 14:47:42,798 P806050 INFO Train loss: 0.451299
2025-05-13 14:47:42,798 P806050 INFO Evaluation @epoch 6 - batch 4477: 
2025-05-13 14:47:56,730 P806050 INFO ===
2025-05-13 14:47:56,730 P806050 INFO [Metrics] AUC: 0.810825 - logloss: 0.440780
2025-05-13 14:47:56,740 P806050 INFO Save best model: monitor(max)=0.810825
2025-05-13 14:47:57,649 P806050 INFO ************ Epoch=6 end ************
2025-05-13 14:50:57,755 P806050 INFO Train loss: 0.450934
2025-05-13 14:50:57,755 P806050 INFO Evaluation @epoch 7 - batch 4477: 
2025-05-13 14:51:12,467 P806050 INFO ===
2025-05-13 14:51:12,468 P806050 INFO [Metrics] AUC: 0.811196 - logloss: 0.440458
2025-05-13 14:51:12,478 P806050 INFO Save best model: monitor(max)=0.811196
2025-05-13 14:51:13,253 P806050 INFO ************ Epoch=7 end ************
2025-05-13 14:54:14,615 P806050 INFO Train loss: 0.450621
2025-05-13 14:54:14,615 P806050 INFO Evaluation @epoch 8 - batch 4477: 
2025-05-13 14:54:28,542 P806050 INFO ===
2025-05-13 14:54:28,542 P806050 INFO [Metrics] AUC: 0.811377 - logloss: 0.440332
2025-05-13 14:54:28,555 P806050 INFO Save best model: monitor(max)=0.811377
2025-05-13 14:54:29,233 P806050 INFO ************ Epoch=8 end ************
2025-05-13 14:57:32,018 P806050 INFO Train loss: 0.450399
2025-05-13 14:57:32,018 P806050 INFO Evaluation @epoch 9 - batch 4477: 
2025-05-13 14:57:45,907 P806050 INFO ===
2025-05-13 14:57:45,908 P806050 INFO [Metrics] AUC: 0.811508 - logloss: 0.440179
2025-05-13 14:57:45,917 P806050 INFO Save best model: monitor(max)=0.811508
2025-05-13 14:57:46,703 P806050 INFO ************ Epoch=9 end ************
2025-05-13 15:00:38,066 P806050 INFO Train loss: 0.450190
2025-05-13 15:00:38,066 P806050 INFO Evaluation @epoch 10 - batch 4477: 
2025-05-13 15:00:50,313 P806050 INFO ===
2025-05-13 15:00:50,313 P806050 INFO [Metrics] AUC: 0.811542 - logloss: 0.440140
2025-05-13 15:00:50,323 P806050 INFO Save best model: monitor(max)=0.811542
2025-05-13 15:00:51,023 P806050 INFO ************ Epoch=10 end ************
2025-05-13 15:03:28,323 P806050 INFO Train loss: 0.449999
2025-05-13 15:03:28,323 P806050 INFO Evaluation @epoch 11 - batch 4477: 
2025-05-13 15:03:40,398 P806050 INFO ===
2025-05-13 15:03:40,398 P806050 INFO [Metrics] AUC: 0.811629 - logloss: 0.440080
2025-05-13 15:03:40,408 P806050 INFO Save best model: monitor(max)=0.811629
2025-05-13 15:03:41,022 P806050 INFO ************ Epoch=11 end ************
2025-05-13 15:06:17,497 P806050 INFO Train loss: 0.449892
2025-05-13 15:06:17,497 P806050 INFO Evaluation @epoch 12 - batch 4477: 
2025-05-13 15:06:29,697 P806050 INFO ===
2025-05-13 15:06:29,697 P806050 INFO [Metrics] AUC: 0.811825 - logloss: 0.439914
2025-05-13 15:06:29,707 P806050 INFO Save best model: monitor(max)=0.811825
2025-05-13 15:06:30,307 P806050 INFO ************ Epoch=12 end ************
2025-05-13 15:09:06,946 P806050 INFO Train loss: 0.449760
2025-05-13 15:09:06,946 P806050 INFO Evaluation @epoch 13 - batch 4477: 
2025-05-13 15:09:18,855 P806050 INFO ===
2025-05-13 15:09:18,855 P806050 INFO [Metrics] AUC: 0.811825 - logloss: 0.439933
2025-05-13 15:09:18,863 P806050 INFO Monitor(max)=0.811825 STOP!
2025-05-13 15:09:18,863 P806050 INFO Reduce learning rate on plateau: 0.000100
2025-05-13 15:09:19,429 P806050 INFO ************ Epoch=13 end ************
2025-05-13 15:11:55,207 P806050 INFO Train loss: 0.439555
2025-05-13 15:11:55,207 P806050 INFO Evaluation @epoch 14 - batch 4477: 
2025-05-13 15:12:07,442 P806050 INFO ===
2025-05-13 15:12:07,442 P806050 INFO [Metrics] AUC: 0.814586 - logloss: 0.437375
2025-05-13 15:12:07,452 P806050 INFO Save best model: monitor(max)=0.814586
2025-05-13 15:12:08,072 P806050 INFO ************ Epoch=14 end ************
2025-05-13 15:14:45,519 P806050 INFO Train loss: 0.435722
2025-05-13 15:14:45,519 P806050 INFO Evaluation @epoch 15 - batch 4477: 
2025-05-13 15:14:57,660 P806050 INFO ===
2025-05-13 15:14:57,660 P806050 INFO [Metrics] AUC: 0.814984 - logloss: 0.437067
2025-05-13 15:14:57,670 P806050 INFO Save best model: monitor(max)=0.814984
2025-05-13 15:14:58,348 P806050 INFO ************ Epoch=15 end ************
2025-05-13 15:17:36,587 P806050 INFO Train loss: 0.434014
2025-05-13 15:17:36,587 P806050 INFO Evaluation @epoch 16 - batch 4477: 
2025-05-13 15:17:48,649 P806050 INFO ===
2025-05-13 15:17:48,649 P806050 INFO [Metrics] AUC: 0.815090 - logloss: 0.436982
2025-05-13 15:17:48,659 P806050 INFO Save best model: monitor(max)=0.815090
2025-05-13 15:17:49,293 P806050 INFO ************ Epoch=16 end ************
2025-05-13 15:20:26,053 P806050 INFO Train loss: 0.432814
2025-05-13 15:20:26,054 P806050 INFO Evaluation @epoch 17 - batch 4477: 
2025-05-13 15:20:38,199 P806050 INFO ===
2025-05-13 15:20:38,199 P806050 INFO [Metrics] AUC: 0.814930 - logloss: 0.437202
2025-05-13 15:20:38,209 P806050 INFO Monitor(max)=0.814930 STOP!
2025-05-13 15:20:38,209 P806050 INFO Reduce learning rate on plateau: 0.000010
2025-05-13 15:20:38,773 P806050 INFO ************ Epoch=17 end ************
2025-05-13 15:23:16,739 P806050 INFO Train loss: 0.429029
2025-05-13 15:23:16,739 P806050 INFO Evaluation @epoch 18 - batch 4477: 
2025-05-13 15:23:29,033 P806050 INFO ===
2025-05-13 15:23:29,033 P806050 INFO [Metrics] AUC: 0.814503 - logloss: 0.437916
2025-05-13 15:23:29,043 P806050 INFO Monitor(max)=0.814503 STOP!
2025-05-13 15:23:29,043 P806050 INFO Reduce learning rate on plateau: 0.000001
2025-05-13 15:23:29,043 P806050 INFO ********* Epoch==18 early stop *********
2025-05-13 15:23:29,647 P806050 INFO Training finished.
2025-05-13 15:23:29,647 P806050 INFO Load best model: /root/autodl-tmp/model_zoo/DCNv3/DCNv3_torch/checkpoints/Criteo_x4_10_h5/ECN_Criteo_005_d3b0b921.model
2025-05-13 15:23:29,686 P806050 INFO ****** Validation evaluation ******
2025-05-13 15:23:41,760 P806050 INFO ===
2025-05-13 15:23:41,761 P806050 INFO [Metrics] logloss: 0.436982 - AUC: 0.815090
2025-05-13 15:23:42,467 P806050 INFO ******** Test evaluation ********
2025-05-13 15:23:42,467 P806050 INFO Loading data...
2025-05-13 15:23:42,467 P806050 INFO Loading data from h5: ../../../data/Criteo_x4_10_h5/test.h5
2025-05-13 15:23:44,555 P806050 INFO Test samples: total/4584062, blocks/1
2025-05-13 15:23:44,555 P806050 INFO Loading test data done.
2025-05-13 15:23:55,456 P806050 INFO ===
2025-05-13 15:23:55,456 P806050 INFO [Metrics] logloss: 0.436584 - AUC: 0.815547
