2025-05-13 15:23:59,715 P698145 INFO Params: {
    "batch_norm": "False",
    "batch_size": "8192",
    "data_format": "h5",
    "data_root": "../../../data/",
    "dataset_id": "Criteo_x4_10_h5",
    "debug_mode": "False",
    "early_stop_patience": "2",
    "embedding_dim": "16",
    "embedding_regularizer": "1e-05",
    "epochs": "100",
    "eval_steps": "None",
    "feature_cols": "[{'active': True, 'dtype': 'float', 'fill_na': 0, 'na_value': 0, 'name': ['I1', 'I2', 'I3', 'I4', 'I5', 'I6', 'I7', 'I8', 'I9', 'I10', 'I11', 'I12', 'I13'], 'preprocess': 'convert_to_bucket', 'type': 'categorical'}, {'active': True, 'dtype': 'str', 'fill_na': '', 'na_value': '', 'name': ['C1', 'C2', 'C3', 'C4', 'C5', 'C6', 'C7', 'C8', 'C9', 'C10', 'C11', 'C12', 'C13', 'C14', 'C15', 'C16', 'C17', 'C18', 'C19', 'C20', 'C21', 'C22', 'C23', 'C24', 'C25', 'C26'], 'type': 'categorical'}]",
    "feature_config": "None",
    "feature_specs": "None",
    "gpu": "1",
    "group_id": "None",
    "label_col": "{'dtype': 'float', 'name': 'Label'}",
    "learning_rate": "0.001",
    "loss": "binary_crossentropy",
    "metrics": "['logloss', 'AUC']",
    "min_categr_count": "10",
    "model": "ECN",
    "model_id": "ECN_Criteo_007_9ef0ad7c",
    "model_root": "./checkpoints/",
    "monitor": "{'AUC': 1, 'logloss': 0}",
    "monitor_mode": "max",
    "net_dropout": "0.1",
    "net_regularizer": "0",
    "num_cross_layers": "8",
    "num_heads": "1",
    "num_workers": "8",
    "optimizer": "adam",
    "pickle_feature_encoder": "True",
    "save_best_only": "True",
    "seed": "2025",
    "shuffle": "True",
    "task": "binary_classification",
    "test_data": "../../../data/Criteo_x4_10_h5/test.h5",
    "train_data": "../../../data/Criteo_x4_10_h5/train.h5",
    "use_features": "None",
    "valid_data": "../../../data/Criteo_x4_10_h5/valid.h5",
    "verbose": "1"
}
2025-05-13 15:23:59,716 P698145 INFO Load feature_map from json: ../../../data/Criteo_x4_10_h5/feature_map.json
2025-05-13 15:23:59,716 P698145 INFO Set column index...
2025-05-13 15:23:59,716 P698145 INFO Feature specs: {
    "C1": "{'source': '', 'type': 'categorical', 'padding_idx': 0, 'oov_idx': 1445, 'vocab_size': 1446}",
    "C10": "{'source': '', 'type': 'categorical', 'padding_idx': 0, 'oov_idx': 39529, 'vocab_size': 39530}",
    "C11": "{'source': '', 'type': 'categorical', 'padding_idx': 0, 'oov_idx': 5130, 'vocab_size': 5131}",
    "C12": "{'source': '', 'type': 'categorical', 'padding_idx': 0, 'oov_idx': 156655, 'vocab_size': 156656}",
    "C13": "{'source': '', 'type': 'categorical', 'padding_idx': 0, 'oov_idx': 3175, 'vocab_size': 3176}",
    "C14": "{'source': '', 'type': 'categorical', 'padding_idx': 0, 'oov_idx': 27, 'vocab_size': 28}",
    "C15": "{'source': '', 'type': 'categorical', 'padding_idx': 0, 'oov_idx': 11042, 'vocab_size': 11043}",
    "C16": "{'source': '', 'type': 'categorical', 'padding_idx': 0, 'oov_idx': 148912, 'vocab_size': 148913}",
    "C17": "{'source': '', 'type': 'categorical', 'padding_idx': 0, 'oov_idx': 11, 'vocab_size': 12}",
    "C18": "{'source': '', 'type': 'categorical', 'padding_idx': 0, 'oov_idx': 4559, 'vocab_size': 4560}",
    "C19": "{'source': '', 'type': 'categorical', 'padding_idx': 0, 'oov_idx': 2002, 'vocab_size': 2003}",
    "C2": "{'source': '', 'type': 'categorical', 'padding_idx': 0, 'oov_idx': 553, 'vocab_size': 554}",
    "C20": "{'source': '', 'type': 'categorical', 'padding_idx': 0, 'oov_idx': 4, 'vocab_size': 5}",
    "C21": "{'source': '', 'type': 'categorical', 'padding_idx': 0, 'oov_idx': 154563, 'vocab_size': 154564}",
    "C22": "{'source': '', 'type': 'categorical', 'padding_idx': 0, 'oov_idx': 17, 'vocab_size': 18}",
    "C23": "{'source': '', 'type': 'categorical', 'padding_idx': 0, 'oov_idx': 16, 'vocab_size': 17}",
    "C24": "{'source': '', 'type': 'categorical', 'padding_idx': 0, 'oov_idx': 53030, 'vocab_size': 53031}",
    "C25": "{'source': '', 'type': 'categorical', 'padding_idx': 0, 'oov_idx': 81, 'vocab_size': 82}",
    "C26": "{'source': '', 'type': 'categorical', 'padding_idx': 0, 'oov_idx': 40954, 'vocab_size': 40955}",
    "C3": "{'source': '', 'type': 'categorical', 'padding_idx': 0, 'oov_idx': 157338, 'vocab_size': 157339}",
    "C4": "{'source': '', 'type': 'categorical', 'padding_idx': 0, 'oov_idx': 117821, 'vocab_size': 117822}",
    "C5": "{'source': '', 'type': 'categorical', 'padding_idx': 0, 'oov_idx': 305, 'vocab_size': 306}",
    "C6": "{'source': '', 'type': 'categorical', 'padding_idx': 0, 'oov_idx': 17, 'vocab_size': 18}",
    "C7": "{'source': '', 'type': 'categorical', 'padding_idx': 0, 'oov_idx': 11881, 'vocab_size': 11882}",
    "C8": "{'source': '', 'type': 'categorical', 'padding_idx': 0, 'oov_idx': 629, 'vocab_size': 630}",
    "C9": "{'source': '', 'type': 'categorical', 'padding_idx': 0, 'oov_idx': 4, 'vocab_size': 5}",
    "I1": "{'source': '', 'type': 'categorical', 'padding_idx': 0, 'oov_idx': 43, 'vocab_size': 44}",
    "I10": "{'source': '', 'type': 'categorical', 'padding_idx': 0, 'oov_idx': 5, 'vocab_size': 6}",
    "I11": "{'source': '', 'type': 'categorical', 'padding_idx': 0, 'oov_idx': 26, 'vocab_size': 27}",
    "I12": "{'source': '', 'type': 'categorical', 'padding_idx': 0, 'oov_idx': 36, 'vocab_size': 37}",
    "I13": "{'source': '', 'type': 'categorical', 'padding_idx': 0, 'oov_idx': 71, 'vocab_size': 72}",
    "I2": "{'source': '', 'type': 'categorical', 'padding_idx': 0, 'oov_idx': 98, 'vocab_size': 99}",
    "I3": "{'source': '', 'type': 'categorical', 'padding_idx': 0, 'oov_idx': 121, 'vocab_size': 122}",
    "I4": "{'source': '', 'type': 'categorical', 'padding_idx': 0, 'oov_idx': 40, 'vocab_size': 41}",
    "I5": "{'source': '', 'type': 'categorical', 'padding_idx': 0, 'oov_idx': 219, 'vocab_size': 220}",
    "I6": "{'source': '', 'type': 'categorical', 'padding_idx': 0, 'oov_idx': 111, 'vocab_size': 112}",
    "I7": "{'source': '', 'type': 'categorical', 'padding_idx': 0, 'oov_idx': 79, 'vocab_size': 80}",
    "I8": "{'source': '', 'type': 'categorical', 'padding_idx': 0, 'oov_idx': 68, 'vocab_size': 69}",
    "I9": "{'source': '', 'type': 'categorical', 'padding_idx': 0, 'oov_idx': 91, 'vocab_size': 92}"
}
2025-05-13 15:24:03,642 P698145 INFO Total number of parameters: 16140065.
2025-05-13 15:24:03,642 P698145 INFO Loading data...
2025-05-13 15:24:03,642 P698145 INFO Loading data from h5: ../../../data/Criteo_x4_10_h5/train.h5
2025-05-13 15:24:19,090 P698145 INFO Train samples: total/36672493, blocks/1
2025-05-13 15:24:19,090 P698145 INFO Loading data from h5: ../../../data/Criteo_x4_10_h5/valid.h5
2025-05-13 15:24:21,188 P698145 INFO Validation samples: total/4584062, blocks/1
2025-05-13 15:24:21,188 P698145 INFO Loading train and validation data done.
2025-05-13 15:24:21,188 P698145 INFO Start training: 4477 batches/epoch
2025-05-13 15:24:21,188 P698145 INFO ************ Epoch=1 start ************
2025-05-13 15:27:15,699 P698145 INFO Train loss: 0.463324
2025-05-13 15:27:15,699 P698145 INFO Evaluation @epoch 1 - batch 4477: 
2025-05-13 15:27:27,684 P698145 INFO ===
2025-05-13 15:27:27,684 P698145 INFO [Metrics] AUC: 0.804155 - logloss: 0.446928
2025-05-13 15:27:27,691 P698145 INFO Save best model: monitor(max)=0.804155
2025-05-13 15:27:28,285 P698145 INFO ************ Epoch=1 end ************
2025-05-13 15:30:23,527 P698145 INFO Train loss: 0.456686
2025-05-13 15:30:23,527 P698145 INFO Evaluation @epoch 2 - batch 4477: 
2025-05-13 15:30:35,324 P698145 INFO ===
2025-05-13 15:30:35,324 P698145 INFO [Metrics] AUC: 0.807456 - logloss: 0.444024
2025-05-13 15:30:35,334 P698145 INFO Save best model: monitor(max)=0.807456
2025-05-13 15:30:35,900 P698145 INFO ************ Epoch=2 end ************
2025-05-13 15:33:30,925 P698145 INFO Train loss: 0.454874
2025-05-13 15:33:30,925 P698145 INFO Evaluation @epoch 3 - batch 4477: 
2025-05-13 15:33:42,802 P698145 INFO ===
2025-05-13 15:33:42,803 P698145 INFO [Metrics] AUC: 0.808700 - logloss: 0.442870
2025-05-13 15:33:42,812 P698145 INFO Save best model: monitor(max)=0.808700
2025-05-13 15:33:43,451 P698145 INFO ************ Epoch=3 end ************
2025-05-13 15:36:38,341 P698145 INFO Train loss: 0.453501
2025-05-13 15:36:38,342 P698145 INFO Evaluation @epoch 4 - batch 4477: 
2025-05-13 15:36:50,183 P698145 INFO ===
2025-05-13 15:36:50,183 P698145 INFO [Metrics] AUC: 0.809668 - logloss: 0.441880
2025-05-13 15:36:50,193 P698145 INFO Save best model: monitor(max)=0.809668
2025-05-13 15:36:50,793 P698145 INFO ************ Epoch=4 end ************
2025-05-13 15:39:45,312 P698145 INFO Train loss: 0.452961
2025-05-13 15:39:45,312 P698145 INFO Evaluation @epoch 5 - batch 4477: 
2025-05-13 15:39:57,206 P698145 INFO ===
2025-05-13 15:39:57,206 P698145 INFO [Metrics] AUC: 0.810241 - logloss: 0.441504
2025-05-13 15:39:57,216 P698145 INFO Save best model: monitor(max)=0.810241
2025-05-13 15:39:57,838 P698145 INFO ************ Epoch=5 end ************
2025-05-13 15:42:52,474 P698145 INFO Train loss: 0.452830
2025-05-13 15:42:52,474 P698145 INFO Evaluation @epoch 6 - batch 4477: 
2025-05-13 15:43:04,391 P698145 INFO ===
2025-05-13 15:43:04,391 P698145 INFO [Metrics] AUC: 0.810394 - logloss: 0.441232
2025-05-13 15:43:04,401 P698145 INFO Save best model: monitor(max)=0.810394
2025-05-13 15:43:05,004 P698145 INFO ************ Epoch=6 end ************
2025-05-13 15:46:02,701 P698145 INFO Train loss: 0.452030
2025-05-13 15:46:02,702 P698145 INFO Evaluation @epoch 7 - batch 4477: 
2025-05-13 15:46:16,305 P698145 INFO ===
2025-05-13 15:46:16,306 P698145 INFO [Metrics] AUC: 0.810692 - logloss: 0.440995
2025-05-13 15:46:16,316 P698145 INFO Save best model: monitor(max)=0.810692
2025-05-13 15:46:17,003 P698145 INFO ************ Epoch=7 end ************
2025-05-13 15:49:13,077 P698145 INFO Train loss: 0.451740
2025-05-13 15:49:13,077 P698145 INFO Evaluation @epoch 8 - batch 4477: 
2025-05-13 15:49:26,648 P698145 INFO ===
2025-05-13 15:49:26,648 P698145 INFO [Metrics] AUC: 0.810822 - logloss: 0.440797
2025-05-13 15:49:26,658 P698145 INFO Save best model: monitor(max)=0.810822
2025-05-13 15:49:27,292 P698145 INFO ************ Epoch=8 end ************
2025-05-13 15:52:22,602 P698145 INFO Train loss: 0.451636
2025-05-13 15:52:22,602 P698145 INFO Evaluation @epoch 9 - batch 4477: 
2025-05-13 15:52:35,936 P698145 INFO ===
2025-05-13 15:52:35,937 P698145 INFO [Metrics] AUC: 0.811045 - logloss: 0.440671
2025-05-13 15:52:35,944 P698145 INFO Save best model: monitor(max)=0.811045
2025-05-13 15:52:36,619 P698145 INFO ************ Epoch=9 end ************
2025-05-13 15:55:34,214 P698145 INFO Train loss: 0.451575
2025-05-13 15:55:34,214 P698145 INFO Evaluation @epoch 10 - batch 4477: 
2025-05-13 15:55:47,626 P698145 INFO ===
2025-05-13 15:55:47,626 P698145 INFO [Metrics] AUC: 0.810984 - logloss: 0.440696
2025-05-13 15:55:47,636 P698145 INFO Monitor(max)=0.810984 STOP!
2025-05-13 15:55:47,636 P698145 INFO Reduce learning rate on plateau: 0.000100
2025-05-13 15:55:48,190 P698145 INFO ************ Epoch=10 end ************
2025-05-13 15:58:44,296 P698145 INFO Train loss: 0.441359
2025-05-13 15:58:44,297 P698145 INFO Evaluation @epoch 11 - batch 4477: 
2025-05-13 15:58:57,687 P698145 INFO ===
2025-05-13 15:58:57,687 P698145 INFO [Metrics] AUC: 0.814135 - logloss: 0.437749
2025-05-13 15:58:57,697 P698145 INFO Save best model: monitor(max)=0.814135
2025-05-13 15:58:58,366 P698145 INFO ************ Epoch=11 end ************
2025-05-13 16:01:54,410 P698145 INFO Train loss: 0.437343
2025-05-13 16:01:54,410 P698145 INFO Evaluation @epoch 12 - batch 4477: 
2025-05-13 16:02:07,779 P698145 INFO ===
2025-05-13 16:02:07,779 P698145 INFO [Metrics] AUC: 0.814603 - logloss: 0.437347
2025-05-13 16:02:07,789 P698145 INFO Save best model: monitor(max)=0.814603
2025-05-13 16:02:08,447 P698145 INFO ************ Epoch=12 end ************
2025-05-13 16:05:04,606 P698145 INFO Train loss: 0.435405
2025-05-13 16:05:04,607 P698145 INFO Evaluation @epoch 13 - batch 4477: 
2025-05-13 16:05:17,854 P698145 INFO ===
2025-05-13 16:05:17,854 P698145 INFO [Metrics] AUC: 0.814621 - logloss: 0.437355
2025-05-13 16:05:17,864 P698145 INFO Save best model: monitor(max)=0.814621
2025-05-13 16:05:18,527 P698145 INFO ************ Epoch=13 end ************
2025-05-13 16:08:15,272 P698145 INFO Train loss: 0.433961
2025-05-13 16:08:15,272 P698145 INFO Evaluation @epoch 14 - batch 4477: 
2025-05-13 16:08:28,661 P698145 INFO ===
2025-05-13 16:08:28,661 P698145 INFO [Metrics] AUC: 0.814396 - logloss: 0.437556
2025-05-13 16:08:28,672 P698145 INFO Monitor(max)=0.814396 STOP!
2025-05-13 16:08:28,672 P698145 INFO Reduce learning rate on plateau: 0.000010
2025-05-13 16:08:29,186 P698145 INFO ************ Epoch=14 end ************
2025-05-13 16:11:24,689 P698145 INFO Train loss: 0.429463
2025-05-13 16:11:24,689 P698145 INFO Evaluation @epoch 15 - batch 4477: 
2025-05-13 16:11:38,141 P698145 INFO ===
2025-05-13 16:11:38,141 P698145 INFO [Metrics] AUC: 0.813577 - logloss: 0.438678
2025-05-13 16:11:38,151 P698145 INFO Monitor(max)=0.813577 STOP!
2025-05-13 16:11:38,151 P698145 INFO Reduce learning rate on plateau: 0.000001
2025-05-13 16:11:38,151 P698145 INFO ********* Epoch==15 early stop *********
2025-05-13 16:11:38,693 P698145 INFO Training finished.
2025-05-13 16:11:38,693 P698145 INFO Load best model: /root/autodl-tmp/model_zoo/DCNv3/DCNv3_torch/checkpoints/Criteo_x4_10_h5/ECN_Criteo_007_9ef0ad7c.model
2025-05-13 16:11:38,754 P698145 INFO ****** Validation evaluation ******
2025-05-13 16:11:52,226 P698145 INFO ===
2025-05-13 16:11:52,226 P698145 INFO [Metrics] logloss: 0.437355 - AUC: 0.814621
2025-05-13 16:11:53,027 P698145 INFO ******** Test evaluation ********
2025-05-13 16:11:53,027 P698145 INFO Loading data...
2025-05-13 16:11:53,027 P698145 INFO Loading data from h5: ../../../data/Criteo_x4_10_h5/test.h5
2025-05-13 16:11:54,999 P698145 INFO Test samples: total/4584062, blocks/1
2025-05-13 16:11:54,999 P698145 INFO Loading test data done.
2025-05-13 16:12:06,277 P698145 INFO ===
2025-05-13 16:12:06,277 P698145 INFO [Metrics] logloss: 0.436861 - AUC: 0.815195
