2025-05-12 23:35:33,302 P248089 INFO Params: {
    "batch_norm": "False",
    "batch_size": "8192",
    "data_format": "h5",
    "data_root": "../../../data/",
    "dataset_id": "Criteo_x4_10_h5",
    "debug_mode": "False",
    "early_stop_patience": "2",
    "embedding_dim": "16",
    "embedding_regularizer": "1e-05",
    "epochs": "100",
    "eval_steps": "None",
    "exp_num_layers": "1",
    "feature_cols": "[{'active': True, 'dtype': 'float', 'fill_na': 0, 'na_value': 0, 'name': ['I1', 'I2', 'I3', 'I4', 'I5', 'I6', 'I7', 'I8', 'I9', 'I10', 'I11', 'I12', 'I13'], 'preprocess': 'convert_to_bucket', 'type': 'categorical'}, {'active': True, 'dtype': 'str', 'fill_na': '', 'na_value': '', 'name': ['C1', 'C2', 'C3', 'C4', 'C5', 'C6', 'C7', 'C8', 'C9', 'C10', 'C11', 'C12', 'C13', 'C14', 'C15', 'C16', 'C17', 'C18', 'C19', 'C20', 'C21', 'C22', 'C23', 'C24', 'C25', 'C26'], 'type': 'categorical'}]",
    "feature_config": "None",
    "feature_specs": "None",
    "gpu": "0",
    "group_id": "None",
    "label_col": "{'dtype': 'float', 'name': 'Label'}",
    "learning_rate": "0.001",
    "lin_num_layers": "3",
    "loss": "binary_crossentropy",
    "metrics": "['logloss', 'AUC']",
    "min_categr_count": "10",
    "model": "FCNv1",
    "model_id": "FCNv1_Criteo_003_3f794d11",
    "model_root": "./checkpoints/",
    "monitor": "{'AUC': 1, 'logloss': 0}",
    "monitor_mode": "max",
    "net_dropout": "0.1",
    "net_regularizer": "0",
    "num_heads": "1",
    "num_workers": "8",
    "optimizer": "adam",
    "pickle_feature_encoder": "True",
    "save_best_only": "True",
    "seed": "2024",
    "shuffle": "True",
    "task": "binary_classification",
    "test_data": "../../../data/Criteo_x4_10_h5/test.h5",
    "train_data": "../../../data/Criteo_x4_10_h5/train.h5",
    "use_features": "None",
    "valid_data": "../../../data/Criteo_x4_10_h5/valid.h5",
    "verbose": "1"
}
2025-05-12 23:35:33,303 P248089 INFO Load feature_map from json: ../../../data/Criteo_x4_10_h5/feature_map.json
2025-05-12 23:35:33,303 P248089 INFO Set column index...
2025-05-12 23:35:33,303 P248089 INFO Feature specs: {
    "C1": "{'source': '', 'type': 'categorical', 'padding_idx': 0, 'oov_idx': 1445, 'vocab_size': 1446}",
    "C10": "{'source': '', 'type': 'categorical', 'padding_idx': 0, 'oov_idx': 39529, 'vocab_size': 39530}",
    "C11": "{'source': '', 'type': 'categorical', 'padding_idx': 0, 'oov_idx': 5130, 'vocab_size': 5131}",
    "C12": "{'source': '', 'type': 'categorical', 'padding_idx': 0, 'oov_idx': 156655, 'vocab_size': 156656}",
    "C13": "{'source': '', 'type': 'categorical', 'padding_idx': 0, 'oov_idx': 3175, 'vocab_size': 3176}",
    "C14": "{'source': '', 'type': 'categorical', 'padding_idx': 0, 'oov_idx': 27, 'vocab_size': 28}",
    "C15": "{'source': '', 'type': 'categorical', 'padding_idx': 0, 'oov_idx': 11042, 'vocab_size': 11043}",
    "C16": "{'source': '', 'type': 'categorical', 'padding_idx': 0, 'oov_idx': 148912, 'vocab_size': 148913}",
    "C17": "{'source': '', 'type': 'categorical', 'padding_idx': 0, 'oov_idx': 11, 'vocab_size': 12}",
    "C18": "{'source': '', 'type': 'categorical', 'padding_idx': 0, 'oov_idx': 4559, 'vocab_size': 4560}",
    "C19": "{'source': '', 'type': 'categorical', 'padding_idx': 0, 'oov_idx': 2002, 'vocab_size': 2003}",
    "C2": "{'source': '', 'type': 'categorical', 'padding_idx': 0, 'oov_idx': 553, 'vocab_size': 554}",
    "C20": "{'source': '', 'type': 'categorical', 'padding_idx': 0, 'oov_idx': 4, 'vocab_size': 5}",
    "C21": "{'source': '', 'type': 'categorical', 'padding_idx': 0, 'oov_idx': 154563, 'vocab_size': 154564}",
    "C22": "{'source': '', 'type': 'categorical', 'padding_idx': 0, 'oov_idx': 17, 'vocab_size': 18}",
    "C23": "{'source': '', 'type': 'categorical', 'padding_idx': 0, 'oov_idx': 16, 'vocab_size': 17}",
    "C24": "{'source': '', 'type': 'categorical', 'padding_idx': 0, 'oov_idx': 53030, 'vocab_size': 53031}",
    "C25": "{'source': '', 'type': 'categorical', 'padding_idx': 0, 'oov_idx': 81, 'vocab_size': 82}",
    "C26": "{'source': '', 'type': 'categorical', 'padding_idx': 0, 'oov_idx': 40954, 'vocab_size': 40955}",
    "C3": "{'source': '', 'type': 'categorical', 'padding_idx': 0, 'oov_idx': 157338, 'vocab_size': 157339}",
    "C4": "{'source': '', 'type': 'categorical', 'padding_idx': 0, 'oov_idx': 117821, 'vocab_size': 117822}",
    "C5": "{'source': '', 'type': 'categorical', 'padding_idx': 0, 'oov_idx': 305, 'vocab_size': 306}",
    "C6": "{'source': '', 'type': 'categorical', 'padding_idx': 0, 'oov_idx': 17, 'vocab_size': 18}",
    "C7": "{'source': '', 'type': 'categorical', 'padding_idx': 0, 'oov_idx': 11881, 'vocab_size': 11882}",
    "C8": "{'source': '', 'type': 'categorical', 'padding_idx': 0, 'oov_idx': 629, 'vocab_size': 630}",
    "C9": "{'source': '', 'type': 'categorical', 'padding_idx': 0, 'oov_idx': 4, 'vocab_size': 5}",
    "I1": "{'source': '', 'type': 'categorical', 'padding_idx': 0, 'oov_idx': 43, 'vocab_size': 44}",
    "I10": "{'source': '', 'type': 'categorical', 'padding_idx': 0, 'oov_idx': 5, 'vocab_size': 6}",
    "I11": "{'source': '', 'type': 'categorical', 'padding_idx': 0, 'oov_idx': 26, 'vocab_size': 27}",
    "I12": "{'source': '', 'type': 'categorical', 'padding_idx': 0, 'oov_idx': 36, 'vocab_size': 37}",
    "I13": "{'source': '', 'type': 'categorical', 'padding_idx': 0, 'oov_idx': 71, 'vocab_size': 72}",
    "I2": "{'source': '', 'type': 'categorical', 'padding_idx': 0, 'oov_idx': 98, 'vocab_size': 99}",
    "I3": "{'source': '', 'type': 'categorical', 'padding_idx': 0, 'oov_idx': 121, 'vocab_size': 122}",
    "I4": "{'source': '', 'type': 'categorical', 'padding_idx': 0, 'oov_idx': 40, 'vocab_size': 41}",
    "I5": "{'source': '', 'type': 'categorical', 'padding_idx': 0, 'oov_idx': 219, 'vocab_size': 220}",
    "I6": "{'source': '', 'type': 'categorical', 'padding_idx': 0, 'oov_idx': 111, 'vocab_size': 112}",
    "I7": "{'source': '', 'type': 'categorical', 'padding_idx': 0, 'oov_idx': 79, 'vocab_size': 80}",
    "I8": "{'source': '', 'type': 'categorical', 'padding_idx': 0, 'oov_idx': 68, 'vocab_size': 69}",
    "I9": "{'source': '', 'type': 'categorical', 'padding_idx': 0, 'oov_idx': 91, 'vocab_size': 92}"
}
2025-05-12 23:35:37,248 P248089 INFO Total number of parameters: 15356946.
2025-05-12 23:35:37,248 P248089 INFO Loading data...
2025-05-12 23:35:37,248 P248089 INFO Loading data from h5: ../../../data/Criteo_x4_10_h5/train.h5
2025-05-12 23:35:53,931 P248089 INFO Train samples: total/36672493, blocks/1
2025-05-12 23:35:53,931 P248089 INFO Loading data from h5: ../../../data/Criteo_x4_10_h5/valid.h5
2025-05-12 23:35:56,100 P248089 INFO Validation samples: total/4584062, blocks/1
2025-05-12 23:35:56,101 P248089 INFO Loading train and validation data done.
2025-05-12 23:35:56,101 P248089 INFO Start training: 4477 batches/epoch
2025-05-12 23:35:56,101 P248089 INFO ************ Epoch=1 start ************
2025-05-12 23:38:31,571 P248089 INFO Train loss: 0.462976
2025-05-12 23:38:31,571 P248089 INFO Evaluation @epoch 1 - batch 4477: 
2025-05-12 23:38:44,169 P248089 INFO ===
2025-05-12 23:38:44,169 P248089 INFO [Metrics] AUC: 0.803369 - logloss: 0.447897
2025-05-12 23:38:44,175 P248089 INFO Save best model: monitor(max)=0.803369
2025-05-12 23:38:44,797 P248089 INFO ************ Epoch=1 end ************
2025-05-12 23:41:21,667 P248089 INFO Train loss: 0.454745
2025-05-12 23:41:21,667 P248089 INFO Evaluation @epoch 2 - batch 4477: 
2025-05-12 23:41:33,799 P248089 INFO ===
2025-05-12 23:41:33,799 P248089 INFO [Metrics] AUC: 0.807111 - logloss: 0.444298
2025-05-12 23:41:33,809 P248089 INFO Save best model: monitor(max)=0.807111
2025-05-12 23:41:34,489 P248089 INFO ************ Epoch=2 end ************
2025-05-12 23:44:10,396 P248089 INFO Train loss: 0.452921
2025-05-12 23:44:10,396 P248089 INFO Evaluation @epoch 3 - batch 4477: 
2025-05-12 23:44:22,759 P248089 INFO ===
2025-05-12 23:44:22,759 P248089 INFO [Metrics] AUC: 0.808428 - logloss: 0.443132
2025-05-12 23:44:22,769 P248089 INFO Save best model: monitor(max)=0.808428
2025-05-12 23:44:23,374 P248089 INFO ************ Epoch=3 end ************
2025-05-12 23:47:02,845 P248089 INFO Train loss: 0.452086
2025-05-12 23:47:02,846 P248089 INFO Evaluation @epoch 4 - batch 4477: 
2025-05-12 23:47:15,236 P248089 INFO ===
2025-05-12 23:47:15,236 P248089 INFO [Metrics] AUC: 0.809216 - logloss: 0.442412
2025-05-12 23:47:15,247 P248089 INFO Save best model: monitor(max)=0.809216
2025-05-12 23:47:15,907 P248089 INFO ************ Epoch=4 end ************
2025-05-12 23:49:55,173 P248089 INFO Train loss: 0.451579
2025-05-12 23:49:55,173 P248089 INFO Evaluation @epoch 5 - batch 4477: 
2025-05-12 23:50:07,394 P248089 INFO ===
2025-05-12 23:50:07,395 P248089 INFO [Metrics] AUC: 0.809782 - logloss: 0.441870
2025-05-12 23:50:07,405 P248089 INFO Save best model: monitor(max)=0.809782
2025-05-12 23:50:08,112 P248089 INFO ************ Epoch=5 end ************
2025-05-12 23:52:47,066 P248089 INFO Train loss: 0.451255
2025-05-12 23:52:47,066 P248089 INFO Evaluation @epoch 6 - batch 4477: 
2025-05-12 23:52:59,369 P248089 INFO ===
2025-05-12 23:52:59,369 P248089 INFO [Metrics] AUC: 0.809840 - logloss: 0.441785
2025-05-12 23:52:59,380 P248089 INFO Save best model: monitor(max)=0.809840
2025-05-12 23:53:00,033 P248089 INFO ************ Epoch=6 end ************
2025-05-12 23:55:42,546 P248089 INFO Train loss: 0.450962
2025-05-12 23:55:42,546 P248089 INFO Evaluation @epoch 7 - batch 4477: 
2025-05-12 23:55:54,733 P248089 INFO ===
2025-05-12 23:55:54,733 P248089 INFO [Metrics] AUC: 0.810275 - logloss: 0.441363
2025-05-12 23:55:54,741 P248089 INFO Save best model: monitor(max)=0.810275
2025-05-12 23:55:55,407 P248089 INFO ************ Epoch=7 end ************
2025-05-12 23:58:35,616 P248089 INFO Train loss: 0.450730
2025-05-12 23:58:35,616 P248089 INFO Evaluation @epoch 8 - batch 4477: 
2025-05-12 23:58:48,183 P248089 INFO ===
2025-05-12 23:58:48,183 P248089 INFO [Metrics] AUC: 0.810535 - logloss: 0.441113
2025-05-12 23:58:48,193 P248089 INFO Save best model: monitor(max)=0.810535
2025-05-12 23:58:48,844 P248089 INFO ************ Epoch=8 end ************
2025-05-13 00:01:28,453 P248089 INFO Train loss: 0.450536
2025-05-13 00:01:28,454 P248089 INFO Evaluation @epoch 9 - batch 4477: 
2025-05-13 00:01:40,799 P248089 INFO ===
2025-05-13 00:01:40,799 P248089 INFO [Metrics] AUC: 0.810678 - logloss: 0.440998
2025-05-13 00:01:40,809 P248089 INFO Save best model: monitor(max)=0.810678
2025-05-13 00:01:41,458 P248089 INFO ************ Epoch=9 end ************
2025-05-13 00:04:19,894 P248089 INFO Train loss: 0.450395
2025-05-13 00:04:19,895 P248089 INFO Evaluation @epoch 10 - batch 4477: 
2025-05-13 00:04:32,163 P248089 INFO ===
2025-05-13 00:04:32,163 P248089 INFO [Metrics] AUC: 0.810596 - logloss: 0.441026
2025-05-13 00:04:32,175 P248089 INFO Monitor(max)=0.810596 STOP!
2025-05-13 00:04:32,175 P248089 INFO Reduce learning rate on plateau: 0.000100
2025-05-13 00:04:32,776 P248089 INFO ************ Epoch=10 end ************
2025-05-13 00:07:09,984 P248089 INFO Train loss: 0.441340
2025-05-13 00:07:09,985 P248089 INFO Evaluation @epoch 11 - batch 4477: 
2025-05-13 00:07:22,290 P248089 INFO ===
2025-05-13 00:07:22,290 P248089 INFO [Metrics] AUC: 0.813684 - logloss: 0.438206
2025-05-13 00:07:22,301 P248089 INFO Save best model: monitor(max)=0.813684
2025-05-13 00:07:22,957 P248089 INFO ************ Epoch=11 end ************
2025-05-13 00:10:03,574 P248089 INFO Train loss: 0.438121
2025-05-13 00:10:03,574 P248089 INFO Evaluation @epoch 12 - batch 4477: 
2025-05-13 00:10:15,961 P248089 INFO ===
2025-05-13 00:10:15,961 P248089 INFO [Metrics] AUC: 0.814128 - logloss: 0.437818
2025-05-13 00:10:15,971 P248089 INFO Save best model: monitor(max)=0.814128
2025-05-13 00:10:16,600 P248089 INFO ************ Epoch=12 end ************
2025-05-13 00:12:56,848 P248089 INFO Train loss: 0.436650
2025-05-13 00:12:56,848 P248089 INFO Evaluation @epoch 13 - batch 4477: 
2025-05-13 00:13:09,477 P248089 INFO ===
2025-05-13 00:13:09,477 P248089 INFO [Metrics] AUC: 0.814293 - logloss: 0.437706
2025-05-13 00:13:09,487 P248089 INFO Save best model: monitor(max)=0.814293
2025-05-13 00:13:10,090 P248089 INFO ************ Epoch=13 end ************
2025-05-13 00:15:48,407 P248089 INFO Train loss: 0.435556
2025-05-13 00:15:48,407 P248089 INFO Evaluation @epoch 14 - batch 4477: 
2025-05-13 00:16:00,616 P248089 INFO ===
2025-05-13 00:16:00,617 P248089 INFO [Metrics] AUC: 0.814228 - logloss: 0.437786
2025-05-13 00:16:00,627 P248089 INFO Monitor(max)=0.814228 STOP!
2025-05-13 00:16:00,627 P248089 INFO Reduce learning rate on plateau: 0.000010
2025-05-13 00:16:01,207 P248089 INFO ************ Epoch=14 end ************
2025-05-13 00:18:40,248 P248089 INFO Train loss: 0.432392
2025-05-13 00:18:40,249 P248089 INFO Evaluation @epoch 15 - batch 4477: 
2025-05-13 00:18:52,496 P248089 INFO ===
2025-05-13 00:18:52,496 P248089 INFO [Metrics] AUC: 0.814248 - logloss: 0.437897
2025-05-13 00:18:52,506 P248089 INFO Monitor(max)=0.814248 STOP!
2025-05-13 00:18:52,507 P248089 INFO Reduce learning rate on plateau: 0.000001
2025-05-13 00:18:52,507 P248089 INFO ********* Epoch==15 early stop *********
2025-05-13 00:18:53,114 P248089 INFO Training finished.
2025-05-13 00:18:53,115 P248089 INFO Load best model: /root/autodl-tmp/model_zoo/DCNv3/DCNv3_torch/checkpoints/Criteo_x4_10_h5/FCNv1_Criteo_003_3f794d11.model
2025-05-13 00:18:53,168 P248089 INFO ****** Validation evaluation ******
2025-05-13 00:19:05,383 P248089 INFO ===
2025-05-13 00:19:05,383 P248089 INFO [Metrics] logloss: 0.437706 - AUC: 0.814293
2025-05-13 00:19:06,091 P248089 INFO ******** Test evaluation ********
2025-05-13 00:19:06,091 P248089 INFO Loading data...
2025-05-13 00:19:06,092 P248089 INFO Loading data from h5: ../../../data/Criteo_x4_10_h5/test.h5
2025-05-13 00:19:08,167 P248089 INFO Test samples: total/4584062, blocks/1
2025-05-13 00:19:08,167 P248089 INFO Loading test data done.
2025-05-13 00:19:18,950 P248089 INFO ===
2025-05-13 00:19:18,950 P248089 INFO [Metrics] logloss: 0.437335 - AUC: 0.814710
