2025-05-12 23:51:21,251 P320503 INFO Params: {
    "batch_norm": "False",
    "batch_size": "8192",
    "data_format": "h5",
    "data_root": "../../../data/",
    "dataset_id": "Criteo_x4_10_h5",
    "debug_mode": "False",
    "early_stop_patience": "2",
    "embedding_dim": "16",
    "embedding_regularizer": "1e-05",
    "epochs": "100",
    "eval_steps": "None",
    "exp_num_layers": "1",
    "feature_cols": "[{'active': True, 'dtype': 'float', 'fill_na': 0, 'na_value': 0, 'name': ['I1', 'I2', 'I3', 'I4', 'I5', 'I6', 'I7', 'I8', 'I9', 'I10', 'I11', 'I12', 'I13'], 'preprocess': 'convert_to_bucket', 'type': 'categorical'}, {'active': True, 'dtype': 'str', 'fill_na': '', 'na_value': '', 'name': ['C1', 'C2', 'C3', 'C4', 'C5', 'C6', 'C7', 'C8', 'C9', 'C10', 'C11', 'C12', 'C13', 'C14', 'C15', 'C16', 'C17', 'C18', 'C19', 'C20', 'C21', 'C22', 'C23', 'C24', 'C25', 'C26'], 'type': 'categorical'}]",
    "feature_config": "None",
    "feature_specs": "None",
    "gpu": "2",
    "group_id": "None",
    "label_col": "{'dtype': 'float', 'name': 'Label'}",
    "learning_rate": "0.001",
    "lin_num_layers": "4",
    "loss": "binary_crossentropy",
    "metrics": "['logloss', 'AUC']",
    "min_categr_count": "10",
    "model": "FCNv2",
    "model_id": "FCNv2_Criteo_004_cde6d2ff",
    "model_root": "./checkpoints/",
    "monitor": "{'AUC': 1, 'logloss': 0}",
    "monitor_mode": "max",
    "net_dropout": "0.1",
    "net_regularizer": "0",
    "num_heads": "1",
    "num_workers": "8",
    "optimizer": "adam",
    "pickle_feature_encoder": "True",
    "save_best_only": "True",
    "seed": "2025",
    "shuffle": "True",
    "task": "binary_classification",
    "test_data": "../../../data/Criteo_x4_10_h5/test.h5",
    "train_data": "../../../data/Criteo_x4_10_h5/train.h5",
    "use_features": "None",
    "valid_data": "../../../data/Criteo_x4_10_h5/valid.h5",
    "verbose": "1"
}
2025-05-12 23:51:21,251 P320503 INFO Load feature_map from json: ../../../data/Criteo_x4_10_h5/feature_map.json
2025-05-12 23:51:21,251 P320503 INFO Set column index...
2025-05-12 23:51:21,251 P320503 INFO Feature specs: {
    "C1": "{'source': '', 'type': 'categorical', 'padding_idx': 0, 'oov_idx': 1445, 'vocab_size': 1446}",
    "C10": "{'source': '', 'type': 'categorical', 'padding_idx': 0, 'oov_idx': 39529, 'vocab_size': 39530}",
    "C11": "{'source': '', 'type': 'categorical', 'padding_idx': 0, 'oov_idx': 5130, 'vocab_size': 5131}",
    "C12": "{'source': '', 'type': 'categorical', 'padding_idx': 0, 'oov_idx': 156655, 'vocab_size': 156656}",
    "C13": "{'source': '', 'type': 'categorical', 'padding_idx': 0, 'oov_idx': 3175, 'vocab_size': 3176}",
    "C14": "{'source': '', 'type': 'categorical', 'padding_idx': 0, 'oov_idx': 27, 'vocab_size': 28}",
    "C15": "{'source': '', 'type': 'categorical', 'padding_idx': 0, 'oov_idx': 11042, 'vocab_size': 11043}",
    "C16": "{'source': '', 'type': 'categorical', 'padding_idx': 0, 'oov_idx': 148912, 'vocab_size': 148913}",
    "C17": "{'source': '', 'type': 'categorical', 'padding_idx': 0, 'oov_idx': 11, 'vocab_size': 12}",
    "C18": "{'source': '', 'type': 'categorical', 'padding_idx': 0, 'oov_idx': 4559, 'vocab_size': 4560}",
    "C19": "{'source': '', 'type': 'categorical', 'padding_idx': 0, 'oov_idx': 2002, 'vocab_size': 2003}",
    "C2": "{'source': '', 'type': 'categorical', 'padding_idx': 0, 'oov_idx': 553, 'vocab_size': 554}",
    "C20": "{'source': '', 'type': 'categorical', 'padding_idx': 0, 'oov_idx': 4, 'vocab_size': 5}",
    "C21": "{'source': '', 'type': 'categorical', 'padding_idx': 0, 'oov_idx': 154563, 'vocab_size': 154564}",
    "C22": "{'source': '', 'type': 'categorical', 'padding_idx': 0, 'oov_idx': 17, 'vocab_size': 18}",
    "C23": "{'source': '', 'type': 'categorical', 'padding_idx': 0, 'oov_idx': 16, 'vocab_size': 17}",
    "C24": "{'source': '', 'type': 'categorical', 'padding_idx': 0, 'oov_idx': 53030, 'vocab_size': 53031}",
    "C25": "{'source': '', 'type': 'categorical', 'padding_idx': 0, 'oov_idx': 81, 'vocab_size': 82}",
    "C26": "{'source': '', 'type': 'categorical', 'padding_idx': 0, 'oov_idx': 40954, 'vocab_size': 40955}",
    "C3": "{'source': '', 'type': 'categorical', 'padding_idx': 0, 'oov_idx': 157338, 'vocab_size': 157339}",
    "C4": "{'source': '', 'type': 'categorical', 'padding_idx': 0, 'oov_idx': 117821, 'vocab_size': 117822}",
    "C5": "{'source': '', 'type': 'categorical', 'padding_idx': 0, 'oov_idx': 305, 'vocab_size': 306}",
    "C6": "{'source': '', 'type': 'categorical', 'padding_idx': 0, 'oov_idx': 17, 'vocab_size': 18}",
    "C7": "{'source': '', 'type': 'categorical', 'padding_idx': 0, 'oov_idx': 11881, 'vocab_size': 11882}",
    "C8": "{'source': '', 'type': 'categorical', 'padding_idx': 0, 'oov_idx': 629, 'vocab_size': 630}",
    "C9": "{'source': '', 'type': 'categorical', 'padding_idx': 0, 'oov_idx': 4, 'vocab_size': 5}",
    "I1": "{'source': '', 'type': 'categorical', 'padding_idx': 0, 'oov_idx': 43, 'vocab_size': 44}",
    "I10": "{'source': '', 'type': 'categorical', 'padding_idx': 0, 'oov_idx': 5, 'vocab_size': 6}",
    "I11": "{'source': '', 'type': 'categorical', 'padding_idx': 0, 'oov_idx': 26, 'vocab_size': 27}",
    "I12": "{'source': '', 'type': 'categorical', 'padding_idx': 0, 'oov_idx': 36, 'vocab_size': 37}",
    "I13": "{'source': '', 'type': 'categorical', 'padding_idx': 0, 'oov_idx': 71, 'vocab_size': 72}",
    "I2": "{'source': '', 'type': 'categorical', 'padding_idx': 0, 'oov_idx': 98, 'vocab_size': 99}",
    "I3": "{'source': '', 'type': 'categorical', 'padding_idx': 0, 'oov_idx': 121, 'vocab_size': 122}",
    "I4": "{'source': '', 'type': 'categorical', 'padding_idx': 0, 'oov_idx': 40, 'vocab_size': 41}",
    "I5": "{'source': '', 'type': 'categorical', 'padding_idx': 0, 'oov_idx': 219, 'vocab_size': 220}",
    "I6": "{'source': '', 'type': 'categorical', 'padding_idx': 0, 'oov_idx': 111, 'vocab_size': 112}",
    "I7": "{'source': '', 'type': 'categorical', 'padding_idx': 0, 'oov_idx': 79, 'vocab_size': 80}",
    "I8": "{'source': '', 'type': 'categorical', 'padding_idx': 0, 'oov_idx': 68, 'vocab_size': 69}",
    "I9": "{'source': '', 'type': 'categorical', 'padding_idx': 0, 'oov_idx': 91, 'vocab_size': 92}"
}
2025-05-12 23:51:25,229 P320503 INFO Total number of parameters: 16532562.
2025-05-12 23:51:25,230 P320503 INFO Loading data...
2025-05-12 23:51:25,230 P320503 INFO Loading data from h5: ../../../data/Criteo_x4_10_h5/train.h5
2025-05-12 23:51:41,885 P320503 INFO Train samples: total/36672493, blocks/1
2025-05-12 23:51:41,885 P320503 INFO Loading data from h5: ../../../data/Criteo_x4_10_h5/valid.h5
2025-05-12 23:51:44,080 P320503 INFO Validation samples: total/4584062, blocks/1
2025-05-12 23:51:44,080 P320503 INFO Loading train and validation data done.
2025-05-12 23:51:44,081 P320503 INFO Start training: 4477 batches/epoch
2025-05-12 23:51:44,081 P320503 INFO ************ Epoch=1 start ************
2025-05-12 23:55:00,763 P320503 INFO Train loss: 0.461335
2025-05-12 23:55:00,763 P320503 INFO Evaluation @epoch 1 - batch 4477: 
2025-05-12 23:55:15,361 P320503 INFO ===
2025-05-12 23:55:15,361 P320503 INFO [Metrics] AUC: 0.805517 - logloss: 0.445837
2025-05-12 23:55:15,367 P320503 INFO Save best model: monitor(max)=0.805517
2025-05-12 23:55:16,052 P320503 INFO ************ Epoch=1 end ************
2025-05-12 23:58:32,113 P320503 INFO Train loss: 0.454016
2025-05-12 23:58:32,113 P320503 INFO Evaluation @epoch 2 - batch 4477: 
2025-05-12 23:58:45,341 P320503 INFO ===
2025-05-12 23:58:45,342 P320503 INFO [Metrics] AUC: 0.808604 - logloss: 0.442858
2025-05-12 23:58:45,352 P320503 INFO Save best model: monitor(max)=0.808604
2025-05-12 23:58:45,970 P320503 INFO ************ Epoch=2 end ************
2025-05-13 00:02:02,619 P320503 INFO Train loss: 0.451985
2025-05-13 00:02:02,619 P320503 INFO Evaluation @epoch 3 - batch 4477: 
2025-05-13 00:02:15,650 P320503 INFO ===
2025-05-13 00:02:15,650 P320503 INFO [Metrics] AUC: 0.810012 - logloss: 0.441620
2025-05-13 00:02:15,661 P320503 INFO Save best model: monitor(max)=0.810012
2025-05-13 00:02:16,330 P320503 INFO ************ Epoch=3 end ************
2025-05-13 00:05:29,274 P320503 INFO Train loss: 0.450891
2025-05-13 00:05:29,274 P320503 INFO Evaluation @epoch 4 - batch 4477: 
2025-05-13 00:05:42,446 P320503 INFO ===
2025-05-13 00:05:42,446 P320503 INFO [Metrics] AUC: 0.810786 - logloss: 0.440847
2025-05-13 00:05:42,456 P320503 INFO Save best model: monitor(max)=0.810786
2025-05-13 00:05:43,131 P320503 INFO ************ Epoch=4 end ************
2025-05-13 00:08:58,880 P320503 INFO Train loss: 0.450216
2025-05-13 00:08:58,880 P320503 INFO Evaluation @epoch 5 - batch 4477: 
2025-05-13 00:09:12,014 P320503 INFO ===
2025-05-13 00:09:12,015 P320503 INFO [Metrics] AUC: 0.811061 - logloss: 0.440646
2025-05-13 00:09:12,026 P320503 INFO Save best model: monitor(max)=0.811061
2025-05-13 00:09:12,659 P320503 INFO ************ Epoch=5 end ************
2025-05-13 00:12:28,299 P320503 INFO Train loss: 0.449729
2025-05-13 00:12:28,299 P320503 INFO Evaluation @epoch 6 - batch 4477: 
2025-05-13 00:12:41,678 P320503 INFO ===
2025-05-13 00:12:41,678 P320503 INFO [Metrics] AUC: 0.811489 - logloss: 0.440149
2025-05-13 00:12:41,689 P320503 INFO Save best model: monitor(max)=0.811489
2025-05-13 00:12:42,318 P320503 INFO ************ Epoch=6 end ************
2025-05-13 00:15:56,989 P320503 INFO Train loss: 0.449297
2025-05-13 00:15:56,989 P320503 INFO Evaluation @epoch 7 - batch 4477: 
2025-05-13 00:16:10,156 P320503 INFO ===
2025-05-13 00:16:10,156 P320503 INFO [Metrics] AUC: 0.811563 - logloss: 0.440103
2025-05-13 00:16:10,167 P320503 INFO Save best model: monitor(max)=0.811563
2025-05-13 00:16:10,806 P320503 INFO ************ Epoch=7 end ************
2025-05-13 00:19:25,923 P320503 INFO Train loss: 0.448948
2025-05-13 00:19:25,924 P320503 INFO Evaluation @epoch 8 - batch 4477: 
2025-05-13 00:19:39,024 P320503 INFO ===
2025-05-13 00:19:39,024 P320503 INFO [Metrics] AUC: 0.811776 - logloss: 0.439983
2025-05-13 00:19:39,032 P320503 INFO Save best model: monitor(max)=0.811776
2025-05-13 00:19:39,719 P320503 INFO ************ Epoch=8 end ************
2025-05-13 00:22:56,376 P320503 INFO Train loss: 0.448681
2025-05-13 00:22:56,376 P320503 INFO Evaluation @epoch 9 - batch 4477: 
2025-05-13 00:23:09,555 P320503 INFO ===
2025-05-13 00:23:09,555 P320503 INFO [Metrics] AUC: 0.812086 - logloss: 0.439632
2025-05-13 00:23:09,566 P320503 INFO Save best model: monitor(max)=0.812086
2025-05-13 00:23:10,257 P320503 INFO ************ Epoch=9 end ************
2025-05-13 00:26:26,387 P320503 INFO Train loss: 0.448380
2025-05-13 00:26:26,387 P320503 INFO Evaluation @epoch 10 - batch 4477: 
2025-05-13 00:26:39,774 P320503 INFO ===
2025-05-13 00:26:39,774 P320503 INFO [Metrics] AUC: 0.812069 - logloss: 0.439666
2025-05-13 00:26:39,783 P320503 INFO Monitor(max)=0.812069 STOP!
2025-05-13 00:26:39,783 P320503 INFO Reduce learning rate on plateau: 0.000100
2025-05-13 00:26:40,378 P320503 INFO ************ Epoch=10 end ************
2025-05-13 00:29:57,805 P320503 INFO Train loss: 0.438140
2025-05-13 00:29:57,805 P320503 INFO Evaluation @epoch 11 - batch 4477: 
2025-05-13 00:30:10,997 P320503 INFO ===
2025-05-13 00:30:10,998 P320503 INFO [Metrics] AUC: 0.814851 - logloss: 0.437133
2025-05-13 00:30:11,006 P320503 INFO Save best model: monitor(max)=0.814851
2025-05-13 00:30:11,668 P320503 INFO ************ Epoch=11 end ************
2025-05-13 00:33:27,567 P320503 INFO Train loss: 0.434461
2025-05-13 00:33:27,567 P320503 INFO Evaluation @epoch 12 - batch 4477: 
2025-05-13 00:33:41,047 P320503 INFO ===
2025-05-13 00:33:41,047 P320503 INFO [Metrics] AUC: 0.815202 - logloss: 0.436881
2025-05-13 00:33:41,057 P320503 INFO Save best model: monitor(max)=0.815202
2025-05-13 00:33:41,702 P320503 INFO ************ Epoch=12 end ************
2025-05-13 00:36:59,573 P320503 INFO Train loss: 0.432784
2025-05-13 00:36:59,574 P320503 INFO Evaluation @epoch 13 - batch 4477: 
2025-05-13 00:37:13,200 P320503 INFO ===
2025-05-13 00:37:13,200 P320503 INFO [Metrics] AUC: 0.815221 - logloss: 0.436896
2025-05-13 00:37:13,211 P320503 INFO Save best model: monitor(max)=0.815221
2025-05-13 00:37:13,891 P320503 INFO ************ Epoch=13 end ************
2025-05-13 00:40:31,003 P320503 INFO Train loss: 0.431541
2025-05-13 00:40:31,004 P320503 INFO Evaluation @epoch 14 - batch 4477: 
2025-05-13 00:40:44,712 P320503 INFO ===
2025-05-13 00:40:44,712 P320503 INFO [Metrics] AUC: 0.815102 - logloss: 0.437021
2025-05-13 00:40:44,723 P320503 INFO Monitor(max)=0.815102 STOP!
2025-05-13 00:40:44,723 P320503 INFO Reduce learning rate on plateau: 0.000010
2025-05-13 00:40:45,301 P320503 INFO ************ Epoch=14 end ************
2025-05-13 00:44:00,170 P320503 INFO Train loss: 0.427734
2025-05-13 00:44:00,170 P320503 INFO Evaluation @epoch 15 - batch 4477: 
2025-05-13 00:44:13,891 P320503 INFO ===
2025-05-13 00:44:13,892 P320503 INFO [Metrics] AUC: 0.814783 - logloss: 0.437672
2025-05-13 00:44:13,902 P320503 INFO Monitor(max)=0.814783 STOP!
2025-05-13 00:44:13,902 P320503 INFO Reduce learning rate on plateau: 0.000001
2025-05-13 00:44:13,903 P320503 INFO ********* Epoch==15 early stop *********
2025-05-13 00:44:14,523 P320503 INFO Training finished.
2025-05-13 00:44:14,523 P320503 INFO Load best model: /root/autodl-tmp/model_zoo/DCNv3/DCNv3_torch/checkpoints/Criteo_x4_10_h5/FCNv2_Criteo_004_cde6d2ff.model
2025-05-13 00:44:14,581 P320503 INFO ****** Validation evaluation ******
2025-05-13 00:44:28,119 P320503 INFO ===
2025-05-13 00:44:28,119 P320503 INFO [Metrics] logloss: 0.436896 - AUC: 0.815221
2025-05-13 00:44:28,889 P320503 INFO ******** Test evaluation ********
2025-05-13 00:44:28,890 P320503 INFO Loading data...
2025-05-13 00:44:28,890 P320503 INFO Loading data from h5: ../../../data/Criteo_x4_10_h5/test.h5
2025-05-13 00:44:30,990 P320503 INFO Test samples: total/4584062, blocks/1
2025-05-13 00:44:30,990 P320503 INFO Loading test data done.
2025-05-13 00:44:42,859 P320503 INFO ===
2025-05-13 00:44:42,859 P320503 INFO [Metrics] logloss: 0.436459 - AUC: 0.815729
