2025-05-13 07:00:20,850 P32225 INFO Params: {
    "batch_norm": "False",
    "batch_size": "8192",
    "data_format": "h5",
    "data_root": "../../../data/",
    "dataset_id": "Criteo_x4_10_h5",
    "debug_mode": "False",
    "early_stop_patience": "2",
    "embedding_dim": "16",
    "embedding_regularizer": "1e-05",
    "epochs": "100",
    "eval_steps": "None",
    "exp_num_layers": "4",
    "feature_cols": "[{'active': True, 'dtype': 'float', 'fill_na': 0, 'na_value': 0, 'name': ['I1', 'I2', 'I3', 'I4', 'I5', 'I6', 'I7', 'I8', 'I9', 'I10', 'I11', 'I12', 'I13'], 'preprocess': 'convert_to_bucket', 'type': 'categorical'}, {'active': True, 'dtype': 'str', 'fill_na': '', 'na_value': '', 'name': ['C1', 'C2', 'C3', 'C4', 'C5', 'C6', 'C7', 'C8', 'C9', 'C10', 'C11', 'C12', 'C13', 'C14', 'C15', 'C16', 'C17', 'C18', 'C19', 'C20', 'C21', 'C22', 'C23', 'C24', 'C25', 'C26'], 'type': 'categorical'}]",
    "feature_config": "None",
    "feature_specs": "None",
    "gpu": "1",
    "group_id": "None",
    "label_col": "{'dtype': 'float', 'name': 'Label'}",
    "learning_rate": "0.001",
    "lin_num_layers": "4",
    "loss": "binary_crossentropy",
    "metrics": "['logloss', 'AUC']",
    "min_categr_count": "10",
    "model": "FCNv1",
    "model_id": "FCNv1_Criteo_019_977364ed",
    "model_root": "./checkpoints/",
    "monitor": "{'AUC': 1, 'logloss': 0}",
    "monitor_mode": "max",
    "net_dropout": "0.1",
    "net_regularizer": "0",
    "num_heads": "1",
    "num_workers": "8",
    "optimizer": "adam",
    "pickle_feature_encoder": "True",
    "save_best_only": "True",
    "seed": "2024",
    "shuffle": "True",
    "task": "binary_classification",
    "test_data": "../../../data/Criteo_x4_10_h5/test.h5",
    "train_data": "../../../data/Criteo_x4_10_h5/train.h5",
    "use_features": "None",
    "valid_data": "../../../data/Criteo_x4_10_h5/valid.h5",
    "verbose": "1"
}
2025-05-13 07:00:20,850 P32225 INFO Load feature_map from json: ../../../data/Criteo_x4_10_h5/feature_map.json
2025-05-13 07:00:20,851 P32225 INFO Set column index...
2025-05-13 07:00:20,851 P32225 INFO Feature specs: {
    "C1": "{'source': '', 'type': 'categorical', 'padding_idx': 0, 'oov_idx': 1445, 'vocab_size': 1446}",
    "C10": "{'source': '', 'type': 'categorical', 'padding_idx': 0, 'oov_idx': 39529, 'vocab_size': 39530}",
    "C11": "{'source': '', 'type': 'categorical', 'padding_idx': 0, 'oov_idx': 5130, 'vocab_size': 5131}",
    "C12": "{'source': '', 'type': 'categorical', 'padding_idx': 0, 'oov_idx': 156655, 'vocab_size': 156656}",
    "C13": "{'source': '', 'type': 'categorical', 'padding_idx': 0, 'oov_idx': 3175, 'vocab_size': 3176}",
    "C14": "{'source': '', 'type': 'categorical', 'padding_idx': 0, 'oov_idx': 27, 'vocab_size': 28}",
    "C15": "{'source': '', 'type': 'categorical', 'padding_idx': 0, 'oov_idx': 11042, 'vocab_size': 11043}",
    "C16": "{'source': '', 'type': 'categorical', 'padding_idx': 0, 'oov_idx': 148912, 'vocab_size': 148913}",
    "C17": "{'source': '', 'type': 'categorical', 'padding_idx': 0, 'oov_idx': 11, 'vocab_size': 12}",
    "C18": "{'source': '', 'type': 'categorical', 'padding_idx': 0, 'oov_idx': 4559, 'vocab_size': 4560}",
    "C19": "{'source': '', 'type': 'categorical', 'padding_idx': 0, 'oov_idx': 2002, 'vocab_size': 2003}",
    "C2": "{'source': '', 'type': 'categorical', 'padding_idx': 0, 'oov_idx': 553, 'vocab_size': 554}",
    "C20": "{'source': '', 'type': 'categorical', 'padding_idx': 0, 'oov_idx': 4, 'vocab_size': 5}",
    "C21": "{'source': '', 'type': 'categorical', 'padding_idx': 0, 'oov_idx': 154563, 'vocab_size': 154564}",
    "C22": "{'source': '', 'type': 'categorical', 'padding_idx': 0, 'oov_idx': 17, 'vocab_size': 18}",
    "C23": "{'source': '', 'type': 'categorical', 'padding_idx': 0, 'oov_idx': 16, 'vocab_size': 17}",
    "C24": "{'source': '', 'type': 'categorical', 'padding_idx': 0, 'oov_idx': 53030, 'vocab_size': 53031}",
    "C25": "{'source': '', 'type': 'categorical', 'padding_idx': 0, 'oov_idx': 81, 'vocab_size': 82}",
    "C26": "{'source': '', 'type': 'categorical', 'padding_idx': 0, 'oov_idx': 40954, 'vocab_size': 40955}",
    "C3": "{'source': '', 'type': 'categorical', 'padding_idx': 0, 'oov_idx': 157338, 'vocab_size': 157339}",
    "C4": "{'source': '', 'type': 'categorical', 'padding_idx': 0, 'oov_idx': 117821, 'vocab_size': 117822}",
    "C5": "{'source': '', 'type': 'categorical', 'padding_idx': 0, 'oov_idx': 305, 'vocab_size': 306}",
    "C6": "{'source': '', 'type': 'categorical', 'padding_idx': 0, 'oov_idx': 17, 'vocab_size': 18}",
    "C7": "{'source': '', 'type': 'categorical', 'padding_idx': 0, 'oov_idx': 11881, 'vocab_size': 11882}",
    "C8": "{'source': '', 'type': 'categorical', 'padding_idx': 0, 'oov_idx': 629, 'vocab_size': 630}",
    "C9": "{'source': '', 'type': 'categorical', 'padding_idx': 0, 'oov_idx': 4, 'vocab_size': 5}",
    "I1": "{'source': '', 'type': 'categorical', 'padding_idx': 0, 'oov_idx': 43, 'vocab_size': 44}",
    "I10": "{'source': '', 'type': 'categorical', 'padding_idx': 0, 'oov_idx': 5, 'vocab_size': 6}",
    "I11": "{'source': '', 'type': 'categorical', 'padding_idx': 0, 'oov_idx': 26, 'vocab_size': 27}",
    "I12": "{'source': '', 'type': 'categorical', 'padding_idx': 0, 'oov_idx': 36, 'vocab_size': 37}",
    "I13": "{'source': '', 'type': 'categorical', 'padding_idx': 0, 'oov_idx': 71, 'vocab_size': 72}",
    "I2": "{'source': '', 'type': 'categorical', 'padding_idx': 0, 'oov_idx': 98, 'vocab_size': 99}",
    "I3": "{'source': '', 'type': 'categorical', 'padding_idx': 0, 'oov_idx': 121, 'vocab_size': 122}",
    "I4": "{'source': '', 'type': 'categorical', 'padding_idx': 0, 'oov_idx': 40, 'vocab_size': 41}",
    "I5": "{'source': '', 'type': 'categorical', 'padding_idx': 0, 'oov_idx': 219, 'vocab_size': 220}",
    "I6": "{'source': '', 'type': 'categorical', 'padding_idx': 0, 'oov_idx': 111, 'vocab_size': 112}",
    "I7": "{'source': '', 'type': 'categorical', 'padding_idx': 0, 'oov_idx': 79, 'vocab_size': 80}",
    "I8": "{'source': '', 'type': 'categorical', 'padding_idx': 0, 'oov_idx': 68, 'vocab_size': 69}",
    "I9": "{'source': '', 'type': 'categorical', 'padding_idx': 0, 'oov_idx': 91, 'vocab_size': 92}"
}
2025-05-13 07:00:24,784 P32225 INFO Total number of parameters: 16140690.
2025-05-13 07:00:24,784 P32225 INFO Loading data...
2025-05-13 07:00:24,784 P32225 INFO Loading data from h5: ../../../data/Criteo_x4_10_h5/train.h5
2025-05-13 07:00:41,429 P32225 INFO Train samples: total/36672493, blocks/1
2025-05-13 07:00:41,429 P32225 INFO Loading data from h5: ../../../data/Criteo_x4_10_h5/valid.h5
2025-05-13 07:00:43,528 P32225 INFO Validation samples: total/4584062, blocks/1
2025-05-13 07:00:43,528 P32225 INFO Loading train and validation data done.
2025-05-13 07:00:43,528 P32225 INFO Start training: 4477 batches/epoch
2025-05-13 07:00:43,528 P32225 INFO ************ Epoch=1 start ************
2025-05-13 07:03:43,982 P32225 INFO Train loss: 0.461548
2025-05-13 07:03:43,982 P32225 INFO Evaluation @epoch 1 - batch 4477: 
2025-05-13 07:03:57,965 P32225 INFO ===
2025-05-13 07:03:57,965 P32225 INFO [Metrics] AUC: 0.805225 - logloss: 0.445909
2025-05-13 07:03:57,971 P32225 INFO Save best model: monitor(max)=0.805225
2025-05-13 07:03:58,600 P32225 INFO ************ Epoch=1 end ************
2025-05-13 07:06:59,877 P32225 INFO Train loss: 0.454391
2025-05-13 07:06:59,877 P32225 INFO Evaluation @epoch 2 - batch 4477: 
2025-05-13 07:07:13,534 P32225 INFO ===
2025-05-13 07:07:13,535 P32225 INFO [Metrics] AUC: 0.808551 - logloss: 0.442966
2025-05-13 07:07:13,545 P32225 INFO Save best model: monitor(max)=0.808551
2025-05-13 07:07:14,197 P32225 INFO ************ Epoch=2 end ************
2025-05-13 07:10:14,450 P32225 INFO Train loss: 0.452324
2025-05-13 07:10:14,450 P32225 INFO Evaluation @epoch 3 - batch 4477: 
2025-05-13 07:10:28,077 P32225 INFO ===
2025-05-13 07:10:28,077 P32225 INFO [Metrics] AUC: 0.809672 - logloss: 0.441867
2025-05-13 07:10:28,087 P32225 INFO Save best model: monitor(max)=0.809672
2025-05-13 07:10:28,686 P32225 INFO ************ Epoch=3 end ************
2025-05-13 07:13:29,736 P32225 INFO Train loss: 0.451269
2025-05-13 07:13:29,736 P32225 INFO Evaluation @epoch 4 - batch 4477: 
2025-05-13 07:13:43,505 P32225 INFO ===
2025-05-13 07:13:43,505 P32225 INFO [Metrics] AUC: 0.810377 - logloss: 0.441243
2025-05-13 07:13:43,515 P32225 INFO Save best model: monitor(max)=0.810377
2025-05-13 07:13:44,188 P32225 INFO ************ Epoch=4 end ************
2025-05-13 07:16:45,584 P32225 INFO Train loss: 0.450600
2025-05-13 07:16:45,585 P32225 INFO Evaluation @epoch 5 - batch 4477: 
2025-05-13 07:16:59,160 P32225 INFO ===
2025-05-13 07:16:59,160 P32225 INFO [Metrics] AUC: 0.810998 - logloss: 0.440633
2025-05-13 07:16:59,170 P32225 INFO Save best model: monitor(max)=0.810998
2025-05-13 07:16:59,924 P32225 INFO ************ Epoch=5 end ************
2025-05-13 07:20:00,724 P32225 INFO Train loss: 0.450087
2025-05-13 07:20:00,724 P32225 INFO Evaluation @epoch 6 - batch 4477: 
2025-05-13 07:20:14,276 P32225 INFO ===
2025-05-13 07:20:14,277 P32225 INFO [Metrics] AUC: 0.811233 - logloss: 0.440403
2025-05-13 07:20:14,287 P32225 INFO Save best model: monitor(max)=0.811233
2025-05-13 07:20:14,992 P32225 INFO ************ Epoch=6 end ************
2025-05-13 07:23:16,591 P32225 INFO Train loss: 0.449688
2025-05-13 07:23:16,591 P32225 INFO Evaluation @epoch 7 - batch 4477: 
2025-05-13 07:23:29,993 P32225 INFO ===
2025-05-13 07:23:29,993 P32225 INFO [Metrics] AUC: 0.811680 - logloss: 0.440008
2025-05-13 07:23:30,003 P32225 INFO Save best model: monitor(max)=0.811680
2025-05-13 07:23:30,748 P32225 INFO ************ Epoch=7 end ************
2025-05-13 07:26:32,246 P32225 INFO Train loss: 0.449363
2025-05-13 07:26:32,246 P32225 INFO Evaluation @epoch 8 - batch 4477: 
2025-05-13 07:26:45,949 P32225 INFO ===
2025-05-13 07:26:45,949 P32225 INFO [Metrics] AUC: 0.811927 - logloss: 0.439739
2025-05-13 07:26:45,959 P32225 INFO Save best model: monitor(max)=0.811927
2025-05-13 07:26:46,716 P32225 INFO ************ Epoch=8 end ************
2025-05-13 07:29:48,687 P32225 INFO Train loss: 0.449073
2025-05-13 07:29:48,687 P32225 INFO Evaluation @epoch 9 - batch 4477: 
2025-05-13 07:30:02,236 P32225 INFO ===
2025-05-13 07:30:02,236 P32225 INFO [Metrics] AUC: 0.811944 - logloss: 0.439718
2025-05-13 07:30:02,246 P32225 INFO Save best model: monitor(max)=0.811944
2025-05-13 07:30:03,006 P32225 INFO ************ Epoch=9 end ************
2025-05-13 07:33:04,121 P32225 INFO Train loss: 0.448815
2025-05-13 07:33:04,121 P32225 INFO Evaluation @epoch 10 - batch 4477: 
2025-05-13 07:33:17,645 P32225 INFO ===
2025-05-13 07:33:17,645 P32225 INFO [Metrics] AUC: 0.812063 - logloss: 0.439624
2025-05-13 07:33:17,655 P32225 INFO Save best model: monitor(max)=0.812063
2025-05-13 07:33:18,428 P32225 INFO ************ Epoch=10 end ************
2025-05-13 07:36:19,636 P32225 INFO Train loss: 0.448607
2025-05-13 07:36:19,636 P32225 INFO Evaluation @epoch 11 - batch 4477: 
2025-05-13 07:36:33,188 P32225 INFO ===
2025-05-13 07:36:33,188 P32225 INFO [Metrics] AUC: 0.812166 - logloss: 0.439553
2025-05-13 07:36:33,198 P32225 INFO Save best model: monitor(max)=0.812166
2025-05-13 07:36:33,861 P32225 INFO ************ Epoch=11 end ************
2025-05-13 07:39:35,494 P32225 INFO Train loss: 0.448399
2025-05-13 07:39:35,494 P32225 INFO Evaluation @epoch 12 - batch 4477: 
2025-05-13 07:39:49,198 P32225 INFO ===
2025-05-13 07:39:49,198 P32225 INFO [Metrics] AUC: 0.812364 - logloss: 0.439366
2025-05-13 07:39:49,208 P32225 INFO Save best model: monitor(max)=0.812364
2025-05-13 07:39:49,860 P32225 INFO ************ Epoch=12 end ************
2025-05-13 07:42:51,255 P32225 INFO Train loss: 0.448222
2025-05-13 07:42:51,255 P32225 INFO Evaluation @epoch 13 - batch 4477: 
2025-05-13 07:43:05,037 P32225 INFO ===
2025-05-13 07:43:05,037 P32225 INFO [Metrics] AUC: 0.812350 - logloss: 0.439379
2025-05-13 07:43:05,048 P32225 INFO Monitor(max)=0.812350 STOP!
2025-05-13 07:43:05,048 P32225 INFO Reduce learning rate on plateau: 0.000100
2025-05-13 07:43:05,679 P32225 INFO ************ Epoch=13 end ************
2025-05-13 07:46:07,042 P32225 INFO Train loss: 0.438327
2025-05-13 07:46:07,042 P32225 INFO Evaluation @epoch 14 - batch 4477: 
2025-05-13 07:46:20,735 P32225 INFO ===
2025-05-13 07:46:20,735 P32225 INFO [Metrics] AUC: 0.815054 - logloss: 0.436908
2025-05-13 07:46:20,745 P32225 INFO Save best model: monitor(max)=0.815054
2025-05-13 07:46:21,418 P32225 INFO ************ Epoch=14 end ************
2025-05-13 07:49:22,921 P32225 INFO Train loss: 0.434769
2025-05-13 07:49:22,921 P32225 INFO Evaluation @epoch 15 - batch 4477: 
2025-05-13 07:49:36,746 P32225 INFO ===
2025-05-13 07:49:36,747 P32225 INFO [Metrics] AUC: 0.815442 - logloss: 0.436627
2025-05-13 07:49:36,757 P32225 INFO Save best model: monitor(max)=0.815442
2025-05-13 07:49:37,413 P32225 INFO ************ Epoch=15 end ************
2025-05-13 07:52:38,479 P32225 INFO Train loss: 0.433192
2025-05-13 07:52:38,479 P32225 INFO Evaluation @epoch 16 - batch 4477: 
2025-05-13 07:52:52,238 P32225 INFO ===
2025-05-13 07:52:52,238 P32225 INFO [Metrics] AUC: 0.815565 - logloss: 0.436539
2025-05-13 07:52:52,248 P32225 INFO Save best model: monitor(max)=0.815565
2025-05-13 07:52:52,899 P32225 INFO ************ Epoch=16 end ************
2025-05-13 07:55:54,092 P32225 INFO Train loss: 0.432069
2025-05-13 07:55:54,092 P32225 INFO Evaluation @epoch 17 - batch 4477: 
2025-05-13 07:56:07,961 P32225 INFO ===
2025-05-13 07:56:07,961 P32225 INFO [Metrics] AUC: 0.815480 - logloss: 0.436633
2025-05-13 07:56:07,971 P32225 INFO Monitor(max)=0.815480 STOP!
2025-05-13 07:56:07,971 P32225 INFO Reduce learning rate on plateau: 0.000010
2025-05-13 07:56:08,575 P32225 INFO ************ Epoch=17 end ************
2025-05-13 07:59:09,275 P32225 INFO Train loss: 0.428545
2025-05-13 07:59:09,276 P32225 INFO Evaluation @epoch 18 - batch 4477: 
2025-05-13 07:59:22,752 P32225 INFO ===
2025-05-13 07:59:22,752 P32225 INFO [Metrics] AUC: 0.815247 - logloss: 0.437120
2025-05-13 07:59:22,760 P32225 INFO Monitor(max)=0.815247 STOP!
2025-05-13 07:59:22,760 P32225 INFO Reduce learning rate on plateau: 0.000001
2025-05-13 07:59:22,760 P32225 INFO ********* Epoch==18 early stop *********
2025-05-13 07:59:23,374 P32225 INFO Training finished.
2025-05-13 07:59:23,375 P32225 INFO Load best model: /root/autodl-tmp/model_zoo/DCNv3/DCNv3_torch/checkpoints/Criteo_x4_10_h5/FCNv1_Criteo_019_977364ed.model
2025-05-13 07:59:23,435 P32225 INFO ****** Validation evaluation ******
2025-05-13 07:59:37,269 P32225 INFO ===
2025-05-13 07:59:37,270 P32225 INFO [Metrics] logloss: 0.436539 - AUC: 0.815565
2025-05-13 07:59:38,207 P32225 INFO ******** Test evaluation ********
2025-05-13 07:59:38,207 P32225 INFO Loading data...
2025-05-13 07:59:38,207 P32225 INFO Loading data from h5: ../../../data/Criteo_x4_10_h5/test.h5
2025-05-13 07:59:40,269 P32225 INFO Test samples: total/4584062, blocks/1
2025-05-13 07:59:40,269 P32225 INFO Loading test data done.
2025-05-13 07:59:51,880 P32225 INFO ===
2025-05-13 07:59:51,880 P32225 INFO [Metrics] logloss: 0.436117 - AUC: 0.816017
