2025-05-13 07:25:43,245 P129763 INFO Params: {
    "batch_norm": "False",
    "batch_size": "8192",
    "data_format": "h5",
    "data_root": "../../../data/",
    "dataset_id": "Criteo_x4_10_h5",
    "debug_mode": "False",
    "early_stop_patience": "2",
    "embedding_dim": "16",
    "embedding_regularizer": "1e-05",
    "epochs": "100",
    "eval_steps": "None",
    "exp_num_layers": "4",
    "feature_cols": "[{'active': True, 'dtype': 'float', 'fill_na': 0, 'na_value': 0, 'name': ['I1', 'I2', 'I3', 'I4', 'I5', 'I6', 'I7', 'I8', 'I9', 'I10', 'I11', 'I12', 'I13'], 'preprocess': 'convert_to_bucket', 'type': 'categorical'}, {'active': True, 'dtype': 'str', 'fill_na': '', 'na_value': '', 'name': ['C1', 'C2', 'C3', 'C4', 'C5', 'C6', 'C7', 'C8', 'C9', 'C10', 'C11', 'C12', 'C13', 'C14', 'C15', 'C16', 'C17', 'C18', 'C19', 'C20', 'C21', 'C22', 'C23', 'C24', 'C25', 'C26'], 'type': 'categorical'}]",
    "feature_config": "None",
    "feature_specs": "None",
    "gpu": "0",
    "group_id": "None",
    "label_col": "{'dtype': 'float', 'name': 'Label'}",
    "learning_rate": "0.001",
    "lin_num_layers": "5",
    "loss": "binary_crossentropy",
    "metrics": "['logloss', 'AUC']",
    "min_categr_count": "10",
    "model": "FCNv1",
    "model_id": "FCNv1_Criteo_020_837435a2",
    "model_root": "./checkpoints/",
    "monitor": "{'AUC': 1, 'logloss': 0}",
    "monitor_mode": "max",
    "net_dropout": "0.1",
    "net_regularizer": "0",
    "num_heads": "1",
    "num_workers": "8",
    "optimizer": "adam",
    "pickle_feature_encoder": "True",
    "save_best_only": "True",
    "seed": "2024",
    "shuffle": "True",
    "task": "binary_classification",
    "test_data": "../../../data/Criteo_x4_10_h5/test.h5",
    "train_data": "../../../data/Criteo_x4_10_h5/train.h5",
    "use_features": "None",
    "valid_data": "../../../data/Criteo_x4_10_h5/valid.h5",
    "verbose": "1"
}
2025-05-13 07:25:43,246 P129763 INFO Load feature_map from json: ../../../data/Criteo_x4_10_h5/feature_map.json
2025-05-13 07:25:43,246 P129763 INFO Set column index...
2025-05-13 07:25:43,246 P129763 INFO Feature specs: {
    "C1": "{'source': '', 'type': 'categorical', 'padding_idx': 0, 'oov_idx': 1445, 'vocab_size': 1446}",
    "C10": "{'source': '', 'type': 'categorical', 'padding_idx': 0, 'oov_idx': 39529, 'vocab_size': 39530}",
    "C11": "{'source': '', 'type': 'categorical', 'padding_idx': 0, 'oov_idx': 5130, 'vocab_size': 5131}",
    "C12": "{'source': '', 'type': 'categorical', 'padding_idx': 0, 'oov_idx': 156655, 'vocab_size': 156656}",
    "C13": "{'source': '', 'type': 'categorical', 'padding_idx': 0, 'oov_idx': 3175, 'vocab_size': 3176}",
    "C14": "{'source': '', 'type': 'categorical', 'padding_idx': 0, 'oov_idx': 27, 'vocab_size': 28}",
    "C15": "{'source': '', 'type': 'categorical', 'padding_idx': 0, 'oov_idx': 11042, 'vocab_size': 11043}",
    "C16": "{'source': '', 'type': 'categorical', 'padding_idx': 0, 'oov_idx': 148912, 'vocab_size': 148913}",
    "C17": "{'source': '', 'type': 'categorical', 'padding_idx': 0, 'oov_idx': 11, 'vocab_size': 12}",
    "C18": "{'source': '', 'type': 'categorical', 'padding_idx': 0, 'oov_idx': 4559, 'vocab_size': 4560}",
    "C19": "{'source': '', 'type': 'categorical', 'padding_idx': 0, 'oov_idx': 2002, 'vocab_size': 2003}",
    "C2": "{'source': '', 'type': 'categorical', 'padding_idx': 0, 'oov_idx': 553, 'vocab_size': 554}",
    "C20": "{'source': '', 'type': 'categorical', 'padding_idx': 0, 'oov_idx': 4, 'vocab_size': 5}",
    "C21": "{'source': '', 'type': 'categorical', 'padding_idx': 0, 'oov_idx': 154563, 'vocab_size': 154564}",
    "C22": "{'source': '', 'type': 'categorical', 'padding_idx': 0, 'oov_idx': 17, 'vocab_size': 18}",
    "C23": "{'source': '', 'type': 'categorical', 'padding_idx': 0, 'oov_idx': 16, 'vocab_size': 17}",
    "C24": "{'source': '', 'type': 'categorical', 'padding_idx': 0, 'oov_idx': 53030, 'vocab_size': 53031}",
    "C25": "{'source': '', 'type': 'categorical', 'padding_idx': 0, 'oov_idx': 81, 'vocab_size': 82}",
    "C26": "{'source': '', 'type': 'categorical', 'padding_idx': 0, 'oov_idx': 40954, 'vocab_size': 40955}",
    "C3": "{'source': '', 'type': 'categorical', 'padding_idx': 0, 'oov_idx': 157338, 'vocab_size': 157339}",
    "C4": "{'source': '', 'type': 'categorical', 'padding_idx': 0, 'oov_idx': 117821, 'vocab_size': 117822}",
    "C5": "{'source': '', 'type': 'categorical', 'padding_idx': 0, 'oov_idx': 305, 'vocab_size': 306}",
    "C6": "{'source': '', 'type': 'categorical', 'padding_idx': 0, 'oov_idx': 17, 'vocab_size': 18}",
    "C7": "{'source': '', 'type': 'categorical', 'padding_idx': 0, 'oov_idx': 11881, 'vocab_size': 11882}",
    "C8": "{'source': '', 'type': 'categorical', 'padding_idx': 0, 'oov_idx': 629, 'vocab_size': 630}",
    "C9": "{'source': '', 'type': 'categorical', 'padding_idx': 0, 'oov_idx': 4, 'vocab_size': 5}",
    "I1": "{'source': '', 'type': 'categorical', 'padding_idx': 0, 'oov_idx': 43, 'vocab_size': 44}",
    "I10": "{'source': '', 'type': 'categorical', 'padding_idx': 0, 'oov_idx': 5, 'vocab_size': 6}",
    "I11": "{'source': '', 'type': 'categorical', 'padding_idx': 0, 'oov_idx': 26, 'vocab_size': 27}",
    "I12": "{'source': '', 'type': 'categorical', 'padding_idx': 0, 'oov_idx': 36, 'vocab_size': 37}",
    "I13": "{'source': '', 'type': 'categorical', 'padding_idx': 0, 'oov_idx': 71, 'vocab_size': 72}",
    "I2": "{'source': '', 'type': 'categorical', 'padding_idx': 0, 'oov_idx': 98, 'vocab_size': 99}",
    "I3": "{'source': '', 'type': 'categorical', 'padding_idx': 0, 'oov_idx': 121, 'vocab_size': 122}",
    "I4": "{'source': '', 'type': 'categorical', 'padding_idx': 0, 'oov_idx': 40, 'vocab_size': 41}",
    "I5": "{'source': '', 'type': 'categorical', 'padding_idx': 0, 'oov_idx': 219, 'vocab_size': 220}",
    "I6": "{'source': '', 'type': 'categorical', 'padding_idx': 0, 'oov_idx': 111, 'vocab_size': 112}",
    "I7": "{'source': '', 'type': 'categorical', 'padding_idx': 0, 'oov_idx': 79, 'vocab_size': 80}",
    "I8": "{'source': '', 'type': 'categorical', 'padding_idx': 0, 'oov_idx': 68, 'vocab_size': 69}",
    "I9": "{'source': '', 'type': 'categorical', 'padding_idx': 0, 'oov_idx': 91, 'vocab_size': 92}"
}
2025-05-13 07:25:47,178 P129763 INFO Total number of parameters: 16336626.
2025-05-13 07:25:47,178 P129763 INFO Loading data...
2025-05-13 07:25:47,178 P129763 INFO Loading data from h5: ../../../data/Criteo_x4_10_h5/train.h5
2025-05-13 07:26:04,180 P129763 INFO Train samples: total/36672493, blocks/1
2025-05-13 07:26:04,181 P129763 INFO Loading data from h5: ../../../data/Criteo_x4_10_h5/valid.h5
2025-05-13 07:26:06,324 P129763 INFO Validation samples: total/4584062, blocks/1
2025-05-13 07:26:06,324 P129763 INFO Loading train and validation data done.
2025-05-13 07:26:06,325 P129763 INFO Start training: 4477 batches/epoch
2025-05-13 07:26:06,325 P129763 INFO ************ Epoch=1 start ************
2025-05-13 07:29:11,847 P129763 INFO Train loss: 0.461485
2025-05-13 07:29:11,847 P129763 INFO Evaluation @epoch 1 - batch 4477: 
2025-05-13 07:29:26,481 P129763 INFO ===
2025-05-13 07:29:26,481 P129763 INFO [Metrics] AUC: 0.805311 - logloss: 0.445876
2025-05-13 07:29:26,487 P129763 INFO Save best model: monitor(max)=0.805311
2025-05-13 07:29:27,199 P129763 INFO ************ Epoch=1 end ************
2025-05-13 07:32:33,683 P129763 INFO Train loss: 0.454491
2025-05-13 07:32:33,683 P129763 INFO Evaluation @epoch 2 - batch 4477: 
2025-05-13 07:32:48,249 P129763 INFO ===
2025-05-13 07:32:48,249 P129763 INFO [Metrics] AUC: 0.808372 - logloss: 0.443107
2025-05-13 07:32:48,259 P129763 INFO Save best model: monitor(max)=0.808372
2025-05-13 07:32:48,925 P129763 INFO ************ Epoch=2 end ************
2025-05-13 07:35:54,718 P129763 INFO Train loss: 0.452394
2025-05-13 07:35:54,719 P129763 INFO Evaluation @epoch 3 - batch 4477: 
2025-05-13 07:36:09,102 P129763 INFO ===
2025-05-13 07:36:09,102 P129763 INFO [Metrics] AUC: 0.809763 - logloss: 0.441780
2025-05-13 07:36:09,113 P129763 INFO Save best model: monitor(max)=0.809763
2025-05-13 07:36:09,863 P129763 INFO ************ Epoch=3 end ************
2025-05-13 07:39:15,910 P129763 INFO Train loss: 0.451312
2025-05-13 07:39:15,910 P129763 INFO Evaluation @epoch 4 - batch 4477: 
2025-05-13 07:39:30,438 P129763 INFO ===
2025-05-13 07:39:30,438 P129763 INFO [Metrics] AUC: 0.810508 - logloss: 0.441106
2025-05-13 07:39:30,448 P129763 INFO Save best model: monitor(max)=0.810508
2025-05-13 07:39:31,100 P129763 INFO ************ Epoch=4 end ************
2025-05-13 07:42:37,380 P129763 INFO Train loss: 0.450569
2025-05-13 07:42:37,380 P129763 INFO Evaluation @epoch 5 - batch 4477: 
2025-05-13 07:42:51,769 P129763 INFO ===
2025-05-13 07:42:51,770 P129763 INFO [Metrics] AUC: 0.810968 - logloss: 0.440631
2025-05-13 07:42:51,780 P129763 INFO Save best model: monitor(max)=0.810968
2025-05-13 07:42:52,514 P129763 INFO ************ Epoch=5 end ************
2025-05-13 07:45:58,966 P129763 INFO Train loss: 0.450068
2025-05-13 07:45:58,966 P129763 INFO Evaluation @epoch 6 - batch 4477: 
2025-05-13 07:46:13,195 P129763 INFO ===
2025-05-13 07:46:13,195 P129763 INFO [Metrics] AUC: 0.811279 - logloss: 0.440362
2025-05-13 07:46:13,205 P129763 INFO Save best model: monitor(max)=0.811279
2025-05-13 07:46:13,960 P129763 INFO ************ Epoch=6 end ************
2025-05-13 07:49:19,610 P129763 INFO Train loss: 0.449667
2025-05-13 07:49:19,610 P129763 INFO Evaluation @epoch 7 - batch 4477: 
2025-05-13 07:49:34,073 P129763 INFO ===
2025-05-13 07:49:34,073 P129763 INFO [Metrics] AUC: 0.811647 - logloss: 0.440042
2025-05-13 07:49:34,083 P129763 INFO Save best model: monitor(max)=0.811647
2025-05-13 07:49:34,840 P129763 INFO ************ Epoch=7 end ************
2025-05-13 07:52:40,709 P129763 INFO Train loss: 0.449308
2025-05-13 07:52:40,709 P129763 INFO Evaluation @epoch 8 - batch 4477: 
2025-05-13 07:52:55,113 P129763 INFO ===
2025-05-13 07:52:55,113 P129763 INFO [Metrics] AUC: 0.811779 - logloss: 0.439862
2025-05-13 07:52:55,123 P129763 INFO Save best model: monitor(max)=0.811779
2025-05-13 07:52:55,806 P129763 INFO ************ Epoch=8 end ************
2025-05-13 07:56:00,234 P129763 INFO Train loss: 0.449024
2025-05-13 07:56:00,234 P129763 INFO Evaluation @epoch 9 - batch 4477: 
2025-05-13 07:56:14,672 P129763 INFO ===
2025-05-13 07:56:14,672 P129763 INFO [Metrics] AUC: 0.812029 - logloss: 0.439719
2025-05-13 07:56:14,681 P129763 INFO Save best model: monitor(max)=0.812029
2025-05-13 07:56:15,441 P129763 INFO ************ Epoch=9 end ************
2025-05-13 07:59:20,762 P129763 INFO Train loss: 0.448768
2025-05-13 07:59:20,762 P129763 INFO Evaluation @epoch 10 - batch 4477: 
2025-05-13 07:59:35,110 P129763 INFO ===
2025-05-13 07:59:35,110 P129763 INFO [Metrics] AUC: 0.812146 - logloss: 0.439571
2025-05-13 07:59:35,118 P129763 INFO Save best model: monitor(max)=0.812146
2025-05-13 07:59:35,902 P129763 INFO ************ Epoch=10 end ************
2025-05-13 08:02:40,802 P129763 INFO Train loss: 0.448526
2025-05-13 08:02:40,802 P129763 INFO Evaluation @epoch 11 - batch 4477: 
2025-05-13 08:02:54,728 P129763 INFO ===
2025-05-13 08:02:54,729 P129763 INFO [Metrics] AUC: 0.812305 - logloss: 0.439448
2025-05-13 08:02:54,734 P129763 INFO Save best model: monitor(max)=0.812305
2025-05-13 08:02:55,409 P129763 INFO ************ Epoch=11 end ************
2025-05-13 08:06:01,668 P129763 INFO Train loss: 0.448316
2025-05-13 08:06:01,669 P129763 INFO Evaluation @epoch 12 - batch 4477: 
2025-05-13 08:06:16,173 P129763 INFO ===
2025-05-13 08:06:16,173 P129763 INFO [Metrics] AUC: 0.812312 - logloss: 0.439456
2025-05-13 08:06:16,184 P129763 INFO Save best model: monitor(max)=0.812312
2025-05-13 08:06:16,949 P129763 INFO ************ Epoch=12 end ************
2025-05-13 08:09:23,371 P129763 INFO Train loss: 0.448121
2025-05-13 08:09:23,372 P129763 INFO Evaluation @epoch 13 - batch 4477: 
2025-05-13 08:09:37,741 P129763 INFO ===
2025-05-13 08:09:37,741 P129763 INFO [Metrics] AUC: 0.812438 - logloss: 0.439576
2025-05-13 08:09:37,751 P129763 INFO Save best model: monitor(max)=0.812438
2025-05-13 08:09:38,485 P129763 INFO ************ Epoch=13 end ************
2025-05-13 08:12:44,891 P129763 INFO Train loss: 0.447937
2025-05-13 08:12:44,892 P129763 INFO Evaluation @epoch 14 - batch 4477: 
2025-05-13 08:12:59,122 P129763 INFO ===
2025-05-13 08:12:59,123 P129763 INFO [Metrics] AUC: 0.812554 - logloss: 0.439215
2025-05-13 08:12:59,133 P129763 INFO Save best model: monitor(max)=0.812554
2025-05-13 08:12:59,871 P129763 INFO ************ Epoch=14 end ************
2025-05-13 08:16:05,553 P129763 INFO Train loss: 0.447770
2025-05-13 08:16:05,554 P129763 INFO Evaluation @epoch 15 - batch 4477: 
2025-05-13 08:16:19,837 P129763 INFO ===
2025-05-13 08:16:19,837 P129763 INFO [Metrics] AUC: 0.812468 - logloss: 0.439268
2025-05-13 08:16:19,847 P129763 INFO Monitor(max)=0.812468 STOP!
2025-05-13 08:16:19,847 P129763 INFO Reduce learning rate on plateau: 0.000100
2025-05-13 08:16:20,518 P129763 INFO ************ Epoch=15 end ************
2025-05-13 08:19:25,723 P129763 INFO Train loss: 0.437680
2025-05-13 08:19:25,723 P129763 INFO Evaluation @epoch 16 - batch 4477: 
2025-05-13 08:19:39,987 P129763 INFO ===
2025-05-13 08:19:39,987 P129763 INFO [Metrics] AUC: 0.815114 - logloss: 0.436874
2025-05-13 08:19:39,996 P129763 INFO Save best model: monitor(max)=0.815114
2025-05-13 08:19:40,758 P129763 INFO ************ Epoch=16 end ************
2025-05-13 08:22:47,631 P129763 INFO Train loss: 0.434075
2025-05-13 08:22:47,631 P129763 INFO Evaluation @epoch 17 - batch 4477: 
2025-05-13 08:23:02,183 P129763 INFO ===
2025-05-13 08:23:02,183 P129763 INFO [Metrics] AUC: 0.815490 - logloss: 0.436603
2025-05-13 08:23:02,193 P129763 INFO Save best model: monitor(max)=0.815490
2025-05-13 08:23:02,885 P129763 INFO ************ Epoch=17 end ************
2025-05-13 08:26:08,618 P129763 INFO Train loss: 0.432516
2025-05-13 08:26:08,618 P129763 INFO Evaluation @epoch 18 - batch 4477: 
2025-05-13 08:26:22,961 P129763 INFO ===
2025-05-13 08:26:22,961 P129763 INFO [Metrics] AUC: 0.815537 - logloss: 0.436591
2025-05-13 08:26:22,971 P129763 INFO Save best model: monitor(max)=0.815537
2025-05-13 08:26:23,639 P129763 INFO ************ Epoch=18 end ************
2025-05-13 08:29:29,290 P129763 INFO Train loss: 0.431450
2025-05-13 08:29:29,290 P129763 INFO Evaluation @epoch 19 - batch 4477: 
2025-05-13 08:29:43,584 P129763 INFO ===
2025-05-13 08:29:43,584 P129763 INFO [Metrics] AUC: 0.815517 - logloss: 0.436677
2025-05-13 08:29:43,588 P129763 INFO Monitor(max)=0.815517 STOP!
2025-05-13 08:29:43,588 P129763 INFO Reduce learning rate on plateau: 0.000010
2025-05-13 08:29:44,173 P129763 INFO ************ Epoch=19 end ************
2025-05-13 08:32:49,334 P129763 INFO Train loss: 0.428017
2025-05-13 08:32:49,334 P129763 INFO Evaluation @epoch 20 - batch 4477: 
2025-05-13 08:33:03,768 P129763 INFO ===
2025-05-13 08:33:03,769 P129763 INFO [Metrics] AUC: 0.815253 - logloss: 0.437152
2025-05-13 08:33:03,778 P129763 INFO Monitor(max)=0.815253 STOP!
2025-05-13 08:33:03,778 P129763 INFO Reduce learning rate on plateau: 0.000001
2025-05-13 08:33:03,778 P129763 INFO ********* Epoch==20 early stop *********
2025-05-13 08:33:04,413 P129763 INFO Training finished.
2025-05-13 08:33:04,413 P129763 INFO Load best model: /root/autodl-tmp/model_zoo/DCNv3/DCNv3_torch/checkpoints/Criteo_x4_10_h5/FCNv1_Criteo_020_837435a2.model
2025-05-13 08:33:04,471 P129763 INFO ****** Validation evaluation ******
2025-05-13 08:33:18,920 P129763 INFO ===
2025-05-13 08:33:18,920 P129763 INFO [Metrics] logloss: 0.436591 - AUC: 0.815537
2025-05-13 08:33:19,918 P129763 INFO ******** Test evaluation ********
2025-05-13 08:33:19,918 P129763 INFO Loading data...
2025-05-13 08:33:19,918 P129763 INFO Loading data from h5: ../../../data/Criteo_x4_10_h5/test.h5
2025-05-13 08:33:21,979 P129763 INFO Test samples: total/4584062, blocks/1
2025-05-13 08:33:21,979 P129763 INFO Loading test data done.
2025-05-13 08:33:33,489 P129763 INFO ===
2025-05-13 08:33:33,490 P129763 INFO [Metrics] logloss: 0.436126 - AUC: 0.816062
