2025-05-13 02:58:52,710 P84726 INFO Params: {
    "batch_norm": "False",
    "batch_size": "8192",
    "data_format": "h5",
    "data_root": "../../../data/",
    "dataset_id": "Criteo_x4_10_h5",
    "debug_mode": "False",
    "early_stop_patience": "2",
    "embedding_dim": "16",
    "embedding_regularizer": "1e-05",
    "epochs": "100",
    "eval_steps": "None",
    "exp_num_layers": "3",
    "feature_cols": "[{'active': True, 'dtype': 'float', 'fill_na': 0, 'na_value': 0, 'name': ['I1', 'I2', 'I3', 'I4', 'I5', 'I6', 'I7', 'I8', 'I9', 'I10', 'I11', 'I12', 'I13'], 'preprocess': 'convert_to_bucket', 'type': 'categorical'}, {'active': True, 'dtype': 'str', 'fill_na': '', 'na_value': '', 'name': ['C1', 'C2', 'C3', 'C4', 'C5', 'C6', 'C7', 'C8', 'C9', 'C10', 'C11', 'C12', 'C13', 'C14', 'C15', 'C16', 'C17', 'C18', 'C19', 'C20', 'C21', 'C22', 'C23', 'C24', 'C25', 'C26'], 'type': 'categorical'}]",
    "feature_config": "None",
    "feature_specs": "None",
    "gpu": "1",
    "group_id": "None",
    "label_col": "{'dtype': 'float', 'name': 'Label'}",
    "learning_rate": "0.001",
    "lin_num_layers": "1",
    "loss": "binary_crossentropy",
    "metrics": "['logloss', 'AUC']",
    "min_categr_count": "10",
    "model": "FCNv1",
    "model_id": "FCNv1_Criteo_011_3f794d11",
    "model_root": "./checkpoints/",
    "monitor": "{'AUC': 1, 'logloss': 0}",
    "monitor_mode": "max",
    "net_dropout": "0.1",
    "net_regularizer": "0",
    "num_heads": "1",
    "num_workers": "8",
    "optimizer": "adam",
    "pickle_feature_encoder": "True",
    "save_best_only": "True",
    "seed": "2024",
    "shuffle": "True",
    "task": "binary_classification",
    "test_data": "../../../data/Criteo_x4_10_h5/test.h5",
    "train_data": "../../../data/Criteo_x4_10_h5/train.h5",
    "use_features": "None",
    "valid_data": "../../../data/Criteo_x4_10_h5/valid.h5",
    "verbose": "1"
}
2025-05-13 02:58:52,710 P84726 INFO Load feature_map from json: ../../../data/Criteo_x4_10_h5/feature_map.json
2025-05-13 02:58:52,710 P84726 INFO Set column index...
2025-05-13 02:58:52,710 P84726 INFO Feature specs: {
    "C1": "{'source': '', 'type': 'categorical', 'padding_idx': 0, 'oov_idx': 1445, 'vocab_size': 1446}",
    "C10": "{'source': '', 'type': 'categorical', 'padding_idx': 0, 'oov_idx': 39529, 'vocab_size': 39530}",
    "C11": "{'source': '', 'type': 'categorical', 'padding_idx': 0, 'oov_idx': 5130, 'vocab_size': 5131}",
    "C12": "{'source': '', 'type': 'categorical', 'padding_idx': 0, 'oov_idx': 156655, 'vocab_size': 156656}",
    "C13": "{'source': '', 'type': 'categorical', 'padding_idx': 0, 'oov_idx': 3175, 'vocab_size': 3176}",
    "C14": "{'source': '', 'type': 'categorical', 'padding_idx': 0, 'oov_idx': 27, 'vocab_size': 28}",
    "C15": "{'source': '', 'type': 'categorical', 'padding_idx': 0, 'oov_idx': 11042, 'vocab_size': 11043}",
    "C16": "{'source': '', 'type': 'categorical', 'padding_idx': 0, 'oov_idx': 148912, 'vocab_size': 148913}",
    "C17": "{'source': '', 'type': 'categorical', 'padding_idx': 0, 'oov_idx': 11, 'vocab_size': 12}",
    "C18": "{'source': '', 'type': 'categorical', 'padding_idx': 0, 'oov_idx': 4559, 'vocab_size': 4560}",
    "C19": "{'source': '', 'type': 'categorical', 'padding_idx': 0, 'oov_idx': 2002, 'vocab_size': 2003}",
    "C2": "{'source': '', 'type': 'categorical', 'padding_idx': 0, 'oov_idx': 553, 'vocab_size': 554}",
    "C20": "{'source': '', 'type': 'categorical', 'padding_idx': 0, 'oov_idx': 4, 'vocab_size': 5}",
    "C21": "{'source': '', 'type': 'categorical', 'padding_idx': 0, 'oov_idx': 154563, 'vocab_size': 154564}",
    "C22": "{'source': '', 'type': 'categorical', 'padding_idx': 0, 'oov_idx': 17, 'vocab_size': 18}",
    "C23": "{'source': '', 'type': 'categorical', 'padding_idx': 0, 'oov_idx': 16, 'vocab_size': 17}",
    "C24": "{'source': '', 'type': 'categorical', 'padding_idx': 0, 'oov_idx': 53030, 'vocab_size': 53031}",
    "C25": "{'source': '', 'type': 'categorical', 'padding_idx': 0, 'oov_idx': 81, 'vocab_size': 82}",
    "C26": "{'source': '', 'type': 'categorical', 'padding_idx': 0, 'oov_idx': 40954, 'vocab_size': 40955}",
    "C3": "{'source': '', 'type': 'categorical', 'padding_idx': 0, 'oov_idx': 157338, 'vocab_size': 157339}",
    "C4": "{'source': '', 'type': 'categorical', 'padding_idx': 0, 'oov_idx': 117821, 'vocab_size': 117822}",
    "C5": "{'source': '', 'type': 'categorical', 'padding_idx': 0, 'oov_idx': 305, 'vocab_size': 306}",
    "C6": "{'source': '', 'type': 'categorical', 'padding_idx': 0, 'oov_idx': 17, 'vocab_size': 18}",
    "C7": "{'source': '', 'type': 'categorical', 'padding_idx': 0, 'oov_idx': 11881, 'vocab_size': 11882}",
    "C8": "{'source': '', 'type': 'categorical', 'padding_idx': 0, 'oov_idx': 629, 'vocab_size': 630}",
    "C9": "{'source': '', 'type': 'categorical', 'padding_idx': 0, 'oov_idx': 4, 'vocab_size': 5}",
    "I1": "{'source': '', 'type': 'categorical', 'padding_idx': 0, 'oov_idx': 43, 'vocab_size': 44}",
    "I10": "{'source': '', 'type': 'categorical', 'padding_idx': 0, 'oov_idx': 5, 'vocab_size': 6}",
    "I11": "{'source': '', 'type': 'categorical', 'padding_idx': 0, 'oov_idx': 26, 'vocab_size': 27}",
    "I12": "{'source': '', 'type': 'categorical', 'padding_idx': 0, 'oov_idx': 36, 'vocab_size': 37}",
    "I13": "{'source': '', 'type': 'categorical', 'padding_idx': 0, 'oov_idx': 71, 'vocab_size': 72}",
    "I2": "{'source': '', 'type': 'categorical', 'padding_idx': 0, 'oov_idx': 98, 'vocab_size': 99}",
    "I3": "{'source': '', 'type': 'categorical', 'padding_idx': 0, 'oov_idx': 121, 'vocab_size': 122}",
    "I4": "{'source': '', 'type': 'categorical', 'padding_idx': 0, 'oov_idx': 40, 'vocab_size': 41}",
    "I5": "{'source': '', 'type': 'categorical', 'padding_idx': 0, 'oov_idx': 219, 'vocab_size': 220}",
    "I6": "{'source': '', 'type': 'categorical', 'padding_idx': 0, 'oov_idx': 111, 'vocab_size': 112}",
    "I7": "{'source': '', 'type': 'categorical', 'padding_idx': 0, 'oov_idx': 79, 'vocab_size': 80}",
    "I8": "{'source': '', 'type': 'categorical', 'padding_idx': 0, 'oov_idx': 68, 'vocab_size': 69}",
    "I9": "{'source': '', 'type': 'categorical', 'padding_idx': 0, 'oov_idx': 91, 'vocab_size': 92}"
}
2025-05-13 02:58:56,742 P84726 INFO Total number of parameters: 15356946.
2025-05-13 02:58:56,742 P84726 INFO Loading data...
2025-05-13 02:58:56,742 P84726 INFO Loading data from h5: ../../../data/Criteo_x4_10_h5/train.h5
2025-05-13 02:59:13,132 P84726 INFO Train samples: total/36672493, blocks/1
2025-05-13 02:59:13,133 P84726 INFO Loading data from h5: ../../../data/Criteo_x4_10_h5/valid.h5
2025-05-13 02:59:15,328 P84726 INFO Validation samples: total/4584062, blocks/1
2025-05-13 02:59:15,328 P84726 INFO Loading train and validation data done.
2025-05-13 02:59:15,328 P84726 INFO Start training: 4477 batches/epoch
2025-05-13 02:59:15,328 P84726 INFO ************ Epoch=1 start ************
2025-05-13 03:01:53,549 P84726 INFO Train loss: 0.462841
2025-05-13 03:01:53,549 P84726 INFO Evaluation @epoch 1 - batch 4477: 
2025-05-13 03:02:05,215 P84726 INFO ===
2025-05-13 03:02:05,215 P84726 INFO [Metrics] AUC: 0.803797 - logloss: 0.447470
2025-05-13 03:02:05,222 P84726 INFO Save best model: monitor(max)=0.803797
2025-05-13 03:02:05,759 P84726 INFO ************ Epoch=1 end ************
2025-05-13 03:04:44,850 P84726 INFO Train loss: 0.455216
2025-05-13 03:04:44,850 P84726 INFO Evaluation @epoch 2 - batch 4477: 
2025-05-13 03:04:56,195 P84726 INFO ===
2025-05-13 03:04:56,195 P84726 INFO [Metrics] AUC: 0.807327 - logloss: 0.444063
2025-05-13 03:04:56,205 P84726 INFO Save best model: monitor(max)=0.807327
2025-05-13 03:04:56,700 P84726 INFO ************ Epoch=2 end ************
2025-05-13 03:07:33,170 P84726 INFO Train loss: 0.453222
2025-05-13 03:07:33,171 P84726 INFO Evaluation @epoch 3 - batch 4477: 
2025-05-13 03:07:44,565 P84726 INFO ===
2025-05-13 03:07:44,565 P84726 INFO [Metrics] AUC: 0.808540 - logloss: 0.442962
2025-05-13 03:07:44,575 P84726 INFO Save best model: monitor(max)=0.808540
2025-05-13 03:07:45,226 P84726 INFO ************ Epoch=3 end ************
2025-05-13 03:10:20,977 P84726 INFO Train loss: 0.452252
2025-05-13 03:10:20,977 P84726 INFO Evaluation @epoch 4 - batch 4477: 
2025-05-13 03:10:32,616 P84726 INFO ===
2025-05-13 03:10:32,616 P84726 INFO [Metrics] AUC: 0.809405 - logloss: 0.442252
2025-05-13 03:10:32,626 P84726 INFO Save best model: monitor(max)=0.809405
2025-05-13 03:10:33,235 P84726 INFO ************ Epoch=4 end ************
2025-05-13 03:13:09,247 P84726 INFO Train loss: 0.451714
2025-05-13 03:13:09,247 P84726 INFO Evaluation @epoch 5 - batch 4477: 
2025-05-13 03:13:20,249 P84726 INFO ===
2025-05-13 03:13:20,249 P84726 INFO [Metrics] AUC: 0.809908 - logloss: 0.441702
2025-05-13 03:13:20,257 P84726 INFO Save best model: monitor(max)=0.809908
2025-05-13 03:13:20,852 P84726 INFO ************ Epoch=5 end ************
2025-05-13 03:15:56,177 P84726 INFO Train loss: 0.451357
2025-05-13 03:15:56,177 P84726 INFO Evaluation @epoch 6 - batch 4477: 
2025-05-13 03:16:07,603 P84726 INFO ===
2025-05-13 03:16:07,603 P84726 INFO [Metrics] AUC: 0.810031 - logloss: 0.441570
2025-05-13 03:16:07,614 P84726 INFO Save best model: monitor(max)=0.810031
2025-05-13 03:16:08,100 P84726 INFO ************ Epoch=6 end ************
2025-05-13 03:18:44,492 P84726 INFO Train loss: 0.451075
2025-05-13 03:18:44,492 P84726 INFO Evaluation @epoch 7 - batch 4477: 
2025-05-13 03:18:55,982 P84726 INFO ===
2025-05-13 03:18:55,983 P84726 INFO [Metrics] AUC: 0.810411 - logloss: 0.441172
2025-05-13 03:18:55,993 P84726 INFO Save best model: monitor(max)=0.810411
2025-05-13 03:18:56,509 P84726 INFO ************ Epoch=7 end ************
2025-05-13 03:21:33,766 P84726 INFO Train loss: 0.450843
2025-05-13 03:21:33,766 P84726 INFO Evaluation @epoch 8 - batch 4477: 
2025-05-13 03:21:45,059 P84726 INFO ===
2025-05-13 03:21:45,059 P84726 INFO [Metrics] AUC: 0.810617 - logloss: 0.440983
2025-05-13 03:21:45,070 P84726 INFO Save best model: monitor(max)=0.810617
2025-05-13 03:21:45,641 P84726 INFO ************ Epoch=8 end ************
2025-05-13 03:24:21,754 P84726 INFO Train loss: 0.450669
2025-05-13 03:24:21,754 P84726 INFO Evaluation @epoch 9 - batch 4477: 
2025-05-13 03:24:33,175 P84726 INFO ===
2025-05-13 03:24:33,176 P84726 INFO [Metrics] AUC: 0.810826 - logloss: 0.440832
2025-05-13 03:24:33,186 P84726 INFO Save best model: monitor(max)=0.810826
2025-05-13 03:24:33,734 P84726 INFO ************ Epoch=9 end ************
2025-05-13 03:27:11,267 P84726 INFO Train loss: 0.450538
2025-05-13 03:27:11,267 P84726 INFO Evaluation @epoch 10 - batch 4477: 
2025-05-13 03:27:22,867 P84726 INFO ===
2025-05-13 03:27:22,868 P84726 INFO [Metrics] AUC: 0.810660 - logloss: 0.440958
2025-05-13 03:27:22,878 P84726 INFO Monitor(max)=0.810660 STOP!
2025-05-13 03:27:22,878 P84726 INFO Reduce learning rate on plateau: 0.000100
2025-05-13 03:27:23,355 P84726 INFO ************ Epoch=10 end ************
2025-05-13 03:30:00,860 P84726 INFO Train loss: 0.441588
2025-05-13 03:30:00,860 P84726 INFO Evaluation @epoch 11 - batch 4477: 
2025-05-13 03:30:12,113 P84726 INFO ===
2025-05-13 03:30:12,113 P84726 INFO [Metrics] AUC: 0.813865 - logloss: 0.437985
2025-05-13 03:30:12,122 P84726 INFO Save best model: monitor(max)=0.813865
2025-05-13 03:30:12,702 P84726 INFO ************ Epoch=11 end ************
2025-05-13 03:32:50,064 P84726 INFO Train loss: 0.438406
2025-05-13 03:32:50,064 P84726 INFO Evaluation @epoch 12 - batch 4477: 
2025-05-13 03:33:01,420 P84726 INFO ===
2025-05-13 03:33:01,420 P84726 INFO [Metrics] AUC: 0.814362 - logloss: 0.437538
2025-05-13 03:33:01,430 P84726 INFO Save best model: monitor(max)=0.814362
2025-05-13 03:33:02,012 P84726 INFO ************ Epoch=12 end ************
2025-05-13 03:35:38,009 P84726 INFO Train loss: 0.437002
2025-05-13 03:35:38,009 P84726 INFO Evaluation @epoch 13 - batch 4477: 
2025-05-13 03:35:49,383 P84726 INFO ===
2025-05-13 03:35:49,383 P84726 INFO [Metrics] AUC: 0.814558 - logloss: 0.437394
2025-05-13 03:35:49,393 P84726 INFO Save best model: monitor(max)=0.814558
2025-05-13 03:35:49,962 P84726 INFO ************ Epoch=13 end ************
2025-05-13 03:38:24,793 P84726 INFO Train loss: 0.435959
2025-05-13 03:38:24,794 P84726 INFO Evaluation @epoch 14 - batch 4477: 
2025-05-13 03:38:36,011 P84726 INFO ===
2025-05-13 03:38:36,011 P84726 INFO [Metrics] AUC: 0.814565 - logloss: 0.437401
2025-05-13 03:38:36,022 P84726 INFO Save best model: monitor(max)=0.814565
2025-05-13 03:38:36,635 P84726 INFO ************ Epoch=14 end ************
2025-05-13 03:41:12,032 P84726 INFO Train loss: 0.435058
2025-05-13 03:41:12,032 P84726 INFO Evaluation @epoch 15 - batch 4477: 
2025-05-13 03:41:23,021 P84726 INFO ===
2025-05-13 03:41:23,021 P84726 INFO [Metrics] AUC: 0.814607 - logloss: 0.437371
2025-05-13 03:41:23,030 P84726 INFO Save best model: monitor(max)=0.814607
2025-05-13 03:41:23,673 P84726 INFO ************ Epoch=15 end ************
2025-05-13 03:43:59,414 P84726 INFO Train loss: 0.434226
2025-05-13 03:43:59,414 P84726 INFO Evaluation @epoch 16 - batch 4477: 
2025-05-13 03:44:10,547 P84726 INFO ===
2025-05-13 03:44:10,548 P84726 INFO [Metrics] AUC: 0.814459 - logloss: 0.437570
2025-05-13 03:44:10,557 P84726 INFO Monitor(max)=0.814459 STOP!
2025-05-13 03:44:10,557 P84726 INFO Reduce learning rate on plateau: 0.000010
2025-05-13 03:44:11,093 P84726 INFO ************ Epoch=16 end ************
2025-05-13 03:46:45,454 P84726 INFO Train loss: 0.430649
2025-05-13 03:46:45,454 P84726 INFO Evaluation @epoch 17 - batch 4477: 
2025-05-13 03:46:56,599 P84726 INFO ===
2025-05-13 03:46:56,600 P84726 INFO [Metrics] AUC: 0.814364 - logloss: 0.437783
2025-05-13 03:46:56,609 P84726 INFO Monitor(max)=0.814364 STOP!
2025-05-13 03:46:56,609 P84726 INFO Reduce learning rate on plateau: 0.000001
2025-05-13 03:46:56,609 P84726 INFO ********* Epoch==17 early stop *********
2025-05-13 03:46:57,157 P84726 INFO Training finished.
2025-05-13 03:46:57,157 P84726 INFO Load best model: /root/autodl-tmp/model_zoo/DCNv3/DCNv3_torch/checkpoints/Criteo_x4_10_h5/FCNv1_Criteo_011_3f794d11.model
2025-05-13 03:46:57,196 P84726 INFO ****** Validation evaluation ******
2025-05-13 03:47:08,385 P84726 INFO ===
2025-05-13 03:47:08,385 P84726 INFO [Metrics] logloss: 0.437371 - AUC: 0.814607
2025-05-13 03:47:08,871 P84726 INFO ******** Test evaluation ********
2025-05-13 03:47:08,872 P84726 INFO Loading data...
2025-05-13 03:47:08,872 P84726 INFO Loading data from h5: ../../../data/Criteo_x4_10_h5/test.h5
2025-05-13 03:47:10,750 P84726 INFO Test samples: total/4584062, blocks/1
2025-05-13 03:47:10,750 P84726 INFO Loading test data done.
2025-05-13 03:47:21,100 P84726 INFO ===
2025-05-13 03:47:21,100 P84726 INFO [Metrics] logloss: 0.437025 - AUC: 0.815010
