2025-05-13 09:09:37,139 P522456 INFO Params: {
    "batch_norm": "False",
    "batch_size": "8192",
    "data_format": "h5",
    "data_root": "../../../data/",
    "dataset_id": "Criteo_x4_10_h5",
    "debug_mode": "False",
    "early_stop_patience": "2",
    "embedding_dim": "16",
    "embedding_regularizer": "1e-05",
    "epochs": "100",
    "eval_steps": "None",
    "exp_num_layers": "5",
    "feature_cols": "[{'active': True, 'dtype': 'float', 'fill_na': 0, 'na_value': 0, 'name': ['I1', 'I2', 'I3', 'I4', 'I5', 'I6', 'I7', 'I8', 'I9', 'I10', 'I11', 'I12', 'I13'], 'preprocess': 'convert_to_bucket', 'type': 'categorical'}, {'active': True, 'dtype': 'str', 'fill_na': '', 'na_value': '', 'name': ['C1', 'C2', 'C3', 'C4', 'C5', 'C6', 'C7', 'C8', 'C9', 'C10', 'C11', 'C12', 'C13', 'C14', 'C15', 'C16', 'C17', 'C18', 'C19', 'C20', 'C21', 'C22', 'C23', 'C24', 'C25', 'C26'], 'type': 'categorical'}]",
    "feature_config": "None",
    "feature_specs": "None",
    "gpu": "1",
    "group_id": "None",
    "label_col": "{'dtype': 'float', 'name': 'Label'}",
    "learning_rate": "0.001",
    "lin_num_layers": "3",
    "loss": "binary_crossentropy",
    "metrics": "['logloss', 'AUC']",
    "min_categr_count": "10",
    "model": "FCNv1",
    "model_id": "FCNv1_Criteo_023_61339a5b",
    "model_root": "./checkpoints/",
    "monitor": "{'AUC': 1, 'logloss': 0}",
    "monitor_mode": "max",
    "net_dropout": "0.1",
    "net_regularizer": "0",
    "num_heads": "1",
    "num_workers": "8",
    "optimizer": "adam",
    "pickle_feature_encoder": "True",
    "save_best_only": "True",
    "seed": "2024",
    "shuffle": "True",
    "task": "binary_classification",
    "test_data": "../../../data/Criteo_x4_10_h5/test.h5",
    "train_data": "../../../data/Criteo_x4_10_h5/train.h5",
    "use_features": "None",
    "valid_data": "../../../data/Criteo_x4_10_h5/valid.h5",
    "verbose": "1"
}
2025-05-13 09:09:37,140 P522456 INFO Load feature_map from json: ../../../data/Criteo_x4_10_h5/feature_map.json
2025-05-13 09:09:37,140 P522456 INFO Set column index...
2025-05-13 09:09:37,140 P522456 INFO Feature specs: {
    "C1": "{'source': '', 'type': 'categorical', 'padding_idx': 0, 'oov_idx': 1445, 'vocab_size': 1446}",
    "C10": "{'source': '', 'type': 'categorical', 'padding_idx': 0, 'oov_idx': 39529, 'vocab_size': 39530}",
    "C11": "{'source': '', 'type': 'categorical', 'padding_idx': 0, 'oov_idx': 5130, 'vocab_size': 5131}",
    "C12": "{'source': '', 'type': 'categorical', 'padding_idx': 0, 'oov_idx': 156655, 'vocab_size': 156656}",
    "C13": "{'source': '', 'type': 'categorical', 'padding_idx': 0, 'oov_idx': 3175, 'vocab_size': 3176}",
    "C14": "{'source': '', 'type': 'categorical', 'padding_idx': 0, 'oov_idx': 27, 'vocab_size': 28}",
    "C15": "{'source': '', 'type': 'categorical', 'padding_idx': 0, 'oov_idx': 11042, 'vocab_size': 11043}",
    "C16": "{'source': '', 'type': 'categorical', 'padding_idx': 0, 'oov_idx': 148912, 'vocab_size': 148913}",
    "C17": "{'source': '', 'type': 'categorical', 'padding_idx': 0, 'oov_idx': 11, 'vocab_size': 12}",
    "C18": "{'source': '', 'type': 'categorical', 'padding_idx': 0, 'oov_idx': 4559, 'vocab_size': 4560}",
    "C19": "{'source': '', 'type': 'categorical', 'padding_idx': 0, 'oov_idx': 2002, 'vocab_size': 2003}",
    "C2": "{'source': '', 'type': 'categorical', 'padding_idx': 0, 'oov_idx': 553, 'vocab_size': 554}",
    "C20": "{'source': '', 'type': 'categorical', 'padding_idx': 0, 'oov_idx': 4, 'vocab_size': 5}",
    "C21": "{'source': '', 'type': 'categorical', 'padding_idx': 0, 'oov_idx': 154563, 'vocab_size': 154564}",
    "C22": "{'source': '', 'type': 'categorical', 'padding_idx': 0, 'oov_idx': 17, 'vocab_size': 18}",
    "C23": "{'source': '', 'type': 'categorical', 'padding_idx': 0, 'oov_idx': 16, 'vocab_size': 17}",
    "C24": "{'source': '', 'type': 'categorical', 'padding_idx': 0, 'oov_idx': 53030, 'vocab_size': 53031}",
    "C25": "{'source': '', 'type': 'categorical', 'padding_idx': 0, 'oov_idx': 81, 'vocab_size': 82}",
    "C26": "{'source': '', 'type': 'categorical', 'padding_idx': 0, 'oov_idx': 40954, 'vocab_size': 40955}",
    "C3": "{'source': '', 'type': 'categorical', 'padding_idx': 0, 'oov_idx': 157338, 'vocab_size': 157339}",
    "C4": "{'source': '', 'type': 'categorical', 'padding_idx': 0, 'oov_idx': 117821, 'vocab_size': 117822}",
    "C5": "{'source': '', 'type': 'categorical', 'padding_idx': 0, 'oov_idx': 305, 'vocab_size': 306}",
    "C6": "{'source': '', 'type': 'categorical', 'padding_idx': 0, 'oov_idx': 17, 'vocab_size': 18}",
    "C7": "{'source': '', 'type': 'categorical', 'padding_idx': 0, 'oov_idx': 11881, 'vocab_size': 11882}",
    "C8": "{'source': '', 'type': 'categorical', 'padding_idx': 0, 'oov_idx': 629, 'vocab_size': 630}",
    "C9": "{'source': '', 'type': 'categorical', 'padding_idx': 0, 'oov_idx': 4, 'vocab_size': 5}",
    "I1": "{'source': '', 'type': 'categorical', 'padding_idx': 0, 'oov_idx': 43, 'vocab_size': 44}",
    "I10": "{'source': '', 'type': 'categorical', 'padding_idx': 0, 'oov_idx': 5, 'vocab_size': 6}",
    "I11": "{'source': '', 'type': 'categorical', 'padding_idx': 0, 'oov_idx': 26, 'vocab_size': 27}",
    "I12": "{'source': '', 'type': 'categorical', 'padding_idx': 0, 'oov_idx': 36, 'vocab_size': 37}",
    "I13": "{'source': '', 'type': 'categorical', 'padding_idx': 0, 'oov_idx': 71, 'vocab_size': 72}",
    "I2": "{'source': '', 'type': 'categorical', 'padding_idx': 0, 'oov_idx': 98, 'vocab_size': 99}",
    "I3": "{'source': '', 'type': 'categorical', 'padding_idx': 0, 'oov_idx': 121, 'vocab_size': 122}",
    "I4": "{'source': '', 'type': 'categorical', 'padding_idx': 0, 'oov_idx': 40, 'vocab_size': 41}",
    "I5": "{'source': '', 'type': 'categorical', 'padding_idx': 0, 'oov_idx': 219, 'vocab_size': 220}",
    "I6": "{'source': '', 'type': 'categorical', 'padding_idx': 0, 'oov_idx': 111, 'vocab_size': 112}",
    "I7": "{'source': '', 'type': 'categorical', 'padding_idx': 0, 'oov_idx': 79, 'vocab_size': 80}",
    "I8": "{'source': '', 'type': 'categorical', 'padding_idx': 0, 'oov_idx': 68, 'vocab_size': 69}",
    "I9": "{'source': '', 'type': 'categorical', 'padding_idx': 0, 'oov_idx': 91, 'vocab_size': 92}"
}
2025-05-13 09:09:41,100 P522456 INFO Total number of parameters: 16140690.
2025-05-13 09:09:41,101 P522456 INFO Loading data...
2025-05-13 09:09:41,101 P522456 INFO Loading data from h5: ../../../data/Criteo_x4_10_h5/train.h5
2025-05-13 09:09:56,683 P522456 INFO Train samples: total/36672493, blocks/1
2025-05-13 09:09:56,683 P522456 INFO Loading data from h5: ../../../data/Criteo_x4_10_h5/valid.h5
2025-05-13 09:09:58,800 P522456 INFO Validation samples: total/4584062, blocks/1
2025-05-13 09:09:58,800 P522456 INFO Loading train and validation data done.
2025-05-13 09:09:58,800 P522456 INFO Start training: 4477 batches/epoch
2025-05-13 09:09:58,800 P522456 INFO ************ Epoch=1 start ************
2025-05-13 09:12:58,907 P522456 INFO Train loss: 0.461858
2025-05-13 09:12:58,907 P522456 INFO Evaluation @epoch 1 - batch 4477: 
2025-05-13 09:13:10,979 P522456 INFO ===
2025-05-13 09:13:10,979 P522456 INFO [Metrics] AUC: 0.805027 - logloss: 0.446080
2025-05-13 09:13:10,986 P522456 INFO Save best model: monitor(max)=0.805027
2025-05-13 09:13:11,503 P522456 INFO ************ Epoch=1 end ************
2025-05-13 09:16:12,017 P522456 INFO Train loss: 0.454817
2025-05-13 09:16:12,017 P522456 INFO Evaluation @epoch 2 - batch 4477: 
2025-05-13 09:16:23,767 P522456 INFO ===
2025-05-13 09:16:23,767 P522456 INFO [Metrics] AUC: 0.808334 - logloss: 0.443161
2025-05-13 09:16:23,777 P522456 INFO Save best model: monitor(max)=0.808334
2025-05-13 09:16:24,440 P522456 INFO ************ Epoch=2 end ************
2025-05-13 09:19:25,687 P522456 INFO Train loss: 0.452691
2025-05-13 09:19:25,687 P522456 INFO Evaluation @epoch 3 - batch 4477: 
2025-05-13 09:19:37,382 P522456 INFO ===
2025-05-13 09:19:37,382 P522456 INFO [Metrics] AUC: 0.809585 - logloss: 0.441946
2025-05-13 09:19:37,392 P522456 INFO Save best model: monitor(max)=0.809585
2025-05-13 09:19:37,904 P522456 INFO ************ Epoch=3 end ************
2025-05-13 09:22:39,317 P522456 INFO Train loss: 0.451579
2025-05-13 09:22:39,317 P522456 INFO Evaluation @epoch 4 - batch 4477: 
2025-05-13 09:22:51,098 P522456 INFO ===
2025-05-13 09:22:51,098 P522456 INFO [Metrics] AUC: 0.810319 - logloss: 0.441306
2025-05-13 09:22:51,108 P522456 INFO Save best model: monitor(max)=0.810319
2025-05-13 09:22:51,659 P522456 INFO ************ Epoch=4 end ************
2025-05-13 09:25:51,786 P522456 INFO Train loss: 0.450884
2025-05-13 09:25:51,786 P522456 INFO Evaluation @epoch 5 - batch 4477: 
2025-05-13 09:26:03,557 P522456 INFO ===
2025-05-13 09:26:03,557 P522456 INFO [Metrics] AUC: 0.810860 - logloss: 0.440738
2025-05-13 09:26:03,567 P522456 INFO Save best model: monitor(max)=0.810860
2025-05-13 09:26:04,096 P522456 INFO ************ Epoch=5 end ************
2025-05-13 09:29:05,050 P522456 INFO Train loss: 0.450404
2025-05-13 09:29:05,050 P522456 INFO Evaluation @epoch 6 - batch 4477: 
2025-05-13 09:29:16,904 P522456 INFO ===
2025-05-13 09:29:16,904 P522456 INFO [Metrics] AUC: 0.811098 - logloss: 0.440526
2025-05-13 09:29:16,914 P522456 INFO Save best model: monitor(max)=0.811098
2025-05-13 09:29:17,492 P522456 INFO ************ Epoch=6 end ************
2025-05-13 09:32:17,504 P522456 INFO Train loss: 0.449989
2025-05-13 09:32:17,504 P522456 INFO Evaluation @epoch 7 - batch 4477: 
2025-05-13 09:32:29,238 P522456 INFO ===
2025-05-13 09:32:29,238 P522456 INFO [Metrics] AUC: 0.811448 - logloss: 0.440225
2025-05-13 09:32:29,248 P522456 INFO Save best model: monitor(max)=0.811448
2025-05-13 09:32:29,828 P522456 INFO ************ Epoch=7 end ************
2025-05-13 09:35:30,178 P522456 INFO Train loss: 0.449685
2025-05-13 09:35:30,178 P522456 INFO Evaluation @epoch 8 - batch 4477: 
2025-05-13 09:35:41,908 P522456 INFO ===
2025-05-13 09:35:41,908 P522456 INFO [Metrics] AUC: 0.811683 - logloss: 0.439965
2025-05-13 09:35:41,918 P522456 INFO Save best model: monitor(max)=0.811683
2025-05-13 09:35:42,543 P522456 INFO ************ Epoch=8 end ************
2025-05-13 09:38:43,780 P522456 INFO Train loss: 0.449410
2025-05-13 09:38:43,780 P522456 INFO Evaluation @epoch 9 - batch 4477: 
2025-05-13 09:38:55,653 P522456 INFO ===
2025-05-13 09:38:55,653 P522456 INFO [Metrics] AUC: 0.811851 - logloss: 0.439801
2025-05-13 09:38:55,662 P522456 INFO Save best model: monitor(max)=0.811851
2025-05-13 09:38:56,235 P522456 INFO ************ Epoch=9 end ************
2025-05-13 09:41:55,678 P522456 INFO Train loss: 0.449179
2025-05-13 09:41:55,678 P522456 INFO Evaluation @epoch 10 - batch 4477: 
2025-05-13 09:42:07,372 P522456 INFO ===
2025-05-13 09:42:07,372 P522456 INFO [Metrics] AUC: 0.811942 - logloss: 0.439734
2025-05-13 09:42:07,381 P522456 INFO Save best model: monitor(max)=0.811942
2025-05-13 09:42:07,954 P522456 INFO ************ Epoch=10 end ************
2025-05-13 09:45:06,646 P522456 INFO Train loss: 0.448973
2025-05-13 09:45:06,646 P522456 INFO Evaluation @epoch 11 - batch 4477: 
2025-05-13 09:45:18,341 P522456 INFO ===
2025-05-13 09:45:18,341 P522456 INFO [Metrics] AUC: 0.812014 - logloss: 0.439666
2025-05-13 09:45:18,351 P522456 INFO Save best model: monitor(max)=0.812014
2025-05-13 09:45:18,966 P522456 INFO ************ Epoch=11 end ************
2025-05-13 09:48:18,577 P522456 INFO Train loss: 0.448782
2025-05-13 09:48:18,577 P522456 INFO Evaluation @epoch 12 - batch 4477: 
2025-05-13 09:48:30,270 P522456 INFO ===
2025-05-13 09:48:30,270 P522456 INFO [Metrics] AUC: 0.812182 - logloss: 0.439511
2025-05-13 09:48:30,277 P522456 INFO Save best model: monitor(max)=0.812182
2025-05-13 09:48:30,882 P522456 INFO ************ Epoch=12 end ************
2025-05-13 09:51:30,569 P522456 INFO Train loss: 0.448616
2025-05-13 09:51:30,569 P522456 INFO Evaluation @epoch 13 - batch 4477: 
2025-05-13 09:51:42,288 P522456 INFO ===
2025-05-13 09:51:42,289 P522456 INFO [Metrics] AUC: 0.812268 - logloss: 0.439463
2025-05-13 09:51:42,295 P522456 INFO Save best model: monitor(max)=0.812268
2025-05-13 09:51:42,868 P522456 INFO ************ Epoch=13 end ************
2025-05-13 09:54:43,349 P522456 INFO Train loss: 0.448438
2025-05-13 09:54:43,349 P522456 INFO Evaluation @epoch 14 - batch 4477: 
2025-05-13 09:54:55,225 P522456 INFO ===
2025-05-13 09:54:55,225 P522456 INFO [Metrics] AUC: 0.812311 - logloss: 0.439403
2025-05-13 09:54:55,233 P522456 INFO Save best model: monitor(max)=0.812311
2025-05-13 09:54:55,873 P522456 INFO ************ Epoch=14 end ************
2025-05-13 09:57:56,998 P522456 INFO Train loss: 0.448323
2025-05-13 09:57:56,998 P522456 INFO Evaluation @epoch 15 - batch 4477: 
2025-05-13 09:58:08,995 P522456 INFO ===
2025-05-13 09:58:08,995 P522456 INFO [Metrics] AUC: 0.812479 - logloss: 0.439267
2025-05-13 09:58:09,003 P522456 INFO Save best model: monitor(max)=0.812479
2025-05-13 09:58:09,587 P522456 INFO ************ Epoch=15 end ************
2025-05-13 10:01:09,692 P522456 INFO Train loss: 0.448176
2025-05-13 10:01:09,693 P522456 INFO Evaluation @epoch 16 - batch 4477: 
2025-05-13 10:01:21,546 P522456 INFO ===
2025-05-13 10:01:21,546 P522456 INFO [Metrics] AUC: 0.812301 - logloss: 0.439400
2025-05-13 10:01:21,555 P522456 INFO Monitor(max)=0.812301 STOP!
2025-05-13 10:01:21,555 P522456 INFO Reduce learning rate on plateau: 0.000100
2025-05-13 10:01:22,051 P522456 INFO ************ Epoch=16 end ************
2025-05-13 10:04:21,979 P522456 INFO Train loss: 0.438172
2025-05-13 10:04:21,979 P522456 INFO Evaluation @epoch 17 - batch 4477: 
2025-05-13 10:04:33,944 P522456 INFO ===
2025-05-13 10:04:33,944 P522456 INFO [Metrics] AUC: 0.815078 - logloss: 0.436879
2025-05-13 10:04:33,953 P522456 INFO Save best model: monitor(max)=0.815078
2025-05-13 10:04:34,595 P522456 INFO ************ Epoch=17 end ************
2025-05-13 10:07:35,262 P522456 INFO Train loss: 0.434545
2025-05-13 10:07:35,262 P522456 INFO Evaluation @epoch 18 - batch 4477: 
2025-05-13 10:07:46,936 P522456 INFO ===
2025-05-13 10:07:46,937 P522456 INFO [Metrics] AUC: 0.815424 - logloss: 0.436626
2025-05-13 10:07:46,943 P522456 INFO Save best model: monitor(max)=0.815424
2025-05-13 10:07:47,568 P522456 INFO ************ Epoch=18 end ************
2025-05-13 10:10:49,433 P522456 INFO Train loss: 0.432981
2025-05-13 10:10:49,433 P522456 INFO Evaluation @epoch 19 - batch 4477: 
2025-05-13 10:11:01,682 P522456 INFO ===
2025-05-13 10:11:01,683 P522456 INFO [Metrics] AUC: 0.815480 - logloss: 0.436619
2025-05-13 10:11:01,692 P522456 INFO Save best model: monitor(max)=0.815480
2025-05-13 10:11:02,337 P522456 INFO ************ Epoch=19 end ************
2025-05-13 10:14:02,709 P522456 INFO Train loss: 0.431798
2025-05-13 10:14:02,710 P522456 INFO Evaluation @epoch 20 - batch 4477: 
2025-05-13 10:14:14,441 P522456 INFO ===
2025-05-13 10:14:14,441 P522456 INFO [Metrics] AUC: 0.815352 - logloss: 0.436737
2025-05-13 10:14:14,453 P522456 INFO Monitor(max)=0.815352 STOP!
2025-05-13 10:14:14,454 P522456 INFO Reduce learning rate on plateau: 0.000010
2025-05-13 10:14:15,027 P522456 INFO ************ Epoch=20 end ************
2025-05-13 10:17:14,674 P522456 INFO Train loss: 0.428245
2025-05-13 10:17:14,675 P522456 INFO Evaluation @epoch 21 - batch 4477: 
2025-05-13 10:17:26,774 P522456 INFO ===
2025-05-13 10:17:26,775 P522456 INFO [Metrics] AUC: 0.815106 - logloss: 0.437225
2025-05-13 10:17:26,785 P522456 INFO Monitor(max)=0.815106 STOP!
2025-05-13 10:17:26,785 P522456 INFO Reduce learning rate on plateau: 0.000001
2025-05-13 10:17:26,785 P522456 INFO ********* Epoch==21 early stop *********
2025-05-13 10:17:27,148 P522456 INFO Training finished.
2025-05-13 10:17:27,148 P522456 INFO Load best model: /root/autodl-tmp/model_zoo/DCNv3/DCNv3_torch/checkpoints/Criteo_x4_10_h5/FCNv1_Criteo_023_61339a5b.model
2025-05-13 10:17:27,188 P522456 INFO ****** Validation evaluation ******
2025-05-13 10:17:39,278 P522456 INFO ===
2025-05-13 10:17:39,278 P522456 INFO [Metrics] logloss: 0.436619 - AUC: 0.815480
2025-05-13 10:17:39,827 P522456 INFO ******** Test evaluation ********
2025-05-13 10:17:39,827 P522456 INFO Loading data...
2025-05-13 10:17:39,827 P522456 INFO Loading data from h5: ../../../data/Criteo_x4_10_h5/test.h5
2025-05-13 10:17:41,828 P522456 INFO Test samples: total/4584062, blocks/1
2025-05-13 10:17:41,828 P522456 INFO Loading test data done.
2025-05-13 10:17:53,084 P522456 INFO ===
2025-05-13 10:17:53,084 P522456 INFO [Metrics] logloss: 0.436235 - AUC: 0.815936
