2025-05-13 08:33:38,097 P387399 INFO Params: {
    "batch_norm": "False",
    "batch_size": "8192",
    "data_format": "h5",
    "data_root": "../../../data/",
    "dataset_id": "Criteo_x4_10_h5",
    "debug_mode": "False",
    "early_stop_patience": "2",
    "embedding_dim": "16",
    "embedding_regularizer": "1e-05",
    "epochs": "100",
    "eval_steps": "None",
    "exp_num_layers": "5",
    "feature_cols": "[{'active': True, 'dtype': 'float', 'fill_na': 0, 'na_value': 0, 'name': ['I1', 'I2', 'I3', 'I4', 'I5', 'I6', 'I7', 'I8', 'I9', 'I10', 'I11', 'I12', 'I13'], 'preprocess': 'convert_to_bucket', 'type': 'categorical'}, {'active': True, 'dtype': 'str', 'fill_na': '', 'na_value': '', 'name': ['C1', 'C2', 'C3', 'C4', 'C5', 'C6', 'C7', 'C8', 'C9', 'C10', 'C11', 'C12', 'C13', 'C14', 'C15', 'C16', 'C17', 'C18', 'C19', 'C20', 'C21', 'C22', 'C23', 'C24', 'C25', 'C26'], 'type': 'categorical'}]",
    "feature_config": "None",
    "feature_specs": "None",
    "gpu": "0",
    "group_id": "None",
    "label_col": "{'dtype': 'float', 'name': 'Label'}",
    "learning_rate": "0.001",
    "lin_num_layers": "2",
    "loss": "binary_crossentropy",
    "metrics": "['logloss', 'AUC']",
    "min_categr_count": "10",
    "model": "FCNv1",
    "model_id": "FCNv1_Criteo_022_6af79665",
    "model_root": "./checkpoints/",
    "monitor": "{'AUC': 1, 'logloss': 0}",
    "monitor_mode": "max",
    "net_dropout": "0.1",
    "net_regularizer": "0",
    "num_heads": "1",
    "num_workers": "8",
    "optimizer": "adam",
    "pickle_feature_encoder": "True",
    "save_best_only": "True",
    "seed": "2024",
    "shuffle": "True",
    "task": "binary_classification",
    "test_data": "../../../data/Criteo_x4_10_h5/test.h5",
    "train_data": "../../../data/Criteo_x4_10_h5/train.h5",
    "use_features": "None",
    "valid_data": "../../../data/Criteo_x4_10_h5/valid.h5",
    "verbose": "1"
}
2025-05-13 08:33:38,097 P387399 INFO Load feature_map from json: ../../../data/Criteo_x4_10_h5/feature_map.json
2025-05-13 08:33:38,097 P387399 INFO Set column index...
2025-05-13 08:33:38,098 P387399 INFO Feature specs: {
    "C1": "{'source': '', 'type': 'categorical', 'padding_idx': 0, 'oov_idx': 1445, 'vocab_size': 1446}",
    "C10": "{'source': '', 'type': 'categorical', 'padding_idx': 0, 'oov_idx': 39529, 'vocab_size': 39530}",
    "C11": "{'source': '', 'type': 'categorical', 'padding_idx': 0, 'oov_idx': 5130, 'vocab_size': 5131}",
    "C12": "{'source': '', 'type': 'categorical', 'padding_idx': 0, 'oov_idx': 156655, 'vocab_size': 156656}",
    "C13": "{'source': '', 'type': 'categorical', 'padding_idx': 0, 'oov_idx': 3175, 'vocab_size': 3176}",
    "C14": "{'source': '', 'type': 'categorical', 'padding_idx': 0, 'oov_idx': 27, 'vocab_size': 28}",
    "C15": "{'source': '', 'type': 'categorical', 'padding_idx': 0, 'oov_idx': 11042, 'vocab_size': 11043}",
    "C16": "{'source': '', 'type': 'categorical', 'padding_idx': 0, 'oov_idx': 148912, 'vocab_size': 148913}",
    "C17": "{'source': '', 'type': 'categorical', 'padding_idx': 0, 'oov_idx': 11, 'vocab_size': 12}",
    "C18": "{'source': '', 'type': 'categorical', 'padding_idx': 0, 'oov_idx': 4559, 'vocab_size': 4560}",
    "C19": "{'source': '', 'type': 'categorical', 'padding_idx': 0, 'oov_idx': 2002, 'vocab_size': 2003}",
    "C2": "{'source': '', 'type': 'categorical', 'padding_idx': 0, 'oov_idx': 553, 'vocab_size': 554}",
    "C20": "{'source': '', 'type': 'categorical', 'padding_idx': 0, 'oov_idx': 4, 'vocab_size': 5}",
    "C21": "{'source': '', 'type': 'categorical', 'padding_idx': 0, 'oov_idx': 154563, 'vocab_size': 154564}",
    "C22": "{'source': '', 'type': 'categorical', 'padding_idx': 0, 'oov_idx': 17, 'vocab_size': 18}",
    "C23": "{'source': '', 'type': 'categorical', 'padding_idx': 0, 'oov_idx': 16, 'vocab_size': 17}",
    "C24": "{'source': '', 'type': 'categorical', 'padding_idx': 0, 'oov_idx': 53030, 'vocab_size': 53031}",
    "C25": "{'source': '', 'type': 'categorical', 'padding_idx': 0, 'oov_idx': 81, 'vocab_size': 82}",
    "C26": "{'source': '', 'type': 'categorical', 'padding_idx': 0, 'oov_idx': 40954, 'vocab_size': 40955}",
    "C3": "{'source': '', 'type': 'categorical', 'padding_idx': 0, 'oov_idx': 157338, 'vocab_size': 157339}",
    "C4": "{'source': '', 'type': 'categorical', 'padding_idx': 0, 'oov_idx': 117821, 'vocab_size': 117822}",
    "C5": "{'source': '', 'type': 'categorical', 'padding_idx': 0, 'oov_idx': 305, 'vocab_size': 306}",
    "C6": "{'source': '', 'type': 'categorical', 'padding_idx': 0, 'oov_idx': 17, 'vocab_size': 18}",
    "C7": "{'source': '', 'type': 'categorical', 'padding_idx': 0, 'oov_idx': 11881, 'vocab_size': 11882}",
    "C8": "{'source': '', 'type': 'categorical', 'padding_idx': 0, 'oov_idx': 629, 'vocab_size': 630}",
    "C9": "{'source': '', 'type': 'categorical', 'padding_idx': 0, 'oov_idx': 4, 'vocab_size': 5}",
    "I1": "{'source': '', 'type': 'categorical', 'padding_idx': 0, 'oov_idx': 43, 'vocab_size': 44}",
    "I10": "{'source': '', 'type': 'categorical', 'padding_idx': 0, 'oov_idx': 5, 'vocab_size': 6}",
    "I11": "{'source': '', 'type': 'categorical', 'padding_idx': 0, 'oov_idx': 26, 'vocab_size': 27}",
    "I12": "{'source': '', 'type': 'categorical', 'padding_idx': 0, 'oov_idx': 36, 'vocab_size': 37}",
    "I13": "{'source': '', 'type': 'categorical', 'padding_idx': 0, 'oov_idx': 71, 'vocab_size': 72}",
    "I2": "{'source': '', 'type': 'categorical', 'padding_idx': 0, 'oov_idx': 98, 'vocab_size': 99}",
    "I3": "{'source': '', 'type': 'categorical', 'padding_idx': 0, 'oov_idx': 121, 'vocab_size': 122}",
    "I4": "{'source': '', 'type': 'categorical', 'padding_idx': 0, 'oov_idx': 40, 'vocab_size': 41}",
    "I5": "{'source': '', 'type': 'categorical', 'padding_idx': 0, 'oov_idx': 219, 'vocab_size': 220}",
    "I6": "{'source': '', 'type': 'categorical', 'padding_idx': 0, 'oov_idx': 111, 'vocab_size': 112}",
    "I7": "{'source': '', 'type': 'categorical', 'padding_idx': 0, 'oov_idx': 79, 'vocab_size': 80}",
    "I8": "{'source': '', 'type': 'categorical', 'padding_idx': 0, 'oov_idx': 68, 'vocab_size': 69}",
    "I9": "{'source': '', 'type': 'categorical', 'padding_idx': 0, 'oov_idx': 91, 'vocab_size': 92}"
}
2025-05-13 08:33:42,073 P387399 INFO Total number of parameters: 15944754.
2025-05-13 08:33:42,073 P387399 INFO Loading data...
2025-05-13 08:33:42,073 P387399 INFO Loading data from h5: ../../../data/Criteo_x4_10_h5/train.h5
2025-05-13 08:33:58,418 P387399 INFO Train samples: total/36672493, blocks/1
2025-05-13 08:33:58,419 P387399 INFO Loading data from h5: ../../../data/Criteo_x4_10_h5/valid.h5
2025-05-13 08:34:00,539 P387399 INFO Validation samples: total/4584062, blocks/1
2025-05-13 08:34:00,539 P387399 INFO Loading train and validation data done.
2025-05-13 08:34:00,540 P387399 INFO Start training: 4477 batches/epoch
2025-05-13 08:34:00,540 P387399 INFO ************ Epoch=1 start ************
2025-05-13 08:36:51,471 P387399 INFO Train loss: 0.462358
2025-05-13 08:36:51,471 P387399 INFO Evaluation @epoch 1 - batch 4477: 
2025-05-13 08:37:03,804 P387399 INFO ===
2025-05-13 08:37:03,804 P387399 INFO [Metrics] AUC: 0.804689 - logloss: 0.446450
2025-05-13 08:37:03,811 P387399 INFO Save best model: monitor(max)=0.804689
2025-05-13 08:37:04,430 P387399 INFO ************ Epoch=1 end ************
2025-05-13 08:39:55,781 P387399 INFO Train loss: 0.454768
2025-05-13 08:39:55,781 P387399 INFO Evaluation @epoch 2 - batch 4477: 
2025-05-13 08:40:07,762 P387399 INFO ===
2025-05-13 08:40:07,762 P387399 INFO [Metrics] AUC: 0.807894 - logloss: 0.443586
2025-05-13 08:40:07,773 P387399 INFO Save best model: monitor(max)=0.807894
2025-05-13 08:40:08,466 P387399 INFO ************ Epoch=2 end ************
2025-05-13 08:42:59,352 P387399 INFO Train loss: 0.452724
2025-05-13 08:42:59,352 P387399 INFO Evaluation @epoch 3 - batch 4477: 
2025-05-13 08:43:11,477 P387399 INFO ===
2025-05-13 08:43:11,477 P387399 INFO [Metrics] AUC: 0.809438 - logloss: 0.442086
2025-05-13 08:43:11,488 P387399 INFO Save best model: monitor(max)=0.809438
2025-05-13 08:43:12,205 P387399 INFO ************ Epoch=3 end ************
2025-05-13 08:46:03,094 P387399 INFO Train loss: 0.451671
2025-05-13 08:46:03,094 P387399 INFO Evaluation @epoch 4 - batch 4477: 
2025-05-13 08:46:15,224 P387399 INFO ===
2025-05-13 08:46:15,224 P387399 INFO [Metrics] AUC: 0.810000 - logloss: 0.441561
2025-05-13 08:46:15,234 P387399 INFO Save best model: monitor(max)=0.810000
2025-05-13 08:46:15,846 P387399 INFO ************ Epoch=4 end ************
2025-05-13 08:49:06,876 P387399 INFO Train loss: 0.450995
2025-05-13 08:49:06,877 P387399 INFO Evaluation @epoch 5 - batch 4477: 
2025-05-13 08:49:18,887 P387399 INFO ===
2025-05-13 08:49:18,888 P387399 INFO [Metrics] AUC: 0.810555 - logloss: 0.441068
2025-05-13 08:49:18,896 P387399 INFO Save best model: monitor(max)=0.810555
2025-05-13 08:49:19,534 P387399 INFO ************ Epoch=5 end ************
2025-05-13 08:52:10,278 P387399 INFO Train loss: 0.450510
2025-05-13 08:52:10,278 P387399 INFO Evaluation @epoch 6 - batch 4477: 
2025-05-13 08:52:22,240 P387399 INFO ===
2025-05-13 08:52:22,240 P387399 INFO [Metrics] AUC: 0.811082 - logloss: 0.440582
2025-05-13 08:52:22,247 P387399 INFO Save best model: monitor(max)=0.811082
2025-05-13 08:52:22,865 P387399 INFO ************ Epoch=6 end ************
2025-05-13 08:55:12,898 P387399 INFO Train loss: 0.450130
2025-05-13 08:55:12,898 P387399 INFO Evaluation @epoch 7 - batch 4477: 
2025-05-13 08:55:24,978 P387399 INFO ===
2025-05-13 08:55:24,978 P387399 INFO [Metrics] AUC: 0.811316 - logloss: 0.440400
2025-05-13 08:55:24,988 P387399 INFO Save best model: monitor(max)=0.811316
2025-05-13 08:55:25,603 P387399 INFO ************ Epoch=7 end ************
2025-05-13 08:58:16,708 P387399 INFO Train loss: 0.449867
2025-05-13 08:58:16,708 P387399 INFO Evaluation @epoch 8 - batch 4477: 
2025-05-13 08:58:28,728 P387399 INFO ===
2025-05-13 08:58:28,728 P387399 INFO [Metrics] AUC: 0.811412 - logloss: 0.440212
2025-05-13 08:58:28,735 P387399 INFO Save best model: monitor(max)=0.811412
2025-05-13 08:58:29,407 P387399 INFO ************ Epoch=8 end ************
2025-05-13 09:01:21,139 P387399 INFO Train loss: 0.449629
2025-05-13 09:01:21,139 P387399 INFO Evaluation @epoch 9 - batch 4477: 
2025-05-13 09:01:33,110 P387399 INFO ===
2025-05-13 09:01:33,110 P387399 INFO [Metrics] AUC: 0.811745 - logloss: 0.439930
2025-05-13 09:01:33,120 P387399 INFO Save best model: monitor(max)=0.811745
2025-05-13 09:01:33,802 P387399 INFO ************ Epoch=9 end ************
2025-05-13 09:04:25,432 P387399 INFO Train loss: 0.449410
2025-05-13 09:04:25,432 P387399 INFO Evaluation @epoch 10 - batch 4477: 
2025-05-13 09:04:37,390 P387399 INFO ===
2025-05-13 09:04:37,390 P387399 INFO [Metrics] AUC: 0.811721 - logloss: 0.439957
2025-05-13 09:04:37,400 P387399 INFO Monitor(max)=0.811721 STOP!
2025-05-13 09:04:37,400 P387399 INFO Reduce learning rate on plateau: 0.000100
2025-05-13 09:04:37,985 P387399 INFO ************ Epoch=10 end ************
2025-05-13 09:07:29,362 P387399 INFO Train loss: 0.439974
2025-05-13 09:07:29,362 P387399 INFO Evaluation @epoch 11 - batch 4477: 
2025-05-13 09:07:41,607 P387399 INFO ===
2025-05-13 09:07:41,607 P387399 INFO [Metrics] AUC: 0.814677 - logloss: 0.437232
2025-05-13 09:07:41,617 P387399 INFO Save best model: monitor(max)=0.814677
2025-05-13 09:07:42,248 P387399 INFO ************ Epoch=11 end ************
2025-05-13 09:10:33,892 P387399 INFO Train loss: 0.436526
2025-05-13 09:10:33,893 P387399 INFO Evaluation @epoch 12 - batch 4477: 
2025-05-13 09:10:46,037 P387399 INFO ===
2025-05-13 09:10:46,037 P387399 INFO [Metrics] AUC: 0.815133 - logloss: 0.436833
2025-05-13 09:10:46,047 P387399 INFO Save best model: monitor(max)=0.815133
2025-05-13 09:10:46,711 P387399 INFO ************ Epoch=12 end ************
2025-05-13 09:13:37,561 P387399 INFO Train loss: 0.434971
2025-05-13 09:13:37,561 P387399 INFO Evaluation @epoch 13 - batch 4477: 
2025-05-13 09:13:49,694 P387399 INFO ===
2025-05-13 09:13:49,695 P387399 INFO [Metrics] AUC: 0.815289 - logloss: 0.436710
2025-05-13 09:13:49,704 P387399 INFO Save best model: monitor(max)=0.815289
2025-05-13 09:13:50,317 P387399 INFO ************ Epoch=13 end ************
2025-05-13 09:16:40,675 P387399 INFO Train loss: 0.433787
2025-05-13 09:16:40,675 P387399 INFO Evaluation @epoch 14 - batch 4477: 
2025-05-13 09:16:52,738 P387399 INFO ===
2025-05-13 09:16:52,738 P387399 INFO [Metrics] AUC: 0.815184 - logloss: 0.436769
2025-05-13 09:16:52,748 P387399 INFO Monitor(max)=0.815184 STOP!
2025-05-13 09:16:52,748 P387399 INFO Reduce learning rate on plateau: 0.000010
2025-05-13 09:16:53,400 P387399 INFO ************ Epoch=14 end ************
2025-05-13 09:19:44,808 P387399 INFO Train loss: 0.430269
2025-05-13 09:19:44,808 P387399 INFO Evaluation @epoch 15 - batch 4477: 
2025-05-13 09:19:56,907 P387399 INFO ===
2025-05-13 09:19:56,908 P387399 INFO [Metrics] AUC: 0.815030 - logloss: 0.437163
2025-05-13 09:19:56,918 P387399 INFO Monitor(max)=0.815030 STOP!
2025-05-13 09:19:56,918 P387399 INFO Reduce learning rate on plateau: 0.000001
2025-05-13 09:19:56,918 P387399 INFO ********* Epoch==15 early stop *********
2025-05-13 09:19:57,446 P387399 INFO Training finished.
2025-05-13 09:19:57,446 P387399 INFO Load best model: /root/autodl-tmp/model_zoo/DCNv3/DCNv3_torch/checkpoints/Criteo_x4_10_h5/FCNv1_Criteo_022_6af79665.model
2025-05-13 09:19:57,482 P387399 INFO ****** Validation evaluation ******
2025-05-13 09:20:09,456 P387399 INFO ===
2025-05-13 09:20:09,456 P387399 INFO [Metrics] logloss: 0.436710 - AUC: 0.815289
2025-05-13 09:20:10,037 P387399 INFO ******** Test evaluation ********
2025-05-13 09:20:10,037 P387399 INFO Loading data...
2025-05-13 09:20:10,037 P387399 INFO Loading data from h5: ../../../data/Criteo_x4_10_h5/test.h5
2025-05-13 09:20:12,134 P387399 INFO Test samples: total/4584062, blocks/1
2025-05-13 09:20:12,135 P387399 INFO Loading test data done.
2025-05-13 09:20:23,424 P387399 INFO ===
2025-05-13 09:20:23,425 P387399 INFO [Metrics] logloss: 0.436335 - AUC: 0.815721
