2025-05-13 08:58:08,386 P478406 INFO Params: {
    "batch_norm": "False",
    "batch_size": "8192",
    "data_format": "h5",
    "data_root": "../../../data/",
    "dataset_id": "Criteo_x4_10_h5",
    "debug_mode": "False",
    "early_stop_patience": "2",
    "embedding_dim": "16",
    "embedding_regularizer": "1e-05",
    "epochs": "100",
    "eval_steps": "None",
    "exp_num_layers": "4",
    "feature_cols": "[{'active': True, 'dtype': 'float', 'fill_na': 0, 'na_value': 0, 'name': ['I1', 'I2', 'I3', 'I4', 'I5', 'I6', 'I7', 'I8', 'I9', 'I10', 'I11', 'I12', 'I13'], 'preprocess': 'convert_to_bucket', 'type': 'categorical'}, {'active': True, 'dtype': 'str', 'fill_na': '', 'na_value': '', 'name': ['C1', 'C2', 'C3', 'C4', 'C5', 'C6', 'C7', 'C8', 'C9', 'C10', 'C11', 'C12', 'C13', 'C14', 'C15', 'C16', 'C17', 'C18', 'C19', 'C20', 'C21', 'C22', 'C23', 'C24', 'C25', 'C26'], 'type': 'categorical'}]",
    "feature_config": "None",
    "feature_specs": "None",
    "gpu": "2",
    "group_id": "None",
    "label_col": "{'dtype': 'float', 'name': 'Label'}",
    "learning_rate": "0.001",
    "lin_num_layers": "5",
    "loss": "binary_crossentropy",
    "metrics": "['logloss', 'AUC']",
    "min_categr_count": "10",
    "model": "FCNv2",
    "model_id": "FCNv2_Criteo_020_6dbd8972",
    "model_root": "./checkpoints/",
    "monitor": "{'AUC': 1, 'logloss': 0}",
    "monitor_mode": "max",
    "net_dropout": "0.1",
    "net_regularizer": "0",
    "num_heads": "1",
    "num_workers": "8",
    "optimizer": "adam",
    "pickle_feature_encoder": "True",
    "save_best_only": "True",
    "seed": "2025",
    "shuffle": "True",
    "task": "binary_classification",
    "test_data": "../../../data/Criteo_x4_10_h5/test.h5",
    "train_data": "../../../data/Criteo_x4_10_h5/train.h5",
    "use_features": "None",
    "valid_data": "../../../data/Criteo_x4_10_h5/valid.h5",
    "verbose": "1"
}
2025-05-13 08:58:08,387 P478406 INFO Load feature_map from json: ../../../data/Criteo_x4_10_h5/feature_map.json
2025-05-13 08:58:08,387 P478406 INFO Set column index...
2025-05-13 08:58:08,387 P478406 INFO Feature specs: {
    "C1": "{'source': '', 'type': 'categorical', 'padding_idx': 0, 'oov_idx': 1445, 'vocab_size': 1446}",
    "C10": "{'source': '', 'type': 'categorical', 'padding_idx': 0, 'oov_idx': 39529, 'vocab_size': 39530}",
    "C11": "{'source': '', 'type': 'categorical', 'padding_idx': 0, 'oov_idx': 5130, 'vocab_size': 5131}",
    "C12": "{'source': '', 'type': 'categorical', 'padding_idx': 0, 'oov_idx': 156655, 'vocab_size': 156656}",
    "C13": "{'source': '', 'type': 'categorical', 'padding_idx': 0, 'oov_idx': 3175, 'vocab_size': 3176}",
    "C14": "{'source': '', 'type': 'categorical', 'padding_idx': 0, 'oov_idx': 27, 'vocab_size': 28}",
    "C15": "{'source': '', 'type': 'categorical', 'padding_idx': 0, 'oov_idx': 11042, 'vocab_size': 11043}",
    "C16": "{'source': '', 'type': 'categorical', 'padding_idx': 0, 'oov_idx': 148912, 'vocab_size': 148913}",
    "C17": "{'source': '', 'type': 'categorical', 'padding_idx': 0, 'oov_idx': 11, 'vocab_size': 12}",
    "C18": "{'source': '', 'type': 'categorical', 'padding_idx': 0, 'oov_idx': 4559, 'vocab_size': 4560}",
    "C19": "{'source': '', 'type': 'categorical', 'padding_idx': 0, 'oov_idx': 2002, 'vocab_size': 2003}",
    "C2": "{'source': '', 'type': 'categorical', 'padding_idx': 0, 'oov_idx': 553, 'vocab_size': 554}",
    "C20": "{'source': '', 'type': 'categorical', 'padding_idx': 0, 'oov_idx': 4, 'vocab_size': 5}",
    "C21": "{'source': '', 'type': 'categorical', 'padding_idx': 0, 'oov_idx': 154563, 'vocab_size': 154564}",
    "C22": "{'source': '', 'type': 'categorical', 'padding_idx': 0, 'oov_idx': 17, 'vocab_size': 18}",
    "C23": "{'source': '', 'type': 'categorical', 'padding_idx': 0, 'oov_idx': 16, 'vocab_size': 17}",
    "C24": "{'source': '', 'type': 'categorical', 'padding_idx': 0, 'oov_idx': 53030, 'vocab_size': 53031}",
    "C25": "{'source': '', 'type': 'categorical', 'padding_idx': 0, 'oov_idx': 81, 'vocab_size': 82}",
    "C26": "{'source': '', 'type': 'categorical', 'padding_idx': 0, 'oov_idx': 40954, 'vocab_size': 40955}",
    "C3": "{'source': '', 'type': 'categorical', 'padding_idx': 0, 'oov_idx': 157338, 'vocab_size': 157339}",
    "C4": "{'source': '', 'type': 'categorical', 'padding_idx': 0, 'oov_idx': 117821, 'vocab_size': 117822}",
    "C5": "{'source': '', 'type': 'categorical', 'padding_idx': 0, 'oov_idx': 305, 'vocab_size': 306}",
    "C6": "{'source': '', 'type': 'categorical', 'padding_idx': 0, 'oov_idx': 17, 'vocab_size': 18}",
    "C7": "{'source': '', 'type': 'categorical', 'padding_idx': 0, 'oov_idx': 11881, 'vocab_size': 11882}",
    "C8": "{'source': '', 'type': 'categorical', 'padding_idx': 0, 'oov_idx': 629, 'vocab_size': 630}",
    "C9": "{'source': '', 'type': 'categorical', 'padding_idx': 0, 'oov_idx': 4, 'vocab_size': 5}",
    "I1": "{'source': '', 'type': 'categorical', 'padding_idx': 0, 'oov_idx': 43, 'vocab_size': 44}",
    "I10": "{'source': '', 'type': 'categorical', 'padding_idx': 0, 'oov_idx': 5, 'vocab_size': 6}",
    "I11": "{'source': '', 'type': 'categorical', 'padding_idx': 0, 'oov_idx': 26, 'vocab_size': 27}",
    "I12": "{'source': '', 'type': 'categorical', 'padding_idx': 0, 'oov_idx': 36, 'vocab_size': 37}",
    "I13": "{'source': '', 'type': 'categorical', 'padding_idx': 0, 'oov_idx': 71, 'vocab_size': 72}",
    "I2": "{'source': '', 'type': 'categorical', 'padding_idx': 0, 'oov_idx': 98, 'vocab_size': 99}",
    "I3": "{'source': '', 'type': 'categorical', 'padding_idx': 0, 'oov_idx': 121, 'vocab_size': 122}",
    "I4": "{'source': '', 'type': 'categorical', 'padding_idx': 0, 'oov_idx': 40, 'vocab_size': 41}",
    "I5": "{'source': '', 'type': 'categorical', 'padding_idx': 0, 'oov_idx': 219, 'vocab_size': 220}",
    "I6": "{'source': '', 'type': 'categorical', 'padding_idx': 0, 'oov_idx': 111, 'vocab_size': 112}",
    "I7": "{'source': '', 'type': 'categorical', 'padding_idx': 0, 'oov_idx': 79, 'vocab_size': 80}",
    "I8": "{'source': '', 'type': 'categorical', 'padding_idx': 0, 'oov_idx': 68, 'vocab_size': 69}",
    "I9": "{'source': '', 'type': 'categorical', 'padding_idx': 0, 'oov_idx': 91, 'vocab_size': 92}"
}
2025-05-13 08:58:12,337 P478406 INFO Total number of parameters: 18100050.
2025-05-13 08:58:12,337 P478406 INFO Loading data...
2025-05-13 08:58:12,337 P478406 INFO Loading data from h5: ../../../data/Criteo_x4_10_h5/train.h5
2025-05-13 08:58:28,585 P478406 INFO Train samples: total/36672493, blocks/1
2025-05-13 08:58:28,585 P478406 INFO Loading data from h5: ../../../data/Criteo_x4_10_h5/valid.h5
2025-05-13 08:58:30,744 P478406 INFO Validation samples: total/4584062, blocks/1
2025-05-13 08:58:30,745 P478406 INFO Loading train and validation data done.
2025-05-13 08:58:30,745 P478406 INFO Start training: 4477 batches/epoch
2025-05-13 08:58:30,745 P478406 INFO ************ Epoch=1 start ************
2025-05-13 09:02:25,471 P478406 INFO Train loss: 0.461362
2025-05-13 09:02:25,471 P478406 INFO Evaluation @epoch 1 - batch 4477: 
2025-05-13 09:02:39,311 P478406 INFO ===
2025-05-13 09:02:39,311 P478406 INFO [Metrics] AUC: 0.805598 - logloss: 0.445535
2025-05-13 09:02:39,317 P478406 INFO Save best model: monitor(max)=0.805598
2025-05-13 09:02:39,920 P478406 INFO ************ Epoch=1 end ************
2025-05-13 09:06:34,327 P478406 INFO Train loss: 0.454822
2025-05-13 09:06:34,327 P478406 INFO Evaluation @epoch 2 - batch 4477: 
2025-05-13 09:06:47,916 P478406 INFO ===
2025-05-13 09:06:47,916 P478406 INFO [Metrics] AUC: 0.808473 - logloss: 0.442908
2025-05-13 09:06:47,926 P478406 INFO Save best model: monitor(max)=0.808473
2025-05-13 09:06:48,603 P478406 INFO ************ Epoch=2 end ************
2025-05-13 09:10:42,640 P478406 INFO Train loss: 0.452864
2025-05-13 09:10:42,640 P478406 INFO Evaluation @epoch 3 - batch 4477: 
2025-05-13 09:10:56,191 P478406 INFO ===
2025-05-13 09:10:56,191 P478406 INFO [Metrics] AUC: 0.810007 - logloss: 0.441581
2025-05-13 09:10:56,201 P478406 INFO Save best model: monitor(max)=0.810007
2025-05-13 09:10:56,851 P478406 INFO ************ Epoch=3 end ************
2025-05-13 09:14:51,807 P478406 INFO Train loss: 0.451729
2025-05-13 09:14:51,807 P478406 INFO Evaluation @epoch 4 - batch 4477: 
2025-05-13 09:15:05,465 P478406 INFO ===
2025-05-13 09:15:05,465 P478406 INFO [Metrics] AUC: 0.810689 - logloss: 0.441026
2025-05-13 09:15:05,475 P478406 INFO Save best model: monitor(max)=0.810689
2025-05-13 09:15:06,096 P478406 INFO ************ Epoch=4 end ************
2025-05-13 09:19:00,664 P478406 INFO Train loss: 0.450968
2025-05-13 09:19:00,664 P478406 INFO Evaluation @epoch 5 - batch 4477: 
2025-05-13 09:19:14,329 P478406 INFO ===
2025-05-13 09:19:14,329 P478406 INFO [Metrics] AUC: 0.811297 - logloss: 0.440330
2025-05-13 09:19:14,339 P478406 INFO Save best model: monitor(max)=0.811297
2025-05-13 09:19:14,954 P478406 INFO ************ Epoch=5 end ************
2025-05-13 09:23:10,340 P478406 INFO Train loss: 0.450438
2025-05-13 09:23:10,340 P478406 INFO Evaluation @epoch 6 - batch 4477: 
2025-05-13 09:23:24,073 P478406 INFO ===
2025-05-13 09:23:24,073 P478406 INFO [Metrics] AUC: 0.811767 - logloss: 0.440034
2025-05-13 09:23:24,083 P478406 INFO Save best model: monitor(max)=0.811767
2025-05-13 09:23:24,700 P478406 INFO ************ Epoch=6 end ************
2025-05-13 09:27:19,726 P478406 INFO Train loss: 0.450002
2025-05-13 09:27:19,726 P478406 INFO Evaluation @epoch 7 - batch 4477: 
2025-05-13 09:27:33,263 P478406 INFO ===
2025-05-13 09:27:33,263 P478406 INFO [Metrics] AUC: 0.811944 - logloss: 0.439680
2025-05-13 09:27:33,273 P478406 INFO Save best model: monitor(max)=0.811944
2025-05-13 09:27:33,844 P478406 INFO ************ Epoch=7 end ************
2025-05-13 09:31:27,814 P478406 INFO Train loss: 0.449632
2025-05-13 09:31:27,815 P478406 INFO Evaluation @epoch 8 - batch 4477: 
2025-05-13 09:31:41,456 P478406 INFO ===
2025-05-13 09:31:41,457 P478406 INFO [Metrics] AUC: 0.812178 - logloss: 0.439695
2025-05-13 09:31:41,467 P478406 INFO Save best model: monitor(max)=0.812178
2025-05-13 09:31:42,055 P478406 INFO ************ Epoch=8 end ************
2025-05-13 09:35:36,632 P478406 INFO Train loss: 0.449306
2025-05-13 09:35:36,632 P478406 INFO Evaluation @epoch 9 - batch 4477: 
2025-05-13 09:35:50,364 P478406 INFO ===
2025-05-13 09:35:50,364 P478406 INFO [Metrics] AUC: 0.812342 - logloss: 0.439355
2025-05-13 09:35:50,374 P478406 INFO Save best model: monitor(max)=0.812342
2025-05-13 09:35:50,880 P478406 INFO ************ Epoch=9 end ************
2025-05-13 09:39:44,810 P478406 INFO Train loss: 0.449051
2025-05-13 09:39:44,810 P478406 INFO Evaluation @epoch 10 - batch 4477: 
2025-05-13 09:39:58,453 P478406 INFO ===
2025-05-13 09:39:58,453 P478406 INFO [Metrics] AUC: 0.812439 - logloss: 0.439267
2025-05-13 09:39:58,463 P478406 INFO Save best model: monitor(max)=0.812439
2025-05-13 09:39:59,047 P478406 INFO ************ Epoch=10 end ************
2025-05-13 09:43:53,164 P478406 INFO Train loss: 0.448759
2025-05-13 09:43:53,165 P478406 INFO Evaluation @epoch 11 - batch 4477: 
2025-05-13 09:44:06,748 P478406 INFO ===
2025-05-13 09:44:06,748 P478406 INFO [Metrics] AUC: 0.812528 - logloss: 0.439211
2025-05-13 09:44:06,758 P478406 INFO Save best model: monitor(max)=0.812528
2025-05-13 09:44:07,399 P478406 INFO ************ Epoch=11 end ************
2025-05-13 09:48:01,671 P478406 INFO Train loss: 0.448564
2025-05-13 09:48:01,671 P478406 INFO Evaluation @epoch 12 - batch 4477: 
2025-05-13 09:48:15,233 P478406 INFO ===
2025-05-13 09:48:15,233 P478406 INFO [Metrics] AUC: 0.812686 - logloss: 0.439084
2025-05-13 09:48:15,241 P478406 INFO Save best model: monitor(max)=0.812686
2025-05-13 09:48:15,848 P478406 INFO ************ Epoch=12 end ************
2025-05-13 09:52:09,363 P478406 INFO Train loss: 0.448364
2025-05-13 09:52:09,363 P478406 INFO Evaluation @epoch 13 - batch 4477: 
2025-05-13 09:52:22,895 P478406 INFO ===
2025-05-13 09:52:22,895 P478406 INFO [Metrics] AUC: 0.812716 - logloss: 0.439026
2025-05-13 09:52:22,904 P478406 INFO Save best model: monitor(max)=0.812716
2025-05-13 09:52:23,553 P478406 INFO ************ Epoch=13 end ************
2025-05-13 09:56:17,956 P478406 INFO Train loss: 0.448152
2025-05-13 09:56:17,957 P478406 INFO Evaluation @epoch 14 - batch 4477: 
2025-05-13 09:56:31,622 P478406 INFO ===
2025-05-13 09:56:31,622 P478406 INFO [Metrics] AUC: 0.812777 - logloss: 0.438953
2025-05-13 09:56:31,631 P478406 INFO Save best model: monitor(max)=0.812777
2025-05-13 09:56:32,241 P478406 INFO ************ Epoch=14 end ************
2025-05-13 10:00:27,274 P478406 INFO Train loss: 0.447956
2025-05-13 10:00:27,274 P478406 INFO Evaluation @epoch 15 - batch 4477: 
2025-05-13 10:00:40,966 P478406 INFO ===
2025-05-13 10:00:40,966 P478406 INFO [Metrics] AUC: 0.812823 - logloss: 0.439003
2025-05-13 10:00:40,975 P478406 INFO Save best model: monitor(max)=0.812823
2025-05-13 10:00:41,536 P478406 INFO ************ Epoch=15 end ************
2025-05-13 10:04:34,959 P478406 INFO Train loss: 0.447784
2025-05-13 10:04:34,960 P478406 INFO Evaluation @epoch 16 - batch 4477: 
2025-05-13 10:04:48,489 P478406 INFO ===
2025-05-13 10:04:48,489 P478406 INFO [Metrics] AUC: 0.812903 - logloss: 0.438815
2025-05-13 10:04:48,497 P478406 INFO Save best model: monitor(max)=0.812903
2025-05-13 10:04:49,164 P478406 INFO ************ Epoch=16 end ************
2025-05-13 10:08:45,850 P478406 INFO Train loss: 0.447614
2025-05-13 10:08:45,850 P478406 INFO Evaluation @epoch 17 - batch 4477: 
2025-05-13 10:08:59,401 P478406 INFO ===
2025-05-13 10:08:59,402 P478406 INFO [Metrics] AUC: 0.812889 - logloss: 0.438909
2025-05-13 10:08:59,411 P478406 INFO Monitor(max)=0.812889 STOP!
2025-05-13 10:08:59,411 P478406 INFO Reduce learning rate on plateau: 0.000100
2025-05-13 10:08:59,915 P478406 INFO ************ Epoch=17 end ************
2025-05-13 10:12:54,161 P478406 INFO Train loss: 0.436783
2025-05-13 10:12:54,162 P478406 INFO Evaluation @epoch 18 - batch 4477: 
2025-05-13 10:13:07,939 P478406 INFO ===
2025-05-13 10:13:07,939 P478406 INFO [Metrics] AUC: 0.815462 - logloss: 0.436602
2025-05-13 10:13:07,949 P478406 INFO Save best model: monitor(max)=0.815462
2025-05-13 10:13:08,561 P478406 INFO ************ Epoch=18 end ************
2025-05-13 10:17:02,395 P478406 INFO Train loss: 0.432662
2025-05-13 10:17:02,395 P478406 INFO Evaluation @epoch 19 - batch 4477: 
2025-05-13 10:17:16,169 P478406 INFO ===
2025-05-13 10:17:16,170 P478406 INFO [Metrics] AUC: 0.815833 - logloss: 0.436366
2025-05-13 10:17:16,181 P478406 INFO Save best model: monitor(max)=0.815833
2025-05-13 10:17:16,856 P478406 INFO ************ Epoch=19 end ************
2025-05-13 10:21:11,104 P478406 INFO Train loss: 0.430863
2025-05-13 10:21:11,105 P478406 INFO Evaluation @epoch 20 - batch 4477: 
2025-05-13 10:21:24,817 P478406 INFO ===
2025-05-13 10:21:24,817 P478406 INFO [Metrics] AUC: 0.815841 - logloss: 0.436437
2025-05-13 10:21:24,827 P478406 INFO Save best model: monitor(max)=0.815841
2025-05-13 10:21:25,448 P478406 INFO ************ Epoch=20 end ************
2025-05-13 10:25:19,318 P478406 INFO Train loss: 0.429560
2025-05-13 10:25:19,318 P478406 INFO Evaluation @epoch 21 - batch 4477: 
2025-05-13 10:25:33,024 P478406 INFO ===
2025-05-13 10:25:33,024 P478406 INFO [Metrics] AUC: 0.815724 - logloss: 0.436541
2025-05-13 10:25:33,032 P478406 INFO Monitor(max)=0.815724 STOP!
2025-05-13 10:25:33,032 P478406 INFO Reduce learning rate on plateau: 0.000010
2025-05-13 10:25:33,568 P478406 INFO ************ Epoch=21 end ************
2025-05-13 10:29:27,359 P478406 INFO Train loss: 0.425581
2025-05-13 10:29:27,359 P478406 INFO Evaluation @epoch 22 - batch 4477: 
2025-05-13 10:29:41,076 P478406 INFO ===
2025-05-13 10:29:41,076 P478406 INFO [Metrics] AUC: 0.815276 - logloss: 0.437381
2025-05-13 10:29:41,086 P478406 INFO Monitor(max)=0.815276 STOP!
2025-05-13 10:29:41,086 P478406 INFO Reduce learning rate on plateau: 0.000001
2025-05-13 10:29:41,086 P478406 INFO ********* Epoch==22 early stop *********
2025-05-13 10:29:41,690 P478406 INFO Training finished.
2025-05-13 10:29:41,690 P478406 INFO Load best model: /root/autodl-tmp/model_zoo/DCNv3/DCNv3_torch/checkpoints/Criteo_x4_10_h5/FCNv2_Criteo_020_6dbd8972.model
2025-05-13 10:29:41,732 P478406 INFO ****** Validation evaluation ******
2025-05-13 10:29:55,418 P478406 INFO ===
2025-05-13 10:29:55,418 P478406 INFO [Metrics] logloss: 0.436437 - AUC: 0.815841
2025-05-13 10:29:56,019 P478406 INFO ******** Test evaluation ********
2025-05-13 10:29:56,019 P478406 INFO Loading data...
2025-05-13 10:29:56,019 P478406 INFO Loading data from h5: ../../../data/Criteo_x4_10_h5/test.h5
2025-05-13 10:29:58,009 P478406 INFO Test samples: total/4584062, blocks/1
2025-05-13 10:29:58,009 P478406 INFO Loading test data done.
2025-05-13 10:30:10,557 P478406 INFO ===
2025-05-13 10:30:10,558 P478406 INFO [Metrics] logloss: 0.436098 - AUC: 0.816189
