2025-05-12 23:38:18,481 P260834 INFO Params: {
    "batch_norm": "False",
    "batch_size": "8192",
    "data_format": "h5",
    "data_root": "../../../data/",
    "dataset_id": "Criteo_x4_10_h5",
    "debug_mode": "False",
    "early_stop_patience": "2",
    "embedding_dim": "16",
    "embedding_regularizer": "1e-05",
    "epochs": "100",
    "eval_steps": "None",
    "exp_num_layers": "1",
    "feature_cols": "[{'active': True, 'dtype': 'float', 'fill_na': 0, 'na_value': 0, 'name': ['I1', 'I2', 'I3', 'I4', 'I5', 'I6', 'I7', 'I8', 'I9', 'I10', 'I11', 'I12', 'I13'], 'preprocess': 'convert_to_bucket', 'type': 'categorical'}, {'active': True, 'dtype': 'str', 'fill_na': '', 'na_value': '', 'name': ['C1', 'C2', 'C3', 'C4', 'C5', 'C6', 'C7', 'C8', 'C9', 'C10', 'C11', 'C12', 'C13', 'C14', 'C15', 'C16', 'C17', 'C18', 'C19', 'C20', 'C21', 'C22', 'C23', 'C24', 'C25', 'C26'], 'type': 'categorical'}]",
    "feature_config": "None",
    "feature_specs": "None",
    "gpu": "1",
    "group_id": "None",
    "label_col": "{'dtype': 'float', 'name': 'Label'}",
    "learning_rate": "0.001",
    "lin_num_layers": "4",
    "loss": "binary_crossentropy",
    "metrics": "['logloss', 'AUC']",
    "min_categr_count": "10",
    "model": "FCNv1",
    "model_id": "FCNv1_Criteo_004_408f1d7e",
    "model_root": "./checkpoints/",
    "monitor": "{'AUC': 1, 'logloss': 0}",
    "monitor_mode": "max",
    "net_dropout": "0.1",
    "net_regularizer": "0",
    "num_heads": "1",
    "num_workers": "8",
    "optimizer": "adam",
    "pickle_feature_encoder": "True",
    "save_best_only": "True",
    "seed": "2024",
    "shuffle": "True",
    "task": "binary_classification",
    "test_data": "../../../data/Criteo_x4_10_h5/test.h5",
    "train_data": "../../../data/Criteo_x4_10_h5/train.h5",
    "use_features": "None",
    "valid_data": "../../../data/Criteo_x4_10_h5/valid.h5",
    "verbose": "1"
}
2025-05-12 23:38:18,482 P260834 INFO Load feature_map from json: ../../../data/Criteo_x4_10_h5/feature_map.json
2025-05-12 23:38:18,482 P260834 INFO Set column index...
2025-05-12 23:38:18,482 P260834 INFO Feature specs: {
    "C1": "{'source': '', 'type': 'categorical', 'padding_idx': 0, 'oov_idx': 1445, 'vocab_size': 1446}",
    "C10": "{'source': '', 'type': 'categorical', 'padding_idx': 0, 'oov_idx': 39529, 'vocab_size': 39530}",
    "C11": "{'source': '', 'type': 'categorical', 'padding_idx': 0, 'oov_idx': 5130, 'vocab_size': 5131}",
    "C12": "{'source': '', 'type': 'categorical', 'padding_idx': 0, 'oov_idx': 156655, 'vocab_size': 156656}",
    "C13": "{'source': '', 'type': 'categorical', 'padding_idx': 0, 'oov_idx': 3175, 'vocab_size': 3176}",
    "C14": "{'source': '', 'type': 'categorical', 'padding_idx': 0, 'oov_idx': 27, 'vocab_size': 28}",
    "C15": "{'source': '', 'type': 'categorical', 'padding_idx': 0, 'oov_idx': 11042, 'vocab_size': 11043}",
    "C16": "{'source': '', 'type': 'categorical', 'padding_idx': 0, 'oov_idx': 148912, 'vocab_size': 148913}",
    "C17": "{'source': '', 'type': 'categorical', 'padding_idx': 0, 'oov_idx': 11, 'vocab_size': 12}",
    "C18": "{'source': '', 'type': 'categorical', 'padding_idx': 0, 'oov_idx': 4559, 'vocab_size': 4560}",
    "C19": "{'source': '', 'type': 'categorical', 'padding_idx': 0, 'oov_idx': 2002, 'vocab_size': 2003}",
    "C2": "{'source': '', 'type': 'categorical', 'padding_idx': 0, 'oov_idx': 553, 'vocab_size': 554}",
    "C20": "{'source': '', 'type': 'categorical', 'padding_idx': 0, 'oov_idx': 4, 'vocab_size': 5}",
    "C21": "{'source': '', 'type': 'categorical', 'padding_idx': 0, 'oov_idx': 154563, 'vocab_size': 154564}",
    "C22": "{'source': '', 'type': 'categorical', 'padding_idx': 0, 'oov_idx': 17, 'vocab_size': 18}",
    "C23": "{'source': '', 'type': 'categorical', 'padding_idx': 0, 'oov_idx': 16, 'vocab_size': 17}",
    "C24": "{'source': '', 'type': 'categorical', 'padding_idx': 0, 'oov_idx': 53030, 'vocab_size': 53031}",
    "C25": "{'source': '', 'type': 'categorical', 'padding_idx': 0, 'oov_idx': 81, 'vocab_size': 82}",
    "C26": "{'source': '', 'type': 'categorical', 'padding_idx': 0, 'oov_idx': 40954, 'vocab_size': 40955}",
    "C3": "{'source': '', 'type': 'categorical', 'padding_idx': 0, 'oov_idx': 157338, 'vocab_size': 157339}",
    "C4": "{'source': '', 'type': 'categorical', 'padding_idx': 0, 'oov_idx': 117821, 'vocab_size': 117822}",
    "C5": "{'source': '', 'type': 'categorical', 'padding_idx': 0, 'oov_idx': 305, 'vocab_size': 306}",
    "C6": "{'source': '', 'type': 'categorical', 'padding_idx': 0, 'oov_idx': 17, 'vocab_size': 18}",
    "C7": "{'source': '', 'type': 'categorical', 'padding_idx': 0, 'oov_idx': 11881, 'vocab_size': 11882}",
    "C8": "{'source': '', 'type': 'categorical', 'padding_idx': 0, 'oov_idx': 629, 'vocab_size': 630}",
    "C9": "{'source': '', 'type': 'categorical', 'padding_idx': 0, 'oov_idx': 4, 'vocab_size': 5}",
    "I1": "{'source': '', 'type': 'categorical', 'padding_idx': 0, 'oov_idx': 43, 'vocab_size': 44}",
    "I10": "{'source': '', 'type': 'categorical', 'padding_idx': 0, 'oov_idx': 5, 'vocab_size': 6}",
    "I11": "{'source': '', 'type': 'categorical', 'padding_idx': 0, 'oov_idx': 26, 'vocab_size': 27}",
    "I12": "{'source': '', 'type': 'categorical', 'padding_idx': 0, 'oov_idx': 36, 'vocab_size': 37}",
    "I13": "{'source': '', 'type': 'categorical', 'padding_idx': 0, 'oov_idx': 71, 'vocab_size': 72}",
    "I2": "{'source': '', 'type': 'categorical', 'padding_idx': 0, 'oov_idx': 98, 'vocab_size': 99}",
    "I3": "{'source': '', 'type': 'categorical', 'padding_idx': 0, 'oov_idx': 121, 'vocab_size': 122}",
    "I4": "{'source': '', 'type': 'categorical', 'padding_idx': 0, 'oov_idx': 40, 'vocab_size': 41}",
    "I5": "{'source': '', 'type': 'categorical', 'padding_idx': 0, 'oov_idx': 219, 'vocab_size': 220}",
    "I6": "{'source': '', 'type': 'categorical', 'padding_idx': 0, 'oov_idx': 111, 'vocab_size': 112}",
    "I7": "{'source': '', 'type': 'categorical', 'padding_idx': 0, 'oov_idx': 79, 'vocab_size': 80}",
    "I8": "{'source': '', 'type': 'categorical', 'padding_idx': 0, 'oov_idx': 68, 'vocab_size': 69}",
    "I9": "{'source': '', 'type': 'categorical', 'padding_idx': 0, 'oov_idx': 91, 'vocab_size': 92}"
}
2025-05-12 23:38:22,399 P260834 INFO Total number of parameters: 15552882.
2025-05-12 23:38:22,399 P260834 INFO Loading data...
2025-05-12 23:38:22,399 P260834 INFO Loading data from h5: ../../../data/Criteo_x4_10_h5/train.h5
2025-05-12 23:38:39,104 P260834 INFO Train samples: total/36672493, blocks/1
2025-05-12 23:38:39,105 P260834 INFO Loading data from h5: ../../../data/Criteo_x4_10_h5/valid.h5
2025-05-12 23:38:41,249 P260834 INFO Validation samples: total/4584062, blocks/1
2025-05-12 23:38:41,250 P260834 INFO Loading train and validation data done.
2025-05-12 23:38:41,250 P260834 INFO Start training: 4477 batches/epoch
2025-05-12 23:38:41,250 P260834 INFO ************ Epoch=1 start ************
2025-05-12 23:41:29,227 P260834 INFO Train loss: 0.462843
2025-05-12 23:41:29,227 P260834 INFO Evaluation @epoch 1 - batch 4477: 
2025-05-12 23:41:43,134 P260834 INFO ===
2025-05-12 23:41:43,135 P260834 INFO [Metrics] AUC: 0.803816 - logloss: 0.447210
2025-05-12 23:41:43,141 P260834 INFO Save best model: monitor(max)=0.803816
2025-05-12 23:41:43,786 P260834 INFO ************ Epoch=1 end ************
2025-05-12 23:44:31,192 P260834 INFO Train loss: 0.454770
2025-05-12 23:44:31,193 P260834 INFO Evaluation @epoch 2 - batch 4477: 
2025-05-12 23:44:44,689 P260834 INFO ===
2025-05-12 23:44:44,689 P260834 INFO [Metrics] AUC: 0.807433 - logloss: 0.443928
2025-05-12 23:44:44,699 P260834 INFO Save best model: monitor(max)=0.807433
2025-05-12 23:44:45,396 P260834 INFO ************ Epoch=2 end ************
2025-05-12 23:47:34,197 P260834 INFO Train loss: 0.452860
2025-05-12 23:47:34,198 P260834 INFO Evaluation @epoch 3 - batch 4477: 
2025-05-12 23:47:47,749 P260834 INFO ===
2025-05-12 23:47:47,749 P260834 INFO [Metrics] AUC: 0.808646 - logloss: 0.443186
2025-05-12 23:47:47,760 P260834 INFO Save best model: monitor(max)=0.808646
2025-05-12 23:47:48,493 P260834 INFO ************ Epoch=3 end ************
2025-05-12 23:50:38,652 P260834 INFO Train loss: 0.451973
2025-05-12 23:50:38,652 P260834 INFO Evaluation @epoch 4 - batch 4477: 
2025-05-12 23:50:52,439 P260834 INFO ===
2025-05-12 23:50:52,439 P260834 INFO [Metrics] AUC: 0.809338 - logloss: 0.442394
2025-05-12 23:50:52,450 P260834 INFO Save best model: monitor(max)=0.809338
2025-05-12 23:50:53,131 P260834 INFO ************ Epoch=4 end ************
2025-05-12 23:53:42,492 P260834 INFO Train loss: 0.451459
2025-05-12 23:53:42,492 P260834 INFO Evaluation @epoch 5 - batch 4477: 
2025-05-12 23:53:55,946 P260834 INFO ===
2025-05-12 23:53:55,946 P260834 INFO [Metrics] AUC: 0.809971 - logloss: 0.441665
2025-05-12 23:53:55,956 P260834 INFO Save best model: monitor(max)=0.809971
2025-05-12 23:53:56,581 P260834 INFO ************ Epoch=5 end ************
2025-05-12 23:56:47,922 P260834 INFO Train loss: 0.451079
2025-05-12 23:56:47,922 P260834 INFO Evaluation @epoch 6 - batch 4477: 
2025-05-12 23:57:01,338 P260834 INFO ===
2025-05-12 23:57:01,338 P260834 INFO [Metrics] AUC: 0.810297 - logloss: 0.441340
2025-05-12 23:57:01,345 P260834 INFO Save best model: monitor(max)=0.810297
2025-05-12 23:57:02,020 P260834 INFO ************ Epoch=6 end ************
2025-05-12 23:59:51,750 P260834 INFO Train loss: 0.450800
2025-05-12 23:59:51,750 P260834 INFO Evaluation @epoch 7 - batch 4477: 
2025-05-13 00:00:05,368 P260834 INFO ===
2025-05-13 00:00:05,368 P260834 INFO [Metrics] AUC: 0.810469 - logloss: 0.441146
2025-05-13 00:00:05,379 P260834 INFO Save best model: monitor(max)=0.810469
2025-05-13 00:00:06,051 P260834 INFO ************ Epoch=7 end ************
2025-05-13 00:02:55,704 P260834 INFO Train loss: 0.450577
2025-05-13 00:02:55,705 P260834 INFO Evaluation @epoch 8 - batch 4477: 
2025-05-13 00:03:09,042 P260834 INFO ===
2025-05-13 00:03:09,042 P260834 INFO [Metrics] AUC: 0.810706 - logloss: 0.441017
2025-05-13 00:03:09,053 P260834 INFO Save best model: monitor(max)=0.810706
2025-05-13 00:03:09,751 P260834 INFO ************ Epoch=8 end ************
2025-05-13 00:05:58,313 P260834 INFO Train loss: 0.450382
2025-05-13 00:05:58,313 P260834 INFO Evaluation @epoch 9 - batch 4477: 
2025-05-13 00:06:11,740 P260834 INFO ===
2025-05-13 00:06:11,741 P260834 INFO [Metrics] AUC: 0.810944 - logloss: 0.440731
2025-05-13 00:06:11,751 P260834 INFO Save best model: monitor(max)=0.810944
2025-05-13 00:06:12,444 P260834 INFO ************ Epoch=9 end ************
2025-05-13 00:09:01,876 P260834 INFO Train loss: 0.450214
2025-05-13 00:09:01,877 P260834 INFO Evaluation @epoch 10 - batch 4477: 
2025-05-13 00:09:15,524 P260834 INFO ===
2025-05-13 00:09:15,524 P260834 INFO [Metrics] AUC: 0.811154 - logloss: 0.440526
2025-05-13 00:09:15,535 P260834 INFO Save best model: monitor(max)=0.811154
2025-05-13 00:09:16,264 P260834 INFO ************ Epoch=10 end ************
2025-05-13 00:12:04,520 P260834 INFO Train loss: 0.450069
2025-05-13 00:12:04,520 P260834 INFO Evaluation @epoch 11 - batch 4477: 
2025-05-13 00:12:18,041 P260834 INFO ===
2025-05-13 00:12:18,041 P260834 INFO [Metrics] AUC: 0.811212 - logloss: 0.440546
2025-05-13 00:12:18,052 P260834 INFO Save best model: monitor(max)=0.811212
2025-05-13 00:12:18,734 P260834 INFO ************ Epoch=11 end ************
2025-05-13 00:15:08,557 P260834 INFO Train loss: 0.449922
2025-05-13 00:15:08,557 P260834 INFO Evaluation @epoch 12 - batch 4477: 
2025-05-13 00:15:21,917 P260834 INFO ===
2025-05-13 00:15:21,917 P260834 INFO [Metrics] AUC: 0.811142 - logloss: 0.440494
2025-05-13 00:15:21,928 P260834 INFO Monitor(max)=0.811142 STOP!
2025-05-13 00:15:21,928 P260834 INFO Reduce learning rate on plateau: 0.000100
2025-05-13 00:15:22,507 P260834 INFO ************ Epoch=12 end ************
2025-05-13 00:18:07,514 P260834 INFO Train loss: 0.440695
2025-05-13 00:18:07,515 P260834 INFO Evaluation @epoch 13 - batch 4477: 
2025-05-13 00:18:20,914 P260834 INFO ===
2025-05-13 00:18:20,915 P260834 INFO [Metrics] AUC: 0.813973 - logloss: 0.437930
2025-05-13 00:18:20,925 P260834 INFO Save best model: monitor(max)=0.813973
2025-05-13 00:18:21,609 P260834 INFO ************ Epoch=13 end ************
2025-05-13 00:21:08,510 P260834 INFO Train loss: 0.437444
2025-05-13 00:21:08,510 P260834 INFO Evaluation @epoch 14 - batch 4477: 
2025-05-13 00:21:21,768 P260834 INFO ===
2025-05-13 00:21:21,769 P260834 INFO [Metrics] AUC: 0.814405 - logloss: 0.437590
2025-05-13 00:21:21,778 P260834 INFO Save best model: monitor(max)=0.814405
2025-05-13 00:21:22,487 P260834 INFO ************ Epoch=14 end ************
2025-05-13 00:24:14,255 P260834 INFO Train loss: 0.435989
2025-05-13 00:24:14,255 P260834 INFO Evaluation @epoch 15 - batch 4477: 
2025-05-13 00:24:27,679 P260834 INFO ===
2025-05-13 00:24:27,680 P260834 INFO [Metrics] AUC: 0.814492 - logloss: 0.437516
2025-05-13 00:24:27,690 P260834 INFO Save best model: monitor(max)=0.814492
2025-05-13 00:24:28,388 P260834 INFO ************ Epoch=15 end ************
2025-05-13 00:27:17,796 P260834 INFO Train loss: 0.434914
2025-05-13 00:27:17,796 P260834 INFO Evaluation @epoch 16 - batch 4477: 
2025-05-13 00:27:31,656 P260834 INFO ===
2025-05-13 00:27:31,656 P260834 INFO [Metrics] AUC: 0.814526 - logloss: 0.437494
2025-05-13 00:27:31,663 P260834 INFO Save best model: monitor(max)=0.814526
2025-05-13 00:27:32,351 P260834 INFO ************ Epoch=16 end ************
2025-05-13 00:30:21,327 P260834 INFO Train loss: 0.434007
2025-05-13 00:30:21,327 P260834 INFO Evaluation @epoch 17 - batch 4477: 
2025-05-13 00:30:34,624 P260834 INFO ===
2025-05-13 00:30:34,624 P260834 INFO [Metrics] AUC: 0.814428 - logloss: 0.437641
2025-05-13 00:30:34,633 P260834 INFO Monitor(max)=0.814428 STOP!
2025-05-13 00:30:34,633 P260834 INFO Reduce learning rate on plateau: 0.000010
2025-05-13 00:30:35,239 P260834 INFO ************ Epoch=17 end ************
2025-05-13 00:33:26,141 P260834 INFO Train loss: 0.430658
2025-05-13 00:33:26,141 P260834 INFO Evaluation @epoch 18 - batch 4477: 
2025-05-13 00:33:39,616 P260834 INFO ===
2025-05-13 00:33:39,616 P260834 INFO [Metrics] AUC: 0.814347 - logloss: 0.437867
2025-05-13 00:33:39,627 P260834 INFO Monitor(max)=0.814347 STOP!
2025-05-13 00:33:39,627 P260834 INFO Reduce learning rate on plateau: 0.000001
2025-05-13 00:33:39,627 P260834 INFO ********* Epoch==18 early stop *********
2025-05-13 00:33:40,219 P260834 INFO Training finished.
2025-05-13 00:33:40,219 P260834 INFO Load best model: /root/autodl-tmp/model_zoo/DCNv3/DCNv3_torch/checkpoints/Criteo_x4_10_h5/FCNv1_Criteo_004_408f1d7e.model
2025-05-13 00:33:40,257 P260834 INFO ****** Validation evaluation ******
2025-05-13 00:33:53,857 P260834 INFO ===
2025-05-13 00:33:53,858 P260834 INFO [Metrics] logloss: 0.437494 - AUC: 0.814526
2025-05-13 00:33:54,719 P260834 INFO ******** Test evaluation ********
2025-05-13 00:33:54,719 P260834 INFO Loading data...
2025-05-13 00:33:54,720 P260834 INFO Loading data from h5: ../../../data/Criteo_x4_10_h5/test.h5
2025-05-13 00:33:56,905 P260834 INFO Test samples: total/4584062, blocks/1
2025-05-13 00:33:56,905 P260834 INFO Loading test data done.
2025-05-13 00:34:08,013 P260834 INFO ===
2025-05-13 00:34:08,013 P260834 INFO [Metrics] logloss: 0.437141 - AUC: 0.814925
