2025-05-13 02:35:14,549 P992937 INFO Params: {
    "batch_norm": "False",
    "batch_size": "8192",
    "data_format": "h5",
    "data_root": "../../../data/",
    "dataset_id": "Criteo_x4_10_h5",
    "debug_mode": "False",
    "early_stop_patience": "2",
    "embedding_dim": "16",
    "embedding_regularizer": "1e-05",
    "epochs": "100",
    "eval_steps": "None",
    "exp_num_layers": "2",
    "feature_cols": "[{'active': True, 'dtype': 'float', 'fill_na': 0, 'na_value': 0, 'name': ['I1', 'I2', 'I3', 'I4', 'I5', 'I6', 'I7', 'I8', 'I9', 'I10', 'I11', 'I12', 'I13'], 'preprocess': 'convert_to_bucket', 'type': 'categorical'}, {'active': True, 'dtype': 'str', 'fill_na': '', 'na_value': '', 'name': ['C1', 'C2', 'C3', 'C4', 'C5', 'C6', 'C7', 'C8', 'C9', 'C10', 'C11', 'C12', 'C13', 'C14', 'C15', 'C16', 'C17', 'C18', 'C19', 'C20', 'C21', 'C22', 'C23', 'C24', 'C25', 'C26'], 'type': 'categorical'}]",
    "feature_config": "None",
    "feature_specs": "None",
    "gpu": "2",
    "group_id": "None",
    "label_col": "{'dtype': 'float', 'name': 'Label'}",
    "learning_rate": "0.001",
    "lin_num_layers": "5",
    "loss": "binary_crossentropy",
    "metrics": "['logloss', 'AUC']",
    "min_categr_count": "10",
    "model": "FCNv2",
    "model_id": "FCNv2_Criteo_010_0c2d7e50",
    "model_root": "./checkpoints/",
    "monitor": "{'AUC': 1, 'logloss': 0}",
    "monitor_mode": "max",
    "net_dropout": "0.1",
    "net_regularizer": "0",
    "num_heads": "1",
    "num_workers": "8",
    "optimizer": "adam",
    "pickle_feature_encoder": "True",
    "save_best_only": "True",
    "seed": "2025",
    "shuffle": "True",
    "task": "binary_classification",
    "test_data": "../../../data/Criteo_x4_10_h5/test.h5",
    "train_data": "../../../data/Criteo_x4_10_h5/train.h5",
    "use_features": "None",
    "valid_data": "../../../data/Criteo_x4_10_h5/valid.h5",
    "verbose": "1"
}
2025-05-13 02:35:14,550 P992937 INFO Load feature_map from json: ../../../data/Criteo_x4_10_h5/feature_map.json
2025-05-13 02:35:14,550 P992937 INFO Set column index...
2025-05-13 02:35:14,550 P992937 INFO Feature specs: {
    "C1": "{'source': '', 'type': 'categorical', 'padding_idx': 0, 'oov_idx': 1445, 'vocab_size': 1446}",
    "C10": "{'source': '', 'type': 'categorical', 'padding_idx': 0, 'oov_idx': 39529, 'vocab_size': 39530}",
    "C11": "{'source': '', 'type': 'categorical', 'padding_idx': 0, 'oov_idx': 5130, 'vocab_size': 5131}",
    "C12": "{'source': '', 'type': 'categorical', 'padding_idx': 0, 'oov_idx': 156655, 'vocab_size': 156656}",
    "C13": "{'source': '', 'type': 'categorical', 'padding_idx': 0, 'oov_idx': 3175, 'vocab_size': 3176}",
    "C14": "{'source': '', 'type': 'categorical', 'padding_idx': 0, 'oov_idx': 27, 'vocab_size': 28}",
    "C15": "{'source': '', 'type': 'categorical', 'padding_idx': 0, 'oov_idx': 11042, 'vocab_size': 11043}",
    "C16": "{'source': '', 'type': 'categorical', 'padding_idx': 0, 'oov_idx': 148912, 'vocab_size': 148913}",
    "C17": "{'source': '', 'type': 'categorical', 'padding_idx': 0, 'oov_idx': 11, 'vocab_size': 12}",
    "C18": "{'source': '', 'type': 'categorical', 'padding_idx': 0, 'oov_idx': 4559, 'vocab_size': 4560}",
    "C19": "{'source': '', 'type': 'categorical', 'padding_idx': 0, 'oov_idx': 2002, 'vocab_size': 2003}",
    "C2": "{'source': '', 'type': 'categorical', 'padding_idx': 0, 'oov_idx': 553, 'vocab_size': 554}",
    "C20": "{'source': '', 'type': 'categorical', 'padding_idx': 0, 'oov_idx': 4, 'vocab_size': 5}",
    "C21": "{'source': '', 'type': 'categorical', 'padding_idx': 0, 'oov_idx': 154563, 'vocab_size': 154564}",
    "C22": "{'source': '', 'type': 'categorical', 'padding_idx': 0, 'oov_idx': 17, 'vocab_size': 18}",
    "C23": "{'source': '', 'type': 'categorical', 'padding_idx': 0, 'oov_idx': 16, 'vocab_size': 17}",
    "C24": "{'source': '', 'type': 'categorical', 'padding_idx': 0, 'oov_idx': 53030, 'vocab_size': 53031}",
    "C25": "{'source': '', 'type': 'categorical', 'padding_idx': 0, 'oov_idx': 81, 'vocab_size': 82}",
    "C26": "{'source': '', 'type': 'categorical', 'padding_idx': 0, 'oov_idx': 40954, 'vocab_size': 40955}",
    "C3": "{'source': '', 'type': 'categorical', 'padding_idx': 0, 'oov_idx': 157338, 'vocab_size': 157339}",
    "C4": "{'source': '', 'type': 'categorical', 'padding_idx': 0, 'oov_idx': 117821, 'vocab_size': 117822}",
    "C5": "{'source': '', 'type': 'categorical', 'padding_idx': 0, 'oov_idx': 305, 'vocab_size': 306}",
    "C6": "{'source': '', 'type': 'categorical', 'padding_idx': 0, 'oov_idx': 17, 'vocab_size': 18}",
    "C7": "{'source': '', 'type': 'categorical', 'padding_idx': 0, 'oov_idx': 11881, 'vocab_size': 11882}",
    "C8": "{'source': '', 'type': 'categorical', 'padding_idx': 0, 'oov_idx': 629, 'vocab_size': 630}",
    "C9": "{'source': '', 'type': 'categorical', 'padding_idx': 0, 'oov_idx': 4, 'vocab_size': 5}",
    "I1": "{'source': '', 'type': 'categorical', 'padding_idx': 0, 'oov_idx': 43, 'vocab_size': 44}",
    "I10": "{'source': '', 'type': 'categorical', 'padding_idx': 0, 'oov_idx': 5, 'vocab_size': 6}",
    "I11": "{'source': '', 'type': 'categorical', 'padding_idx': 0, 'oov_idx': 26, 'vocab_size': 27}",
    "I12": "{'source': '', 'type': 'categorical', 'padding_idx': 0, 'oov_idx': 36, 'vocab_size': 37}",
    "I13": "{'source': '', 'type': 'categorical', 'padding_idx': 0, 'oov_idx': 71, 'vocab_size': 72}",
    "I2": "{'source': '', 'type': 'categorical', 'padding_idx': 0, 'oov_idx': 98, 'vocab_size': 99}",
    "I3": "{'source': '', 'type': 'categorical', 'padding_idx': 0, 'oov_idx': 121, 'vocab_size': 122}",
    "I4": "{'source': '', 'type': 'categorical', 'padding_idx': 0, 'oov_idx': 40, 'vocab_size': 41}",
    "I5": "{'source': '', 'type': 'categorical', 'padding_idx': 0, 'oov_idx': 219, 'vocab_size': 220}",
    "I6": "{'source': '', 'type': 'categorical', 'padding_idx': 0, 'oov_idx': 111, 'vocab_size': 112}",
    "I7": "{'source': '', 'type': 'categorical', 'padding_idx': 0, 'oov_idx': 79, 'vocab_size': 80}",
    "I8": "{'source': '', 'type': 'categorical', 'padding_idx': 0, 'oov_idx': 68, 'vocab_size': 69}",
    "I9": "{'source': '', 'type': 'categorical', 'padding_idx': 0, 'oov_idx': 91, 'vocab_size': 92}"
}
2025-05-13 02:35:18,492 P992937 INFO Total number of parameters: 17316306.
2025-05-13 02:35:18,492 P992937 INFO Loading data...
2025-05-13 02:35:18,492 P992937 INFO Loading data from h5: ../../../data/Criteo_x4_10_h5/train.h5
2025-05-13 02:35:34,897 P992937 INFO Train samples: total/36672493, blocks/1
2025-05-13 02:35:34,897 P992937 INFO Loading data from h5: ../../../data/Criteo_x4_10_h5/valid.h5
2025-05-13 02:35:37,043 P992937 INFO Validation samples: total/4584062, blocks/1
2025-05-13 02:35:37,043 P992937 INFO Loading train and validation data done.
2025-05-13 02:35:37,043 P992937 INFO Start training: 4477 batches/epoch
2025-05-13 02:35:37,043 P992937 INFO ************ Epoch=1 start ************
2025-05-13 02:39:14,591 P992937 INFO Train loss: 0.461048
2025-05-13 02:39:14,591 P992937 INFO Evaluation @epoch 1 - batch 4477: 
2025-05-13 02:39:27,631 P992937 INFO ===
2025-05-13 02:39:27,631 P992937 INFO [Metrics] AUC: 0.805752 - logloss: 0.445436
2025-05-13 02:39:27,638 P992937 INFO Save best model: monitor(max)=0.805752
2025-05-13 02:39:28,259 P992937 INFO ************ Epoch=1 end ************
2025-05-13 02:43:05,014 P992937 INFO Train loss: 0.454026
2025-05-13 02:43:05,014 P992937 INFO Evaluation @epoch 2 - batch 4477: 
2025-05-13 02:43:18,046 P992937 INFO ===
2025-05-13 02:43:18,046 P992937 INFO [Metrics] AUC: 0.808696 - logloss: 0.442862
2025-05-13 02:43:18,057 P992937 INFO Save best model: monitor(max)=0.808696
2025-05-13 02:43:18,591 P992937 INFO ************ Epoch=2 end ************
2025-05-13 02:46:56,032 P992937 INFO Train loss: 0.451961
2025-05-13 02:46:56,033 P992937 INFO Evaluation @epoch 3 - batch 4477: 
2025-05-13 02:47:08,892 P992937 INFO ===
2025-05-13 02:47:08,892 P992937 INFO [Metrics] AUC: 0.810328 - logloss: 0.441338
2025-05-13 02:47:08,902 P992937 INFO Save best model: monitor(max)=0.810328
2025-05-13 02:47:09,483 P992937 INFO ************ Epoch=3 end ************
2025-05-13 02:50:49,467 P992937 INFO Train loss: 0.450866
2025-05-13 02:50:49,467 P992937 INFO Evaluation @epoch 4 - batch 4477: 
2025-05-13 02:51:02,480 P992937 INFO ===
2025-05-13 02:51:02,480 P992937 INFO [Metrics] AUC: 0.810949 - logloss: 0.440695
2025-05-13 02:51:02,490 P992937 INFO Save best model: monitor(max)=0.810949
2025-05-13 02:51:03,013 P992937 INFO ************ Epoch=4 end ************
2025-05-13 02:54:39,305 P992937 INFO Train loss: 0.450161
2025-05-13 02:54:39,305 P992937 INFO Evaluation @epoch 5 - batch 4477: 
2025-05-13 02:54:52,439 P992937 INFO ===
2025-05-13 02:54:52,440 P992937 INFO [Metrics] AUC: 0.811484 - logloss: 0.440259
2025-05-13 02:54:52,450 P992937 INFO Save best model: monitor(max)=0.811484
2025-05-13 02:54:53,073 P992937 INFO ************ Epoch=5 end ************
2025-05-13 02:58:32,260 P992937 INFO Train loss: 0.449633
2025-05-13 02:58:32,260 P992937 INFO Evaluation @epoch 6 - batch 4477: 
2025-05-13 02:58:45,670 P992937 INFO ===
2025-05-13 02:58:45,670 P992937 INFO [Metrics] AUC: 0.811769 - logloss: 0.439933
2025-05-13 02:58:45,680 P992937 INFO Save best model: monitor(max)=0.811769
2025-05-13 02:58:46,276 P992937 INFO ************ Epoch=6 end ************
2025-05-13 03:02:25,044 P992937 INFO Train loss: 0.449203
2025-05-13 03:02:25,044 P992937 INFO Evaluation @epoch 7 - batch 4477: 
2025-05-13 03:02:37,927 P992937 INFO ===
2025-05-13 03:02:37,927 P992937 INFO [Metrics] AUC: 0.812106 - logloss: 0.439604
2025-05-13 03:02:37,938 P992937 INFO Save best model: monitor(max)=0.812106
2025-05-13 03:02:38,480 P992937 INFO ************ Epoch=7 end ************
2025-05-13 03:06:14,781 P992937 INFO Train loss: 0.448850
2025-05-13 03:06:14,781 P992937 INFO Evaluation @epoch 8 - batch 4477: 
2025-05-13 03:06:27,642 P992937 INFO ===
2025-05-13 03:06:27,642 P992937 INFO [Metrics] AUC: 0.812173 - logloss: 0.439522
2025-05-13 03:06:27,652 P992937 INFO Save best model: monitor(max)=0.812173
2025-05-13 03:06:28,260 P992937 INFO ************ Epoch=8 end ************
2025-05-13 03:10:07,878 P992937 INFO Train loss: 0.448534
2025-05-13 03:10:07,879 P992937 INFO Evaluation @epoch 9 - batch 4477: 
2025-05-13 03:10:21,015 P992937 INFO ===
2025-05-13 03:10:21,015 P992937 INFO [Metrics] AUC: 0.812333 - logloss: 0.439380
2025-05-13 03:10:21,026 P992937 INFO Save best model: monitor(max)=0.812333
2025-05-13 03:10:21,640 P992937 INFO ************ Epoch=9 end ************
2025-05-13 03:14:00,413 P992937 INFO Train loss: 0.448240
2025-05-13 03:14:00,414 P992937 INFO Evaluation @epoch 10 - batch 4477: 
2025-05-13 03:14:13,574 P992937 INFO ===
2025-05-13 03:14:13,574 P992937 INFO [Metrics] AUC: 0.812406 - logloss: 0.439322
2025-05-13 03:14:13,585 P992937 INFO Save best model: monitor(max)=0.812406
2025-05-13 03:14:14,184 P992937 INFO ************ Epoch=10 end ************
2025-05-13 03:17:51,591 P992937 INFO Train loss: 0.447960
2025-05-13 03:17:51,592 P992937 INFO Evaluation @epoch 11 - batch 4477: 
2025-05-13 03:18:04,703 P992937 INFO ===
2025-05-13 03:18:04,703 P992937 INFO [Metrics] AUC: 0.812493 - logloss: 0.439289
2025-05-13 03:18:04,714 P992937 INFO Save best model: monitor(max)=0.812493
2025-05-13 03:18:05,281 P992937 INFO ************ Epoch=11 end ************
2025-05-13 03:21:42,706 P992937 INFO Train loss: 0.447738
2025-05-13 03:21:42,706 P992937 INFO Evaluation @epoch 12 - batch 4477: 
2025-05-13 03:21:55,639 P992937 INFO ===
2025-05-13 03:21:55,639 P992937 INFO [Metrics] AUC: 0.812596 - logloss: 0.439135
2025-05-13 03:21:55,649 P992937 INFO Save best model: monitor(max)=0.812596
2025-05-13 03:21:56,248 P992937 INFO ************ Epoch=12 end ************
2025-05-13 03:25:33,133 P992937 INFO Train loss: 0.447476
2025-05-13 03:25:33,133 P992937 INFO Evaluation @epoch 13 - batch 4477: 
2025-05-13 03:25:45,974 P992937 INFO ===
2025-05-13 03:25:45,975 P992937 INFO [Metrics] AUC: 0.812605 - logloss: 0.439134
2025-05-13 03:25:45,985 P992937 INFO Save best model: monitor(max)=0.812605
2025-05-13 03:25:46,588 P992937 INFO ************ Epoch=13 end ************
2025-05-13 03:29:23,118 P992937 INFO Train loss: 0.447251
2025-05-13 03:29:23,118 P992937 INFO Evaluation @epoch 14 - batch 4477: 
2025-05-13 03:29:35,960 P992937 INFO ===
2025-05-13 03:29:35,960 P992937 INFO [Metrics] AUC: 0.812674 - logloss: 0.439081
2025-05-13 03:29:35,969 P992937 INFO Save best model: monitor(max)=0.812674
2025-05-13 03:29:36,569 P992937 INFO ************ Epoch=14 end ************
2025-05-13 03:33:15,954 P992937 INFO Train loss: 0.447040
2025-05-13 03:33:15,954 P992937 INFO Evaluation @epoch 15 - batch 4477: 
2025-05-13 03:33:28,713 P992937 INFO ===
2025-05-13 03:33:28,713 P992937 INFO [Metrics] AUC: 0.812695 - logloss: 0.439044
2025-05-13 03:33:28,722 P992937 INFO Save best model: monitor(max)=0.812695
2025-05-13 03:33:29,348 P992937 INFO ************ Epoch=15 end ************
2025-05-13 03:37:06,307 P992937 INFO Train loss: 0.446832
2025-05-13 03:37:06,307 P992937 INFO Evaluation @epoch 16 - batch 4477: 
2025-05-13 03:37:18,999 P992937 INFO ===
2025-05-13 03:37:18,999 P992937 INFO [Metrics] AUC: 0.812751 - logloss: 0.439118
2025-05-13 03:37:19,009 P992937 INFO Save best model: monitor(max)=0.812751
2025-05-13 03:37:19,591 P992937 INFO ************ Epoch=16 end ************
2025-05-13 03:40:54,423 P992937 INFO Train loss: 0.446629
2025-05-13 03:40:54,423 P992937 INFO Evaluation @epoch 17 - batch 4477: 
2025-05-13 03:41:07,248 P992937 INFO ===
2025-05-13 03:41:07,248 P992937 INFO [Metrics] AUC: 0.812696 - logloss: 0.439069
2025-05-13 03:41:07,257 P992937 INFO Monitor(max)=0.812696 STOP!
2025-05-13 03:41:07,257 P992937 INFO Reduce learning rate on plateau: 0.000100
2025-05-13 03:41:07,790 P992937 INFO ************ Epoch=17 end ************
2025-05-13 03:44:42,462 P992937 INFO Train loss: 0.435615
2025-05-13 03:44:42,462 P992937 INFO Evaluation @epoch 18 - batch 4477: 
2025-05-13 03:44:55,386 P992937 INFO ===
2025-05-13 03:44:55,386 P992937 INFO [Metrics] AUC: 0.815076 - logloss: 0.437038
2025-05-13 03:44:55,397 P992937 INFO Save best model: monitor(max)=0.815076
2025-05-13 03:44:55,990 P992937 INFO ************ Epoch=18 end ************
2025-05-13 03:48:29,549 P992937 INFO Train loss: 0.431671
2025-05-13 03:48:29,549 P992937 INFO Evaluation @epoch 19 - batch 4477: 
2025-05-13 03:48:42,375 P992937 INFO ===
2025-05-13 03:48:42,375 P992937 INFO [Metrics] AUC: 0.815368 - logloss: 0.436914
2025-05-13 03:48:42,386 P992937 INFO Save best model: monitor(max)=0.815368
2025-05-13 03:48:42,975 P992937 INFO ************ Epoch=19 end ************
2025-05-13 03:52:18,089 P992937 INFO Train loss: 0.429956
2025-05-13 03:52:18,089 P992937 INFO Evaluation @epoch 20 - batch 4477: 
2025-05-13 03:52:30,913 P992937 INFO ===
2025-05-13 03:52:30,914 P992937 INFO [Metrics] AUC: 0.815373 - logloss: 0.436879
2025-05-13 03:52:30,923 P992937 INFO Save best model: monitor(max)=0.815373
2025-05-13 03:52:31,495 P992937 INFO ************ Epoch=20 end ************
2025-05-13 03:56:06,498 P992937 INFO Train loss: 0.428774
2025-05-13 03:56:06,498 P992937 INFO Evaluation @epoch 21 - batch 4477: 
2025-05-13 03:56:19,305 P992937 INFO ===
2025-05-13 03:56:19,305 P992937 INFO [Metrics] AUC: 0.815291 - logloss: 0.437070
2025-05-13 03:56:19,314 P992937 INFO Monitor(max)=0.815291 STOP!
2025-05-13 03:56:19,314 P992937 INFO Reduce learning rate on plateau: 0.000010
2025-05-13 03:56:19,869 P992937 INFO ************ Epoch=21 end ************
2025-05-13 03:59:53,595 P992937 INFO Train loss: 0.425138
2025-05-13 03:59:53,596 P992937 INFO Evaluation @epoch 22 - batch 4477: 
2025-05-13 04:00:06,330 P992937 INFO ===
2025-05-13 04:00:06,330 P992937 INFO [Metrics] AUC: 0.814954 - logloss: 0.437776
2025-05-13 04:00:06,339 P992937 INFO Monitor(max)=0.814954 STOP!
2025-05-13 04:00:06,339 P992937 INFO Reduce learning rate on plateau: 0.000001
2025-05-13 04:00:06,339 P992937 INFO ********* Epoch==22 early stop *********
2025-05-13 04:00:06,834 P992937 INFO Training finished.
2025-05-13 04:00:06,834 P992937 INFO Load best model: /root/autodl-tmp/model_zoo/DCNv3/DCNv3_torch/checkpoints/Criteo_x4_10_h5/FCNv2_Criteo_010_0c2d7e50.model
2025-05-13 04:00:06,874 P992937 INFO ****** Validation evaluation ******
2025-05-13 04:00:19,447 P992937 INFO ===
2025-05-13 04:00:19,447 P992937 INFO [Metrics] logloss: 0.436879 - AUC: 0.815373
2025-05-13 04:00:19,995 P992937 INFO ******** Test evaluation ********
2025-05-13 04:00:19,995 P992937 INFO Loading data...
2025-05-13 04:00:19,995 P992937 INFO Loading data from h5: ../../../data/Criteo_x4_10_h5/test.h5
2025-05-13 04:00:21,929 P992937 INFO Test samples: total/4584062, blocks/1
2025-05-13 04:00:21,929 P992937 INFO Loading test data done.
2025-05-13 04:00:33,695 P992937 INFO ===
2025-05-13 04:00:33,695 P992937 INFO [Metrics] logloss: 0.436506 - AUC: 0.815800
