2025-05-11 02:54:04,289 P234661 INFO Params: {
    "ECN_num_layers": "4",
    "LCN_num_layers": "1",
    "batch_norm": "False",
    "batch_size": "8192",
    "data_format": "h5",
    "data_root": "../../../data/",
    "dataset_id": "Criteo_x4_10_h5",
    "debug_mode": "False",
    "early_stop_patience": "2",
    "embedding_dim": "16",
    "embedding_regularizer": "1e-05",
    "epochs": "100",
    "eval_steps": "None",
    "feature_cols": "[{'active': True, 'dtype': 'float', 'fill_na': 0, 'na_value': 0, 'name': ['I1', 'I2', 'I3', 'I4', 'I5', 'I6', 'I7', 'I8', 'I9', 'I10', 'I11', 'I12', 'I13'], 'preprocess': 'convert_to_bucket', 'type': 'categorical'}, {'active': True, 'dtype': 'str', 'fill_na': '', 'na_value': '', 'name': ['C1', 'C2', 'C3', 'C4', 'C5', 'C6', 'C7', 'C8', 'C9', 'C10', 'C11', 'C12', 'C13', 'C14', 'C15', 'C16', 'C17', 'C18', 'C19', 'C20', 'C21', 'C22', 'C23', 'C24', 'C25', 'C26'], 'type': 'categorical'}]",
    "feature_config": "None",
    "feature_specs": "None",
    "gpu": "0",
    "group_id": "None",
    "label_col": "{'dtype': 'float', 'name': 'Label'}",
    "learning_rate": "0.001",
    "loss": "binary_crossentropy",
    "metrics": "['logloss', 'AUC']",
    "min_categr_count": "10",
    "model": "FCNv2",
    "model_id": "FCNv2_Criteo_006_87c2d808",
    "model_root": "./checkpoints/",
    "monitor": "{'AUC': 1, 'logloss': 0}",
    "monitor_mode": "max",
    "net_dropout": "0.1",
    "net_regularizer": "0",
    "num_heads": "1",
    "num_workers": "8",
    "optimizer": "adam",
    "pickle_feature_encoder": "True",
    "save_best_only": "True",
    "seed": "2025",
    "shuffle": "True",
    "task": "binary_classification",
    "test_data": "../../../data/Criteo_x4_10_h5/test.h5",
    "train_data": "../../../data/Criteo_x4_10_h5/train.h5",
    "use_features": "None",
    "valid_data": "../../../data/Criteo_x4_10_h5/valid.h5",
    "verbose": "1"
}
2025-05-11 02:54:04,290 P234661 INFO Load feature_map from json: ../../../data/Criteo_x4_10_h5/feature_map.json
2025-05-11 02:54:04,290 P234661 INFO Set column index...
2025-05-11 02:54:04,290 P234661 INFO Feature specs: {
    "C1": "{'source': '', 'type': 'categorical', 'padding_idx': 0, 'oov_idx': 1445, 'vocab_size': 1446}",
    "C10": "{'source': '', 'type': 'categorical', 'padding_idx': 0, 'oov_idx': 39529, 'vocab_size': 39530}",
    "C11": "{'source': '', 'type': 'categorical', 'padding_idx': 0, 'oov_idx': 5130, 'vocab_size': 5131}",
    "C12": "{'source': '', 'type': 'categorical', 'padding_idx': 0, 'oov_idx': 156655, 'vocab_size': 156656}",
    "C13": "{'source': '', 'type': 'categorical', 'padding_idx': 0, 'oov_idx': 3175, 'vocab_size': 3176}",
    "C14": "{'source': '', 'type': 'categorical', 'padding_idx': 0, 'oov_idx': 27, 'vocab_size': 28}",
    "C15": "{'source': '', 'type': 'categorical', 'padding_idx': 0, 'oov_idx': 11042, 'vocab_size': 11043}",
    "C16": "{'source': '', 'type': 'categorical', 'padding_idx': 0, 'oov_idx': 148912, 'vocab_size': 148913}",
    "C17": "{'source': '', 'type': 'categorical', 'padding_idx': 0, 'oov_idx': 11, 'vocab_size': 12}",
    "C18": "{'source': '', 'type': 'categorical', 'padding_idx': 0, 'oov_idx': 4559, 'vocab_size': 4560}",
    "C19": "{'source': '', 'type': 'categorical', 'padding_idx': 0, 'oov_idx': 2002, 'vocab_size': 2003}",
    "C2": "{'source': '', 'type': 'categorical', 'padding_idx': 0, 'oov_idx': 553, 'vocab_size': 554}",
    "C20": "{'source': '', 'type': 'categorical', 'padding_idx': 0, 'oov_idx': 4, 'vocab_size': 5}",
    "C21": "{'source': '', 'type': 'categorical', 'padding_idx': 0, 'oov_idx': 154563, 'vocab_size': 154564}",
    "C22": "{'source': '', 'type': 'categorical', 'padding_idx': 0, 'oov_idx': 17, 'vocab_size': 18}",
    "C23": "{'source': '', 'type': 'categorical', 'padding_idx': 0, 'oov_idx': 16, 'vocab_size': 17}",
    "C24": "{'source': '', 'type': 'categorical', 'padding_idx': 0, 'oov_idx': 53030, 'vocab_size': 53031}",
    "C25": "{'source': '', 'type': 'categorical', 'padding_idx': 0, 'oov_idx': 81, 'vocab_size': 82}",
    "C26": "{'source': '', 'type': 'categorical', 'padding_idx': 0, 'oov_idx': 40954, 'vocab_size': 40955}",
    "C3": "{'source': '', 'type': 'categorical', 'padding_idx': 0, 'oov_idx': 157338, 'vocab_size': 157339}",
    "C4": "{'source': '', 'type': 'categorical', 'padding_idx': 0, 'oov_idx': 117821, 'vocab_size': 117822}",
    "C5": "{'source': '', 'type': 'categorical', 'padding_idx': 0, 'oov_idx': 305, 'vocab_size': 306}",
    "C6": "{'source': '', 'type': 'categorical', 'padding_idx': 0, 'oov_idx': 17, 'vocab_size': 18}",
    "C7": "{'source': '', 'type': 'categorical', 'padding_idx': 0, 'oov_idx': 11881, 'vocab_size': 11882}",
    "C8": "{'source': '', 'type': 'categorical', 'padding_idx': 0, 'oov_idx': 629, 'vocab_size': 630}",
    "C9": "{'source': '', 'type': 'categorical', 'padding_idx': 0, 'oov_idx': 4, 'vocab_size': 5}",
    "I1": "{'source': '', 'type': 'categorical', 'padding_idx': 0, 'oov_idx': 43, 'vocab_size': 44}",
    "I10": "{'source': '', 'type': 'categorical', 'padding_idx': 0, 'oov_idx': 5, 'vocab_size': 6}",
    "I11": "{'source': '', 'type': 'categorical', 'padding_idx': 0, 'oov_idx': 26, 'vocab_size': 27}",
    "I12": "{'source': '', 'type': 'categorical', 'padding_idx': 0, 'oov_idx': 36, 'vocab_size': 37}",
    "I13": "{'source': '', 'type': 'categorical', 'padding_idx': 0, 'oov_idx': 71, 'vocab_size': 72}",
    "I2": "{'source': '', 'type': 'categorical', 'padding_idx': 0, 'oov_idx': 98, 'vocab_size': 99}",
    "I3": "{'source': '', 'type': 'categorical', 'padding_idx': 0, 'oov_idx': 121, 'vocab_size': 122}",
    "I4": "{'source': '', 'type': 'categorical', 'padding_idx': 0, 'oov_idx': 40, 'vocab_size': 41}",
    "I5": "{'source': '', 'type': 'categorical', 'padding_idx': 0, 'oov_idx': 219, 'vocab_size': 220}",
    "I6": "{'source': '', 'type': 'categorical', 'padding_idx': 0, 'oov_idx': 111, 'vocab_size': 112}",
    "I7": "{'source': '', 'type': 'categorical', 'padding_idx': 0, 'oov_idx': 79, 'vocab_size': 80}",
    "I8": "{'source': '', 'type': 'categorical', 'padding_idx': 0, 'oov_idx': 68, 'vocab_size': 69}",
    "I9": "{'source': '', 'type': 'categorical', 'padding_idx': 0, 'oov_idx': 91, 'vocab_size': 92}"
}
2025-05-11 02:54:08,160 P234661 INFO Total number of parameters: 16088274.
2025-05-11 02:54:08,161 P234661 INFO Loading data...
2025-05-11 02:54:08,161 P234661 INFO Loading data from h5: ../../../data/Criteo_x4_10_h5/train.h5
2025-05-11 02:54:23,386 P234661 INFO Train samples: total/36672493, blocks/1
2025-05-11 02:54:23,386 P234661 INFO Loading data from h5: ../../../data/Criteo_x4_10_h5/valid.h5
2025-05-11 02:54:25,329 P234661 INFO Validation samples: total/4584062, blocks/1
2025-05-11 02:54:25,329 P234661 INFO Loading train and validation data done.
2025-05-11 02:54:25,329 P234661 INFO Start training: 4477 batches/epoch
2025-05-11 02:54:25,329 P234661 INFO ************ Epoch=1 start ************
2025-05-11 02:57:13,528 P234661 INFO Train loss: 0.462136
2025-05-11 02:57:13,529 P234661 INFO Evaluation @epoch 1 - batch 4477: 
2025-05-11 02:57:24,743 P234661 INFO ===
2025-05-11 02:57:24,743 P234661 INFO [Metrics] AUC: 0.805051 - logloss: 0.446244
2025-05-11 02:57:24,748 P234661 INFO Save best model: monitor(max)=0.805051
2025-05-11 02:57:25,257 P234661 INFO ************ Epoch=1 end ************
2025-05-11 03:00:12,502 P234661 INFO Train loss: 0.455392
2025-05-11 03:00:12,502 P234661 INFO Evaluation @epoch 2 - batch 4477: 
2025-05-11 03:00:23,745 P234661 INFO ===
2025-05-11 03:00:23,746 P234661 INFO [Metrics] AUC: 0.808070 - logloss: 0.443354
2025-05-11 03:00:23,755 P234661 INFO Save best model: monitor(max)=0.808070
2025-05-11 03:00:24,343 P234661 INFO ************ Epoch=2 end ************
2025-05-11 03:03:12,021 P234661 INFO Train loss: 0.453247
2025-05-11 03:03:12,021 P234661 INFO Evaluation @epoch 3 - batch 4477: 
2025-05-11 03:03:23,286 P234661 INFO ===
2025-05-11 03:03:23,286 P234661 INFO [Metrics] AUC: 0.809627 - logloss: 0.442127
2025-05-11 03:03:23,293 P234661 INFO Save best model: monitor(max)=0.809627
2025-05-11 03:03:23,854 P234661 INFO ************ Epoch=3 end ************
2025-05-11 03:06:12,922 P234661 INFO Train loss: 0.452062
2025-05-11 03:06:12,922 P234661 INFO Evaluation @epoch 4 - batch 4477: 
2025-05-11 03:06:24,215 P234661 INFO ===
2025-05-11 03:06:24,215 P234661 INFO [Metrics] AUC: 0.810317 - logloss: 0.441338
2025-05-11 03:06:24,222 P234661 INFO Save best model: monitor(max)=0.810317
2025-05-11 03:06:24,831 P234661 INFO ************ Epoch=4 end ************
2025-05-11 03:09:12,953 P234661 INFO Train loss: 0.451315
2025-05-11 03:09:12,953 P234661 INFO Evaluation @epoch 5 - batch 4477: 
2025-05-11 03:09:24,166 P234661 INFO ===
2025-05-11 03:09:24,167 P234661 INFO [Metrics] AUC: 0.810926 - logloss: 0.440795
2025-05-11 03:09:24,175 P234661 INFO Save best model: monitor(max)=0.810926
2025-05-11 03:09:24,782 P234661 INFO ************ Epoch=5 end ************
2025-05-11 03:12:13,073 P234661 INFO Train loss: 0.450780
2025-05-11 03:12:13,073 P234661 INFO Evaluation @epoch 6 - batch 4477: 
2025-05-11 03:12:24,098 P234661 INFO ===
2025-05-11 03:12:24,099 P234661 INFO [Metrics] AUC: 0.811352 - logloss: 0.440295
2025-05-11 03:12:24,107 P234661 INFO Save best model: monitor(max)=0.811352
2025-05-11 03:12:24,636 P234661 INFO ************ Epoch=6 end ************
2025-05-11 03:15:13,301 P234661 INFO Train loss: 0.450366
2025-05-11 03:15:13,301 P234661 INFO Evaluation @epoch 7 - batch 4477: 
2025-05-11 03:15:24,412 P234661 INFO ===
2025-05-11 03:15:24,412 P234661 INFO [Metrics] AUC: 0.811565 - logloss: 0.440096
2025-05-11 03:15:24,420 P234661 INFO Save best model: monitor(max)=0.811565
2025-05-11 03:15:24,979 P234661 INFO ************ Epoch=7 end ************
2025-05-11 03:18:13,303 P234661 INFO Train loss: 0.450040
2025-05-11 03:18:13,304 P234661 INFO Evaluation @epoch 8 - batch 4477: 
2025-05-11 03:18:24,392 P234661 INFO ===
2025-05-11 03:18:24,392 P234661 INFO [Metrics] AUC: 0.811948 - logloss: 0.439710
2025-05-11 03:18:24,401 P234661 INFO Save best model: monitor(max)=0.811948
2025-05-11 03:18:25,022 P234661 INFO ************ Epoch=8 end ************
2025-05-11 03:21:14,021 P234661 INFO Train loss: 0.449754
2025-05-11 03:21:14,021 P234661 INFO Evaluation @epoch 9 - batch 4477: 
2025-05-11 03:21:25,164 P234661 INFO ===
2025-05-11 03:21:25,164 P234661 INFO [Metrics] AUC: 0.811924 - logloss: 0.439755
2025-05-11 03:21:25,172 P234661 INFO Monitor(max)=0.811924 STOP!
2025-05-11 03:21:25,172 P234661 INFO Reduce learning rate on plateau: 0.000100
2025-05-11 03:21:25,653 P234661 INFO ************ Epoch=9 end ************
2025-05-11 03:24:15,598 P234661 INFO Train loss: 0.440057
2025-05-11 03:24:15,598 P234661 INFO Evaluation @epoch 10 - batch 4477: 
2025-05-11 03:24:26,788 P234661 INFO ===
2025-05-11 03:24:26,789 P234661 INFO [Metrics] AUC: 0.814941 - logloss: 0.437020
2025-05-11 03:24:26,798 P234661 INFO Save best model: monitor(max)=0.814941
2025-05-11 03:24:27,336 P234661 INFO ************ Epoch=10 end ************
2025-05-11 03:27:16,276 P234661 INFO Train loss: 0.436427
2025-05-11 03:27:16,277 P234661 INFO Evaluation @epoch 11 - batch 4477: 
2025-05-11 03:27:27,428 P234661 INFO ===
2025-05-11 03:27:27,428 P234661 INFO [Metrics] AUC: 0.815383 - logloss: 0.436610
2025-05-11 03:27:27,434 P234661 INFO Save best model: monitor(max)=0.815383
2025-05-11 03:27:28,060 P234661 INFO ************ Epoch=11 end ************
2025-05-11 03:30:18,037 P234661 INFO Train loss: 0.434722
2025-05-11 03:30:18,037 P234661 INFO Evaluation @epoch 12 - batch 4477: 
2025-05-11 03:30:29,204 P234661 INFO ===
2025-05-11 03:30:29,204 P234661 INFO [Metrics] AUC: 0.815450 - logloss: 0.436599
2025-05-11 03:30:29,213 P234661 INFO Save best model: monitor(max)=0.815450
2025-05-11 03:30:29,719 P234661 INFO ************ Epoch=12 end ************
2025-05-11 03:33:19,562 P234661 INFO Train loss: 0.433452
2025-05-11 03:33:19,563 P234661 INFO Evaluation @epoch 13 - batch 4477: 
2025-05-11 03:33:30,439 P234661 INFO ===
2025-05-11 03:33:30,439 P234661 INFO [Metrics] AUC: 0.815311 - logloss: 0.436793
2025-05-11 03:33:30,448 P234661 INFO Monitor(max)=0.815311 STOP!
2025-05-11 03:33:30,448 P234661 INFO Reduce learning rate on plateau: 0.000010
2025-05-11 03:33:30,939 P234661 INFO ************ Epoch=13 end ************
2025-05-11 03:36:20,055 P234661 INFO Train loss: 0.429477
2025-05-11 03:36:20,055 P234661 INFO Evaluation @epoch 14 - batch 4477: 
2025-05-11 03:36:31,098 P234661 INFO ===
2025-05-11 03:36:31,099 P234661 INFO [Metrics] AUC: 0.814908 - logloss: 0.437462
2025-05-11 03:36:31,108 P234661 INFO Monitor(max)=0.814908 STOP!
2025-05-11 03:36:31,108 P234661 INFO Reduce learning rate on plateau: 0.000001
2025-05-11 03:36:31,108 P234661 INFO ********* Epoch==14 early stop *********
2025-05-11 03:36:31,613 P234661 INFO Training finished.
2025-05-11 03:36:31,613 P234661 INFO Load best model: /root/autodl-tmp/model_zoo/DCNv3/DCNv3_torch/checkpoints/Criteo_x4_10_h5/FCNv2_Criteo_006_87c2d808.model
2025-05-11 03:36:31,647 P234661 INFO ****** Validation evaluation ******
2025-05-11 03:36:42,873 P234661 INFO ===
2025-05-11 03:36:42,873 P234661 INFO [Metrics] logloss: 0.436599 - AUC: 0.815450
2025-05-11 03:36:43,356 P234661 INFO ******** Test evaluation ********
2025-05-11 03:36:43,356 P234661 INFO Loading data...
2025-05-11 03:36:43,356 P234661 INFO Loading data from h5: ../../../data/Criteo_x4_10_h5/test.h5
2025-05-11 03:36:45,282 P234661 INFO Test samples: total/4584062, blocks/1
2025-05-11 03:36:45,282 P234661 INFO Loading test data done.
2025-05-11 03:36:55,950 P234661 INFO ===
2025-05-11 03:36:55,950 P234661 INFO [Metrics] logloss: 0.436166 - AUC: 0.815947
2025-05-11 03:39:57,553 P234661 INFO Average inference time per sample (CPU): 0.0377 ms
