2025-05-13 05:36:18,173 P711280 INFO Params: {
    "batch_norm": "False",
    "batch_size": "8192",
    "data_format": "h5",
    "data_root": "../../../data/",
    "dataset_id": "Criteo_x4_10_h5",
    "debug_mode": "False",
    "early_stop_patience": "2",
    "embedding_dim": "16",
    "embedding_regularizer": "1e-05",
    "epochs": "100",
    "eval_steps": "None",
    "exp_num_layers": "3",
    "feature_cols": "[{'active': True, 'dtype': 'float', 'fill_na': 0, 'na_value': 0, 'name': ['I1', 'I2', 'I3', 'I4', 'I5', 'I6', 'I7', 'I8', 'I9', 'I10', 'I11', 'I12', 'I13'], 'preprocess': 'convert_to_bucket', 'type': 'categorical'}, {'active': True, 'dtype': 'str', 'fill_na': '', 'na_value': '', 'name': ['C1', 'C2', 'C3', 'C4', 'C5', 'C6', 'C7', 'C8', 'C9', 'C10', 'C11', 'C12', 'C13', 'C14', 'C15', 'C16', 'C17', 'C18', 'C19', 'C20', 'C21', 'C22', 'C23', 'C24', 'C25', 'C26'], 'type': 'categorical'}]",
    "feature_config": "None",
    "feature_specs": "None",
    "gpu": "3",
    "group_id": "None",
    "label_col": "{'dtype': 'float', 'name': 'Label'}",
    "learning_rate": "0.001",
    "lin_num_layers": "5",
    "loss": "binary_crossentropy",
    "metrics": "['logloss', 'AUC']",
    "min_categr_count": "10",
    "model": "FCNv2",
    "model_id": "FCNv2_Criteo_015_8e7e0365",
    "model_root": "./checkpoints/",
    "monitor": "{'AUC': 1, 'logloss': 0}",
    "monitor_mode": "max",
    "net_dropout": "0.1",
    "net_regularizer": "0",
    "num_heads": "1",
    "num_workers": "8",
    "optimizer": "adam",
    "pickle_feature_encoder": "True",
    "save_best_only": "True",
    "seed": "2025",
    "shuffle": "True",
    "task": "binary_classification",
    "test_data": "../../../data/Criteo_x4_10_h5/test.h5",
    "train_data": "../../../data/Criteo_x4_10_h5/train.h5",
    "use_features": "None",
    "valid_data": "../../../data/Criteo_x4_10_h5/valid.h5",
    "verbose": "1"
}
2025-05-13 05:36:18,174 P711280 INFO Load feature_map from json: ../../../data/Criteo_x4_10_h5/feature_map.json
2025-05-13 05:36:18,174 P711280 INFO Set column index...
2025-05-13 05:36:18,174 P711280 INFO Feature specs: {
    "C1": "{'source': '', 'type': 'categorical', 'padding_idx': 0, 'oov_idx': 1445, 'vocab_size': 1446}",
    "C10": "{'source': '', 'type': 'categorical', 'padding_idx': 0, 'oov_idx': 39529, 'vocab_size': 39530}",
    "C11": "{'source': '', 'type': 'categorical', 'padding_idx': 0, 'oov_idx': 5130, 'vocab_size': 5131}",
    "C12": "{'source': '', 'type': 'categorical', 'padding_idx': 0, 'oov_idx': 156655, 'vocab_size': 156656}",
    "C13": "{'source': '', 'type': 'categorical', 'padding_idx': 0, 'oov_idx': 3175, 'vocab_size': 3176}",
    "C14": "{'source': '', 'type': 'categorical', 'padding_idx': 0, 'oov_idx': 27, 'vocab_size': 28}",
    "C15": "{'source': '', 'type': 'categorical', 'padding_idx': 0, 'oov_idx': 11042, 'vocab_size': 11043}",
    "C16": "{'source': '', 'type': 'categorical', 'padding_idx': 0, 'oov_idx': 148912, 'vocab_size': 148913}",
    "C17": "{'source': '', 'type': 'categorical', 'padding_idx': 0, 'oov_idx': 11, 'vocab_size': 12}",
    "C18": "{'source': '', 'type': 'categorical', 'padding_idx': 0, 'oov_idx': 4559, 'vocab_size': 4560}",
    "C19": "{'source': '', 'type': 'categorical', 'padding_idx': 0, 'oov_idx': 2002, 'vocab_size': 2003}",
    "C2": "{'source': '', 'type': 'categorical', 'padding_idx': 0, 'oov_idx': 553, 'vocab_size': 554}",
    "C20": "{'source': '', 'type': 'categorical', 'padding_idx': 0, 'oov_idx': 4, 'vocab_size': 5}",
    "C21": "{'source': '', 'type': 'categorical', 'padding_idx': 0, 'oov_idx': 154563, 'vocab_size': 154564}",
    "C22": "{'source': '', 'type': 'categorical', 'padding_idx': 0, 'oov_idx': 17, 'vocab_size': 18}",
    "C23": "{'source': '', 'type': 'categorical', 'padding_idx': 0, 'oov_idx': 16, 'vocab_size': 17}",
    "C24": "{'source': '', 'type': 'categorical', 'padding_idx': 0, 'oov_idx': 53030, 'vocab_size': 53031}",
    "C25": "{'source': '', 'type': 'categorical', 'padding_idx': 0, 'oov_idx': 81, 'vocab_size': 82}",
    "C26": "{'source': '', 'type': 'categorical', 'padding_idx': 0, 'oov_idx': 40954, 'vocab_size': 40955}",
    "C3": "{'source': '', 'type': 'categorical', 'padding_idx': 0, 'oov_idx': 157338, 'vocab_size': 157339}",
    "C4": "{'source': '', 'type': 'categorical', 'padding_idx': 0, 'oov_idx': 117821, 'vocab_size': 117822}",
    "C5": "{'source': '', 'type': 'categorical', 'padding_idx': 0, 'oov_idx': 305, 'vocab_size': 306}",
    "C6": "{'source': '', 'type': 'categorical', 'padding_idx': 0, 'oov_idx': 17, 'vocab_size': 18}",
    "C7": "{'source': '', 'type': 'categorical', 'padding_idx': 0, 'oov_idx': 11881, 'vocab_size': 11882}",
    "C8": "{'source': '', 'type': 'categorical', 'padding_idx': 0, 'oov_idx': 629, 'vocab_size': 630}",
    "C9": "{'source': '', 'type': 'categorical', 'padding_idx': 0, 'oov_idx': 4, 'vocab_size': 5}",
    "I1": "{'source': '', 'type': 'categorical', 'padding_idx': 0, 'oov_idx': 43, 'vocab_size': 44}",
    "I10": "{'source': '', 'type': 'categorical', 'padding_idx': 0, 'oov_idx': 5, 'vocab_size': 6}",
    "I11": "{'source': '', 'type': 'categorical', 'padding_idx': 0, 'oov_idx': 26, 'vocab_size': 27}",
    "I12": "{'source': '', 'type': 'categorical', 'padding_idx': 0, 'oov_idx': 36, 'vocab_size': 37}",
    "I13": "{'source': '', 'type': 'categorical', 'padding_idx': 0, 'oov_idx': 71, 'vocab_size': 72}",
    "I2": "{'source': '', 'type': 'categorical', 'padding_idx': 0, 'oov_idx': 98, 'vocab_size': 99}",
    "I3": "{'source': '', 'type': 'categorical', 'padding_idx': 0, 'oov_idx': 121, 'vocab_size': 122}",
    "I4": "{'source': '', 'type': 'categorical', 'padding_idx': 0, 'oov_idx': 40, 'vocab_size': 41}",
    "I5": "{'source': '', 'type': 'categorical', 'padding_idx': 0, 'oov_idx': 219, 'vocab_size': 220}",
    "I6": "{'source': '', 'type': 'categorical', 'padding_idx': 0, 'oov_idx': 111, 'vocab_size': 112}",
    "I7": "{'source': '', 'type': 'categorical', 'padding_idx': 0, 'oov_idx': 79, 'vocab_size': 80}",
    "I8": "{'source': '', 'type': 'categorical', 'padding_idx': 0, 'oov_idx': 68, 'vocab_size': 69}",
    "I9": "{'source': '', 'type': 'categorical', 'padding_idx': 0, 'oov_idx': 91, 'vocab_size': 92}"
}
2025-05-13 05:36:22,147 P711280 INFO Total number of parameters: 17708178.
2025-05-13 05:36:22,147 P711280 INFO Loading data...
2025-05-13 05:36:22,147 P711280 INFO Loading data from h5: ../../../data/Criteo_x4_10_h5/train.h5
2025-05-13 05:36:39,257 P711280 INFO Train samples: total/36672493, blocks/1
2025-05-13 05:36:39,257 P711280 INFO Loading data from h5: ../../../data/Criteo_x4_10_h5/valid.h5
2025-05-13 05:36:41,379 P711280 INFO Validation samples: total/4584062, blocks/1
2025-05-13 05:36:41,379 P711280 INFO Loading train and validation data done.
2025-05-13 05:36:41,379 P711280 INFO Start training: 4477 batches/epoch
2025-05-13 05:36:41,379 P711280 INFO ************ Epoch=1 start ************
2025-05-13 05:40:27,415 P711280 INFO Train loss: 0.461156
2025-05-13 05:40:27,415 P711280 INFO Evaluation @epoch 1 - batch 4477: 
2025-05-13 05:40:43,282 P711280 INFO ===
2025-05-13 05:40:43,283 P711280 INFO [Metrics] AUC: 0.805741 - logloss: 0.445460
2025-05-13 05:40:43,289 P711280 INFO Save best model: monitor(max)=0.805741
2025-05-13 05:40:43,947 P711280 INFO ************ Epoch=1 end ************
2025-05-13 05:44:30,370 P711280 INFO Train loss: 0.454332
2025-05-13 05:44:30,370 P711280 INFO Evaluation @epoch 2 - batch 4477: 
2025-05-13 05:44:45,993 P711280 INFO ===
2025-05-13 05:44:45,993 P711280 INFO [Metrics] AUC: 0.808956 - logloss: 0.442750
2025-05-13 05:44:46,003 P711280 INFO Save best model: monitor(max)=0.808956
2025-05-13 05:44:46,667 P711280 INFO ************ Epoch=2 end ************
2025-05-13 05:48:34,169 P711280 INFO Train loss: 0.452285
2025-05-13 05:48:34,169 P711280 INFO Evaluation @epoch 3 - batch 4477: 
2025-05-13 05:48:49,633 P711280 INFO ===
2025-05-13 05:48:49,633 P711280 INFO [Metrics] AUC: 0.810240 - logloss: 0.441309
2025-05-13 05:48:49,643 P711280 INFO Save best model: monitor(max)=0.810240
2025-05-13 05:48:50,351 P711280 INFO ************ Epoch=3 end ************
2025-05-13 05:52:39,163 P711280 INFO Train loss: 0.451141
2025-05-13 05:52:39,164 P711280 INFO Evaluation @epoch 4 - batch 4477: 
2025-05-13 05:52:54,643 P711280 INFO ===
2025-05-13 05:52:54,643 P711280 INFO [Metrics] AUC: 0.810652 - logloss: 0.441030
2025-05-13 05:52:54,653 P711280 INFO Save best model: monitor(max)=0.810652
2025-05-13 05:52:55,345 P711280 INFO ************ Epoch=4 end ************
2025-05-13 05:56:42,665 P711280 INFO Train loss: 0.450414
2025-05-13 05:56:42,665 P711280 INFO Evaluation @epoch 5 - batch 4477: 
2025-05-13 05:56:58,292 P711280 INFO ===
2025-05-13 05:56:58,292 P711280 INFO [Metrics] AUC: 0.811426 - logloss: 0.440190
2025-05-13 05:56:58,302 P711280 INFO Save best model: monitor(max)=0.811426
2025-05-13 05:56:58,926 P711280 INFO ************ Epoch=5 end ************
2025-05-13 06:00:46,696 P711280 INFO Train loss: 0.449879
2025-05-13 06:00:46,696 P711280 INFO Evaluation @epoch 6 - batch 4477: 
2025-05-13 06:01:02,416 P711280 INFO ===
2025-05-13 06:01:02,416 P711280 INFO [Metrics] AUC: 0.811819 - logloss: 0.439963
2025-05-13 06:01:02,426 P711280 INFO Save best model: monitor(max)=0.811819
2025-05-13 06:01:03,187 P711280 INFO ************ Epoch=6 end ************
2025-05-13 06:04:51,852 P711280 INFO Train loss: 0.449444
2025-05-13 06:04:51,852 P711280 INFO Evaluation @epoch 7 - batch 4477: 
2025-05-13 06:05:07,536 P711280 INFO ===
2025-05-13 06:05:07,536 P711280 INFO [Metrics] AUC: 0.812060 - logloss: 0.439597
2025-05-13 06:05:07,546 P711280 INFO Save best model: monitor(max)=0.812060
2025-05-13 06:05:08,233 P711280 INFO ************ Epoch=7 end ************
2025-05-13 06:08:55,964 P711280 INFO Train loss: 0.449089
2025-05-13 06:08:55,964 P711280 INFO Evaluation @epoch 8 - batch 4477: 
2025-05-13 06:09:11,548 P711280 INFO ===
2025-05-13 06:09:11,549 P711280 INFO [Metrics] AUC: 0.812131 - logloss: 0.439551
2025-05-13 06:09:11,559 P711280 INFO Save best model: monitor(max)=0.812131
2025-05-13 06:09:12,244 P711280 INFO ************ Epoch=8 end ************
2025-05-13 06:12:58,850 P711280 INFO Train loss: 0.448758
2025-05-13 06:12:58,850 P711280 INFO Evaluation @epoch 9 - batch 4477: 
2025-05-13 06:13:14,471 P711280 INFO ===
2025-05-13 06:13:14,471 P711280 INFO [Metrics] AUC: 0.812370 - logloss: 0.439307
2025-05-13 06:13:14,481 P711280 INFO Save best model: monitor(max)=0.812370
2025-05-13 06:13:15,235 P711280 INFO ************ Epoch=9 end ************
2025-05-13 06:17:04,041 P711280 INFO Train loss: 0.448472
2025-05-13 06:17:04,041 P711280 INFO Evaluation @epoch 10 - batch 4477: 
2025-05-13 06:17:19,575 P711280 INFO ===
2025-05-13 06:17:19,575 P711280 INFO [Metrics] AUC: 0.812514 - logloss: 0.439288
2025-05-13 06:17:19,585 P711280 INFO Save best model: monitor(max)=0.812514
2025-05-13 06:17:20,302 P711280 INFO ************ Epoch=10 end ************
2025-05-13 06:21:09,411 P711280 INFO Train loss: 0.448217
2025-05-13 06:21:09,411 P711280 INFO Evaluation @epoch 11 - batch 4477: 
2025-05-13 06:21:24,980 P711280 INFO ===
2025-05-13 06:21:24,981 P711280 INFO [Metrics] AUC: 0.812573 - logloss: 0.439157
2025-05-13 06:21:24,991 P711280 INFO Save best model: monitor(max)=0.812573
2025-05-13 06:21:25,710 P711280 INFO ************ Epoch=11 end ************
2025-05-13 06:25:13,704 P711280 INFO Train loss: 0.447964
2025-05-13 06:25:13,704 P711280 INFO Evaluation @epoch 12 - batch 4477: 
2025-05-13 06:25:29,369 P711280 INFO ===
2025-05-13 06:25:29,370 P711280 INFO [Metrics] AUC: 0.812665 - logloss: 0.439039
2025-05-13 06:25:29,380 P711280 INFO Save best model: monitor(max)=0.812665
2025-05-13 06:25:30,096 P711280 INFO ************ Epoch=12 end ************
2025-05-13 06:29:17,431 P711280 INFO Train loss: 0.447729
2025-05-13 06:29:17,431 P711280 INFO Evaluation @epoch 13 - batch 4477: 
2025-05-13 06:29:32,964 P711280 INFO ===
2025-05-13 06:29:32,965 P711280 INFO [Metrics] AUC: 0.812752 - logloss: 0.439008
2025-05-13 06:29:32,975 P711280 INFO Save best model: monitor(max)=0.812752
2025-05-13 06:29:33,672 P711280 INFO ************ Epoch=13 end ************
2025-05-13 06:33:20,838 P711280 INFO Train loss: 0.447518
2025-05-13 06:33:20,838 P711280 INFO Evaluation @epoch 14 - batch 4477: 
2025-05-13 06:33:36,328 P711280 INFO ===
2025-05-13 06:33:36,329 P711280 INFO [Metrics] AUC: 0.812777 - logloss: 0.438945
2025-05-13 06:33:36,339 P711280 INFO Save best model: monitor(max)=0.812777
2025-05-13 06:33:37,135 P711280 INFO ************ Epoch=14 end ************
2025-05-13 06:37:25,727 P711280 INFO Train loss: 0.447293
2025-05-13 06:37:25,727 P711280 INFO Evaluation @epoch 15 - batch 4477: 
2025-05-13 06:37:41,411 P711280 INFO ===
2025-05-13 06:37:41,411 P711280 INFO [Metrics] AUC: 0.812871 - logloss: 0.438839
2025-05-13 06:37:41,421 P711280 INFO Save best model: monitor(max)=0.812871
2025-05-13 06:37:42,106 P711280 INFO ************ Epoch=15 end ************
2025-05-13 06:41:30,796 P711280 INFO Train loss: 0.447086
2025-05-13 06:41:30,796 P711280 INFO Evaluation @epoch 16 - batch 4477: 
2025-05-13 06:41:46,273 P711280 INFO ===
2025-05-13 06:41:46,274 P711280 INFO [Metrics] AUC: 0.812836 - logloss: 0.438918
2025-05-13 06:41:46,284 P711280 INFO Monitor(max)=0.812836 STOP!
2025-05-13 06:41:46,284 P711280 INFO Reduce learning rate on plateau: 0.000100
2025-05-13 06:41:46,907 P711280 INFO ************ Epoch=16 end ************
2025-05-13 06:45:35,351 P711280 INFO Train loss: 0.436177
2025-05-13 06:45:35,351 P711280 INFO Evaluation @epoch 17 - batch 4477: 
2025-05-13 06:45:50,850 P711280 INFO ===
2025-05-13 06:45:50,850 P711280 INFO [Metrics] AUC: 0.815308 - logloss: 0.436774
2025-05-13 06:45:50,860 P711280 INFO Save best model: monitor(max)=0.815308
2025-05-13 06:45:51,555 P711280 INFO ************ Epoch=17 end ************
2025-05-13 06:49:35,361 P711280 INFO Train loss: 0.432152
2025-05-13 06:49:35,361 P711280 INFO Evaluation @epoch 18 - batch 4477: 
2025-05-13 06:49:50,995 P711280 INFO ===
2025-05-13 06:49:50,995 P711280 INFO [Metrics] AUC: 0.815633 - logloss: 0.436628
2025-05-13 06:49:51,006 P711280 INFO Save best model: monitor(max)=0.815633
2025-05-13 06:49:51,786 P711280 INFO ************ Epoch=18 end ************
2025-05-13 06:53:38,413 P711280 INFO Train loss: 0.430395
2025-05-13 06:53:38,413 P711280 INFO Evaluation @epoch 19 - batch 4477: 
2025-05-13 06:53:53,869 P711280 INFO ===
2025-05-13 06:53:53,869 P711280 INFO [Metrics] AUC: 0.815661 - logloss: 0.436607
2025-05-13 06:53:53,879 P711280 INFO Save best model: monitor(max)=0.815661
2025-05-13 06:53:54,529 P711280 INFO ************ Epoch=19 end ************
2025-05-13 06:57:41,627 P711280 INFO Train loss: 0.429137
2025-05-13 06:57:41,627 P711280 INFO Evaluation @epoch 20 - batch 4477: 
2025-05-13 06:57:57,196 P711280 INFO ===
2025-05-13 06:57:57,196 P711280 INFO [Metrics] AUC: 0.815499 - logloss: 0.436781
2025-05-13 06:57:57,208 P711280 INFO Monitor(max)=0.815499 STOP!
2025-05-13 06:57:57,208 P711280 INFO Reduce learning rate on plateau: 0.000010
2025-05-13 06:57:57,793 P711280 INFO ************ Epoch=20 end ************
2025-05-13 07:01:45,296 P711280 INFO Train loss: 0.425349
2025-05-13 07:01:45,296 P711280 INFO Evaluation @epoch 21 - batch 4477: 
2025-05-13 07:02:00,780 P711280 INFO ===
2025-05-13 07:02:00,780 P711280 INFO [Metrics] AUC: 0.815116 - logloss: 0.437594
2025-05-13 07:02:00,791 P711280 INFO Monitor(max)=0.815116 STOP!
2025-05-13 07:02:00,791 P711280 INFO Reduce learning rate on plateau: 0.000001
2025-05-13 07:02:00,791 P711280 INFO ********* Epoch==21 early stop *********
2025-05-13 07:02:01,466 P711280 INFO Training finished.
2025-05-13 07:02:01,466 P711280 INFO Load best model: /root/autodl-tmp/model_zoo/DCNv3/DCNv3_torch/checkpoints/Criteo_x4_10_h5/FCNv2_Criteo_015_8e7e0365.model
2025-05-13 07:02:01,507 P711280 INFO ****** Validation evaluation ******
2025-05-13 07:02:17,066 P711280 INFO ===
2025-05-13 07:02:17,066 P711280 INFO [Metrics] logloss: 0.436607 - AUC: 0.815661
2025-05-13 07:02:18,063 P711280 INFO ******** Test evaluation ********
2025-05-13 07:02:18,063 P711280 INFO Loading data...
2025-05-13 07:02:18,063 P711280 INFO Loading data from h5: ../../../data/Criteo_x4_10_h5/test.h5
2025-05-13 07:02:20,126 P711280 INFO Test samples: total/4584062, blocks/1
2025-05-13 07:02:20,126 P711280 INFO Loading test data done.
2025-05-13 07:02:32,549 P711280 INFO ===
2025-05-13 07:02:32,549 P711280 INFO [Metrics] logloss: 0.436271 - AUC: 0.816058
