2025-05-13 00:19:23,624 P430277 INFO Params: {
    "batch_norm": "False",
    "batch_size": "8192",
    "data_format": "h5",
    "data_root": "../../../data/",
    "dataset_id": "Criteo_x4_10_h5",
    "debug_mode": "False",
    "early_stop_patience": "2",
    "embedding_dim": "16",
    "embedding_regularizer": "1e-05",
    "epochs": "100",
    "eval_steps": "None",
    "exp_num_layers": "1",
    "feature_cols": "[{'active': True, 'dtype': 'float', 'fill_na': 0, 'na_value': 0, 'name': ['I1', 'I2', 'I3', 'I4', 'I5', 'I6', 'I7', 'I8', 'I9', 'I10', 'I11', 'I12', 'I13'], 'preprocess': 'convert_to_bucket', 'type': 'categorical'}, {'active': True, 'dtype': 'str', 'fill_na': '', 'na_value': '', 'name': ['C1', 'C2', 'C3', 'C4', 'C5', 'C6', 'C7', 'C8', 'C9', 'C10', 'C11', 'C12', 'C13', 'C14', 'C15', 'C16', 'C17', 'C18', 'C19', 'C20', 'C21', 'C22', 'C23', 'C24', 'C25', 'C26'], 'type': 'categorical'}]",
    "feature_config": "None",
    "feature_specs": "None",
    "gpu": "0",
    "group_id": "None",
    "label_col": "{'dtype': 'float', 'name': 'Label'}",
    "learning_rate": "0.001",
    "lin_num_layers": "5",
    "loss": "binary_crossentropy",
    "metrics": "['logloss', 'AUC']",
    "min_categr_count": "10",
    "model": "FCNv1",
    "model_id": "FCNv1_Criteo_005_4515918d",
    "model_root": "./checkpoints/",
    "monitor": "{'AUC': 1, 'logloss': 0}",
    "monitor_mode": "max",
    "net_dropout": "0.1",
    "net_regularizer": "0",
    "num_heads": "1",
    "num_workers": "8",
    "optimizer": "adam",
    "pickle_feature_encoder": "True",
    "save_best_only": "True",
    "seed": "2024",
    "shuffle": "True",
    "task": "binary_classification",
    "test_data": "../../../data/Criteo_x4_10_h5/test.h5",
    "train_data": "../../../data/Criteo_x4_10_h5/train.h5",
    "use_features": "None",
    "valid_data": "../../../data/Criteo_x4_10_h5/valid.h5",
    "verbose": "1"
}
2025-05-13 00:19:23,625 P430277 INFO Load feature_map from json: ../../../data/Criteo_x4_10_h5/feature_map.json
2025-05-13 00:19:23,625 P430277 INFO Set column index...
2025-05-13 00:19:23,625 P430277 INFO Feature specs: {
    "C1": "{'source': '', 'type': 'categorical', 'padding_idx': 0, 'oov_idx': 1445, 'vocab_size': 1446}",
    "C10": "{'source': '', 'type': 'categorical', 'padding_idx': 0, 'oov_idx': 39529, 'vocab_size': 39530}",
    "C11": "{'source': '', 'type': 'categorical', 'padding_idx': 0, 'oov_idx': 5130, 'vocab_size': 5131}",
    "C12": "{'source': '', 'type': 'categorical', 'padding_idx': 0, 'oov_idx': 156655, 'vocab_size': 156656}",
    "C13": "{'source': '', 'type': 'categorical', 'padding_idx': 0, 'oov_idx': 3175, 'vocab_size': 3176}",
    "C14": "{'source': '', 'type': 'categorical', 'padding_idx': 0, 'oov_idx': 27, 'vocab_size': 28}",
    "C15": "{'source': '', 'type': 'categorical', 'padding_idx': 0, 'oov_idx': 11042, 'vocab_size': 11043}",
    "C16": "{'source': '', 'type': 'categorical', 'padding_idx': 0, 'oov_idx': 148912, 'vocab_size': 148913}",
    "C17": "{'source': '', 'type': 'categorical', 'padding_idx': 0, 'oov_idx': 11, 'vocab_size': 12}",
    "C18": "{'source': '', 'type': 'categorical', 'padding_idx': 0, 'oov_idx': 4559, 'vocab_size': 4560}",
    "C19": "{'source': '', 'type': 'categorical', 'padding_idx': 0, 'oov_idx': 2002, 'vocab_size': 2003}",
    "C2": "{'source': '', 'type': 'categorical', 'padding_idx': 0, 'oov_idx': 553, 'vocab_size': 554}",
    "C20": "{'source': '', 'type': 'categorical', 'padding_idx': 0, 'oov_idx': 4, 'vocab_size': 5}",
    "C21": "{'source': '', 'type': 'categorical', 'padding_idx': 0, 'oov_idx': 154563, 'vocab_size': 154564}",
    "C22": "{'source': '', 'type': 'categorical', 'padding_idx': 0, 'oov_idx': 17, 'vocab_size': 18}",
    "C23": "{'source': '', 'type': 'categorical', 'padding_idx': 0, 'oov_idx': 16, 'vocab_size': 17}",
    "C24": "{'source': '', 'type': 'categorical', 'padding_idx': 0, 'oov_idx': 53030, 'vocab_size': 53031}",
    "C25": "{'source': '', 'type': 'categorical', 'padding_idx': 0, 'oov_idx': 81, 'vocab_size': 82}",
    "C26": "{'source': '', 'type': 'categorical', 'padding_idx': 0, 'oov_idx': 40954, 'vocab_size': 40955}",
    "C3": "{'source': '', 'type': 'categorical', 'padding_idx': 0, 'oov_idx': 157338, 'vocab_size': 157339}",
    "C4": "{'source': '', 'type': 'categorical', 'padding_idx': 0, 'oov_idx': 117821, 'vocab_size': 117822}",
    "C5": "{'source': '', 'type': 'categorical', 'padding_idx': 0, 'oov_idx': 305, 'vocab_size': 306}",
    "C6": "{'source': '', 'type': 'categorical', 'padding_idx': 0, 'oov_idx': 17, 'vocab_size': 18}",
    "C7": "{'source': '', 'type': 'categorical', 'padding_idx': 0, 'oov_idx': 11881, 'vocab_size': 11882}",
    "C8": "{'source': '', 'type': 'categorical', 'padding_idx': 0, 'oov_idx': 629, 'vocab_size': 630}",
    "C9": "{'source': '', 'type': 'categorical', 'padding_idx': 0, 'oov_idx': 4, 'vocab_size': 5}",
    "I1": "{'source': '', 'type': 'categorical', 'padding_idx': 0, 'oov_idx': 43, 'vocab_size': 44}",
    "I10": "{'source': '', 'type': 'categorical', 'padding_idx': 0, 'oov_idx': 5, 'vocab_size': 6}",
    "I11": "{'source': '', 'type': 'categorical', 'padding_idx': 0, 'oov_idx': 26, 'vocab_size': 27}",
    "I12": "{'source': '', 'type': 'categorical', 'padding_idx': 0, 'oov_idx': 36, 'vocab_size': 37}",
    "I13": "{'source': '', 'type': 'categorical', 'padding_idx': 0, 'oov_idx': 71, 'vocab_size': 72}",
    "I2": "{'source': '', 'type': 'categorical', 'padding_idx': 0, 'oov_idx': 98, 'vocab_size': 99}",
    "I3": "{'source': '', 'type': 'categorical', 'padding_idx': 0, 'oov_idx': 121, 'vocab_size': 122}",
    "I4": "{'source': '', 'type': 'categorical', 'padding_idx': 0, 'oov_idx': 40, 'vocab_size': 41}",
    "I5": "{'source': '', 'type': 'categorical', 'padding_idx': 0, 'oov_idx': 219, 'vocab_size': 220}",
    "I6": "{'source': '', 'type': 'categorical', 'padding_idx': 0, 'oov_idx': 111, 'vocab_size': 112}",
    "I7": "{'source': '', 'type': 'categorical', 'padding_idx': 0, 'oov_idx': 79, 'vocab_size': 80}",
    "I8": "{'source': '', 'type': 'categorical', 'padding_idx': 0, 'oov_idx': 68, 'vocab_size': 69}",
    "I9": "{'source': '', 'type': 'categorical', 'padding_idx': 0, 'oov_idx': 91, 'vocab_size': 92}"
}
2025-05-13 00:19:27,531 P430277 INFO Total number of parameters: 15748818.
2025-05-13 00:19:27,532 P430277 INFO Loading data...
2025-05-13 00:19:27,532 P430277 INFO Loading data from h5: ../../../data/Criteo_x4_10_h5/train.h5
2025-05-13 00:19:43,516 P430277 INFO Train samples: total/36672493, blocks/1
2025-05-13 00:19:43,516 P430277 INFO Loading data from h5: ../../../data/Criteo_x4_10_h5/valid.h5
2025-05-13 00:19:45,689 P430277 INFO Validation samples: total/4584062, blocks/1
2025-05-13 00:19:45,689 P430277 INFO Loading train and validation data done.
2025-05-13 00:19:45,689 P430277 INFO Start training: 4477 batches/epoch
2025-05-13 00:19:45,689 P430277 INFO ************ Epoch=1 start ************
2025-05-13 00:22:37,184 P430277 INFO Train loss: 0.462911
2025-05-13 00:22:37,184 P430277 INFO Evaluation @epoch 1 - batch 4477: 
2025-05-13 00:22:49,204 P430277 INFO ===
2025-05-13 00:22:49,204 P430277 INFO [Metrics] AUC: 0.803931 - logloss: 0.447090
2025-05-13 00:22:49,211 P430277 INFO Save best model: monitor(max)=0.803931
2025-05-13 00:22:49,734 P430277 INFO ************ Epoch=1 end ************
2025-05-13 00:25:42,657 P430277 INFO Train loss: 0.454947
2025-05-13 00:25:42,657 P430277 INFO Evaluation @epoch 2 - batch 4477: 
2025-05-13 00:25:54,255 P430277 INFO ===
2025-05-13 00:25:54,256 P430277 INFO [Metrics] AUC: 0.807352 - logloss: 0.444089
2025-05-13 00:25:54,263 P430277 INFO Save best model: monitor(max)=0.807352
2025-05-13 00:25:54,811 P430277 INFO ************ Epoch=2 end ************
2025-05-13 00:28:45,983 P430277 INFO Train loss: 0.453048
2025-05-13 00:28:45,983 P430277 INFO Evaluation @epoch 3 - batch 4477: 
2025-05-13 00:28:57,426 P430277 INFO ===
2025-05-13 00:28:57,426 P430277 INFO [Metrics] AUC: 0.808782 - logloss: 0.442773
2025-05-13 00:28:57,433 P430277 INFO Save best model: monitor(max)=0.808782
2025-05-13 00:28:57,861 P430277 INFO ************ Epoch=3 end ************
2025-05-13 00:31:49,730 P430277 INFO Train loss: 0.452173
2025-05-13 00:31:49,730 P430277 INFO Evaluation @epoch 4 - batch 4477: 
2025-05-13 00:32:01,370 P430277 INFO ===
2025-05-13 00:32:01,370 P430277 INFO [Metrics] AUC: 0.809448 - logloss: 0.442059
2025-05-13 00:32:01,379 P430277 INFO Save best model: monitor(max)=0.809448
2025-05-13 00:32:02,009 P430277 INFO ************ Epoch=4 end ************
2025-05-13 00:34:53,596 P430277 INFO Train loss: 0.451648
2025-05-13 00:34:53,596 P430277 INFO Evaluation @epoch 5 - batch 4477: 
2025-05-13 00:35:05,749 P430277 INFO ===
2025-05-13 00:35:05,749 P430277 INFO [Metrics] AUC: 0.809938 - logloss: 0.441649
2025-05-13 00:35:05,757 P430277 INFO Save best model: monitor(max)=0.809938
2025-05-13 00:35:06,364 P430277 INFO ************ Epoch=5 end ************
2025-05-13 00:38:00,797 P430277 INFO Train loss: 0.451248
2025-05-13 00:38:00,797 P430277 INFO Evaluation @epoch 6 - batch 4477: 
2025-05-13 00:38:12,667 P430277 INFO ===
2025-05-13 00:38:12,667 P430277 INFO [Metrics] AUC: 0.810265 - logloss: 0.441359
2025-05-13 00:38:12,677 P430277 INFO Save best model: monitor(max)=0.810265
2025-05-13 00:38:13,289 P430277 INFO ************ Epoch=6 end ************
2025-05-13 00:41:05,499 P430277 INFO Train loss: 0.450972
2025-05-13 00:41:05,499 P430277 INFO Evaluation @epoch 7 - batch 4477: 
2025-05-13 00:41:17,441 P430277 INFO ===
2025-05-13 00:41:17,441 P430277 INFO [Metrics] AUC: 0.810649 - logloss: 0.441042
2025-05-13 00:41:17,452 P430277 INFO Save best model: monitor(max)=0.810649
2025-05-13 00:41:18,034 P430277 INFO ************ Epoch=7 end ************
2025-05-13 00:44:06,142 P430277 INFO Train loss: 0.450743
2025-05-13 00:44:06,143 P430277 INFO Evaluation @epoch 8 - batch 4477: 
2025-05-13 00:44:18,145 P430277 INFO ===
2025-05-13 00:44:18,146 P430277 INFO [Metrics] AUC: 0.810742 - logloss: 0.440901
2025-05-13 00:44:18,156 P430277 INFO Save best model: monitor(max)=0.810742
2025-05-13 00:44:18,721 P430277 INFO ************ Epoch=8 end ************
2025-05-13 00:47:10,202 P430277 INFO Train loss: 0.450514
2025-05-13 00:47:10,203 P430277 INFO Evaluation @epoch 9 - batch 4477: 
2025-05-13 00:47:22,349 P430277 INFO ===
2025-05-13 00:47:22,349 P430277 INFO [Metrics] AUC: 0.810831 - logloss: 0.440818
2025-05-13 00:47:22,360 P430277 INFO Save best model: monitor(max)=0.810831
2025-05-13 00:47:22,989 P430277 INFO ************ Epoch=9 end ************
2025-05-13 00:50:14,352 P430277 INFO Train loss: 0.450330
2025-05-13 00:50:14,352 P430277 INFO Evaluation @epoch 10 - batch 4477: 
2025-05-13 00:50:26,375 P430277 INFO ===
2025-05-13 00:50:26,375 P430277 INFO [Metrics] AUC: 0.810984 - logloss: 0.440685
2025-05-13 00:50:26,385 P430277 INFO Save best model: monitor(max)=0.810984
2025-05-13 00:50:26,957 P430277 INFO ************ Epoch=10 end ************
2025-05-13 00:53:19,501 P430277 INFO Train loss: 0.450164
2025-05-13 00:53:19,501 P430277 INFO Evaluation @epoch 11 - batch 4477: 
2025-05-13 00:53:31,365 P430277 INFO ===
2025-05-13 00:53:31,365 P430277 INFO [Metrics] AUC: 0.811090 - logloss: 0.440562
2025-05-13 00:53:31,375 P430277 INFO Save best model: monitor(max)=0.811090
2025-05-13 00:53:31,912 P430277 INFO ************ Epoch=11 end ************
2025-05-13 00:56:24,429 P430277 INFO Train loss: 0.450043
2025-05-13 00:56:24,429 P430277 INFO Evaluation @epoch 12 - batch 4477: 
2025-05-13 00:56:36,519 P430277 INFO ===
2025-05-13 00:56:36,519 P430277 INFO [Metrics] AUC: 0.811256 - logloss: 0.440396
2025-05-13 00:56:36,529 P430277 INFO Save best model: monitor(max)=0.811256
2025-05-13 00:56:37,149 P430277 INFO ************ Epoch=12 end ************
2025-05-13 00:59:29,772 P430277 INFO Train loss: 0.449905
2025-05-13 00:59:29,772 P430277 INFO Evaluation @epoch 13 - batch 4477: 
2025-05-13 00:59:42,055 P430277 INFO ===
2025-05-13 00:59:42,055 P430277 INFO [Metrics] AUC: 0.811314 - logloss: 0.440354
2025-05-13 00:59:42,065 P430277 INFO Save best model: monitor(max)=0.811314
2025-05-13 00:59:42,697 P430277 INFO ************ Epoch=13 end ************
2025-05-13 01:02:36,221 P430277 INFO Train loss: 0.449772
2025-05-13 01:02:36,221 P430277 INFO Evaluation @epoch 14 - batch 4477: 
2025-05-13 01:02:48,459 P430277 INFO ===
2025-05-13 01:02:48,459 P430277 INFO [Metrics] AUC: 0.811332 - logloss: 0.440333
2025-05-13 01:02:48,470 P430277 INFO Save best model: monitor(max)=0.811332
2025-05-13 01:02:48,988 P430277 INFO ************ Epoch=14 end ************
2025-05-13 01:05:40,514 P430277 INFO Train loss: 0.449659
2025-05-13 01:05:40,515 P430277 INFO Evaluation @epoch 15 - batch 4477: 
2025-05-13 01:05:52,605 P430277 INFO ===
2025-05-13 01:05:52,605 P430277 INFO [Metrics] AUC: 0.811487 - logloss: 0.440191
2025-05-13 01:05:52,616 P430277 INFO Save best model: monitor(max)=0.811487
2025-05-13 01:05:53,080 P430277 INFO ************ Epoch=15 end ************
2025-05-13 01:08:42,729 P430277 INFO Train loss: 0.449564
2025-05-13 01:08:42,730 P430277 INFO Evaluation @epoch 16 - batch 4477: 
2025-05-13 01:08:54,788 P430277 INFO ===
2025-05-13 01:08:54,788 P430277 INFO [Metrics] AUC: 0.811413 - logloss: 0.440249
2025-05-13 01:08:54,798 P430277 INFO Monitor(max)=0.811413 STOP!
2025-05-13 01:08:54,798 P430277 INFO Reduce learning rate on plateau: 0.000100
2025-05-13 01:08:55,381 P430277 INFO ************ Epoch=16 end ************
2025-05-13 01:11:49,107 P430277 INFO Train loss: 0.439937
2025-05-13 01:11:49,107 P430277 INFO Evaluation @epoch 17 - batch 4477: 
2025-05-13 01:12:01,952 P430277 INFO ===
2025-05-13 01:12:01,952 P430277 INFO [Metrics] AUC: 0.814157 - logloss: 0.437792
2025-05-13 01:12:01,961 P430277 INFO Save best model: monitor(max)=0.814157
2025-05-13 01:12:02,559 P430277 INFO ************ Epoch=17 end ************
2025-05-13 01:14:54,942 P430277 INFO Train loss: 0.436525
2025-05-13 01:14:54,942 P430277 INFO Evaluation @epoch 18 - batch 4477: 
2025-05-13 01:15:07,124 P430277 INFO ===
2025-05-13 01:15:07,124 P430277 INFO [Metrics] AUC: 0.814528 - logloss: 0.437507
2025-05-13 01:15:07,135 P430277 INFO Save best model: monitor(max)=0.814528
2025-05-13 01:15:07,804 P430277 INFO ************ Epoch=18 end ************
2025-05-13 01:18:02,550 P430277 INFO Train loss: 0.435011
2025-05-13 01:18:02,550 P430277 INFO Evaluation @epoch 19 - batch 4477: 
2025-05-13 01:18:14,789 P430277 INFO ===
2025-05-13 01:18:14,790 P430277 INFO [Metrics] AUC: 0.814623 - logloss: 0.437424
2025-05-13 01:18:14,800 P430277 INFO Save best model: monitor(max)=0.814623
2025-05-13 01:18:15,327 P430277 INFO ************ Epoch=19 end ************
2025-05-13 01:21:06,355 P430277 INFO Train loss: 0.433922
2025-05-13 01:21:06,356 P430277 INFO Evaluation @epoch 20 - batch 4477: 
2025-05-13 01:21:18,493 P430277 INFO ===
2025-05-13 01:21:18,493 P430277 INFO [Metrics] AUC: 0.814585 - logloss: 0.437492
2025-05-13 01:21:18,503 P430277 INFO Monitor(max)=0.814585 STOP!
2025-05-13 01:21:18,503 P430277 INFO Reduce learning rate on plateau: 0.000010
2025-05-13 01:21:18,961 P430277 INFO ************ Epoch=20 end ************
2025-05-13 01:24:10,371 P430277 INFO Train loss: 0.430680
2025-05-13 01:24:10,371 P430277 INFO Evaluation @epoch 21 - batch 4477: 
2025-05-13 01:24:22,396 P430277 INFO ===
2025-05-13 01:24:22,396 P430277 INFO [Metrics] AUC: 0.814486 - logloss: 0.437754
2025-05-13 01:24:22,407 P430277 INFO Monitor(max)=0.814486 STOP!
2025-05-13 01:24:22,407 P430277 INFO Reduce learning rate on plateau: 0.000001
2025-05-13 01:24:22,407 P430277 INFO ********* Epoch==21 early stop *********
2025-05-13 01:24:22,905 P430277 INFO Training finished.
2025-05-13 01:24:22,905 P430277 INFO Load best model: /root/autodl-tmp/model_zoo/DCNv3/DCNv3_torch/checkpoints/Criteo_x4_10_h5/FCNv1_Criteo_005_4515918d.model
2025-05-13 01:24:22,960 P430277 INFO ****** Validation evaluation ******
2025-05-13 01:24:35,100 P430277 INFO ===
2025-05-13 01:24:35,101 P430277 INFO [Metrics] logloss: 0.437424 - AUC: 0.814623
2025-05-13 01:24:35,692 P430277 INFO ******** Test evaluation ********
2025-05-13 01:24:35,692 P430277 INFO Loading data...
2025-05-13 01:24:35,692 P430277 INFO Loading data from h5: ../../../data/Criteo_x4_10_h5/test.h5
2025-05-13 01:24:37,799 P430277 INFO Test samples: total/4584062, blocks/1
2025-05-13 01:24:37,799 P430277 INFO Loading test data done.
2025-05-13 01:24:49,013 P430277 INFO ===
2025-05-13 01:24:49,014 P430277 INFO [Metrics] logloss: 0.437050 - AUC: 0.815064
