2025-05-13 07:02:37,937 P41865 INFO Params: {
    "batch_norm": "False",
    "batch_size": "8192",
    "data_format": "h5",
    "data_root": "../../../data/",
    "dataset_id": "Criteo_x4_10_h5",
    "debug_mode": "False",
    "early_stop_patience": "2",
    "embedding_dim": "16",
    "embedding_regularizer": "1e-05",
    "epochs": "100",
    "eval_steps": "None",
    "exp_num_layers": "4",
    "feature_cols": "[{'active': True, 'dtype': 'float', 'fill_na': 0, 'na_value': 0, 'name': ['I1', 'I2', 'I3', 'I4', 'I5', 'I6', 'I7', 'I8', 'I9', 'I10', 'I11', 'I12', 'I13'], 'preprocess': 'convert_to_bucket', 'type': 'categorical'}, {'active': True, 'dtype': 'str', 'fill_na': '', 'na_value': '', 'name': ['C1', 'C2', 'C3', 'C4', 'C5', 'C6', 'C7', 'C8', 'C9', 'C10', 'C11', 'C12', 'C13', 'C14', 'C15', 'C16', 'C17', 'C18', 'C19', 'C20', 'C21', 'C22', 'C23', 'C24', 'C25', 'C26'], 'type': 'categorical'}]",
    "feature_config": "None",
    "feature_specs": "None",
    "gpu": "3",
    "group_id": "None",
    "label_col": "{'dtype': 'float', 'name': 'Label'}",
    "learning_rate": "0.001",
    "lin_num_layers": "2",
    "loss": "binary_crossentropy",
    "metrics": "['logloss', 'AUC']",
    "min_categr_count": "10",
    "model": "FCNv2",
    "model_id": "FCNv2_Criteo_017_30a838c6",
    "model_root": "./checkpoints/",
    "monitor": "{'AUC': 1, 'logloss': 0}",
    "monitor_mode": "max",
    "net_dropout": "0.1",
    "net_regularizer": "0",
    "num_heads": "1",
    "num_workers": "8",
    "optimizer": "adam",
    "pickle_feature_encoder": "True",
    "save_best_only": "True",
    "seed": "2025",
    "shuffle": "True",
    "task": "binary_classification",
    "test_data": "../../../data/Criteo_x4_10_h5/test.h5",
    "train_data": "../../../data/Criteo_x4_10_h5/train.h5",
    "use_features": "None",
    "valid_data": "../../../data/Criteo_x4_10_h5/valid.h5",
    "verbose": "1"
}
2025-05-13 07:02:37,938 P41865 INFO Load feature_map from json: ../../../data/Criteo_x4_10_h5/feature_map.json
2025-05-13 07:02:37,938 P41865 INFO Set column index...
2025-05-13 07:02:37,938 P41865 INFO Feature specs: {
    "C1": "{'source': '', 'type': 'categorical', 'padding_idx': 0, 'oov_idx': 1445, 'vocab_size': 1446}",
    "C10": "{'source': '', 'type': 'categorical', 'padding_idx': 0, 'oov_idx': 39529, 'vocab_size': 39530}",
    "C11": "{'source': '', 'type': 'categorical', 'padding_idx': 0, 'oov_idx': 5130, 'vocab_size': 5131}",
    "C12": "{'source': '', 'type': 'categorical', 'padding_idx': 0, 'oov_idx': 156655, 'vocab_size': 156656}",
    "C13": "{'source': '', 'type': 'categorical', 'padding_idx': 0, 'oov_idx': 3175, 'vocab_size': 3176}",
    "C14": "{'source': '', 'type': 'categorical', 'padding_idx': 0, 'oov_idx': 27, 'vocab_size': 28}",
    "C15": "{'source': '', 'type': 'categorical', 'padding_idx': 0, 'oov_idx': 11042, 'vocab_size': 11043}",
    "C16": "{'source': '', 'type': 'categorical', 'padding_idx': 0, 'oov_idx': 148912, 'vocab_size': 148913}",
    "C17": "{'source': '', 'type': 'categorical', 'padding_idx': 0, 'oov_idx': 11, 'vocab_size': 12}",
    "C18": "{'source': '', 'type': 'categorical', 'padding_idx': 0, 'oov_idx': 4559, 'vocab_size': 4560}",
    "C19": "{'source': '', 'type': 'categorical', 'padding_idx': 0, 'oov_idx': 2002, 'vocab_size': 2003}",
    "C2": "{'source': '', 'type': 'categorical', 'padding_idx': 0, 'oov_idx': 553, 'vocab_size': 554}",
    "C20": "{'source': '', 'type': 'categorical', 'padding_idx': 0, 'oov_idx': 4, 'vocab_size': 5}",
    "C21": "{'source': '', 'type': 'categorical', 'padding_idx': 0, 'oov_idx': 154563, 'vocab_size': 154564}",
    "C22": "{'source': '', 'type': 'categorical', 'padding_idx': 0, 'oov_idx': 17, 'vocab_size': 18}",
    "C23": "{'source': '', 'type': 'categorical', 'padding_idx': 0, 'oov_idx': 16, 'vocab_size': 17}",
    "C24": "{'source': '', 'type': 'categorical', 'padding_idx': 0, 'oov_idx': 53030, 'vocab_size': 53031}",
    "C25": "{'source': '', 'type': 'categorical', 'padding_idx': 0, 'oov_idx': 81, 'vocab_size': 82}",
    "C26": "{'source': '', 'type': 'categorical', 'padding_idx': 0, 'oov_idx': 40954, 'vocab_size': 40955}",
    "C3": "{'source': '', 'type': 'categorical', 'padding_idx': 0, 'oov_idx': 157338, 'vocab_size': 157339}",
    "C4": "{'source': '', 'type': 'categorical', 'padding_idx': 0, 'oov_idx': 117821, 'vocab_size': 117822}",
    "C5": "{'source': '', 'type': 'categorical', 'padding_idx': 0, 'oov_idx': 305, 'vocab_size': 306}",
    "C6": "{'source': '', 'type': 'categorical', 'padding_idx': 0, 'oov_idx': 17, 'vocab_size': 18}",
    "C7": "{'source': '', 'type': 'categorical', 'padding_idx': 0, 'oov_idx': 11881, 'vocab_size': 11882}",
    "C8": "{'source': '', 'type': 'categorical', 'padding_idx': 0, 'oov_idx': 629, 'vocab_size': 630}",
    "C9": "{'source': '', 'type': 'categorical', 'padding_idx': 0, 'oov_idx': 4, 'vocab_size': 5}",
    "I1": "{'source': '', 'type': 'categorical', 'padding_idx': 0, 'oov_idx': 43, 'vocab_size': 44}",
    "I10": "{'source': '', 'type': 'categorical', 'padding_idx': 0, 'oov_idx': 5, 'vocab_size': 6}",
    "I11": "{'source': '', 'type': 'categorical', 'padding_idx': 0, 'oov_idx': 26, 'vocab_size': 27}",
    "I12": "{'source': '', 'type': 'categorical', 'padding_idx': 0, 'oov_idx': 36, 'vocab_size': 37}",
    "I13": "{'source': '', 'type': 'categorical', 'padding_idx': 0, 'oov_idx': 71, 'vocab_size': 72}",
    "I2": "{'source': '', 'type': 'categorical', 'padding_idx': 0, 'oov_idx': 98, 'vocab_size': 99}",
    "I3": "{'source': '', 'type': 'categorical', 'padding_idx': 0, 'oov_idx': 121, 'vocab_size': 122}",
    "I4": "{'source': '', 'type': 'categorical', 'padding_idx': 0, 'oov_idx': 40, 'vocab_size': 41}",
    "I5": "{'source': '', 'type': 'categorical', 'padding_idx': 0, 'oov_idx': 219, 'vocab_size': 220}",
    "I6": "{'source': '', 'type': 'categorical', 'padding_idx': 0, 'oov_idx': 111, 'vocab_size': 112}",
    "I7": "{'source': '', 'type': 'categorical', 'padding_idx': 0, 'oov_idx': 79, 'vocab_size': 80}",
    "I8": "{'source': '', 'type': 'categorical', 'padding_idx': 0, 'oov_idx': 68, 'vocab_size': 69}",
    "I9": "{'source': '', 'type': 'categorical', 'padding_idx': 0, 'oov_idx': 91, 'vocab_size': 92}"
}
2025-05-13 07:02:41,838 P41865 INFO Total number of parameters: 16924434.
2025-05-13 07:02:41,838 P41865 INFO Loading data...
2025-05-13 07:02:41,838 P41865 INFO Loading data from h5: ../../../data/Criteo_x4_10_h5/train.h5
2025-05-13 07:02:58,775 P41865 INFO Train samples: total/36672493, blocks/1
2025-05-13 07:02:58,775 P41865 INFO Loading data from h5: ../../../data/Criteo_x4_10_h5/valid.h5
2025-05-13 07:03:00,921 P41865 INFO Validation samples: total/4584062, blocks/1
2025-05-13 07:03:00,921 P41865 INFO Loading train and validation data done.
2025-05-13 07:03:00,921 P41865 INFO Start training: 4477 batches/epoch
2025-05-13 07:03:00,921 P41865 INFO ************ Epoch=1 start ************
2025-05-13 07:06:25,232 P41865 INFO Train loss: 0.461694
2025-05-13 07:06:25,232 P41865 INFO Evaluation @epoch 1 - batch 4477: 
2025-05-13 07:06:40,393 P41865 INFO ===
2025-05-13 07:06:40,393 P41865 INFO [Metrics] AUC: 0.805413 - logloss: 0.445867
2025-05-13 07:06:40,400 P41865 INFO Save best model: monitor(max)=0.805413
2025-05-13 07:06:41,052 P41865 INFO ************ Epoch=1 end ************
2025-05-13 07:10:05,711 P41865 INFO Train loss: 0.455062
2025-05-13 07:10:05,711 P41865 INFO Evaluation @epoch 2 - batch 4477: 
2025-05-13 07:10:20,629 P41865 INFO ===
2025-05-13 07:10:20,629 P41865 INFO [Metrics] AUC: 0.808381 - logloss: 0.443076
2025-05-13 07:10:20,639 P41865 INFO Save best model: monitor(max)=0.808381
2025-05-13 07:10:21,365 P41865 INFO ************ Epoch=2 end ************
2025-05-13 07:13:45,717 P41865 INFO Train loss: 0.452840
2025-05-13 07:13:45,717 P41865 INFO Evaluation @epoch 3 - batch 4477: 
2025-05-13 07:14:00,603 P41865 INFO ===
2025-05-13 07:14:00,603 P41865 INFO [Metrics] AUC: 0.809854 - logloss: 0.441744
2025-05-13 07:14:00,613 P41865 INFO Save best model: monitor(max)=0.809854
2025-05-13 07:14:01,354 P41865 INFO ************ Epoch=3 end ************
2025-05-13 07:17:24,847 P41865 INFO Train loss: 0.451589
2025-05-13 07:17:24,847 P41865 INFO Evaluation @epoch 4 - batch 4477: 
2025-05-13 07:17:39,777 P41865 INFO ===
2025-05-13 07:17:39,777 P41865 INFO [Metrics] AUC: 0.810729 - logloss: 0.440879
2025-05-13 07:17:39,787 P41865 INFO Save best model: monitor(max)=0.810729
2025-05-13 07:17:40,592 P41865 INFO ************ Epoch=4 end ************
2025-05-13 07:21:04,875 P41865 INFO Train loss: 0.450747
2025-05-13 07:21:04,875 P41865 INFO Evaluation @epoch 5 - batch 4477: 
2025-05-13 07:21:19,862 P41865 INFO ===
2025-05-13 07:21:19,862 P41865 INFO [Metrics] AUC: 0.811282 - logloss: 0.440364
2025-05-13 07:21:19,872 P41865 INFO Save best model: monitor(max)=0.811282
2025-05-13 07:21:20,575 P41865 INFO ************ Epoch=5 end ************
2025-05-13 07:24:45,515 P41865 INFO Train loss: 0.450183
2025-05-13 07:24:45,515 P41865 INFO Evaluation @epoch 6 - batch 4477: 
2025-05-13 07:25:00,501 P41865 INFO ===
2025-05-13 07:25:00,501 P41865 INFO [Metrics] AUC: 0.811754 - logloss: 0.439897
2025-05-13 07:25:00,511 P41865 INFO Save best model: monitor(max)=0.811754
2025-05-13 07:25:01,188 P41865 INFO ************ Epoch=6 end ************
2025-05-13 07:28:25,538 P41865 INFO Train loss: 0.449741
2025-05-13 07:28:25,539 P41865 INFO Evaluation @epoch 7 - batch 4477: 
2025-05-13 07:28:40,417 P41865 INFO ===
2025-05-13 07:28:40,417 P41865 INFO [Metrics] AUC: 0.811932 - logloss: 0.439738
2025-05-13 07:28:40,427 P41865 INFO Save best model: monitor(max)=0.811932
2025-05-13 07:28:41,150 P41865 INFO ************ Epoch=7 end ************
2025-05-13 07:32:05,411 P41865 INFO Train loss: 0.449401
2025-05-13 07:32:05,412 P41865 INFO Evaluation @epoch 8 - batch 4477: 
2025-05-13 07:32:20,397 P41865 INFO ===
2025-05-13 07:32:20,397 P41865 INFO [Metrics] AUC: 0.812117 - logloss: 0.439569
2025-05-13 07:32:20,407 P41865 INFO Save best model: monitor(max)=0.812117
2025-05-13 07:32:21,056 P41865 INFO ************ Epoch=8 end ************
2025-05-13 07:35:45,449 P41865 INFO Train loss: 0.449093
2025-05-13 07:35:45,449 P41865 INFO Evaluation @epoch 9 - batch 4477: 
2025-05-13 07:36:00,415 P41865 INFO ===
2025-05-13 07:36:00,415 P41865 INFO [Metrics] AUC: 0.812307 - logloss: 0.439426
2025-05-13 07:36:00,425 P41865 INFO Save best model: monitor(max)=0.812307
2025-05-13 07:36:01,158 P41865 INFO ************ Epoch=9 end ************
2025-05-13 07:39:25,596 P41865 INFO Train loss: 0.448836
2025-05-13 07:39:25,596 P41865 INFO Evaluation @epoch 10 - batch 4477: 
2025-05-13 07:39:40,426 P41865 INFO ===
2025-05-13 07:39:40,426 P41865 INFO [Metrics] AUC: 0.812388 - logloss: 0.439311
2025-05-13 07:39:40,436 P41865 INFO Save best model: monitor(max)=0.812388
2025-05-13 07:39:41,083 P41865 INFO ************ Epoch=10 end ************
2025-05-13 07:43:05,470 P41865 INFO Train loss: 0.448626
2025-05-13 07:43:05,470 P41865 INFO Evaluation @epoch 11 - batch 4477: 
2025-05-13 07:43:20,260 P41865 INFO ===
2025-05-13 07:43:20,260 P41865 INFO [Metrics] AUC: 0.812559 - logloss: 0.439165
2025-05-13 07:43:20,270 P41865 INFO Save best model: monitor(max)=0.812559
2025-05-13 07:43:20,966 P41865 INFO ************ Epoch=11 end ************
2025-05-13 07:46:45,858 P41865 INFO Train loss: 0.448426
2025-05-13 07:46:45,858 P41865 INFO Evaluation @epoch 12 - batch 4477: 
2025-05-13 07:47:00,722 P41865 INFO ===
2025-05-13 07:47:00,723 P41865 INFO [Metrics] AUC: 0.812614 - logloss: 0.439143
2025-05-13 07:47:00,733 P41865 INFO Save best model: monitor(max)=0.812614
2025-05-13 07:47:01,412 P41865 INFO ************ Epoch=12 end ************
2025-05-13 07:50:26,384 P41865 INFO Train loss: 0.448199
2025-05-13 07:50:26,384 P41865 INFO Evaluation @epoch 13 - batch 4477: 
2025-05-13 07:50:41,321 P41865 INFO ===
2025-05-13 07:50:41,321 P41865 INFO [Metrics] AUC: 0.812672 - logloss: 0.439059
2025-05-13 07:50:41,331 P41865 INFO Save best model: monitor(max)=0.812672
2025-05-13 07:50:42,011 P41865 INFO ************ Epoch=13 end ************
2025-05-13 07:54:05,772 P41865 INFO Train loss: 0.448033
2025-05-13 07:54:05,772 P41865 INFO Evaluation @epoch 14 - batch 4477: 
2025-05-13 07:54:20,475 P41865 INFO ===
2025-05-13 07:54:20,475 P41865 INFO [Metrics] AUC: 0.812690 - logloss: 0.439070
2025-05-13 07:54:20,484 P41865 INFO Save best model: monitor(max)=0.812690
2025-05-13 07:54:21,176 P41865 INFO ************ Epoch=14 end ************
2025-05-13 07:57:43,955 P41865 INFO Train loss: 0.447874
2025-05-13 07:57:43,955 P41865 INFO Evaluation @epoch 15 - batch 4477: 
2025-05-13 07:57:58,654 P41865 INFO ===
2025-05-13 07:57:58,654 P41865 INFO [Metrics] AUC: 0.812838 - logloss: 0.438916
2025-05-13 07:57:58,661 P41865 INFO Save best model: monitor(max)=0.812838
2025-05-13 07:57:59,412 P41865 INFO ************ Epoch=15 end ************
2025-05-13 08:01:21,931 P41865 INFO Train loss: 0.447714
2025-05-13 08:01:21,931 P41865 INFO Evaluation @epoch 16 - batch 4477: 
2025-05-13 08:01:36,377 P41865 INFO ===
2025-05-13 08:01:36,377 P41865 INFO [Metrics] AUC: 0.812837 - logloss: 0.438906
2025-05-13 08:01:36,382 P41865 INFO Monitor(max)=0.812837 STOP!
2025-05-13 08:01:36,382 P41865 INFO Reduce learning rate on plateau: 0.000100
2025-05-13 08:01:37,003 P41865 INFO ************ Epoch=16 end ************
2025-05-13 08:05:00,420 P41865 INFO Train loss: 0.437452
2025-05-13 08:05:00,420 P41865 INFO Evaluation @epoch 17 - batch 4477: 
2025-05-13 08:05:15,405 P41865 INFO ===
2025-05-13 08:05:15,405 P41865 INFO [Metrics] AUC: 0.815385 - logloss: 0.436618
2025-05-13 08:05:15,415 P41865 INFO Save best model: monitor(max)=0.815385
2025-05-13 08:05:16,190 P41865 INFO ************ Epoch=17 end ************
2025-05-13 08:08:40,539 P41865 INFO Train loss: 0.433627
2025-05-13 08:08:40,539 P41865 INFO Evaluation @epoch 18 - batch 4477: 
2025-05-13 08:08:55,367 P41865 INFO ===
2025-05-13 08:08:55,367 P41865 INFO [Metrics] AUC: 0.815764 - logloss: 0.436312
2025-05-13 08:08:55,377 P41865 INFO Save best model: monitor(max)=0.815764
2025-05-13 08:08:56,101 P41865 INFO ************ Epoch=18 end ************
2025-05-13 08:12:20,062 P41865 INFO Train loss: 0.431961
2025-05-13 08:12:20,062 P41865 INFO Evaluation @epoch 19 - batch 4477: 
2025-05-13 08:12:35,068 P41865 INFO ===
2025-05-13 08:12:35,068 P41865 INFO [Metrics] AUC: 0.815818 - logloss: 0.436275
2025-05-13 08:12:35,077 P41865 INFO Save best model: monitor(max)=0.815818
2025-05-13 08:12:35,768 P41865 INFO ************ Epoch=19 end ************
2025-05-13 08:16:00,033 P41865 INFO Train loss: 0.430753
2025-05-13 08:16:00,034 P41865 INFO Evaluation @epoch 20 - batch 4477: 
2025-05-13 08:16:14,757 P41865 INFO ===
2025-05-13 08:16:14,757 P41865 INFO [Metrics] AUC: 0.815708 - logloss: 0.436449
2025-05-13 08:16:14,766 P41865 INFO Monitor(max)=0.815708 STOP!
2025-05-13 08:16:14,766 P41865 INFO Reduce learning rate on plateau: 0.000010
2025-05-13 08:16:15,429 P41865 INFO ************ Epoch=20 end ************
2025-05-13 08:19:38,732 P41865 INFO Train loss: 0.427089
2025-05-13 08:19:38,732 P41865 INFO Evaluation @epoch 21 - batch 4477: 
2025-05-13 08:19:53,577 P41865 INFO ===
2025-05-13 08:19:53,577 P41865 INFO [Metrics] AUC: 0.815336 - logloss: 0.437177
2025-05-13 08:19:53,586 P41865 INFO Monitor(max)=0.815336 STOP!
2025-05-13 08:19:53,587 P41865 INFO Reduce learning rate on plateau: 0.000001
2025-05-13 08:19:53,587 P41865 INFO ********* Epoch==21 early stop *********
2025-05-13 08:19:54,195 P41865 INFO Training finished.
2025-05-13 08:19:54,195 P41865 INFO Load best model: /root/autodl-tmp/model_zoo/DCNv3/DCNv3_torch/checkpoints/Criteo_x4_10_h5/FCNv2_Criteo_017_30a838c6.model
2025-05-13 08:19:54,234 P41865 INFO ****** Validation evaluation ******
2025-05-13 08:20:08,787 P41865 INFO ===
2025-05-13 08:20:08,787 P41865 INFO [Metrics] logloss: 0.436275 - AUC: 0.815818
2025-05-13 08:20:09,784 P41865 INFO ******** Test evaluation ********
2025-05-13 08:20:09,784 P41865 INFO Loading data...
2025-05-13 08:20:09,784 P41865 INFO Loading data from h5: ../../../data/Criteo_x4_10_h5/test.h5
2025-05-13 08:20:11,823 P41865 INFO Test samples: total/4584062, blocks/1
2025-05-13 08:20:11,823 P41865 INFO Loading test data done.
2025-05-13 08:20:23,487 P41865 INFO ===
2025-05-13 08:20:23,487 P41865 INFO [Metrics] logloss: 0.435790 - AUC: 0.816352
