2025-05-13 01:24:53,813 P701313 INFO Params: {
    "batch_norm": "False",
    "batch_size": "8192",
    "data_format": "h5",
    "data_root": "../../../data/",
    "dataset_id": "Criteo_x4_10_h5",
    "debug_mode": "False",
    "early_stop_patience": "2",
    "embedding_dim": "16",
    "embedding_regularizer": "1e-05",
    "epochs": "100",
    "eval_steps": "None",
    "exp_num_layers": "2",
    "feature_cols": "[{'active': True, 'dtype': 'float', 'fill_na': 0, 'na_value': 0, 'name': ['I1', 'I2', 'I3', 'I4', 'I5', 'I6', 'I7', 'I8', 'I9', 'I10', 'I11', 'I12', 'I13'], 'preprocess': 'convert_to_bucket', 'type': 'categorical'}, {'active': True, 'dtype': 'str', 'fill_na': '', 'na_value': '', 'name': ['C1', 'C2', 'C3', 'C4', 'C5', 'C6', 'C7', 'C8', 'C9', 'C10', 'C11', 'C12', 'C13', 'C14', 'C15', 'C16', 'C17', 'C18', 'C19', 'C20', 'C21', 'C22', 'C23', 'C24', 'C25', 'C26'], 'type': 'categorical'}]",
    "feature_config": "None",
    "feature_specs": "None",
    "gpu": "0",
    "group_id": "None",
    "label_col": "{'dtype': 'float', 'name': 'Label'}",
    "learning_rate": "0.001",
    "lin_num_layers": "3",
    "loss": "binary_crossentropy",
    "metrics": "['logloss', 'AUC']",
    "min_categr_count": "10",
    "model": "FCNv1",
    "model_id": "FCNv1_Criteo_008_4086fd21",
    "model_root": "./checkpoints/",
    "monitor": "{'AUC': 1, 'logloss': 0}",
    "monitor_mode": "max",
    "net_dropout": "0.1",
    "net_regularizer": "0",
    "num_heads": "1",
    "num_workers": "8",
    "optimizer": "adam",
    "pickle_feature_encoder": "True",
    "save_best_only": "True",
    "seed": "2024",
    "shuffle": "True",
    "task": "binary_classification",
    "test_data": "../../../data/Criteo_x4_10_h5/test.h5",
    "train_data": "../../../data/Criteo_x4_10_h5/train.h5",
    "use_features": "None",
    "valid_data": "../../../data/Criteo_x4_10_h5/valid.h5",
    "verbose": "1"
}
2025-05-13 01:24:53,813 P701313 INFO Load feature_map from json: ../../../data/Criteo_x4_10_h5/feature_map.json
2025-05-13 01:24:53,813 P701313 INFO Set column index...
2025-05-13 01:24:53,813 P701313 INFO Feature specs: {
    "C1": "{'source': '', 'type': 'categorical', 'padding_idx': 0, 'oov_idx': 1445, 'vocab_size': 1446}",
    "C10": "{'source': '', 'type': 'categorical', 'padding_idx': 0, 'oov_idx': 39529, 'vocab_size': 39530}",
    "C11": "{'source': '', 'type': 'categorical', 'padding_idx': 0, 'oov_idx': 5130, 'vocab_size': 5131}",
    "C12": "{'source': '', 'type': 'categorical', 'padding_idx': 0, 'oov_idx': 156655, 'vocab_size': 156656}",
    "C13": "{'source': '', 'type': 'categorical', 'padding_idx': 0, 'oov_idx': 3175, 'vocab_size': 3176}",
    "C14": "{'source': '', 'type': 'categorical', 'padding_idx': 0, 'oov_idx': 27, 'vocab_size': 28}",
    "C15": "{'source': '', 'type': 'categorical', 'padding_idx': 0, 'oov_idx': 11042, 'vocab_size': 11043}",
    "C16": "{'source': '', 'type': 'categorical', 'padding_idx': 0, 'oov_idx': 148912, 'vocab_size': 148913}",
    "C17": "{'source': '', 'type': 'categorical', 'padding_idx': 0, 'oov_idx': 11, 'vocab_size': 12}",
    "C18": "{'source': '', 'type': 'categorical', 'padding_idx': 0, 'oov_idx': 4559, 'vocab_size': 4560}",
    "C19": "{'source': '', 'type': 'categorical', 'padding_idx': 0, 'oov_idx': 2002, 'vocab_size': 2003}",
    "C2": "{'source': '', 'type': 'categorical', 'padding_idx': 0, 'oov_idx': 553, 'vocab_size': 554}",
    "C20": "{'source': '', 'type': 'categorical', 'padding_idx': 0, 'oov_idx': 4, 'vocab_size': 5}",
    "C21": "{'source': '', 'type': 'categorical', 'padding_idx': 0, 'oov_idx': 154563, 'vocab_size': 154564}",
    "C22": "{'source': '', 'type': 'categorical', 'padding_idx': 0, 'oov_idx': 17, 'vocab_size': 18}",
    "C23": "{'source': '', 'type': 'categorical', 'padding_idx': 0, 'oov_idx': 16, 'vocab_size': 17}",
    "C24": "{'source': '', 'type': 'categorical', 'padding_idx': 0, 'oov_idx': 53030, 'vocab_size': 53031}",
    "C25": "{'source': '', 'type': 'categorical', 'padding_idx': 0, 'oov_idx': 81, 'vocab_size': 82}",
    "C26": "{'source': '', 'type': 'categorical', 'padding_idx': 0, 'oov_idx': 40954, 'vocab_size': 40955}",
    "C3": "{'source': '', 'type': 'categorical', 'padding_idx': 0, 'oov_idx': 157338, 'vocab_size': 157339}",
    "C4": "{'source': '', 'type': 'categorical', 'padding_idx': 0, 'oov_idx': 117821, 'vocab_size': 117822}",
    "C5": "{'source': '', 'type': 'categorical', 'padding_idx': 0, 'oov_idx': 305, 'vocab_size': 306}",
    "C6": "{'source': '', 'type': 'categorical', 'padding_idx': 0, 'oov_idx': 17, 'vocab_size': 18}",
    "C7": "{'source': '', 'type': 'categorical', 'padding_idx': 0, 'oov_idx': 11881, 'vocab_size': 11882}",
    "C8": "{'source': '', 'type': 'categorical', 'padding_idx': 0, 'oov_idx': 629, 'vocab_size': 630}",
    "C9": "{'source': '', 'type': 'categorical', 'padding_idx': 0, 'oov_idx': 4, 'vocab_size': 5}",
    "I1": "{'source': '', 'type': 'categorical', 'padding_idx': 0, 'oov_idx': 43, 'vocab_size': 44}",
    "I10": "{'source': '', 'type': 'categorical', 'padding_idx': 0, 'oov_idx': 5, 'vocab_size': 6}",
    "I11": "{'source': '', 'type': 'categorical', 'padding_idx': 0, 'oov_idx': 26, 'vocab_size': 27}",
    "I12": "{'source': '', 'type': 'categorical', 'padding_idx': 0, 'oov_idx': 36, 'vocab_size': 37}",
    "I13": "{'source': '', 'type': 'categorical', 'padding_idx': 0, 'oov_idx': 71, 'vocab_size': 72}",
    "I2": "{'source': '', 'type': 'categorical', 'padding_idx': 0, 'oov_idx': 98, 'vocab_size': 99}",
    "I3": "{'source': '', 'type': 'categorical', 'padding_idx': 0, 'oov_idx': 121, 'vocab_size': 122}",
    "I4": "{'source': '', 'type': 'categorical', 'padding_idx': 0, 'oov_idx': 40, 'vocab_size': 41}",
    "I5": "{'source': '', 'type': 'categorical', 'padding_idx': 0, 'oov_idx': 219, 'vocab_size': 220}",
    "I6": "{'source': '', 'type': 'categorical', 'padding_idx': 0, 'oov_idx': 111, 'vocab_size': 112}",
    "I7": "{'source': '', 'type': 'categorical', 'padding_idx': 0, 'oov_idx': 79, 'vocab_size': 80}",
    "I8": "{'source': '', 'type': 'categorical', 'padding_idx': 0, 'oov_idx': 68, 'vocab_size': 69}",
    "I9": "{'source': '', 'type': 'categorical', 'padding_idx': 0, 'oov_idx': 91, 'vocab_size': 92}"
}
2025-05-13 01:24:57,984 P701313 INFO Total number of parameters: 15552882.
2025-05-13 01:24:57,984 P701313 INFO Loading data...
2025-05-13 01:24:57,985 P701313 INFO Loading data from h5: ../../../data/Criteo_x4_10_h5/train.h5
2025-05-13 01:25:14,340 P701313 INFO Train samples: total/36672493, blocks/1
2025-05-13 01:25:14,340 P701313 INFO Loading data from h5: ../../../data/Criteo_x4_10_h5/valid.h5
2025-05-13 01:25:17,095 P701313 INFO Validation samples: total/4584062, blocks/1
2025-05-13 01:25:17,095 P701313 INFO Loading train and validation data done.
2025-05-13 01:25:17,095 P701313 INFO Start training: 4477 batches/epoch
2025-05-13 01:25:17,095 P701313 INFO ************ Epoch=1 start ************
2025-05-13 01:28:04,053 P701313 INFO Train loss: 0.462203
2025-05-13 01:28:04,053 P701313 INFO Evaluation @epoch 1 - batch 4477: 
2025-05-13 01:28:16,649 P701313 INFO ===
2025-05-13 01:28:16,649 P701313 INFO [Metrics] AUC: 0.804414 - logloss: 0.446667
2025-05-13 01:28:16,655 P701313 INFO Save best model: monitor(max)=0.804414
2025-05-13 01:28:17,216 P701313 INFO ************ Epoch=1 end ************
2025-05-13 01:31:04,837 P701313 INFO Train loss: 0.454409
2025-05-13 01:31:04,837 P701313 INFO Evaluation @epoch 2 - batch 4477: 
2025-05-13 01:31:17,303 P701313 INFO ===
2025-05-13 01:31:17,303 P701313 INFO [Metrics] AUC: 0.808004 - logloss: 0.443385
2025-05-13 01:31:17,314 P701313 INFO Save best model: monitor(max)=0.808004
2025-05-13 01:31:17,894 P701313 INFO ************ Epoch=2 end ************
2025-05-13 01:34:04,015 P701313 INFO Train loss: 0.452427
2025-05-13 01:34:04,016 P701313 INFO Evaluation @epoch 3 - batch 4477: 
2025-05-13 01:34:16,527 P701313 INFO ===
2025-05-13 01:34:16,527 P701313 INFO [Metrics] AUC: 0.809255 - logloss: 0.442548
2025-05-13 01:34:16,537 P701313 INFO Save best model: monitor(max)=0.809255
2025-05-13 01:34:17,146 P701313 INFO ************ Epoch=3 end ************
2025-05-13 01:37:02,422 P701313 INFO Train loss: 0.451425
2025-05-13 01:37:02,422 P701313 INFO Evaluation @epoch 4 - batch 4477: 
2025-05-13 01:37:14,846 P701313 INFO ===
2025-05-13 01:37:14,846 P701313 INFO [Metrics] AUC: 0.810021 - logloss: 0.441700
2025-05-13 01:37:14,857 P701313 INFO Save best model: monitor(max)=0.810021
2025-05-13 01:37:15,388 P701313 INFO ************ Epoch=4 end ************
2025-05-13 01:39:59,233 P701313 INFO Train loss: 0.450822
2025-05-13 01:39:59,234 P701313 INFO Evaluation @epoch 5 - batch 4477: 
2025-05-13 01:40:11,744 P701313 INFO ===
2025-05-13 01:40:11,744 P701313 INFO [Metrics] AUC: 0.810623 - logloss: 0.441093
2025-05-13 01:40:11,755 P701313 INFO Save best model: monitor(max)=0.810623
2025-05-13 01:40:12,396 P701313 INFO ************ Epoch=5 end ************
2025-05-13 01:42:55,577 P701313 INFO Train loss: 0.450347
2025-05-13 01:42:55,577 P701313 INFO Evaluation @epoch 6 - batch 4477: 
2025-05-13 01:43:07,881 P701313 INFO ===
2025-05-13 01:43:07,881 P701313 INFO [Metrics] AUC: 0.810992 - logloss: 0.440716
2025-05-13 01:43:07,892 P701313 INFO Save best model: monitor(max)=0.810992
2025-05-13 01:43:08,455 P701313 INFO ************ Epoch=6 end ************
2025-05-13 01:45:50,647 P701313 INFO Train loss: 0.449956
2025-05-13 01:45:50,648 P701313 INFO Evaluation @epoch 7 - batch 4477: 
2025-05-13 01:46:02,852 P701313 INFO ===
2025-05-13 01:46:02,852 P701313 INFO [Metrics] AUC: 0.811214 - logloss: 0.440487
2025-05-13 01:46:02,863 P701313 INFO Save best model: monitor(max)=0.811214
2025-05-13 01:46:03,474 P701313 INFO ************ Epoch=7 end ************
2025-05-13 01:48:48,718 P701313 INFO Train loss: 0.449671
2025-05-13 01:48:48,718 P701313 INFO Evaluation @epoch 8 - batch 4477: 
2025-05-13 01:49:01,041 P701313 INFO ===
2025-05-13 01:49:01,041 P701313 INFO [Metrics] AUC: 0.811432 - logloss: 0.440354
2025-05-13 01:49:01,052 P701313 INFO Save best model: monitor(max)=0.811432
2025-05-13 01:49:01,698 P701313 INFO ************ Epoch=8 end ************
2025-05-13 01:51:45,513 P701313 INFO Train loss: 0.449423
2025-05-13 01:51:45,513 P701313 INFO Evaluation @epoch 9 - batch 4477: 
2025-05-13 01:51:58,528 P701313 INFO ===
2025-05-13 01:51:58,528 P701313 INFO [Metrics] AUC: 0.811666 - logloss: 0.440105
2025-05-13 01:51:58,539 P701313 INFO Save best model: monitor(max)=0.811666
2025-05-13 01:51:59,177 P701313 INFO ************ Epoch=9 end ************
2025-05-13 01:54:43,670 P701313 INFO Train loss: 0.449176
2025-05-13 01:54:43,671 P701313 INFO Evaluation @epoch 10 - batch 4477: 
2025-05-13 01:54:56,805 P701313 INFO ===
2025-05-13 01:54:56,805 P701313 INFO [Metrics] AUC: 0.811824 - logloss: 0.439922
2025-05-13 01:54:56,816 P701313 INFO Save best model: monitor(max)=0.811824
2025-05-13 01:54:57,453 P701313 INFO ************ Epoch=10 end ************
2025-05-13 01:57:42,059 P701313 INFO Train loss: 0.448999
2025-05-13 01:57:42,060 P701313 INFO Evaluation @epoch 11 - batch 4477: 
2025-05-13 01:57:55,094 P701313 INFO ===
2025-05-13 01:57:55,094 P701313 INFO [Metrics] AUC: 0.811896 - logloss: 0.439901
2025-05-13 01:57:55,105 P701313 INFO Save best model: monitor(max)=0.811896
2025-05-13 01:57:55,708 P701313 INFO ************ Epoch=11 end ************
2025-05-13 02:00:40,395 P701313 INFO Train loss: 0.448813
2025-05-13 02:00:40,396 P701313 INFO Evaluation @epoch 12 - batch 4477: 
2025-05-13 02:00:53,406 P701313 INFO ===
2025-05-13 02:00:53,406 P701313 INFO [Metrics] AUC: 0.811809 - logloss: 0.439902
2025-05-13 02:00:53,416 P701313 INFO Monitor(max)=0.811809 STOP!
2025-05-13 02:00:53,416 P701313 INFO Reduce learning rate on plateau: 0.000100
2025-05-13 02:00:53,967 P701313 INFO ************ Epoch=12 end ************
2025-05-13 02:03:38,648 P701313 INFO Train loss: 0.439146
2025-05-13 02:03:38,648 P701313 INFO Evaluation @epoch 13 - batch 4477: 
2025-05-13 02:03:51,767 P701313 INFO ===
2025-05-13 02:03:51,768 P701313 INFO [Metrics] AUC: 0.814577 - logloss: 0.437389
2025-05-13 02:03:51,778 P701313 INFO Save best model: monitor(max)=0.814577
2025-05-13 02:03:52,385 P701313 INFO ************ Epoch=13 end ************
2025-05-13 02:06:36,264 P701313 INFO Train loss: 0.435688
2025-05-13 02:06:36,264 P701313 INFO Evaluation @epoch 14 - batch 4477: 
2025-05-13 02:06:49,330 P701313 INFO ===
2025-05-13 02:06:49,331 P701313 INFO [Metrics] AUC: 0.814999 - logloss: 0.437064
2025-05-13 02:06:49,341 P701313 INFO Save best model: monitor(max)=0.814999
2025-05-13 02:06:49,947 P701313 INFO ************ Epoch=14 end ************
2025-05-13 02:09:34,931 P701313 INFO Train loss: 0.434087
2025-05-13 02:09:34,931 P701313 INFO Evaluation @epoch 15 - batch 4477: 
2025-05-13 02:09:47,920 P701313 INFO ===
2025-05-13 02:09:47,920 P701313 INFO [Metrics] AUC: 0.815108 - logloss: 0.436981
2025-05-13 02:09:47,930 P701313 INFO Save best model: monitor(max)=0.815108
2025-05-13 02:09:48,571 P701313 INFO ************ Epoch=15 end ************
2025-05-13 02:12:31,624 P701313 INFO Train loss: 0.432904
2025-05-13 02:12:31,624 P701313 INFO Evaluation @epoch 16 - batch 4477: 
2025-05-13 02:12:44,523 P701313 INFO ===
2025-05-13 02:12:44,524 P701313 INFO [Metrics] AUC: 0.815047 - logloss: 0.437058
2025-05-13 02:12:44,534 P701313 INFO Monitor(max)=0.815047 STOP!
2025-05-13 02:12:44,534 P701313 INFO Reduce learning rate on plateau: 0.000010
2025-05-13 02:12:45,167 P701313 INFO ************ Epoch=16 end ************
2025-05-13 02:15:30,171 P701313 INFO Train loss: 0.429340
2025-05-13 02:15:30,171 P701313 INFO Evaluation @epoch 17 - batch 4477: 
2025-05-13 02:15:43,441 P701313 INFO ===
2025-05-13 02:15:43,441 P701313 INFO [Metrics] AUC: 0.814847 - logloss: 0.437471
2025-05-13 02:15:43,451 P701313 INFO Monitor(max)=0.814847 STOP!
2025-05-13 02:15:43,451 P701313 INFO Reduce learning rate on plateau: 0.000001
2025-05-13 02:15:43,451 P701313 INFO ********* Epoch==17 early stop *********
2025-05-13 02:15:44,045 P701313 INFO Training finished.
2025-05-13 02:15:44,045 P701313 INFO Load best model: /root/autodl-tmp/model_zoo/DCNv3/DCNv3_torch/checkpoints/Criteo_x4_10_h5/FCNv1_Criteo_008_4086fd21.model
2025-05-13 02:15:44,080 P701313 INFO ****** Validation evaluation ******
2025-05-13 02:15:57,429 P701313 INFO ===
2025-05-13 02:15:57,429 P701313 INFO [Metrics] logloss: 0.436981 - AUC: 0.815108
2025-05-13 02:15:58,259 P701313 INFO ******** Test evaluation ********
2025-05-13 02:15:58,259 P701313 INFO Loading data...
2025-05-13 02:15:58,259 P701313 INFO Loading data from h5: ../../../data/Criteo_x4_10_h5/test.h5
2025-05-13 02:16:00,347 P701313 INFO Test samples: total/4584062, blocks/1
2025-05-13 02:16:00,347 P701313 INFO Loading test data done.
2025-05-13 02:16:11,490 P701313 INFO ===
2025-05-13 02:16:11,491 P701313 INFO [Metrics] logloss: 0.436642 - AUC: 0.815512
