2025-05-13 03:23:42,022 P178888 INFO Params: {
    "batch_norm": "False",
    "batch_size": "8192",
    "data_format": "h5",
    "data_root": "../../../data/",
    "dataset_id": "Criteo_x4_10_h5",
    "debug_mode": "False",
    "early_stop_patience": "2",
    "embedding_dim": "16",
    "embedding_regularizer": "1e-05",
    "epochs": "100",
    "eval_steps": "None",
    "exp_num_layers": "3",
    "feature_cols": "[{'active': True, 'dtype': 'float', 'fill_na': 0, 'na_value': 0, 'name': ['I1', 'I2', 'I3', 'I4', 'I5', 'I6', 'I7', 'I8', 'I9', 'I10', 'I11', 'I12', 'I13'], 'preprocess': 'convert_to_bucket', 'type': 'categorical'}, {'active': True, 'dtype': 'str', 'fill_na': '', 'na_value': '', 'name': ['C1', 'C2', 'C3', 'C4', 'C5', 'C6', 'C7', 'C8', 'C9', 'C10', 'C11', 'C12', 'C13', 'C14', 'C15', 'C16', 'C17', 'C18', 'C19', 'C20', 'C21', 'C22', 'C23', 'C24', 'C25', 'C26'], 'type': 'categorical'}]",
    "feature_config": "None",
    "feature_specs": "None",
    "gpu": "0",
    "group_id": "None",
    "label_col": "{'dtype': 'float', 'name': 'Label'}",
    "learning_rate": "0.001",
    "lin_num_layers": "2",
    "loss": "binary_crossentropy",
    "metrics": "['logloss', 'AUC']",
    "min_categr_count": "10",
    "model": "FCNv1",
    "model_id": "FCNv1_Criteo_012_4086fd21",
    "model_root": "./checkpoints/",
    "monitor": "{'AUC': 1, 'logloss': 0}",
    "monitor_mode": "max",
    "net_dropout": "0.1",
    "net_regularizer": "0",
    "num_heads": "1",
    "num_workers": "8",
    "optimizer": "adam",
    "pickle_feature_encoder": "True",
    "save_best_only": "True",
    "seed": "2024",
    "shuffle": "True",
    "task": "binary_classification",
    "test_data": "../../../data/Criteo_x4_10_h5/test.h5",
    "train_data": "../../../data/Criteo_x4_10_h5/train.h5",
    "use_features": "None",
    "valid_data": "../../../data/Criteo_x4_10_h5/valid.h5",
    "verbose": "1"
}
2025-05-13 03:23:42,022 P178888 INFO Load feature_map from json: ../../../data/Criteo_x4_10_h5/feature_map.json
2025-05-13 03:23:42,022 P178888 INFO Set column index...
2025-05-13 03:23:42,023 P178888 INFO Feature specs: {
    "C1": "{'source': '', 'type': 'categorical', 'padding_idx': 0, 'oov_idx': 1445, 'vocab_size': 1446}",
    "C10": "{'source': '', 'type': 'categorical', 'padding_idx': 0, 'oov_idx': 39529, 'vocab_size': 39530}",
    "C11": "{'source': '', 'type': 'categorical', 'padding_idx': 0, 'oov_idx': 5130, 'vocab_size': 5131}",
    "C12": "{'source': '', 'type': 'categorical', 'padding_idx': 0, 'oov_idx': 156655, 'vocab_size': 156656}",
    "C13": "{'source': '', 'type': 'categorical', 'padding_idx': 0, 'oov_idx': 3175, 'vocab_size': 3176}",
    "C14": "{'source': '', 'type': 'categorical', 'padding_idx': 0, 'oov_idx': 27, 'vocab_size': 28}",
    "C15": "{'source': '', 'type': 'categorical', 'padding_idx': 0, 'oov_idx': 11042, 'vocab_size': 11043}",
    "C16": "{'source': '', 'type': 'categorical', 'padding_idx': 0, 'oov_idx': 148912, 'vocab_size': 148913}",
    "C17": "{'source': '', 'type': 'categorical', 'padding_idx': 0, 'oov_idx': 11, 'vocab_size': 12}",
    "C18": "{'source': '', 'type': 'categorical', 'padding_idx': 0, 'oov_idx': 4559, 'vocab_size': 4560}",
    "C19": "{'source': '', 'type': 'categorical', 'padding_idx': 0, 'oov_idx': 2002, 'vocab_size': 2003}",
    "C2": "{'source': '', 'type': 'categorical', 'padding_idx': 0, 'oov_idx': 553, 'vocab_size': 554}",
    "C20": "{'source': '', 'type': 'categorical', 'padding_idx': 0, 'oov_idx': 4, 'vocab_size': 5}",
    "C21": "{'source': '', 'type': 'categorical', 'padding_idx': 0, 'oov_idx': 154563, 'vocab_size': 154564}",
    "C22": "{'source': '', 'type': 'categorical', 'padding_idx': 0, 'oov_idx': 17, 'vocab_size': 18}",
    "C23": "{'source': '', 'type': 'categorical', 'padding_idx': 0, 'oov_idx': 16, 'vocab_size': 17}",
    "C24": "{'source': '', 'type': 'categorical', 'padding_idx': 0, 'oov_idx': 53030, 'vocab_size': 53031}",
    "C25": "{'source': '', 'type': 'categorical', 'padding_idx': 0, 'oov_idx': 81, 'vocab_size': 82}",
    "C26": "{'source': '', 'type': 'categorical', 'padding_idx': 0, 'oov_idx': 40954, 'vocab_size': 40955}",
    "C3": "{'source': '', 'type': 'categorical', 'padding_idx': 0, 'oov_idx': 157338, 'vocab_size': 157339}",
    "C4": "{'source': '', 'type': 'categorical', 'padding_idx': 0, 'oov_idx': 117821, 'vocab_size': 117822}",
    "C5": "{'source': '', 'type': 'categorical', 'padding_idx': 0, 'oov_idx': 305, 'vocab_size': 306}",
    "C6": "{'source': '', 'type': 'categorical', 'padding_idx': 0, 'oov_idx': 17, 'vocab_size': 18}",
    "C7": "{'source': '', 'type': 'categorical', 'padding_idx': 0, 'oov_idx': 11881, 'vocab_size': 11882}",
    "C8": "{'source': '', 'type': 'categorical', 'padding_idx': 0, 'oov_idx': 629, 'vocab_size': 630}",
    "C9": "{'source': '', 'type': 'categorical', 'padding_idx': 0, 'oov_idx': 4, 'vocab_size': 5}",
    "I1": "{'source': '', 'type': 'categorical', 'padding_idx': 0, 'oov_idx': 43, 'vocab_size': 44}",
    "I10": "{'source': '', 'type': 'categorical', 'padding_idx': 0, 'oov_idx': 5, 'vocab_size': 6}",
    "I11": "{'source': '', 'type': 'categorical', 'padding_idx': 0, 'oov_idx': 26, 'vocab_size': 27}",
    "I12": "{'source': '', 'type': 'categorical', 'padding_idx': 0, 'oov_idx': 36, 'vocab_size': 37}",
    "I13": "{'source': '', 'type': 'categorical', 'padding_idx': 0, 'oov_idx': 71, 'vocab_size': 72}",
    "I2": "{'source': '', 'type': 'categorical', 'padding_idx': 0, 'oov_idx': 98, 'vocab_size': 99}",
    "I3": "{'source': '', 'type': 'categorical', 'padding_idx': 0, 'oov_idx': 121, 'vocab_size': 122}",
    "I4": "{'source': '', 'type': 'categorical', 'padding_idx': 0, 'oov_idx': 40, 'vocab_size': 41}",
    "I5": "{'source': '', 'type': 'categorical', 'padding_idx': 0, 'oov_idx': 219, 'vocab_size': 220}",
    "I6": "{'source': '', 'type': 'categorical', 'padding_idx': 0, 'oov_idx': 111, 'vocab_size': 112}",
    "I7": "{'source': '', 'type': 'categorical', 'padding_idx': 0, 'oov_idx': 79, 'vocab_size': 80}",
    "I8": "{'source': '', 'type': 'categorical', 'padding_idx': 0, 'oov_idx': 68, 'vocab_size': 69}",
    "I9": "{'source': '', 'type': 'categorical', 'padding_idx': 0, 'oov_idx': 91, 'vocab_size': 92}"
}
2025-05-13 03:23:46,012 P178888 INFO Total number of parameters: 15552882.
2025-05-13 03:23:46,012 P178888 INFO Loading data...
2025-05-13 03:23:46,013 P178888 INFO Loading data from h5: ../../../data/Criteo_x4_10_h5/train.h5
2025-05-13 03:24:02,965 P178888 INFO Train samples: total/36672493, blocks/1
2025-05-13 03:24:02,965 P178888 INFO Loading data from h5: ../../../data/Criteo_x4_10_h5/valid.h5
2025-05-13 03:24:05,121 P178888 INFO Validation samples: total/4584062, blocks/1
2025-05-13 03:24:05,121 P178888 INFO Loading train and validation data done.
2025-05-13 03:24:05,121 P178888 INFO Start training: 4477 batches/epoch
2025-05-13 03:24:05,121 P178888 INFO ************ Epoch=1 start ************
2025-05-13 03:26:47,707 P178888 INFO Train loss: 0.462124
2025-05-13 03:26:47,707 P178888 INFO Evaluation @epoch 1 - batch 4477: 
2025-05-13 03:27:01,872 P178888 INFO ===
2025-05-13 03:27:01,872 P178888 INFO [Metrics] AUC: 0.804588 - logloss: 0.446486
2025-05-13 03:27:01,879 P178888 INFO Save best model: monitor(max)=0.804588
2025-05-13 03:27:02,562 P178888 INFO ************ Epoch=1 end ************
2025-05-13 03:29:48,384 P178888 INFO Train loss: 0.454633
2025-05-13 03:29:48,384 P178888 INFO Evaluation @epoch 2 - batch 4477: 
2025-05-13 03:30:02,223 P178888 INFO ===
2025-05-13 03:30:02,223 P178888 INFO [Metrics] AUC: 0.807993 - logloss: 0.443380
2025-05-13 03:30:02,231 P178888 INFO Save best model: monitor(max)=0.807993
2025-05-13 03:30:02,941 P178888 INFO ************ Epoch=2 end ************
2025-05-13 03:32:48,846 P178888 INFO Train loss: 0.452565
2025-05-13 03:32:48,846 P178888 INFO Evaluation @epoch 3 - batch 4477: 
2025-05-13 03:33:02,806 P178888 INFO ===
2025-05-13 03:33:02,806 P178888 INFO [Metrics] AUC: 0.809248 - logloss: 0.442533
2025-05-13 03:33:02,817 P178888 INFO Save best model: monitor(max)=0.809248
2025-05-13 03:33:03,507 P178888 INFO ************ Epoch=3 end ************
2025-05-13 03:35:47,397 P178888 INFO Train loss: 0.451467
2025-05-13 03:35:47,397 P178888 INFO Evaluation @epoch 4 - batch 4477: 
2025-05-13 03:36:01,193 P178888 INFO ===
2025-05-13 03:36:01,194 P178888 INFO [Metrics] AUC: 0.810052 - logloss: 0.441692
2025-05-13 03:36:01,204 P178888 INFO Save best model: monitor(max)=0.810052
2025-05-13 03:36:01,937 P178888 INFO ************ Epoch=4 end ************
2025-05-13 03:38:44,617 P178888 INFO Train loss: 0.450822
2025-05-13 03:38:44,617 P178888 INFO Evaluation @epoch 5 - batch 4477: 
2025-05-13 03:38:58,277 P178888 INFO ===
2025-05-13 03:38:58,277 P178888 INFO [Metrics] AUC: 0.810654 - logloss: 0.441049
2025-05-13 03:38:58,287 P178888 INFO Save best model: monitor(max)=0.810654
2025-05-13 03:38:59,025 P178888 INFO ************ Epoch=5 end ************
2025-05-13 03:41:41,712 P178888 INFO Train loss: 0.450345
2025-05-13 03:41:41,712 P178888 INFO Evaluation @epoch 6 - batch 4477: 
2025-05-13 03:41:55,459 P178888 INFO ===
2025-05-13 03:41:55,459 P178888 INFO [Metrics] AUC: 0.811059 - logloss: 0.440622
2025-05-13 03:41:55,469 P178888 INFO Save best model: monitor(max)=0.811059
2025-05-13 03:41:56,115 P178888 INFO ************ Epoch=6 end ************
2025-05-13 03:44:38,778 P178888 INFO Train loss: 0.450000
2025-05-13 03:44:38,779 P178888 INFO Evaluation @epoch 7 - batch 4477: 
2025-05-13 03:44:52,440 P178888 INFO ===
2025-05-13 03:44:52,440 P178888 INFO [Metrics] AUC: 0.811259 - logloss: 0.440411
2025-05-13 03:44:52,450 P178888 INFO Save best model: monitor(max)=0.811259
2025-05-13 03:44:53,154 P178888 INFO ************ Epoch=7 end ************
2025-05-13 03:47:36,036 P178888 INFO Train loss: 0.449730
2025-05-13 03:47:36,037 P178888 INFO Evaluation @epoch 8 - batch 4477: 
2025-05-13 03:47:49,814 P178888 INFO ===
2025-05-13 03:47:49,814 P178888 INFO [Metrics] AUC: 0.811496 - logloss: 0.440260
2025-05-13 03:47:49,824 P178888 INFO Save best model: monitor(max)=0.811496
2025-05-13 03:47:50,530 P178888 INFO ************ Epoch=8 end ************
2025-05-13 03:50:33,154 P178888 INFO Train loss: 0.449504
2025-05-13 03:50:33,154 P178888 INFO Evaluation @epoch 9 - batch 4477: 
2025-05-13 03:50:46,888 P178888 INFO ===
2025-05-13 03:50:46,889 P178888 INFO [Metrics] AUC: 0.811723 - logloss: 0.439998
2025-05-13 03:50:46,899 P178888 INFO Save best model: monitor(max)=0.811723
2025-05-13 03:50:47,587 P178888 INFO ************ Epoch=9 end ************
2025-05-13 03:53:30,159 P178888 INFO Train loss: 0.449288
2025-05-13 03:53:30,159 P178888 INFO Evaluation @epoch 10 - batch 4477: 
2025-05-13 03:53:44,016 P178888 INFO ===
2025-05-13 03:53:44,016 P178888 INFO [Metrics] AUC: 0.811865 - logloss: 0.439843
2025-05-13 03:53:44,026 P178888 INFO Save best model: monitor(max)=0.811865
2025-05-13 03:53:44,707 P178888 INFO ************ Epoch=10 end ************
2025-05-13 03:56:27,561 P178888 INFO Train loss: 0.449107
2025-05-13 03:56:27,561 P178888 INFO Evaluation @epoch 11 - batch 4477: 
2025-05-13 03:56:41,298 P178888 INFO ===
2025-05-13 03:56:41,298 P178888 INFO [Metrics] AUC: 0.811985 - logloss: 0.439799
2025-05-13 03:56:41,308 P178888 INFO Save best model: monitor(max)=0.811985
2025-05-13 03:56:41,959 P178888 INFO ************ Epoch=11 end ************
2025-05-13 03:59:24,103 P178888 INFO Train loss: 0.448929
2025-05-13 03:59:24,103 P178888 INFO Evaluation @epoch 12 - batch 4477: 
2025-05-13 03:59:37,900 P178888 INFO ===
2025-05-13 03:59:37,900 P178888 INFO [Metrics] AUC: 0.811921 - logloss: 0.439767
2025-05-13 03:59:37,910 P178888 INFO Monitor(max)=0.811921 STOP!
2025-05-13 03:59:37,910 P178888 INFO Reduce learning rate on plateau: 0.000100
2025-05-13 03:59:38,531 P178888 INFO ************ Epoch=12 end ************
2025-05-13 04:02:20,964 P178888 INFO Train loss: 0.439466
2025-05-13 04:02:20,964 P178888 INFO Evaluation @epoch 13 - batch 4477: 
2025-05-13 04:02:34,852 P178888 INFO ===
2025-05-13 04:02:34,852 P178888 INFO [Metrics] AUC: 0.814750 - logloss: 0.437184
2025-05-13 04:02:34,862 P178888 INFO Save best model: monitor(max)=0.814750
2025-05-13 04:02:35,606 P178888 INFO ************ Epoch=13 end ************
2025-05-13 04:05:18,708 P178888 INFO Train loss: 0.436034
2025-05-13 04:05:18,708 P178888 INFO Evaluation @epoch 14 - batch 4477: 
2025-05-13 04:05:32,485 P178888 INFO ===
2025-05-13 04:05:32,485 P178888 INFO [Metrics] AUC: 0.815196 - logloss: 0.436827
2025-05-13 04:05:32,495 P178888 INFO Save best model: monitor(max)=0.815196
2025-05-13 04:05:33,192 P178888 INFO ************ Epoch=14 end ************
2025-05-13 04:08:15,850 P178888 INFO Train loss: 0.434515
2025-05-13 04:08:15,850 P178888 INFO Evaluation @epoch 15 - batch 4477: 
2025-05-13 04:08:29,475 P178888 INFO ===
2025-05-13 04:08:29,475 P178888 INFO [Metrics] AUC: 0.815314 - logloss: 0.436731
2025-05-13 04:08:29,485 P178888 INFO Save best model: monitor(max)=0.815314
2025-05-13 04:08:30,125 P178888 INFO ************ Epoch=15 end ************
2025-05-13 04:11:12,939 P178888 INFO Train loss: 0.433358
2025-05-13 04:11:12,939 P178888 INFO Evaluation @epoch 16 - batch 4477: 
2025-05-13 04:11:26,802 P178888 INFO ===
2025-05-13 04:11:26,802 P178888 INFO [Metrics] AUC: 0.815318 - logloss: 0.436747
2025-05-13 04:11:26,812 P178888 INFO Save best model: monitor(max)=0.815318
2025-05-13 04:11:27,545 P178888 INFO ************ Epoch=16 end ************
2025-05-13 04:14:10,212 P178888 INFO Train loss: 0.432366
2025-05-13 04:14:10,213 P178888 INFO Evaluation @epoch 17 - batch 4477: 
2025-05-13 04:14:23,862 P178888 INFO ===
2025-05-13 04:14:23,862 P178888 INFO [Metrics] AUC: 0.815164 - logloss: 0.436941
2025-05-13 04:14:23,872 P178888 INFO Monitor(max)=0.815164 STOP!
2025-05-13 04:14:23,872 P178888 INFO Reduce learning rate on plateau: 0.000010
2025-05-13 04:14:24,517 P178888 INFO ************ Epoch=17 end ************
2025-05-13 04:17:05,885 P178888 INFO Train loss: 0.428619
2025-05-13 04:17:05,885 P178888 INFO Evaluation @epoch 18 - batch 4477: 
2025-05-13 04:17:19,462 P178888 INFO ===
2025-05-13 04:17:19,462 P178888 INFO [Metrics] AUC: 0.814942 - logloss: 0.437397
2025-05-13 04:17:19,472 P178888 INFO Monitor(max)=0.814942 STOP!
2025-05-13 04:17:19,472 P178888 INFO Reduce learning rate on plateau: 0.000001
2025-05-13 04:17:19,472 P178888 INFO ********* Epoch==18 early stop *********
2025-05-13 04:17:20,151 P178888 INFO Training finished.
2025-05-13 04:17:20,151 P178888 INFO Load best model: /root/autodl-tmp/model_zoo/DCNv3/DCNv3_torch/checkpoints/Criteo_x4_10_h5/FCNv1_Criteo_012_4086fd21.model
2025-05-13 04:17:20,185 P178888 INFO ****** Validation evaluation ******
2025-05-13 04:17:33,882 P178888 INFO ===
2025-05-13 04:17:33,882 P178888 INFO [Metrics] logloss: 0.436747 - AUC: 0.815318
2025-05-13 04:17:34,894 P178888 INFO ******** Test evaluation ********
2025-05-13 04:17:34,894 P178888 INFO Loading data...
2025-05-13 04:17:34,894 P178888 INFO Loading data from h5: ../../../data/Criteo_x4_10_h5/test.h5
2025-05-13 04:17:36,991 P178888 INFO Test samples: total/4584062, blocks/1
2025-05-13 04:17:36,991 P178888 INFO Loading test data done.
2025-05-13 04:17:47,961 P178888 INFO ===
2025-05-13 04:17:47,961 P178888 INFO [Metrics] logloss: 0.436362 - AUC: 0.815781
