2025-05-13 00:27:11,114 P464923 INFO Params: {
    "batch_norm": "False",
    "batch_size": "8192",
    "data_format": "h5",
    "data_root": "../../../data/",
    "dataset_id": "Criteo_x4_10_h5",
    "debug_mode": "False",
    "early_stop_patience": "2",
    "embedding_dim": "16",
    "embedding_regularizer": "1e-05",
    "epochs": "100",
    "eval_steps": "None",
    "exp_num_layers": "1",
    "feature_cols": "[{'active': True, 'dtype': 'float', 'fill_na': 0, 'na_value': 0, 'name': ['I1', 'I2', 'I3', 'I4', 'I5', 'I6', 'I7', 'I8', 'I9', 'I10', 'I11', 'I12', 'I13'], 'preprocess': 'convert_to_bucket', 'type': 'categorical'}, {'active': True, 'dtype': 'str', 'fill_na': '', 'na_value': '', 'name': ['C1', 'C2', 'C3', 'C4', 'C5', 'C6', 'C7', 'C8', 'C9', 'C10', 'C11', 'C12', 'C13', 'C14', 'C15', 'C16', 'C17', 'C18', 'C19', 'C20', 'C21', 'C22', 'C23', 'C24', 'C25', 'C26'], 'type': 'categorical'}]",
    "feature_config": "None",
    "feature_specs": "None",
    "gpu": "3",
    "group_id": "None",
    "label_col": "{'dtype': 'float', 'name': 'Label'}",
    "learning_rate": "0.001",
    "lin_num_layers": "5",
    "loss": "binary_crossentropy",
    "metrics": "['logloss', 'AUC']",
    "min_categr_count": "10",
    "model": "FCNv2",
    "model_id": "FCNv2_Criteo_005_9a7dab83",
    "model_root": "./checkpoints/",
    "monitor": "{'AUC': 1, 'logloss': 0}",
    "monitor_mode": "max",
    "net_dropout": "0.1",
    "net_regularizer": "0",
    "num_heads": "1",
    "num_workers": "8",
    "optimizer": "adam",
    "pickle_feature_encoder": "True",
    "save_best_only": "True",
    "seed": "2025",
    "shuffle": "True",
    "task": "binary_classification",
    "test_data": "../../../data/Criteo_x4_10_h5/test.h5",
    "train_data": "../../../data/Criteo_x4_10_h5/train.h5",
    "use_features": "None",
    "valid_data": "../../../data/Criteo_x4_10_h5/valid.h5",
    "verbose": "1"
}
2025-05-13 00:27:11,114 P464923 INFO Load feature_map from json: ../../../data/Criteo_x4_10_h5/feature_map.json
2025-05-13 00:27:11,114 P464923 INFO Set column index...
2025-05-13 00:27:11,114 P464923 INFO Feature specs: {
    "C1": "{'source': '', 'type': 'categorical', 'padding_idx': 0, 'oov_idx': 1445, 'vocab_size': 1446}",
    "C10": "{'source': '', 'type': 'categorical', 'padding_idx': 0, 'oov_idx': 39529, 'vocab_size': 39530}",
    "C11": "{'source': '', 'type': 'categorical', 'padding_idx': 0, 'oov_idx': 5130, 'vocab_size': 5131}",
    "C12": "{'source': '', 'type': 'categorical', 'padding_idx': 0, 'oov_idx': 156655, 'vocab_size': 156656}",
    "C13": "{'source': '', 'type': 'categorical', 'padding_idx': 0, 'oov_idx': 3175, 'vocab_size': 3176}",
    "C14": "{'source': '', 'type': 'categorical', 'padding_idx': 0, 'oov_idx': 27, 'vocab_size': 28}",
    "C15": "{'source': '', 'type': 'categorical', 'padding_idx': 0, 'oov_idx': 11042, 'vocab_size': 11043}",
    "C16": "{'source': '', 'type': 'categorical', 'padding_idx': 0, 'oov_idx': 148912, 'vocab_size': 148913}",
    "C17": "{'source': '', 'type': 'categorical', 'padding_idx': 0, 'oov_idx': 11, 'vocab_size': 12}",
    "C18": "{'source': '', 'type': 'categorical', 'padding_idx': 0, 'oov_idx': 4559, 'vocab_size': 4560}",
    "C19": "{'source': '', 'type': 'categorical', 'padding_idx': 0, 'oov_idx': 2002, 'vocab_size': 2003}",
    "C2": "{'source': '', 'type': 'categorical', 'padding_idx': 0, 'oov_idx': 553, 'vocab_size': 554}",
    "C20": "{'source': '', 'type': 'categorical', 'padding_idx': 0, 'oov_idx': 4, 'vocab_size': 5}",
    "C21": "{'source': '', 'type': 'categorical', 'padding_idx': 0, 'oov_idx': 154563, 'vocab_size': 154564}",
    "C22": "{'source': '', 'type': 'categorical', 'padding_idx': 0, 'oov_idx': 17, 'vocab_size': 18}",
    "C23": "{'source': '', 'type': 'categorical', 'padding_idx': 0, 'oov_idx': 16, 'vocab_size': 17}",
    "C24": "{'source': '', 'type': 'categorical', 'padding_idx': 0, 'oov_idx': 53030, 'vocab_size': 53031}",
    "C25": "{'source': '', 'type': 'categorical', 'padding_idx': 0, 'oov_idx': 81, 'vocab_size': 82}",
    "C26": "{'source': '', 'type': 'categorical', 'padding_idx': 0, 'oov_idx': 40954, 'vocab_size': 40955}",
    "C3": "{'source': '', 'type': 'categorical', 'padding_idx': 0, 'oov_idx': 157338, 'vocab_size': 157339}",
    "C4": "{'source': '', 'type': 'categorical', 'padding_idx': 0, 'oov_idx': 117821, 'vocab_size': 117822}",
    "C5": "{'source': '', 'type': 'categorical', 'padding_idx': 0, 'oov_idx': 305, 'vocab_size': 306}",
    "C6": "{'source': '', 'type': 'categorical', 'padding_idx': 0, 'oov_idx': 17, 'vocab_size': 18}",
    "C7": "{'source': '', 'type': 'categorical', 'padding_idx': 0, 'oov_idx': 11881, 'vocab_size': 11882}",
    "C8": "{'source': '', 'type': 'categorical', 'padding_idx': 0, 'oov_idx': 629, 'vocab_size': 630}",
    "C9": "{'source': '', 'type': 'categorical', 'padding_idx': 0, 'oov_idx': 4, 'vocab_size': 5}",
    "I1": "{'source': '', 'type': 'categorical', 'padding_idx': 0, 'oov_idx': 43, 'vocab_size': 44}",
    "I10": "{'source': '', 'type': 'categorical', 'padding_idx': 0, 'oov_idx': 5, 'vocab_size': 6}",
    "I11": "{'source': '', 'type': 'categorical', 'padding_idx': 0, 'oov_idx': 26, 'vocab_size': 27}",
    "I12": "{'source': '', 'type': 'categorical', 'padding_idx': 0, 'oov_idx': 36, 'vocab_size': 37}",
    "I13": "{'source': '', 'type': 'categorical', 'padding_idx': 0, 'oov_idx': 71, 'vocab_size': 72}",
    "I2": "{'source': '', 'type': 'categorical', 'padding_idx': 0, 'oov_idx': 98, 'vocab_size': 99}",
    "I3": "{'source': '', 'type': 'categorical', 'padding_idx': 0, 'oov_idx': 121, 'vocab_size': 122}",
    "I4": "{'source': '', 'type': 'categorical', 'padding_idx': 0, 'oov_idx': 40, 'vocab_size': 41}",
    "I5": "{'source': '', 'type': 'categorical', 'padding_idx': 0, 'oov_idx': 219, 'vocab_size': 220}",
    "I6": "{'source': '', 'type': 'categorical', 'padding_idx': 0, 'oov_idx': 111, 'vocab_size': 112}",
    "I7": "{'source': '', 'type': 'categorical', 'padding_idx': 0, 'oov_idx': 79, 'vocab_size': 80}",
    "I8": "{'source': '', 'type': 'categorical', 'padding_idx': 0, 'oov_idx': 68, 'vocab_size': 69}",
    "I9": "{'source': '', 'type': 'categorical', 'padding_idx': 0, 'oov_idx': 91, 'vocab_size': 92}"
}
2025-05-13 00:27:15,139 P464923 INFO Total number of parameters: 16924434.
2025-05-13 00:27:15,139 P464923 INFO Loading data...
2025-05-13 00:27:15,139 P464923 INFO Loading data from h5: ../../../data/Criteo_x4_10_h5/train.h5
2025-05-13 00:27:30,568 P464923 INFO Train samples: total/36672493, blocks/1
2025-05-13 00:27:30,568 P464923 INFO Loading data from h5: ../../../data/Criteo_x4_10_h5/valid.h5
2025-05-13 00:27:32,755 P464923 INFO Validation samples: total/4584062, blocks/1
2025-05-13 00:27:32,755 P464923 INFO Loading train and validation data done.
2025-05-13 00:27:32,755 P464923 INFO Start training: 4477 batches/epoch
2025-05-13 00:27:32,755 P464923 INFO ************ Epoch=1 start ************
2025-05-13 00:30:59,877 P464923 INFO Train loss: 0.461176
2025-05-13 00:30:59,877 P464923 INFO Evaluation @epoch 1 - batch 4477: 
2025-05-13 00:31:12,296 P464923 INFO ===
2025-05-13 00:31:12,297 P464923 INFO [Metrics] AUC: 0.805680 - logloss: 0.445663
2025-05-13 00:31:12,302 P464923 INFO Save best model: monitor(max)=0.805680
2025-05-13 00:31:12,817 P464923 INFO ************ Epoch=1 end ************
2025-05-13 00:34:41,206 P464923 INFO Train loss: 0.454062
2025-05-13 00:34:41,206 P464923 INFO Evaluation @epoch 2 - batch 4477: 
2025-05-13 00:34:53,427 P464923 INFO ===
2025-05-13 00:34:53,428 P464923 INFO [Metrics] AUC: 0.808762 - logloss: 0.442723
2025-05-13 00:34:53,436 P464923 INFO Save best model: monitor(max)=0.808762
2025-05-13 00:34:54,061 P464923 INFO ************ Epoch=2 end ************
2025-05-13 00:38:22,915 P464923 INFO Train loss: 0.452063
2025-05-13 00:38:22,915 P464923 INFO Evaluation @epoch 3 - batch 4477: 
2025-05-13 00:38:35,355 P464923 INFO ===
2025-05-13 00:38:35,356 P464923 INFO [Metrics] AUC: 0.810053 - logloss: 0.441634
2025-05-13 00:38:35,363 P464923 INFO Save best model: monitor(max)=0.810053
2025-05-13 00:38:35,870 P464923 INFO ************ Epoch=3 end ************
2025-05-13 00:42:02,264 P464923 INFO Train loss: 0.451054
2025-05-13 00:42:02,264 P464923 INFO Evaluation @epoch 4 - batch 4477: 
2025-05-13 00:42:14,532 P464923 INFO ===
2025-05-13 00:42:14,533 P464923 INFO [Metrics] AUC: 0.810724 - logloss: 0.440931
2025-05-13 00:42:14,543 P464923 INFO Save best model: monitor(max)=0.810724
2025-05-13 00:42:15,136 P464923 INFO ************ Epoch=4 end ************
2025-05-13 00:45:38,120 P464923 INFO Train loss: 0.450360
2025-05-13 00:45:38,120 P464923 INFO Evaluation @epoch 5 - batch 4477: 
2025-05-13 00:45:50,768 P464923 INFO ===
2025-05-13 00:45:50,768 P464923 INFO [Metrics] AUC: 0.811239 - logloss: 0.440441
2025-05-13 00:45:50,777 P464923 INFO Save best model: monitor(max)=0.811239
2025-05-13 00:45:51,318 P464923 INFO ************ Epoch=5 end ************
2025-05-13 00:49:21,899 P464923 INFO Train loss: 0.449862
2025-05-13 00:49:21,900 P464923 INFO Evaluation @epoch 6 - batch 4477: 
2025-05-13 00:49:34,768 P464923 INFO ===
2025-05-13 00:49:34,768 P464923 INFO [Metrics] AUC: 0.811591 - logloss: 0.440091
2025-05-13 00:49:34,778 P464923 INFO Save best model: monitor(max)=0.811591
2025-05-13 00:49:35,255 P464923 INFO ************ Epoch=6 end ************
2025-05-13 00:53:02,272 P464923 INFO Train loss: 0.449479
2025-05-13 00:53:02,272 P464923 INFO Evaluation @epoch 7 - batch 4477: 
2025-05-13 00:53:15,031 P464923 INFO ===
2025-05-13 00:53:15,032 P464923 INFO [Metrics] AUC: 0.811714 - logloss: 0.439953
2025-05-13 00:53:15,042 P464923 INFO Save best model: monitor(max)=0.811714
2025-05-13 00:53:15,611 P464923 INFO ************ Epoch=7 end ************
2025-05-13 00:56:43,402 P464923 INFO Train loss: 0.449127
2025-05-13 00:56:43,402 P464923 INFO Evaluation @epoch 8 - batch 4477: 
2025-05-13 00:56:56,184 P464923 INFO ===
2025-05-13 00:56:56,184 P464923 INFO [Metrics] AUC: 0.811907 - logloss: 0.439832
2025-05-13 00:56:56,195 P464923 INFO Save best model: monitor(max)=0.811907
2025-05-13 00:56:56,840 P464923 INFO ************ Epoch=8 end ************
2025-05-13 01:00:25,593 P464923 INFO Train loss: 0.448801
2025-05-13 01:00:25,593 P464923 INFO Evaluation @epoch 9 - batch 4477: 
2025-05-13 01:00:38,469 P464923 INFO ===
2025-05-13 01:00:38,469 P464923 INFO [Metrics] AUC: 0.812086 - logloss: 0.439774
2025-05-13 01:00:38,479 P464923 INFO Save best model: monitor(max)=0.812086
2025-05-13 01:00:39,029 P464923 INFO ************ Epoch=9 end ************
2025-05-13 01:04:07,555 P464923 INFO Train loss: 0.448543
2025-05-13 01:04:07,555 P464923 INFO Evaluation @epoch 10 - batch 4477: 
2025-05-13 01:04:20,457 P464923 INFO ===
2025-05-13 01:04:20,458 P464923 INFO [Metrics] AUC: 0.812149 - logloss: 0.439567
2025-05-13 01:04:20,468 P464923 INFO Save best model: monitor(max)=0.812149
2025-05-13 01:04:20,995 P464923 INFO ************ Epoch=10 end ************
2025-05-13 01:07:47,596 P464923 INFO Train loss: 0.448272
2025-05-13 01:07:47,596 P464923 INFO Evaluation @epoch 11 - batch 4477: 
2025-05-13 01:08:00,188 P464923 INFO ===
2025-05-13 01:08:00,188 P464923 INFO [Metrics] AUC: 0.812286 - logloss: 0.439430
2025-05-13 01:08:00,198 P464923 INFO Save best model: monitor(max)=0.812286
2025-05-13 01:08:00,753 P464923 INFO ************ Epoch=11 end ************
2025-05-13 01:11:29,706 P464923 INFO Train loss: 0.448033
2025-05-13 01:11:29,707 P464923 INFO Evaluation @epoch 12 - batch 4477: 
2025-05-13 01:11:42,246 P464923 INFO ===
2025-05-13 01:11:42,246 P464923 INFO [Metrics] AUC: 0.812221 - logloss: 0.439575
2025-05-13 01:11:42,256 P464923 INFO Monitor(max)=0.812221 STOP!
2025-05-13 01:11:42,257 P464923 INFO Reduce learning rate on plateau: 0.000100
2025-05-13 01:11:42,742 P464923 INFO ************ Epoch=12 end ************
2025-05-13 01:15:13,344 P464923 INFO Train loss: 0.437411
2025-05-13 01:15:13,345 P464923 INFO Evaluation @epoch 13 - batch 4477: 
2025-05-13 01:15:26,824 P464923 INFO ===
2025-05-13 01:15:26,824 P464923 INFO [Metrics] AUC: 0.814970 - logloss: 0.437036
2025-05-13 01:15:26,833 P464923 INFO Save best model: monitor(max)=0.814970
2025-05-13 01:15:27,468 P464923 INFO ************ Epoch=13 end ************
2025-05-13 01:18:55,471 P464923 INFO Train loss: 0.433589
2025-05-13 01:18:55,471 P464923 INFO Evaluation @epoch 14 - batch 4477: 
2025-05-13 01:19:08,114 P464923 INFO ===
2025-05-13 01:19:08,114 P464923 INFO [Metrics] AUC: 0.815259 - logloss: 0.436826
2025-05-13 01:19:08,125 P464923 INFO Save best model: monitor(max)=0.815259
2025-05-13 01:19:08,681 P464923 INFO ************ Epoch=14 end ************
2025-05-13 01:22:36,120 P464923 INFO Train loss: 0.431857
2025-05-13 01:22:36,120 P464923 INFO Evaluation @epoch 15 - batch 4477: 
2025-05-13 01:22:48,964 P464923 INFO ===
2025-05-13 01:22:48,964 P464923 INFO [Metrics] AUC: 0.815305 - logloss: 0.436905
2025-05-13 01:22:48,975 P464923 INFO Save best model: monitor(max)=0.815305
2025-05-13 01:22:49,541 P464923 INFO ************ Epoch=15 end ************
2025-05-13 01:26:19,515 P464923 INFO Train loss: 0.430587
2025-05-13 01:26:19,515 P464923 INFO Evaluation @epoch 16 - batch 4477: 
2025-05-13 01:26:32,234 P464923 INFO ===
2025-05-13 01:26:32,234 P464923 INFO [Metrics] AUC: 0.815151 - logloss: 0.437070
2025-05-13 01:26:32,245 P464923 INFO Monitor(max)=0.815151 STOP!
2025-05-13 01:26:32,245 P464923 INFO Reduce learning rate on plateau: 0.000010
2025-05-13 01:26:32,747 P464923 INFO ************ Epoch=16 end ************
2025-05-13 01:30:02,014 P464923 INFO Train loss: 0.426695
2025-05-13 01:30:02,014 P464923 INFO Evaluation @epoch 17 - batch 4477: 
2025-05-13 01:30:15,028 P464923 INFO ===
2025-05-13 01:30:15,028 P464923 INFO [Metrics] AUC: 0.814777 - logloss: 0.437786
2025-05-13 01:30:15,040 P464923 INFO Monitor(max)=0.814777 STOP!
2025-05-13 01:30:15,040 P464923 INFO Reduce learning rate on plateau: 0.000001
2025-05-13 01:30:15,040 P464923 INFO ********* Epoch==17 early stop *********
2025-05-13 01:30:15,546 P464923 INFO Training finished.
2025-05-13 01:30:15,546 P464923 INFO Load best model: /root/autodl-tmp/model_zoo/DCNv3/DCNv3_torch/checkpoints/Criteo_x4_10_h5/FCNv2_Criteo_005_9a7dab83.model
2025-05-13 01:30:15,587 P464923 INFO ****** Validation evaluation ******
2025-05-13 01:30:28,399 P464923 INFO ===
2025-05-13 01:30:28,399 P464923 INFO [Metrics] logloss: 0.436905 - AUC: 0.815305
2025-05-13 01:30:28,991 P464923 INFO ******** Test evaluation ********
2025-05-13 01:30:28,991 P464923 INFO Loading data...
2025-05-13 01:30:28,991 P464923 INFO Loading data from h5: ../../../data/Criteo_x4_10_h5/test.h5
2025-05-13 01:30:31,079 P464923 INFO Test samples: total/4584062, blocks/1
2025-05-13 01:30:31,080 P464923 INFO Loading test data done.
2025-05-13 01:30:42,877 P464923 INFO ===
2025-05-13 01:30:42,877 P464923 INFO [Metrics] logloss: 0.436565 - AUC: 0.815716
