2025-05-11 14:27:09,697 P307683 INFO Params: {
    "ECN_num_layers": "3",
    "LCN_num_layers": "3",
    "batch_norm": "False",
    "batch_size": "8192",
    "data_format": "h5",
    "data_root": "../../../data/",
    "dataset_id": "Criteo_x4_10_h5",
    "debug_mode": "False",
    "early_stop_patience": "2",
    "embedding_dim": "16",
    "embedding_regularizer": "1e-05",
    "epochs": "100",
    "eval_steps": "None",
    "feature_cols": "[{'active': True, 'dtype': 'float', 'fill_na': 0, 'na_value': 0, 'name': ['I1', 'I2', 'I3', 'I4', 'I5', 'I6', 'I7', 'I8', 'I9', 'I10', 'I11', 'I12', 'I13'], 'preprocess': 'convert_to_bucket', 'type': 'categorical'}, {'active': True, 'dtype': 'str', 'fill_na': '', 'na_value': '', 'name': ['C1', 'C2', 'C3', 'C4', 'C5', 'C6', 'C7', 'C8', 'C9', 'C10', 'C11', 'C12', 'C13', 'C14', 'C15', 'C16', 'C17', 'C18', 'C19', 'C20', 'C21', 'C22', 'C23', 'C24', 'C25', 'C26'], 'type': 'categorical'}]",
    "feature_config": "None",
    "feature_specs": "None",
    "gpu": "0",
    "group_id": "None",
    "label_col": "{'dtype': 'float', 'name': 'Label'}",
    "learning_rate": "0.001",
    "loss": "binary_crossentropy",
    "metrics": "['logloss', 'AUC']",
    "min_categr_count": "10",
    "model": "FCNv2",
    "model_id": "FCNv2_Criteo",
    "model_root": "./checkpoints/",
    "monitor": "{'AUC': 1, 'logloss': 0}",
    "monitor_mode": "max",
    "net_dropout": "0.1",
    "net_regularizer": "0",
    "num_heads": "1",
    "num_workers": "8",
    "optimizer": "adam",
    "pickle_feature_encoder": "True",
    "save_best_only": "True",
    "seed": "2025",
    "shuffle": "True",
    "task": "binary_classification",
    "test_data": "../../../data/Criteo_x4_10_h5/test.h5",
    "train_data": "../../../data/Criteo_x4_10_h5/train.h5",
    "use_features": "None",
    "valid_data": "../../../data/Criteo_x4_10_h5/valid.h5",
    "verbose": "1"
}
2025-05-11 14:27:09,698 P307683 INFO Load feature_map from json: ../../../data/Criteo_x4_10_h5/feature_map.json
2025-05-11 14:27:09,698 P307683 INFO Set column index...
2025-05-11 14:27:09,698 P307683 INFO Feature specs: {
    "C1": "{'source': '', 'type': 'categorical', 'padding_idx': 0, 'oov_idx': 1445, 'vocab_size': 1446}",
    "C10": "{'source': '', 'type': 'categorical', 'padding_idx': 0, 'oov_idx': 39529, 'vocab_size': 39530}",
    "C11": "{'source': '', 'type': 'categorical', 'padding_idx': 0, 'oov_idx': 5130, 'vocab_size': 5131}",
    "C12": "{'source': '', 'type': 'categorical', 'padding_idx': 0, 'oov_idx': 156655, 'vocab_size': 156656}",
    "C13": "{'source': '', 'type': 'categorical', 'padding_idx': 0, 'oov_idx': 3175, 'vocab_size': 3176}",
    "C14": "{'source': '', 'type': 'categorical', 'padding_idx': 0, 'oov_idx': 27, 'vocab_size': 28}",
    "C15": "{'source': '', 'type': 'categorical', 'padding_idx': 0, 'oov_idx': 11042, 'vocab_size': 11043}",
    "C16": "{'source': '', 'type': 'categorical', 'padding_idx': 0, 'oov_idx': 148912, 'vocab_size': 148913}",
    "C17": "{'source': '', 'type': 'categorical', 'padding_idx': 0, 'oov_idx': 11, 'vocab_size': 12}",
    "C18": "{'source': '', 'type': 'categorical', 'padding_idx': 0, 'oov_idx': 4559, 'vocab_size': 4560}",
    "C19": "{'source': '', 'type': 'categorical', 'padding_idx': 0, 'oov_idx': 2002, 'vocab_size': 2003}",
    "C2": "{'source': '', 'type': 'categorical', 'padding_idx': 0, 'oov_idx': 553, 'vocab_size': 554}",
    "C20": "{'source': '', 'type': 'categorical', 'padding_idx': 0, 'oov_idx': 4, 'vocab_size': 5}",
    "C21": "{'source': '', 'type': 'categorical', 'padding_idx': 0, 'oov_idx': 154563, 'vocab_size': 154564}",
    "C22": "{'source': '', 'type': 'categorical', 'padding_idx': 0, 'oov_idx': 17, 'vocab_size': 18}",
    "C23": "{'source': '', 'type': 'categorical', 'padding_idx': 0, 'oov_idx': 16, 'vocab_size': 17}",
    "C24": "{'source': '', 'type': 'categorical', 'padding_idx': 0, 'oov_idx': 53030, 'vocab_size': 53031}",
    "C25": "{'source': '', 'type': 'categorical', 'padding_idx': 0, 'oov_idx': 81, 'vocab_size': 82}",
    "C26": "{'source': '', 'type': 'categorical', 'padding_idx': 0, 'oov_idx': 40954, 'vocab_size': 40955}",
    "C3": "{'source': '', 'type': 'categorical', 'padding_idx': 0, 'oov_idx': 157338, 'vocab_size': 157339}",
    "C4": "{'source': '', 'type': 'categorical', 'padding_idx': 0, 'oov_idx': 117821, 'vocab_size': 117822}",
    "C5": "{'source': '', 'type': 'categorical', 'padding_idx': 0, 'oov_idx': 305, 'vocab_size': 306}",
    "C6": "{'source': '', 'type': 'categorical', 'padding_idx': 0, 'oov_idx': 17, 'vocab_size': 18}",
    "C7": "{'source': '', 'type': 'categorical', 'padding_idx': 0, 'oov_idx': 11881, 'vocab_size': 11882}",
    "C8": "{'source': '', 'type': 'categorical', 'padding_idx': 0, 'oov_idx': 629, 'vocab_size': 630}",
    "C9": "{'source': '', 'type': 'categorical', 'padding_idx': 0, 'oov_idx': 4, 'vocab_size': 5}",
    "I1": "{'source': '', 'type': 'categorical', 'padding_idx': 0, 'oov_idx': 43, 'vocab_size': 44}",
    "I10": "{'source': '', 'type': 'categorical', 'padding_idx': 0, 'oov_idx': 5, 'vocab_size': 6}",
    "I11": "{'source': '', 'type': 'categorical', 'padding_idx': 0, 'oov_idx': 26, 'vocab_size': 27}",
    "I12": "{'source': '', 'type': 'categorical', 'padding_idx': 0, 'oov_idx': 36, 'vocab_size': 37}",
    "I13": "{'source': '', 'type': 'categorical', 'padding_idx': 0, 'oov_idx': 71, 'vocab_size': 72}",
    "I2": "{'source': '', 'type': 'categorical', 'padding_idx': 0, 'oov_idx': 98, 'vocab_size': 99}",
    "I3": "{'source': '', 'type': 'categorical', 'padding_idx': 0, 'oov_idx': 121, 'vocab_size': 122}",
    "I4": "{'source': '', 'type': 'categorical', 'padding_idx': 0, 'oov_idx': 40, 'vocab_size': 41}",
    "I5": "{'source': '', 'type': 'categorical', 'padding_idx': 0, 'oov_idx': 219, 'vocab_size': 220}",
    "I6": "{'source': '', 'type': 'categorical', 'padding_idx': 0, 'oov_idx': 111, 'vocab_size': 112}",
    "I7": "{'source': '', 'type': 'categorical', 'padding_idx': 0, 'oov_idx': 79, 'vocab_size': 80}",
    "I8": "{'source': '', 'type': 'categorical', 'padding_idx': 0, 'oov_idx': 68, 'vocab_size': 69}",
    "I9": "{'source': '', 'type': 'categorical', 'padding_idx': 0, 'oov_idx': 91, 'vocab_size': 92}"
}
2025-05-11 14:27:13,516 P307683 INFO Total number of parameters: 16138194.
2025-05-11 14:27:13,516 P307683 INFO Loading data...
2025-05-11 14:27:13,516 P307683 INFO Loading data from h5: ../../../data/Criteo_x4_10_h5/train.h5
2025-05-11 14:27:29,019 P307683 INFO Train samples: total/36672493, blocks/1
2025-05-11 14:27:29,019 P307683 INFO Loading data from h5: ../../../data/Criteo_x4_10_h5/valid.h5
2025-05-11 14:27:31,038 P307683 INFO Validation samples: total/4584062, blocks/1
2025-05-11 14:27:31,039 P307683 INFO Loading train and validation data done.
2025-05-11 14:27:31,039 P307683 INFO Start training: 4477 batches/epoch
2025-05-11 14:27:31,039 P307683 INFO ************ Epoch=1 start ************
2025-05-11 14:30:29,103 P307683 INFO Train loss: 0.462095
2025-05-11 14:30:29,103 P307683 INFO Evaluation @epoch 1 - batch 4477: 
2025-05-11 14:30:40,739 P307683 INFO ===
2025-05-11 14:30:40,739 P307683 INFO [Metrics] AUC: 0.804797 - logloss: 0.446722
2025-05-11 14:30:40,745 P307683 INFO Save best model: monitor(max)=0.804797
2025-05-11 14:30:41,226 P307683 INFO ************ Epoch=1 end ************
2025-05-11 14:33:41,415 P307683 INFO Train loss: 0.454967
2025-05-11 14:33:41,416 P307683 INFO Evaluation @epoch 2 - batch 4477: 
2025-05-11 14:33:53,227 P307683 INFO ===
2025-05-11 14:33:53,227 P307683 INFO [Metrics] AUC: 0.808233 - logloss: 0.443155
2025-05-11 14:33:53,237 P307683 INFO Save best model: monitor(max)=0.808233
2025-05-11 14:33:53,846 P307683 INFO ************ Epoch=2 end ************
2025-05-11 14:36:51,682 P307683 INFO Train loss: 0.452808
2025-05-11 14:36:51,682 P307683 INFO Evaluation @epoch 3 - batch 4477: 
2025-05-11 14:37:03,472 P307683 INFO ===
2025-05-11 14:37:03,473 P307683 INFO [Metrics] AUC: 0.809647 - logloss: 0.441861
2025-05-11 14:37:03,483 P307683 INFO Save best model: monitor(max)=0.809647
2025-05-11 14:37:03,974 P307683 INFO ************ Epoch=3 end ************
2025-05-11 14:40:02,421 P307683 INFO Train loss: 0.451704
2025-05-11 14:40:02,421 P307683 INFO Evaluation @epoch 4 - batch 4477: 
2025-05-11 14:40:14,026 P307683 INFO ===
2025-05-11 14:40:14,026 P307683 INFO [Metrics] AUC: 0.810510 - logloss: 0.441024
2025-05-11 14:40:14,036 P307683 INFO Save best model: monitor(max)=0.810510
2025-05-11 14:40:14,542 P307683 INFO ************ Epoch=4 end ************
2025-05-11 14:43:12,069 P307683 INFO Train loss: 0.450973
2025-05-11 14:43:12,070 P307683 INFO Evaluation @epoch 5 - batch 4477: 
2025-05-11 14:43:23,815 P307683 INFO ===
2025-05-11 14:43:23,815 P307683 INFO [Metrics] AUC: 0.810928 - logloss: 0.440707
2025-05-11 14:43:23,826 P307683 INFO Save best model: monitor(max)=0.810928
2025-05-11 14:43:24,352 P307683 INFO ************ Epoch=5 end ************
2025-05-11 14:46:21,214 P307683 INFO Train loss: 0.450463
2025-05-11 14:46:21,215 P307683 INFO Evaluation @epoch 6 - batch 4477: 
2025-05-11 14:46:32,958 P307683 INFO ===
2025-05-11 14:46:32,959 P307683 INFO [Metrics] AUC: 0.811425 - logloss: 0.440214
2025-05-11 14:46:32,968 P307683 INFO Save best model: monitor(max)=0.811425
2025-05-11 14:46:33,430 P307683 INFO ************ Epoch=6 end ************
2025-05-11 14:49:33,966 P307683 INFO Train loss: 0.450072
2025-05-11 14:49:33,966 P307683 INFO Evaluation @epoch 7 - batch 4477: 
2025-05-11 14:49:45,815 P307683 INFO ===
2025-05-11 14:49:45,815 P307683 INFO [Metrics] AUC: 0.811702 - logloss: 0.440066
2025-05-11 14:49:45,824 P307683 INFO Save best model: monitor(max)=0.811702
2025-05-11 14:49:46,339 P307683 INFO ************ Epoch=7 end ************
2025-05-11 14:52:46,185 P307683 INFO Train loss: 0.449726
2025-05-11 14:52:46,185 P307683 INFO Evaluation @epoch 8 - batch 4477: 
2025-05-11 14:52:57,908 P307683 INFO ===
2025-05-11 14:52:57,908 P307683 INFO [Metrics] AUC: 0.811895 - logloss: 0.439748
2025-05-11 14:52:57,918 P307683 INFO Save best model: monitor(max)=0.811895
2025-05-11 14:52:58,442 P307683 INFO ************ Epoch=8 end ************
2025-05-11 14:55:58,071 P307683 INFO Train loss: 0.449478
2025-05-11 14:55:58,071 P307683 INFO Evaluation @epoch 9 - batch 4477: 
2025-05-11 14:56:09,473 P307683 INFO ===
2025-05-11 14:56:09,474 P307683 INFO [Metrics] AUC: 0.812138 - logloss: 0.439521
2025-05-11 14:56:09,484 P307683 INFO Save best model: monitor(max)=0.812138
2025-05-11 14:56:10,011 P307683 INFO ************ Epoch=9 end ************
2025-05-11 14:59:09,257 P307683 INFO Train loss: 0.449262
2025-05-11 14:59:09,257 P307683 INFO Evaluation @epoch 10 - batch 4477: 
2025-05-11 14:59:20,985 P307683 INFO ===
2025-05-11 14:59:20,985 P307683 INFO [Metrics] AUC: 0.812332 - logloss: 0.439440
2025-05-11 14:59:20,996 P307683 INFO Save best model: monitor(max)=0.812332
2025-05-11 14:59:21,490 P307683 INFO ************ Epoch=10 end ************
2025-05-11 15:02:21,417 P307683 INFO Train loss: 0.449056
2025-05-11 15:02:21,417 P307683 INFO Evaluation @epoch 11 - batch 4477: 
2025-05-11 15:02:32,892 P307683 INFO ===
2025-05-11 15:02:32,892 P307683 INFO [Metrics] AUC: 0.812385 - logloss: 0.439417
2025-05-11 15:02:32,902 P307683 INFO Save best model: monitor(max)=0.812385
2025-05-11 15:02:33,421 P307683 INFO ************ Epoch=11 end ************
2025-05-11 15:05:33,200 P307683 INFO Train loss: 0.448854
2025-05-11 15:05:33,200 P307683 INFO Evaluation @epoch 12 - batch 4477: 
2025-05-11 15:05:44,727 P307683 INFO ===
2025-05-11 15:05:44,727 P307683 INFO [Metrics] AUC: 0.812425 - logloss: 0.439302
2025-05-11 15:05:44,737 P307683 INFO Save best model: monitor(max)=0.812425
2025-05-11 15:05:45,149 P307683 INFO ************ Epoch=12 end ************
2025-05-11 15:08:44,165 P307683 INFO Train loss: 0.448707
2025-05-11 15:08:44,166 P307683 INFO Evaluation @epoch 13 - batch 4477: 
2025-05-11 15:08:55,934 P307683 INFO ===
2025-05-11 15:08:55,934 P307683 INFO [Metrics] AUC: 0.812522 - logloss: 0.439192
2025-05-11 15:08:55,944 P307683 INFO Save best model: monitor(max)=0.812522
2025-05-11 15:08:56,473 P307683 INFO ************ Epoch=13 end ************
2025-05-11 15:11:56,504 P307683 INFO Train loss: 0.448556
2025-05-11 15:11:56,504 P307683 INFO Evaluation @epoch 14 - batch 4477: 
2025-05-11 15:12:08,211 P307683 INFO ===
2025-05-11 15:12:08,211 P307683 INFO [Metrics] AUC: 0.812686 - logloss: 0.439079
2025-05-11 15:12:08,222 P307683 INFO Save best model: monitor(max)=0.812686
2025-05-11 15:12:08,737 P307683 INFO ************ Epoch=14 end ************
2025-05-11 15:15:07,594 P307683 INFO Train loss: 0.448411
2025-05-11 15:15:07,594 P307683 INFO Evaluation @epoch 15 - batch 4477: 
2025-05-11 15:15:19,286 P307683 INFO ===
2025-05-11 15:15:19,286 P307683 INFO [Metrics] AUC: 0.812613 - logloss: 0.439230
2025-05-11 15:15:19,296 P307683 INFO Monitor(max)=0.812613 STOP!
2025-05-11 15:15:19,297 P307683 INFO Reduce learning rate on plateau: 0.000100
2025-05-11 15:15:19,658 P307683 INFO ************ Epoch=15 end ************
2025-05-11 15:18:19,745 P307683 INFO Train loss: 0.438318
2025-05-11 15:18:19,745 P307683 INFO Evaluation @epoch 16 - batch 4477: 
2025-05-11 15:18:31,566 P307683 INFO ===
2025-05-11 15:18:31,566 P307683 INFO [Metrics] AUC: 0.815251 - logloss: 0.436755
2025-05-11 15:18:31,576 P307683 INFO Save best model: monitor(max)=0.815251
2025-05-11 15:18:32,109 P307683 INFO ************ Epoch=16 end ************
2025-05-11 15:21:32,516 P307683 INFO Train loss: 0.434582
2025-05-11 15:21:32,517 P307683 INFO Evaluation @epoch 17 - batch 4477: 
2025-05-11 15:21:44,041 P307683 INFO ===
2025-05-11 15:21:44,041 P307683 INFO [Metrics] AUC: 0.815653 - logloss: 0.436405
2025-05-11 15:21:44,051 P307683 INFO Save best model: monitor(max)=0.815653
2025-05-11 15:21:44,605 P307683 INFO ************ Epoch=17 end ************
2025-05-11 15:24:41,685 P307683 INFO Train loss: 0.432941
2025-05-11 15:24:41,685 P307683 INFO Evaluation @epoch 18 - batch 4477: 
2025-05-11 15:24:53,414 P307683 INFO ===
2025-05-11 15:24:53,414 P307683 INFO [Metrics] AUC: 0.815699 - logloss: 0.436464
2025-05-11 15:24:53,424 P307683 INFO Save best model: monitor(max)=0.815699
2025-05-11 15:24:53,949 P307683 INFO ************ Epoch=18 end ************
2025-05-11 15:27:51,869 P307683 INFO Train loss: 0.431750
2025-05-11 15:27:51,869 P307683 INFO Evaluation @epoch 19 - batch 4477: 
2025-05-11 15:28:03,768 P307683 INFO ===
2025-05-11 15:28:03,768 P307683 INFO [Metrics] AUC: 0.815541 - logloss: 0.436597
2025-05-11 15:28:03,778 P307683 INFO Monitor(max)=0.815541 STOP!
2025-05-11 15:28:03,778 P307683 INFO Reduce learning rate on plateau: 0.000010
2025-05-11 15:28:04,196 P307683 INFO ************ Epoch=19 end ************
2025-05-11 15:31:02,745 P307683 INFO Train loss: 0.427950
2025-05-11 15:31:02,746 P307683 INFO Evaluation @epoch 20 - batch 4477: 
2025-05-11 15:31:14,426 P307683 INFO ===
2025-05-11 15:31:14,426 P307683 INFO [Metrics] AUC: 0.815144 - logloss: 0.437339
2025-05-11 15:31:14,436 P307683 INFO Monitor(max)=0.815144 STOP!
2025-05-11 15:31:14,437 P307683 INFO Reduce learning rate on plateau: 0.000001
2025-05-11 15:31:14,437 P307683 INFO ********* Epoch==20 early stop *********
2025-05-11 15:31:14,886 P307683 INFO Training finished.
2025-05-11 15:31:14,887 P307683 INFO Load best model: /root/autodl-tmp/model_zoo/DCNv3/DCNv3_torch/checkpoints/Criteo_x4_10_h5/FCNv2_Criteo.model
2025-05-11 15:31:14,922 P307683 INFO ****** Validation evaluation ******
2025-05-11 15:31:26,460 P307683 INFO ===
2025-05-11 15:31:26,460 P307683 INFO [Metrics] logloss: 0.436464 - AUC: 0.815699
2025-05-11 15:31:26,963 P307683 INFO ******** Test evaluation ********
2025-05-11 15:31:26,963 P307683 INFO Loading data...
2025-05-11 15:31:26,963 P307683 INFO Loading data from h5: ../../../data/Criteo_x4_10_h5/test.h5
2025-05-11 15:31:29,003 P307683 INFO Test samples: total/4584062, blocks/1
2025-05-11 15:31:29,003 P307683 INFO Loading test data done.
2025-05-11 15:31:40,267 P307683 INFO ===
2025-05-11 15:31:40,268 P307683 INFO [Metrics] logloss: 0.436109 - AUC: 0.816099
2025-05-11 15:35:13,974 P307683 INFO Average inference time per sample (CPU): 0.0441 ms
