2025-05-13 04:51:10,598 P537721 INFO Params: {
    "batch_norm": "False",
    "batch_size": "8192",
    "data_format": "h5",
    "data_root": "../../../data/",
    "dataset_id": "Criteo_x4_10_h5",
    "debug_mode": "False",
    "early_stop_patience": "2",
    "embedding_dim": "16",
    "embedding_regularizer": "1e-05",
    "epochs": "100",
    "eval_steps": "None",
    "exp_num_layers": "3",
    "feature_cols": "[{'active': True, 'dtype': 'float', 'fill_na': 0, 'na_value': 0, 'name': ['I1', 'I2', 'I3', 'I4', 'I5', 'I6', 'I7', 'I8', 'I9', 'I10', 'I11', 'I12', 'I13'], 'preprocess': 'convert_to_bucket', 'type': 'categorical'}, {'active': True, 'dtype': 'str', 'fill_na': '', 'na_value': '', 'name': ['C1', 'C2', 'C3', 'C4', 'C5', 'C6', 'C7', 'C8', 'C9', 'C10', 'C11', 'C12', 'C13', 'C14', 'C15', 'C16', 'C17', 'C18', 'C19', 'C20', 'C21', 'C22', 'C23', 'C24', 'C25', 'C26'], 'type': 'categorical'}]",
    "feature_config": "None",
    "feature_specs": "None",
    "gpu": "1",
    "group_id": "None",
    "label_col": "{'dtype': 'float', 'name': 'Label'}",
    "learning_rate": "0.001",
    "lin_num_layers": "5",
    "loss": "binary_crossentropy",
    "metrics": "['logloss', 'AUC']",
    "min_categr_count": "10",
    "model": "FCNv1",
    "model_id": "FCNv1_Criteo_015_61339a5b",
    "model_root": "./checkpoints/",
    "monitor": "{'AUC': 1, 'logloss': 0}",
    "monitor_mode": "max",
    "net_dropout": "0.1",
    "net_regularizer": "0",
    "num_heads": "1",
    "num_workers": "8",
    "optimizer": "adam",
    "pickle_feature_encoder": "True",
    "save_best_only": "True",
    "seed": "2024",
    "shuffle": "True",
    "task": "binary_classification",
    "test_data": "../../../data/Criteo_x4_10_h5/test.h5",
    "train_data": "../../../data/Criteo_x4_10_h5/train.h5",
    "use_features": "None",
    "valid_data": "../../../data/Criteo_x4_10_h5/valid.h5",
    "verbose": "1"
}
2025-05-13 04:51:10,598 P537721 INFO Load feature_map from json: ../../../data/Criteo_x4_10_h5/feature_map.json
2025-05-13 04:51:10,598 P537721 INFO Set column index...
2025-05-13 04:51:10,598 P537721 INFO Feature specs: {
    "C1": "{'source': '', 'type': 'categorical', 'padding_idx': 0, 'oov_idx': 1445, 'vocab_size': 1446}",
    "C10": "{'source': '', 'type': 'categorical', 'padding_idx': 0, 'oov_idx': 39529, 'vocab_size': 39530}",
    "C11": "{'source': '', 'type': 'categorical', 'padding_idx': 0, 'oov_idx': 5130, 'vocab_size': 5131}",
    "C12": "{'source': '', 'type': 'categorical', 'padding_idx': 0, 'oov_idx': 156655, 'vocab_size': 156656}",
    "C13": "{'source': '', 'type': 'categorical', 'padding_idx': 0, 'oov_idx': 3175, 'vocab_size': 3176}",
    "C14": "{'source': '', 'type': 'categorical', 'padding_idx': 0, 'oov_idx': 27, 'vocab_size': 28}",
    "C15": "{'source': '', 'type': 'categorical', 'padding_idx': 0, 'oov_idx': 11042, 'vocab_size': 11043}",
    "C16": "{'source': '', 'type': 'categorical', 'padding_idx': 0, 'oov_idx': 148912, 'vocab_size': 148913}",
    "C17": "{'source': '', 'type': 'categorical', 'padding_idx': 0, 'oov_idx': 11, 'vocab_size': 12}",
    "C18": "{'source': '', 'type': 'categorical', 'padding_idx': 0, 'oov_idx': 4559, 'vocab_size': 4560}",
    "C19": "{'source': '', 'type': 'categorical', 'padding_idx': 0, 'oov_idx': 2002, 'vocab_size': 2003}",
    "C2": "{'source': '', 'type': 'categorical', 'padding_idx': 0, 'oov_idx': 553, 'vocab_size': 554}",
    "C20": "{'source': '', 'type': 'categorical', 'padding_idx': 0, 'oov_idx': 4, 'vocab_size': 5}",
    "C21": "{'source': '', 'type': 'categorical', 'padding_idx': 0, 'oov_idx': 154563, 'vocab_size': 154564}",
    "C22": "{'source': '', 'type': 'categorical', 'padding_idx': 0, 'oov_idx': 17, 'vocab_size': 18}",
    "C23": "{'source': '', 'type': 'categorical', 'padding_idx': 0, 'oov_idx': 16, 'vocab_size': 17}",
    "C24": "{'source': '', 'type': 'categorical', 'padding_idx': 0, 'oov_idx': 53030, 'vocab_size': 53031}",
    "C25": "{'source': '', 'type': 'categorical', 'padding_idx': 0, 'oov_idx': 81, 'vocab_size': 82}",
    "C26": "{'source': '', 'type': 'categorical', 'padding_idx': 0, 'oov_idx': 40954, 'vocab_size': 40955}",
    "C3": "{'source': '', 'type': 'categorical', 'padding_idx': 0, 'oov_idx': 157338, 'vocab_size': 157339}",
    "C4": "{'source': '', 'type': 'categorical', 'padding_idx': 0, 'oov_idx': 117821, 'vocab_size': 117822}",
    "C5": "{'source': '', 'type': 'categorical', 'padding_idx': 0, 'oov_idx': 305, 'vocab_size': 306}",
    "C6": "{'source': '', 'type': 'categorical', 'padding_idx': 0, 'oov_idx': 17, 'vocab_size': 18}",
    "C7": "{'source': '', 'type': 'categorical', 'padding_idx': 0, 'oov_idx': 11881, 'vocab_size': 11882}",
    "C8": "{'source': '', 'type': 'categorical', 'padding_idx': 0, 'oov_idx': 629, 'vocab_size': 630}",
    "C9": "{'source': '', 'type': 'categorical', 'padding_idx': 0, 'oov_idx': 4, 'vocab_size': 5}",
    "I1": "{'source': '', 'type': 'categorical', 'padding_idx': 0, 'oov_idx': 43, 'vocab_size': 44}",
    "I10": "{'source': '', 'type': 'categorical', 'padding_idx': 0, 'oov_idx': 5, 'vocab_size': 6}",
    "I11": "{'source': '', 'type': 'categorical', 'padding_idx': 0, 'oov_idx': 26, 'vocab_size': 27}",
    "I12": "{'source': '', 'type': 'categorical', 'padding_idx': 0, 'oov_idx': 36, 'vocab_size': 37}",
    "I13": "{'source': '', 'type': 'categorical', 'padding_idx': 0, 'oov_idx': 71, 'vocab_size': 72}",
    "I2": "{'source': '', 'type': 'categorical', 'padding_idx': 0, 'oov_idx': 98, 'vocab_size': 99}",
    "I3": "{'source': '', 'type': 'categorical', 'padding_idx': 0, 'oov_idx': 121, 'vocab_size': 122}",
    "I4": "{'source': '', 'type': 'categorical', 'padding_idx': 0, 'oov_idx': 40, 'vocab_size': 41}",
    "I5": "{'source': '', 'type': 'categorical', 'padding_idx': 0, 'oov_idx': 219, 'vocab_size': 220}",
    "I6": "{'source': '', 'type': 'categorical', 'padding_idx': 0, 'oov_idx': 111, 'vocab_size': 112}",
    "I7": "{'source': '', 'type': 'categorical', 'padding_idx': 0, 'oov_idx': 79, 'vocab_size': 80}",
    "I8": "{'source': '', 'type': 'categorical', 'padding_idx': 0, 'oov_idx': 68, 'vocab_size': 69}",
    "I9": "{'source': '', 'type': 'categorical', 'padding_idx': 0, 'oov_idx': 91, 'vocab_size': 92}"
}
2025-05-13 04:51:14,547 P537721 INFO Total number of parameters: 16140690.
2025-05-13 04:51:14,548 P537721 INFO Loading data...
2025-05-13 04:51:14,548 P537721 INFO Loading data from h5: ../../../data/Criteo_x4_10_h5/train.h5
2025-05-13 04:51:31,284 P537721 INFO Train samples: total/36672493, blocks/1
2025-05-13 04:51:31,284 P537721 INFO Loading data from h5: ../../../data/Criteo_x4_10_h5/valid.h5
2025-05-13 04:51:33,486 P537721 INFO Validation samples: total/4584062, blocks/1
2025-05-13 04:51:33,486 P537721 INFO Loading train and validation data done.
2025-05-13 04:51:33,486 P537721 INFO Start training: 4477 batches/epoch
2025-05-13 04:51:33,486 P537721 INFO ************ Epoch=1 start ************
2025-05-13 04:54:36,481 P537721 INFO Train loss: 0.461662
2025-05-13 04:54:36,481 P537721 INFO Evaluation @epoch 1 - batch 4477: 
2025-05-13 04:54:50,501 P537721 INFO ===
2025-05-13 04:54:50,501 P537721 INFO [Metrics] AUC: 0.805150 - logloss: 0.445991
2025-05-13 04:54:50,508 P537721 INFO Save best model: monitor(max)=0.805150
2025-05-13 04:54:51,246 P537721 INFO ************ Epoch=1 end ************
2025-05-13 04:57:53,824 P537721 INFO Train loss: 0.454497
2025-05-13 04:57:53,825 P537721 INFO Evaluation @epoch 2 - batch 4477: 
2025-05-13 04:58:07,481 P537721 INFO ===
2025-05-13 04:58:07,482 P537721 INFO [Metrics] AUC: 0.808425 - logloss: 0.443108
2025-05-13 04:58:07,492 P537721 INFO Save best model: monitor(max)=0.808425
2025-05-13 04:58:08,199 P537721 INFO ************ Epoch=2 end ************
2025-05-13 05:01:10,629 P537721 INFO Train loss: 0.452386
2025-05-13 05:01:10,629 P537721 INFO Evaluation @epoch 3 - batch 4477: 
2025-05-13 05:01:24,431 P537721 INFO ===
2025-05-13 05:01:24,431 P537721 INFO [Metrics] AUC: 0.809699 - logloss: 0.441845
2025-05-13 05:01:24,441 P537721 INFO Save best model: monitor(max)=0.809699
2025-05-13 05:01:25,190 P537721 INFO ************ Epoch=3 end ************
2025-05-13 05:04:28,171 P537721 INFO Train loss: 0.451262
2025-05-13 05:04:28,171 P537721 INFO Evaluation @epoch 4 - batch 4477: 
2025-05-13 05:04:41,849 P537721 INFO ===
2025-05-13 05:04:41,850 P537721 INFO [Metrics] AUC: 0.810412 - logloss: 0.441226
2025-05-13 05:04:41,860 P537721 INFO Save best model: monitor(max)=0.810412
2025-05-13 05:04:42,599 P537721 INFO ************ Epoch=4 end ************
2025-05-13 05:07:44,807 P537721 INFO Train loss: 0.450527
2025-05-13 05:07:44,807 P537721 INFO Evaluation @epoch 5 - batch 4477: 
2025-05-13 05:07:58,652 P537721 INFO ===
2025-05-13 05:07:58,652 P537721 INFO [Metrics] AUC: 0.810963 - logloss: 0.440668
2025-05-13 05:07:58,662 P537721 INFO Save best model: monitor(max)=0.810963
2025-05-13 05:07:59,266 P537721 INFO ************ Epoch=5 end ************
2025-05-13 05:11:00,768 P537721 INFO Train loss: 0.450031
2025-05-13 05:11:00,768 P537721 INFO Evaluation @epoch 6 - batch 4477: 
2025-05-13 05:11:14,488 P537721 INFO ===
2025-05-13 05:11:14,489 P537721 INFO [Metrics] AUC: 0.811267 - logloss: 0.440378
2025-05-13 05:11:14,499 P537721 INFO Save best model: monitor(max)=0.811267
2025-05-13 05:11:15,142 P537721 INFO ************ Epoch=6 end ************
2025-05-13 05:14:17,371 P537721 INFO Train loss: 0.449587
2025-05-13 05:14:17,372 P537721 INFO Evaluation @epoch 7 - batch 4477: 
2025-05-13 05:14:31,383 P537721 INFO ===
2025-05-13 05:14:31,383 P537721 INFO [Metrics] AUC: 0.811644 - logloss: 0.440063
2025-05-13 05:14:31,393 P537721 INFO Save best model: monitor(max)=0.811644
2025-05-13 05:14:32,004 P537721 INFO ************ Epoch=7 end ************
2025-05-13 05:17:34,270 P537721 INFO Train loss: 0.449273
2025-05-13 05:17:34,271 P537721 INFO Evaluation @epoch 8 - batch 4477: 
2025-05-13 05:17:48,015 P537721 INFO ===
2025-05-13 05:17:48,015 P537721 INFO [Metrics] AUC: 0.811902 - logloss: 0.439778
2025-05-13 05:17:48,025 P537721 INFO Save best model: monitor(max)=0.811902
2025-05-13 05:17:48,691 P537721 INFO ************ Epoch=8 end ************
2025-05-13 05:20:50,637 P537721 INFO Train loss: 0.448963
2025-05-13 05:20:50,637 P537721 INFO Evaluation @epoch 9 - batch 4477: 
2025-05-13 05:21:04,514 P537721 INFO ===
2025-05-13 05:21:04,514 P537721 INFO [Metrics] AUC: 0.811995 - logloss: 0.439677
2025-05-13 05:21:04,524 P537721 INFO Save best model: monitor(max)=0.811995
2025-05-13 05:21:05,224 P537721 INFO ************ Epoch=9 end ************
2025-05-13 05:24:06,875 P537721 INFO Train loss: 0.448700
2025-05-13 05:24:06,875 P537721 INFO Evaluation @epoch 10 - batch 4477: 
2025-05-13 05:24:20,700 P537721 INFO ===
2025-05-13 05:24:20,700 P537721 INFO [Metrics] AUC: 0.812101 - logloss: 0.439623
2025-05-13 05:24:20,710 P537721 INFO Save best model: monitor(max)=0.812101
2025-05-13 05:24:21,383 P537721 INFO ************ Epoch=10 end ************
2025-05-13 05:27:22,847 P537721 INFO Train loss: 0.448454
2025-05-13 05:27:22,847 P537721 INFO Evaluation @epoch 11 - batch 4477: 
2025-05-13 05:27:36,585 P537721 INFO ===
2025-05-13 05:27:36,585 P537721 INFO [Metrics] AUC: 0.812143 - logloss: 0.439568
2025-05-13 05:27:36,595 P537721 INFO Save best model: monitor(max)=0.812143
2025-05-13 05:27:37,325 P537721 INFO ************ Epoch=11 end ************
2025-05-13 05:30:39,892 P537721 INFO Train loss: 0.448252
2025-05-13 05:30:39,893 P537721 INFO Evaluation @epoch 12 - batch 4477: 
2025-05-13 05:30:53,580 P537721 INFO ===
2025-05-13 05:30:53,580 P537721 INFO [Metrics] AUC: 0.812334 - logloss: 0.439407
2025-05-13 05:30:53,591 P537721 INFO Save best model: monitor(max)=0.812334
2025-05-13 05:30:54,249 P537721 INFO ************ Epoch=12 end ************
2025-05-13 05:33:55,983 P537721 INFO Train loss: 0.448065
2025-05-13 05:33:55,984 P537721 INFO Evaluation @epoch 13 - batch 4477: 
2025-05-13 05:34:09,953 P537721 INFO ===
2025-05-13 05:34:09,953 P537721 INFO [Metrics] AUC: 0.812417 - logloss: 0.439365
2025-05-13 05:34:09,964 P537721 INFO Save best model: monitor(max)=0.812417
2025-05-13 05:34:10,649 P537721 INFO ************ Epoch=13 end ************
2025-05-13 05:37:13,142 P537721 INFO Train loss: 0.447881
2025-05-13 05:37:13,142 P537721 INFO Evaluation @epoch 14 - batch 4477: 
2025-05-13 05:37:26,792 P537721 INFO ===
2025-05-13 05:37:26,792 P537721 INFO [Metrics] AUC: 0.812506 - logloss: 0.439233
2025-05-13 05:37:26,803 P537721 INFO Save best model: monitor(max)=0.812506
2025-05-13 05:37:27,451 P537721 INFO ************ Epoch=14 end ************
2025-05-13 05:40:28,964 P537721 INFO Train loss: 0.447718
2025-05-13 05:40:28,964 P537721 INFO Evaluation @epoch 15 - batch 4477: 
2025-05-13 05:40:42,827 P537721 INFO ===
2025-05-13 05:40:42,828 P537721 INFO [Metrics] AUC: 0.812556 - logloss: 0.439209
2025-05-13 05:40:42,838 P537721 INFO Save best model: monitor(max)=0.812556
2025-05-13 05:40:43,574 P537721 INFO ************ Epoch=15 end ************
2025-05-13 05:43:46,912 P537721 INFO Train loss: 0.447556
2025-05-13 05:43:46,913 P537721 INFO Evaluation @epoch 16 - batch 4477: 
2025-05-13 05:44:00,613 P537721 INFO ===
2025-05-13 05:44:00,613 P537721 INFO [Metrics] AUC: 0.812451 - logloss: 0.439319
2025-05-13 05:44:00,624 P537721 INFO Monitor(max)=0.812451 STOP!
2025-05-13 05:44:00,624 P537721 INFO Reduce learning rate on plateau: 0.000100
2025-05-13 05:44:01,294 P537721 INFO ************ Epoch=16 end ************
2025-05-13 05:47:03,946 P537721 INFO Train loss: 0.437441
2025-05-13 05:47:03,946 P537721 INFO Evaluation @epoch 17 - batch 4477: 
2025-05-13 05:47:17,725 P537721 INFO ===
2025-05-13 05:47:17,725 P537721 INFO [Metrics] AUC: 0.815150 - logloss: 0.436880
2025-05-13 05:47:17,735 P537721 INFO Save best model: monitor(max)=0.815150
2025-05-13 05:47:18,448 P537721 INFO ************ Epoch=17 end ************
2025-05-13 05:50:20,608 P537721 INFO Train loss: 0.433841
2025-05-13 05:50:20,608 P537721 INFO Evaluation @epoch 18 - batch 4477: 
2025-05-13 05:50:34,117 P537721 INFO ===
2025-05-13 05:50:34,118 P537721 INFO [Metrics] AUC: 0.815481 - logloss: 0.436635
2025-05-13 05:50:34,128 P537721 INFO Save best model: monitor(max)=0.815481
2025-05-13 05:50:34,838 P537721 INFO ************ Epoch=18 end ************
2025-05-13 05:53:37,650 P537721 INFO Train loss: 0.432310
2025-05-13 05:53:37,650 P537721 INFO Evaluation @epoch 19 - batch 4477: 
2025-05-13 05:53:51,408 P537721 INFO ===
2025-05-13 05:53:51,409 P537721 INFO [Metrics] AUC: 0.815536 - logloss: 0.436638
2025-05-13 05:53:51,419 P537721 INFO Save best model: monitor(max)=0.815536
2025-05-13 05:53:52,132 P537721 INFO ************ Epoch=19 end ************
2025-05-13 05:56:54,505 P537721 INFO Train loss: 0.431170
2025-05-13 05:56:54,505 P537721 INFO Evaluation @epoch 20 - batch 4477: 
2025-05-13 05:57:08,174 P537721 INFO ===
2025-05-13 05:57:08,174 P537721 INFO [Metrics] AUC: 0.815437 - logloss: 0.436721
2025-05-13 05:57:08,184 P537721 INFO Monitor(max)=0.815437 STOP!
2025-05-13 05:57:08,184 P537721 INFO Reduce learning rate on plateau: 0.000010
2025-05-13 05:57:08,765 P537721 INFO ************ Epoch=20 end ************
2025-05-13 06:00:11,511 P537721 INFO Train loss: 0.427721
2025-05-13 06:00:11,511 P537721 INFO Evaluation @epoch 21 - batch 4477: 
2025-05-13 06:00:25,306 P537721 INFO ===
2025-05-13 06:00:25,307 P537721 INFO [Metrics] AUC: 0.815255 - logloss: 0.437182
2025-05-13 06:00:25,317 P537721 INFO Monitor(max)=0.815255 STOP!
2025-05-13 06:00:25,317 P537721 INFO Reduce learning rate on plateau: 0.000001
2025-05-13 06:00:25,317 P537721 INFO ********* Epoch==21 early stop *********
2025-05-13 06:00:25,976 P537721 INFO Training finished.
2025-05-13 06:00:25,976 P537721 INFO Load best model: /root/autodl-tmp/model_zoo/DCNv3/DCNv3_torch/checkpoints/Criteo_x4_10_h5/FCNv1_Criteo_015_61339a5b.model
2025-05-13 06:00:26,017 P537721 INFO ****** Validation evaluation ******
2025-05-13 06:00:39,680 P537721 INFO ===
2025-05-13 06:00:39,681 P537721 INFO [Metrics] logloss: 0.436638 - AUC: 0.815536
2025-05-13 06:00:40,567 P537721 INFO ******** Test evaluation ********
2025-05-13 06:00:40,567 P537721 INFO Loading data...
2025-05-13 06:00:40,567 P537721 INFO Loading data from h5: ../../../data/Criteo_x4_10_h5/test.h5
2025-05-13 06:00:42,694 P537721 INFO Test samples: total/4584062, blocks/1
2025-05-13 06:00:42,694 P537721 INFO Loading test data done.
2025-05-13 06:00:54,237 P537721 INFO ===
2025-05-13 06:00:54,237 P537721 INFO [Metrics] logloss: 0.436327 - AUC: 0.815893
