2025-05-14 13:10:55,002 P574357 INFO Params: {
    "batch_norm": "True",
    "batch_size": "4096",
    "data_format": "csv",
    "data_root": "../../../data/",
    "dataset_id": "iPinYou_x1_csv",
    "debug_mode": "False",
    "early_stop_patience": "2",
    "embedding_dim": "16",
    "embedding_regularizer": "0.001",
    "epochs": "100",
    "eval_steps": "None",
    "feature_cols": "[{'active': True, 'dtype': 'str', 'name': ['weekday', 'hour', 'IP', 'region', 'city', 'adexchange', 'domain', 'slotid', 'slotwidth', 'slotheight', 'slotvisibility', 'slotformat', 'creative', 'advertiser', 'useragent', 'slotprice'], 'type': 'categorical'}]",
    "feature_config": "None",
    "feature_specs": "None",
    "gpu": "2",
    "group_id": "None",
    "label_col": "{'dtype': 'float', 'name': 'click'}",
    "learning_rate": "0.001",
    "loss": "binary_crossentropy",
    "metrics": "['logloss', 'AUC']",
    "min_categr_count": "2",
    "model": "ECN",
    "model_id": "ECN_iPinYou_x1_csv_001_7849b8b9",
    "model_root": "./checkpoints/",
    "monitor": "{'AUC': 1, 'logloss': 0}",
    "monitor_mode": "max",
    "net_dropout": "0.1",
    "net_regularizer": "0",
    "num_cross_layers": "3",
    "num_heads": "1",
    "num_workers": "8",
    "optimizer": "adam",
    "pickle_feature_encoder": "True",
    "save_best_only": "True",
    "seed": "2025",
    "shuffle": "True",
    "task": "binary_classification",
    "test_data": "../../../data/iPinYou/test.csv",
    "train_data": "../../../data/iPinYou/train.csv",
    "use_features": "None",
    "valid_data": "../../../data/iPinYou/test.csv",
    "verbose": "1"
}
2025-05-14 13:10:55,002 P574357 INFO Set up feature processor...
2025-05-14 13:10:55,003 P574357 WARNING Skip rebuilding ../../../data/iPinYou_x1_csv/feature_map.json. Please delete it manually if rebuilding is required.
2025-05-14 13:10:55,003 P574357 INFO Load feature_map from json: ../../../data/iPinYou_x1_csv/feature_map.json
2025-05-14 13:10:55,003 P574357 INFO Set column index...
2025-05-14 13:10:55,003 P574357 INFO Feature specs: {
    "IP": "{'source': '', 'type': 'categorical', 'padding_idx': 0, 'oov_idx': 585532, 'vocab_size': 585533}",
    "adexchange": "{'source': '', 'type': 'categorical', 'padding_idx': 0, 'oov_idx': 6, 'vocab_size': 7}",
    "advertiser": "{'source': '', 'type': 'categorical', 'padding_idx': 0, 'oov_idx': 10, 'vocab_size': 11}",
    "city": "{'source': '', 'type': 'categorical', 'padding_idx': 0, 'oov_idx': 371, 'vocab_size': 372}",
    "creative": "{'source': '', 'type': 'categorical', 'padding_idx': 0, 'oov_idx': 132, 'vocab_size': 133}",
    "domain": "{'source': '', 'type': 'categorical', 'padding_idx': 0, 'oov_idx': 28622, 'vocab_size': 28623}",
    "hour": "{'source': '', 'type': 'categorical', 'padding_idx': 0, 'oov_idx': 25, 'vocab_size': 26}",
    "region": "{'source': '', 'type': 'categorical', 'padding_idx': 0, 'oov_idx': 36, 'vocab_size': 37}",
    "slotformat": "{'source': '', 'type': 'categorical', 'padding_idx': 0, 'oov_idx': 5, 'vocab_size': 6}",
    "slotheight": "{'source': '', 'type': 'categorical', 'padding_idx': 0, 'oov_idx': 15, 'vocab_size': 16}",
    "slotid": "{'source': '', 'type': 'categorical', 'padding_idx': 0, 'oov_idx': 50906, 'vocab_size': 50907}",
    "slotprice": "{'source': '', 'type': 'categorical', 'padding_idx': 0, 'oov_idx': 6, 'vocab_size': 7}",
    "slotvisibility": "{'source': '', 'type': 'categorical', 'padding_idx': 0, 'oov_idx': 12, 'vocab_size': 13}",
    "slotwidth": "{'source': '', 'type': 'categorical', 'padding_idx': 0, 'oov_idx': 22, 'vocab_size': 23}",
    "useragent": "{'source': '', 'type': 'categorical', 'padding_idx': 0, 'oov_idx': 41, 'vocab_size': 42}",
    "weekday": "{'source': '', 'type': 'categorical', 'padding_idx': 0, 'oov_idx': 8, 'vocab_size': 9}"
}
2025-05-14 13:10:59,918 P574357 INFO Total number of parameters: 10752343.
2025-05-14 13:10:59,919 P574357 INFO Loading data...
2025-05-14 13:10:59,919 P574357 INFO Loading data from h5: ../../../data/iPinYou_x1_csv/train.h5
2025-05-14 13:11:04,516 P574357 INFO Train samples: total/15395258, blocks/1
2025-05-14 13:11:04,516 P574357 INFO Loading data from h5: ../../../data/iPinYou_x1_csv/valid.h5
2025-05-14 13:11:05,754 P574357 INFO Validation samples: total/4100716, blocks/1
2025-05-14 13:11:05,755 P574357 INFO Loading train and validation data done.
2025-05-14 13:11:05,755 P574357 INFO Start training: 3759 batches/epoch
2025-05-14 13:11:05,755 P574357 INFO ************ Epoch=1 start ************
2025-05-14 13:14:09,357 P574357 INFO Train loss: 0.007598
2025-05-14 13:14:09,357 P574357 INFO Evaluation @epoch 1 - batch 3759: 
2025-05-14 13:14:20,368 P574357 INFO ===
2025-05-14 13:14:20,368 P574357 INFO [Metrics] AUC: 0.750022 - logloss: 0.005636
2025-05-14 13:14:20,371 P574357 INFO Save best model: monitor(max)=0.750022
2025-05-14 13:14:20,585 P574357 INFO ************ Epoch=1 end ************
2025-05-14 13:17:26,934 P574357 INFO Train loss: 0.006200
2025-05-14 13:17:26,934 P574357 INFO Evaluation @epoch 2 - batch 3759: 
2025-05-14 13:17:39,629 P574357 INFO ===
2025-05-14 13:17:39,630 P574357 INFO [Metrics] AUC: 0.754447 - logloss: 0.005638
2025-05-14 13:17:39,632 P574357 INFO Save best model: monitor(max)=0.754447
2025-05-14 13:17:40,108 P574357 INFO ************ Epoch=2 end ************
2025-05-14 13:20:43,951 P574357 INFO Train loss: 0.006173
2025-05-14 13:20:43,951 P574357 INFO Evaluation @epoch 3 - batch 3759: 
2025-05-14 13:20:56,146 P574357 INFO ===
2025-05-14 13:20:56,146 P574357 INFO [Metrics] AUC: 0.754708 - logloss: 0.005632
2025-05-14 13:20:56,151 P574357 INFO Save best model: monitor(max)=0.754708
2025-05-14 13:20:56,588 P574357 INFO ************ Epoch=3 end ************
2025-05-14 13:23:56,082 P574357 INFO Train loss: 0.006135
2025-05-14 13:23:56,082 P574357 INFO Evaluation @epoch 4 - batch 3759: 
2025-05-14 13:24:07,308 P574357 INFO ===
2025-05-14 13:24:07,308 P574357 INFO [Metrics] AUC: 0.749372 - logloss: 0.005695
2025-05-14 13:24:07,310 P574357 INFO Monitor(max)=0.749372 STOP!
2025-05-14 13:24:07,310 P574357 INFO Reduce learning rate on plateau: 0.000100
2025-05-14 13:24:07,434 P574357 INFO ************ Epoch=4 end ************
2025-05-14 13:27:13,498 P574357 INFO Train loss: 0.005833
2025-05-14 13:27:13,499 P574357 INFO Evaluation @epoch 5 - batch 3759: 
2025-05-14 13:27:26,059 P574357 INFO ===
2025-05-14 13:27:26,059 P574357 INFO [Metrics] AUC: 0.777826 - logloss: 0.005567
2025-05-14 13:27:26,063 P574357 INFO Save best model: monitor(max)=0.777826
2025-05-14 13:27:26,498 P574357 INFO ************ Epoch=5 end ************
2025-05-14 13:30:32,272 P574357 INFO Train loss: 0.005773
2025-05-14 13:30:32,272 P574357 INFO Evaluation @epoch 6 - batch 3759: 
2025-05-14 13:30:44,370 P574357 INFO ===
2025-05-14 13:30:44,370 P574357 INFO [Metrics] AUC: 0.779459 - logloss: 0.005556
2025-05-14 13:30:44,372 P574357 INFO Save best model: monitor(max)=0.779459
2025-05-14 13:30:44,853 P574357 INFO ************ Epoch=6 end ************
2025-05-14 13:33:56,802 P574357 INFO Train loss: 0.005766
2025-05-14 13:33:56,802 P574357 INFO Evaluation @epoch 7 - batch 3759: 
2025-05-14 13:34:10,206 P574357 INFO ===
2025-05-14 13:34:10,206 P574357 INFO [Metrics] AUC: 0.781631 - logloss: 0.005546
2025-05-14 13:34:10,210 P574357 INFO Save best model: monitor(max)=0.781631
2025-05-14 13:34:10,623 P574357 INFO ************ Epoch=7 end ************
2025-05-14 13:37:19,793 P574357 INFO Train loss: 0.005763
2025-05-14 13:37:19,793 P574357 INFO Evaluation @epoch 8 - batch 3759: 
2025-05-14 13:37:32,098 P574357 INFO ===
2025-05-14 13:37:32,098 P574357 INFO [Metrics] AUC: 0.781675 - logloss: 0.005555
2025-05-14 13:37:32,101 P574357 INFO Save best model: monitor(max)=0.781675
2025-05-14 13:37:32,552 P574357 INFO ************ Epoch=8 end ************
2025-05-14 13:40:34,011 P574357 INFO Train loss: 0.005774
2025-05-14 13:40:34,012 P574357 INFO Evaluation @epoch 9 - batch 3759: 
2025-05-14 13:40:46,355 P574357 INFO ===
2025-05-14 13:40:46,355 P574357 INFO [Metrics] AUC: 0.779828 - logloss: 0.005550
2025-05-14 13:40:46,363 P574357 INFO Monitor(max)=0.779828 STOP!
2025-05-14 13:40:46,363 P574357 INFO Reduce learning rate on plateau: 0.000010
2025-05-14 13:40:46,484 P574357 INFO ************ Epoch=9 end ************
2025-05-14 13:43:50,339 P574357 INFO Train loss: 0.005666
2025-05-14 13:43:50,340 P574357 INFO Evaluation @epoch 10 - batch 3759: 
2025-05-14 13:44:02,598 P574357 INFO ===
2025-05-14 13:44:02,598 P574357 INFO [Metrics] AUC: 0.782882 - logloss: 0.005538
2025-05-14 13:44:02,601 P574357 INFO Save best model: monitor(max)=0.782882
2025-05-14 13:44:03,072 P574357 INFO ************ Epoch=10 end ************
2025-05-14 13:47:06,389 P574357 INFO Train loss: 0.005640
2025-05-14 13:47:06,389 P574357 INFO Evaluation @epoch 11 - batch 3759: 
2025-05-14 13:47:18,977 P574357 INFO ===
2025-05-14 13:47:18,977 P574357 INFO [Metrics] AUC: 0.783677 - logloss: 0.005540
2025-05-14 13:47:18,985 P574357 INFO Save best model: monitor(max)=0.783677
2025-05-14 13:47:19,458 P574357 INFO ************ Epoch=11 end ************
2025-05-14 13:50:28,123 P574357 INFO Train loss: 0.005630
2025-05-14 13:50:28,124 P574357 INFO Evaluation @epoch 12 - batch 3759: 
2025-05-14 13:50:40,720 P574357 INFO ===
2025-05-14 13:50:40,721 P574357 INFO [Metrics] AUC: 0.784138 - logloss: 0.005533
2025-05-14 13:50:40,726 P574357 INFO Save best model: monitor(max)=0.784138
2025-05-14 13:50:41,212 P574357 INFO ************ Epoch=12 end ************
2025-05-14 13:53:51,016 P574357 INFO Train loss: 0.005630
2025-05-14 13:53:51,016 P574357 INFO Evaluation @epoch 13 - batch 3759: 
2025-05-14 13:54:03,329 P574357 INFO ===
2025-05-14 13:54:03,330 P574357 INFO [Metrics] AUC: 0.784379 - logloss: 0.005535
2025-05-14 13:54:03,334 P574357 INFO Save best model: monitor(max)=0.784379
2025-05-14 13:54:03,790 P574357 INFO ************ Epoch=13 end ************
2025-05-14 13:57:15,259 P574357 INFO Train loss: 0.005619
2025-05-14 13:57:15,260 P574357 INFO Evaluation @epoch 14 - batch 3759: 
2025-05-14 13:57:29,168 P574357 INFO ===
2025-05-14 13:57:29,168 P574357 INFO [Metrics] AUC: 0.784542 - logloss: 0.005532
2025-05-14 13:57:29,172 P574357 INFO Save best model: monitor(max)=0.784542
2025-05-14 13:57:29,640 P574357 INFO ************ Epoch=14 end ************
2025-05-14 14:00:44,666 P574357 INFO Train loss: 0.005609
2025-05-14 14:00:44,667 P574357 INFO Evaluation @epoch 15 - batch 3759: 
2025-05-14 14:00:57,863 P574357 INFO ===
2025-05-14 14:00:57,863 P574357 INFO [Metrics] AUC: 0.784394 - logloss: 0.005530
2025-05-14 14:00:57,869 P574357 INFO Monitor(max)=0.784394 STOP!
2025-05-14 14:00:57,870 P574357 INFO Reduce learning rate on plateau: 0.000001
2025-05-14 14:00:58,042 P574357 INFO ************ Epoch=15 end ************
2025-05-14 14:04:11,957 P574357 INFO Train loss: 0.005561
2025-05-14 14:04:11,958 P574357 INFO Evaluation @epoch 16 - batch 3759: 
2025-05-14 14:04:25,822 P574357 INFO ===
2025-05-14 14:04:25,823 P574357 INFO [Metrics] AUC: 0.784410 - logloss: 0.005530
2025-05-14 14:04:25,825 P574357 INFO Monitor(max)=0.784410 STOP!
2025-05-14 14:04:25,825 P574357 INFO Reduce learning rate on plateau: 0.000001
2025-05-14 14:04:25,825 P574357 INFO ********* Epoch==16 early stop *********
2025-05-14 14:04:25,961 P574357 INFO Training finished.
2025-05-14 14:04:25,962 P574357 INFO Load best model: /mnt/public/lhh/code/model_zoo/DCNv3/DCNv3_torch/checkpoints/iPinYou_x1_csv/ECN_iPinYou_x1_csv_001_7849b8b9.model
2025-05-14 14:04:26,000 P574357 INFO ****** Validation evaluation ******
2025-05-14 14:04:38,158 P574357 INFO ===
2025-05-14 14:04:38,158 P574357 INFO [Metrics] logloss: 0.005532 - AUC: 0.784542
2025-05-14 14:04:38,226 P574357 INFO ******** Test evaluation ********
2025-05-14 14:04:38,226 P574357 INFO Loading data...
2025-05-14 14:04:38,227 P574357 INFO Loading data from h5: ../../../data/iPinYou_x1_csv/test.h5
2025-05-14 14:04:39,361 P574357 INFO Test samples: total/4100716, blocks/1
2025-05-14 14:04:39,362 P574357 INFO Loading test data done.
2025-05-14 14:04:51,608 P574357 INFO ===
2025-05-14 14:04:51,609 P574357 INFO [Metrics] logloss: 0.005532 - AUC: 0.784542
