2025-05-13 16:29:53,592 P199281 INFO Params: {
    "batch_norm": "True",
    "batch_size": "10000",
    "data_format": "h5",
    "data_root": "../../../data/",
    "dataset_id": "Avazu_x4_h5",
    "debug_mode": "False",
    "early_stop_patience": "1",
    "embedding_dim": "16",
    "embedding_regularizer": "0",
    "epochs": "100",
    "eval_steps": "None",
    "exp_num_layers": "3",
    "feature_cols": "[{'active': False, 'dtype': 'str', 'name': 'id', 'type': 'categorical'}, {'active': True, 'dtype': 'str', 'name': 'hour', 'preprocess': 'convert_hour', 'type': 'categorical'}, {'active': True, 'dtype': 'str', 'name': ['C1', 'banner_pos', 'site_id', 'site_domain', 'site_category', 'app_id', 'app_domain', 'app_category', 'device_id', 'device_ip', 'device_model', 'device_type', 'device_conn_type', 'C14', 'C15', 'C16', 'C17', 'C18', 'C19', 'C20', 'C21'], 'type': 'categorical'}, {'active': True, 'dtype': 'str', 'name': 'weekday', 'preprocess': 'convert_weekday', 'type': 'categorical'}, {'active': True, 'dtype': 'str', 'name': 'weekend', 'preprocess': 'convert_weekend', 'type': 'categorical'}]",
    "feature_config": "None",
    "feature_specs": "None",
    "gpu": "3",
    "group_id": "None",
    "label_col": "{'dtype': 'float', 'name': 'click'}",
    "learning_rate": "0.001",
    "lin_num_layers": "4",
    "loss": "binary_crossentropy",
    "metrics": "['logloss', 'AUC']",
    "min_categr_count": "2",
    "model": "FCNv2",
    "model_id": "FCNv2_Avazu_002_f8159dcc",
    "model_root": "./checkpoints/",
    "monitor": "{'AUC': 1, 'logloss': 0}",
    "monitor_mode": "max",
    "net_dropout": "0",
    "net_regularizer": "0",
    "num_heads": "4",
    "num_workers": "8",
    "optimizer": "adam",
    "pickle_feature_encoder": "True",
    "save_best_only": "True",
    "seed": "2025",
    "shuffle": "True",
    "task": "binary_classification",
    "test_data": "../../../data/Avazu_x4_h5/test.h5",
    "train_data": "../../../data/Avazu_x4_h5/train.h5",
    "use_features": "None",
    "valid_data": "../../../data/Avazu_x4_h5/valid.h5",
    "verbose": "1"
}
2025-05-13 16:29:53,592 P199281 INFO Load feature_map from json: ../../../data/Avazu_x4_h5/feature_map.json
2025-05-13 16:29:53,592 P199281 INFO Set column index...
2025-05-13 16:29:53,592 P199281 INFO Feature specs: {
    "C1": "{'source': '', 'type': 'categorical', 'padding_idx': 0, 'oov_idx': 8, 'vocab_size': 9}",
    "C14": "{'source': '', 'type': 'categorical', 'padding_idx': 0, 'oov_idx': 2555, 'vocab_size': 2556}",
    "C15": "{'source': '', 'type': 'categorical', 'padding_idx': 0, 'oov_idx': 9, 'vocab_size': 10}",
    "C16": "{'source': '', 'type': 'categorical', 'padding_idx': 0, 'oov_idx': 10, 'vocab_size': 11}",
    "C17": "{'source': '', 'type': 'categorical', 'padding_idx': 0, 'oov_idx': 433, 'vocab_size': 434}",
    "C18": "{'source': '', 'type': 'categorical', 'padding_idx': 0, 'oov_idx': 5, 'vocab_size': 6}",
    "C19": "{'source': '', 'type': 'categorical', 'padding_idx': 0, 'oov_idx': 69, 'vocab_size': 70}",
    "C20": "{'source': '', 'type': 'categorical', 'padding_idx': 0, 'oov_idx': 172, 'vocab_size': 173}",
    "C21": "{'source': '', 'type': 'categorical', 'padding_idx': 0, 'oov_idx': 61, 'vocab_size': 62}",
    "app_category": "{'source': '', 'type': 'categorical', 'padding_idx': 0, 'oov_idx': 32, 'vocab_size': 33}",
    "app_domain": "{'source': '', 'type': 'categorical', 'padding_idx': 0, 'oov_idx': 399, 'vocab_size': 400}",
    "app_id": "{'source': '', 'type': 'categorical', 'padding_idx': 0, 'oov_idx': 6544, 'vocab_size': 6545}",
    "banner_pos": "{'source': '', 'type': 'categorical', 'padding_idx': 0, 'oov_idx': 8, 'vocab_size': 9}",
    "device_conn_type": "{'source': '', 'type': 'categorical', 'padding_idx': 0, 'oov_idx': 5, 'vocab_size': 6}",
    "device_id": "{'source': '', 'type': 'categorical', 'padding_idx': 0, 'oov_idx': 820508, 'vocab_size': 820509}",
    "device_ip": "{'source': '', 'type': 'categorical', 'padding_idx': 0, 'oov_idx': 2903321, 'vocab_size': 2903322}",
    "device_model": "{'source': '', 'type': 'categorical', 'padding_idx': 0, 'oov_idx': 7258, 'vocab_size': 7259}",
    "device_type": "{'source': '', 'type': 'categorical', 'padding_idx': 0, 'oov_idx': 6, 'vocab_size': 7}",
    "hour": "{'source': '', 'type': 'categorical', 'padding_idx': 0, 'oov_idx': 25, 'vocab_size': 26}",
    "site_category": "{'source': '', 'type': 'categorical', 'padding_idx': 0, 'oov_idx': 26, 'vocab_size': 27}",
    "site_domain": "{'source': '', 'type': 'categorical', 'padding_idx': 0, 'oov_idx': 5460, 'vocab_size': 5461}",
    "site_id": "{'source': '', 'type': 'categorical', 'padding_idx': 0, 'oov_idx': 4050, 'vocab_size': 4051}",
    "weekday": "{'source': '', 'type': 'categorical', 'padding_idx': 0, 'oov_idx': 8, 'vocab_size': 9}",
    "weekend": "{'source': '', 'type': 'categorical', 'padding_idx': 0, 'oov_idx': 3, 'vocab_size': 4}"
}
2025-05-13 16:29:59,959 P199281 INFO Total number of parameters: 241107762.
2025-05-13 16:29:59,959 P199281 INFO Loading data...
2025-05-13 16:29:59,959 P199281 INFO Loading data from h5: ../../../data/Avazu_x4_h5/train.h5
2025-05-13 16:30:10,061 P199281 INFO Train samples: total/32343172, blocks/1
2025-05-13 16:30:10,061 P199281 INFO Loading data from h5: ../../../data/Avazu_x4_h5/valid.h5
2025-05-13 16:30:11,644 P199281 INFO Validation samples: total/4042897, blocks/1
2025-05-13 16:30:11,644 P199281 INFO Loading train and validation data done.
2025-05-13 16:30:11,644 P199281 INFO Start training: 3235 batches/epoch
2025-05-13 16:30:11,644 P199281 INFO ************ Epoch=1 start ************
2025-05-13 16:38:32,597 P199281 INFO Train loss: 0.378424
2025-05-13 16:38:32,597 P199281 INFO Evaluation @epoch 1 - batch 3235: 
2025-05-13 16:38:47,462 P199281 INFO ===
2025-05-13 16:38:47,462 P199281 INFO [Metrics] AUC: 0.796644 - logloss: 0.369748
2025-05-13 16:38:47,470 P199281 INFO Save best model: monitor(max)=0.796644
2025-05-13 16:38:49,340 P199281 INFO ************ Epoch=1 end ************
2025-05-13 16:47:38,344 P199281 INFO Train loss: 0.323965
2025-05-13 16:47:38,344 P199281 INFO Evaluation @epoch 2 - batch 3235: 
2025-05-13 16:47:54,857 P199281 INFO ===
2025-05-13 16:47:54,857 P199281 INFO [Metrics] AUC: 0.792440 - logloss: 0.379981
2025-05-13 16:47:54,863 P199281 INFO Monitor(max)=0.792440 STOP!
2025-05-13 16:47:54,863 P199281 INFO Reduce learning rate on plateau: 0.000100
2025-05-13 16:47:54,863 P199281 INFO ********* Epoch==2 early stop *********
2025-05-13 16:47:55,269 P199281 INFO Training finished.
2025-05-13 16:47:55,269 P199281 INFO Load best model: /root/autodl-tmp/model_zoo/DCNv3/DCNv3_torch/checkpoints/Avazu_x4_h5/FCNv2_Avazu_002_f8159dcc.model
2025-05-13 16:47:55,809 P199281 INFO ****** Validation evaluation ******
2025-05-13 16:48:11,524 P199281 INFO ===
2025-05-13 16:48:11,524 P199281 INFO [Metrics] logloss: 0.369748 - AUC: 0.796644
2025-05-13 16:48:12,008 P199281 INFO ******** Test evaluation ********
2025-05-13 16:48:12,008 P199281 INFO Loading data...
2025-05-13 16:48:12,008 P199281 INFO Loading data from h5: ../../../data/Avazu_x4_h5/test.h5
2025-05-13 16:48:13,351 P199281 INFO Test samples: total/4042898, blocks/1
2025-05-13 16:48:13,351 P199281 INFO Loading test data done.
2025-05-13 16:48:29,748 P199281 INFO ===
2025-05-13 16:48:29,749 P199281 INFO [Metrics] logloss: 0.369602 - AUC: 0.796887
